[0.139s] DEBUG:colcon:Command line arguments: ['/usr/bin/colcon', 'build', '--packages-select', 'transformer_controller', '--allow-overriding', 'transformer_controller', '--event-handlers', 'console_direct+', '--cmake-clean-cache']
[0.139s] DEBUG:colcon:Parsed command line arguments: Namespace(log_base=None, log_level=None, verb_name='build', build_base='build', install_base='install', merge_install=False, symlink_install=False, test_result_base=None, continue_on_error=False, executor='parallel', parallel_workers=4, event_handlers=['console_direct+'], ignore_user_meta=False, metas=['./colcon.meta'], base_paths=['.'], packages_ignore=None, packages_ignore_regex=None, paths=None, packages_up_to=None, packages_up_to_regex=None, packages_above=None, packages_above_and_dependencies=None, packages_above_depth=None, packages_select_by_dep=None, packages_skip_by_dep=None, packages_skip_up_to=None, packages_select_build_failed=False, packages_skip_build_finished=False, packages_select_test_failures=False, packages_skip_test_passed=False, packages_select=['transformer_controller'], packages_skip=None, packages_select_regex=None, packages_skip_regex=None, packages_start=None, packages_end=None, allow_overriding=['transformer_controller'], cmake_args=None, cmake_target=None, cmake_target_skip_unavailable=False, cmake_clean_cache=True, cmake_clean_first=False, cmake_force_configure=False, ament_cmake_args=None, catkin_cmake_args=None, catkin_skip_building_tests=False, mixin_files=None, mixin=None, verb_parser=<colcon_mixin.mixin.mixin_argument.MixinArgumentDecorator object at 0xffffb2d80590>, verb_extension=<colcon_core.verb.build.BuildVerb object at 0xffffb30ac440>, main=<bound method BuildVerb.main of <colcon_core.verb.build.BuildVerb object at 0xffffb30ac440>>, mixin_verb=('build',))
[0.195s] Level 1:colcon.colcon_core.package_discovery:discover_packages(colcon_meta) check parameters
[0.195s] Level 1:colcon.colcon_core.package_discovery:discover_packages(recursive) check parameters
[0.195s] Level 1:colcon.colcon_core.package_discovery:discover_packages(ignore) check parameters
[0.195s] Level 1:colcon.colcon_core.package_discovery:discover_packages(path) check parameters
[0.195s] Level 1:colcon.colcon_core.package_discovery:discover_packages(colcon_meta) discover
[0.195s] Level 1:colcon.colcon_core.package_discovery:discover_packages(recursive) discover
[0.195s] INFO:colcon.colcon_core.package_discovery:Crawling recursively for packages in '/home/atvpi/ros2_ws'
[0.195s] Level 1:colcon.colcon_core.package_identification:_identify(.) by extensions ['ignore', 'ignore_ament_install']
[0.195s] Level 1:colcon.colcon_core.package_identification:_identify(.) by extension 'ignore'
[0.195s] Level 1:colcon.colcon_core.package_identification:_identify(.) by extension 'ignore_ament_install'
[0.195s] Level 1:colcon.colcon_core.package_identification:_identify(.) by extensions ['colcon_pkg']
[0.195s] Level 1:colcon.colcon_core.package_identification:_identify(.) by extension 'colcon_pkg'
[0.196s] Level 1:colcon.colcon_core.package_identification:_identify(.) by extensions ['colcon_meta']
[0.196s] Level 1:colcon.colcon_core.package_identification:_identify(.) by extension 'colcon_meta'
[0.196s] Level 1:colcon.colcon_core.package_identification:_identify(.) by extensions ['ros']
[0.196s] Level 1:colcon.colcon_core.package_identification:_identify(.) by extension 'ros'
[0.236s] Level 1:colcon.colcon_core.package_identification:_identify(.) by extensions ['cmake', 'python']
[0.236s] Level 1:colcon.colcon_core.package_identification:_identify(.) by extension 'cmake'
[0.236s] Level 1:colcon.colcon_core.package_identification:_identify(.) by extension 'python'
[0.236s] Level 1:colcon.colcon_core.package_identification:_identify(.) by extensions ['python_setup_py']
[0.236s] Level 1:colcon.colcon_core.package_identification:_identify(.) by extension 'python_setup_py'
[0.236s] Level 1:colcon.colcon_core.package_identification:_identify(Testing) by extensions ['ignore', 'ignore_ament_install']
[0.236s] Level 1:colcon.colcon_core.package_identification:_identify(Testing) by extension 'ignore'
[0.237s] Level 1:colcon.colcon_core.package_identification:_identify(Testing) by extension 'ignore_ament_install'
[0.237s] Level 1:colcon.colcon_core.package_identification:_identify(Testing) by extensions ['colcon_pkg']
[0.237s] Level 1:colcon.colcon_core.package_identification:_identify(Testing) by extension 'colcon_pkg'
[0.237s] Level 1:colcon.colcon_core.package_identification:_identify(Testing) by extensions ['colcon_meta']
[0.237s] Level 1:colcon.colcon_core.package_identification:_identify(Testing) by extension 'colcon_meta'
[0.237s] Level 1:colcon.colcon_core.package_identification:_identify(Testing) by extensions ['ros']
[0.237s] Level 1:colcon.colcon_core.package_identification:_identify(Testing) by extension 'ros'
[0.237s] Level 1:colcon.colcon_core.package_identification:_identify(Testing) by extensions ['cmake', 'python']
[0.237s] Level 1:colcon.colcon_core.package_identification:_identify(Testing) by extension 'cmake'
[0.237s] Level 1:colcon.colcon_core.package_identification:_identify(Testing) by extension 'python'
[0.237s] Level 1:colcon.colcon_core.package_identification:_identify(Testing) by extensions ['python_setup_py']
[0.237s] Level 1:colcon.colcon_core.package_identification:_identify(Testing) by extension 'python_setup_py'
[0.237s] Level 1:colcon.colcon_core.package_identification:_identify(Testing/Temporary) by extensions ['ignore', 'ignore_ament_install']
[0.237s] Level 1:colcon.colcon_core.package_identification:_identify(Testing/Temporary) by extension 'ignore'
[0.237s] Level 1:colcon.colcon_core.package_identification:_identify(Testing/Temporary) by extension 'ignore_ament_install'
[0.237s] Level 1:colcon.colcon_core.package_identification:_identify(Testing/Temporary) by extensions ['colcon_pkg']
[0.237s] Level 1:colcon.colcon_core.package_identification:_identify(Testing/Temporary) by extension 'colcon_pkg'
[0.237s] Level 1:colcon.colcon_core.package_identification:_identify(Testing/Temporary) by extensions ['colcon_meta']
[0.237s] Level 1:colcon.colcon_core.package_identification:_identify(Testing/Temporary) by extension 'colcon_meta'
[0.238s] Level 1:colcon.colcon_core.package_identification:_identify(Testing/Temporary) by extensions ['ros']
[0.238s] Level 1:colcon.colcon_core.package_identification:_identify(Testing/Temporary) by extension 'ros'
[0.238s] Level 1:colcon.colcon_core.package_identification:_identify(Testing/Temporary) by extensions ['cmake', 'python']
[0.238s] Level 1:colcon.colcon_core.package_identification:_identify(Testing/Temporary) by extension 'cmake'
[0.238s] Level 1:colcon.colcon_core.package_identification:_identify(Testing/Temporary) by extension 'python'
[0.238s] Level 1:colcon.colcon_core.package_identification:_identify(Testing/Temporary) by extensions ['python_setup_py']
[0.238s] Level 1:colcon.colcon_core.package_identification:_identify(Testing/Temporary) by extension 'python_setup_py'
[0.238s] Level 1:colcon.colcon_core.package_identification:_identify(build) by extensions ['ignore', 'ignore_ament_install']
[0.238s] Level 1:colcon.colcon_core.package_identification:_identify(build) by extension 'ignore'
[0.238s] Level 1:colcon.colcon_core.package_identification:_identify(build) ignored
[0.238s] Level 1:colcon.colcon_core.package_identification:_identify(install) by extensions ['ignore', 'ignore_ament_install']
[0.238s] Level 1:colcon.colcon_core.package_identification:_identify(install) by extension 'ignore'
[0.238s] Level 1:colcon.colcon_core.package_identification:_identify(install) ignored
[0.238s] Level 1:colcon.colcon_core.package_identification:_identify(log) by extensions ['ignore', 'ignore_ament_install']
[0.239s] Level 1:colcon.colcon_core.package_identification:_identify(log) by extension 'ignore'
[0.239s] Level 1:colcon.colcon_core.package_identification:_identify(log) ignored
[0.239s] Level 1:colcon.colcon_core.package_identification:_identify(src) by extensions ['ignore', 'ignore_ament_install']
[0.239s] Level 1:colcon.colcon_core.package_identification:_identify(src) by extension 'ignore'
[0.239s] Level 1:colcon.colcon_core.package_identification:_identify(src) by extension 'ignore_ament_install'
[0.239s] Level 1:colcon.colcon_core.package_identification:_identify(src) by extensions ['colcon_pkg']
[0.239s] Level 1:colcon.colcon_core.package_identification:_identify(src) by extension 'colcon_pkg'
[0.239s] Level 1:colcon.colcon_core.package_identification:_identify(src) by extensions ['colcon_meta']
[0.239s] Level 1:colcon.colcon_core.package_identification:_identify(src) by extension 'colcon_meta'
[0.239s] Level 1:colcon.colcon_core.package_identification:_identify(src) by extensions ['ros']
[0.239s] Level 1:colcon.colcon_core.package_identification:_identify(src) by extension 'ros'
[0.239s] Level 1:colcon.colcon_core.package_identification:_identify(src) by extensions ['cmake', 'python']
[0.239s] Level 1:colcon.colcon_core.package_identification:_identify(src) by extension 'cmake'
[0.239s] Level 1:colcon.colcon_core.package_identification:_identify(src) by extension 'python'
[0.239s] Level 1:colcon.colcon_core.package_identification:_identify(src) by extensions ['python_setup_py']
[0.239s] Level 1:colcon.colcon_core.package_identification:_identify(src) by extension 'python_setup_py'
[0.240s] Level 1:colcon.colcon_core.package_identification:_identify(src/external) by extensions ['ignore', 'ignore_ament_install']
[0.240s] Level 1:colcon.colcon_core.package_identification:_identify(src/external) by extension 'ignore'
[0.240s] Level 1:colcon.colcon_core.package_identification:_identify(src/external) by extension 'ignore_ament_install'
[0.240s] Level 1:colcon.colcon_core.package_identification:_identify(src/external) by extensions ['colcon_pkg']
[0.240s] Level 1:colcon.colcon_core.package_identification:_identify(src/external) by extension 'colcon_pkg'
[0.240s] Level 1:colcon.colcon_core.package_identification:_identify(src/external) by extensions ['colcon_meta']
[0.240s] Level 1:colcon.colcon_core.package_identification:_identify(src/external) by extension 'colcon_meta'
[0.240s] Level 1:colcon.colcon_core.package_identification:_identify(src/external) by extensions ['ros']
[0.240s] Level 1:colcon.colcon_core.package_identification:_identify(src/external) by extension 'ros'
[0.240s] Level 1:colcon.colcon_core.package_identification:_identify(src/external) by extensions ['cmake', 'python']
[0.240s] Level 1:colcon.colcon_core.package_identification:_identify(src/external) by extension 'cmake'
[0.240s] Level 1:colcon.colcon_core.package_identification:_identify(src/external) by extension 'python'
[0.240s] Level 1:colcon.colcon_core.package_identification:_identify(src/external) by extensions ['python_setup_py']
[0.240s] Level 1:colcon.colcon_core.package_identification:_identify(src/external) by extension 'python_setup_py'
[0.240s] Level 1:colcon.colcon_core.package_identification:_identify(src/external/inav) by extensions ['ignore', 'ignore_ament_install']
[0.240s] Level 1:colcon.colcon_core.package_identification:_identify(src/external/inav) by extension 'ignore'
[0.240s] Level 1:colcon.colcon_core.package_identification:_identify(src/external/inav) by extension 'ignore_ament_install'
[0.240s] Level 1:colcon.colcon_core.package_identification:_identify(src/external/inav) by extensions ['colcon_pkg']
[0.241s] Level 1:colcon.colcon_core.package_identification:_identify(src/external/inav) by extension 'colcon_pkg'
[0.241s] Level 1:colcon.colcon_core.package_identification:_identify(src/external/inav) by extensions ['colcon_meta']
[0.241s] Level 1:colcon.colcon_core.package_identification:_identify(src/external/inav) by extension 'colcon_meta'
[0.241s] Level 1:colcon.colcon_core.package_identification:_identify(src/external/inav) by extensions ['ros']
[0.241s] Level 1:colcon.colcon_core.package_identification:_identify(src/external/inav) by extension 'ros'
[0.241s] Level 1:colcon.colcon_core.package_identification:_identify(src/external/inav) by extensions ['cmake', 'python']
[0.241s] Level 1:colcon.colcon_core.package_identification:_identify(src/external/inav) by extension 'cmake'
[0.241s] Level 1:colcon.colcon_core.package_identification:_identify(src/external/inav) by extension 'python'
[0.241s] Level 1:colcon.colcon_core.package_identification:_identify(src/external/inav) by extensions ['python_setup_py']
[0.241s] Level 1:colcon.colcon_core.package_identification:_identify(src/external/inav) by extension 'python_setup_py'
[0.241s] Level 1:colcon.colcon_core.package_identification:_identify(src/external/inav/src) by extensions ['ignore', 'ignore_ament_install']
[0.241s] Level 1:colcon.colcon_core.package_identification:_identify(src/external/inav/src) by extension 'ignore'
[0.241s] Level 1:colcon.colcon_core.package_identification:_identify(src/external/inav/src) by extension 'ignore_ament_install'
[0.241s] Level 1:colcon.colcon_core.package_identification:_identify(src/external/inav/src) by extensions ['colcon_pkg']
[0.241s] Level 1:colcon.colcon_core.package_identification:_identify(src/external/inav/src) by extension 'colcon_pkg'
[0.241s] Level 1:colcon.colcon_core.package_identification:_identify(src/external/inav/src) by extensions ['colcon_meta']
[0.241s] Level 1:colcon.colcon_core.package_identification:_identify(src/external/inav/src) by extension 'colcon_meta'
[0.241s] Level 1:colcon.colcon_core.package_identification:_identify(src/external/inav/src) by extensions ['ros']
[0.241s] Level 1:colcon.colcon_core.package_identification:_identify(src/external/inav/src) by extension 'ros'
[0.242s] Level 1:colcon.colcon_core.package_identification:_identify(src/external/inav/src) by extensions ['cmake', 'python']
[0.242s] Level 1:colcon.colcon_core.package_identification:_identify(src/external/inav/src) by extension 'cmake'
[0.242s] Level 1:colcon.colcon_core.package_identification:_identify(src/external/inav/src) by extension 'python'
[0.242s] Level 1:colcon.colcon_core.package_identification:_identify(src/external/inav/src) by extensions ['python_setup_py']
[0.242s] Level 1:colcon.colcon_core.package_identification:_identify(src/external/inav/src) by extension 'python_setup_py'
[0.242s] Level 1:colcon.colcon_core.package_identification:_identify(src/external/inav/src/main) by extensions ['ignore', 'ignore_ament_install']
[0.242s] Level 1:colcon.colcon_core.package_identification:_identify(src/external/inav/src/main) by extension 'ignore'
[0.242s] Level 1:colcon.colcon_core.package_identification:_identify(src/external/inav/src/main) by extension 'ignore_ament_install'
[0.242s] Level 1:colcon.colcon_core.package_identification:_identify(src/external/inav/src/main) by extensions ['colcon_pkg']
[0.242s] Level 1:colcon.colcon_core.package_identification:_identify(src/external/inav/src/main) by extension 'colcon_pkg'
[0.242s] Level 1:colcon.colcon_core.package_identification:_identify(src/external/inav/src/main) by extensions ['colcon_meta']
[0.242s] Level 1:colcon.colcon_core.package_identification:_identify(src/external/inav/src/main) by extension 'colcon_meta'
[0.242s] Level 1:colcon.colcon_core.package_identification:_identify(src/external/inav/src/main) by extensions ['ros']
[0.242s] Level 1:colcon.colcon_core.package_identification:_identify(src/external/inav/src/main) by extension 'ros'
[0.242s] Level 1:colcon.colcon_core.package_identification:_identify(src/external/inav/src/main) by extensions ['cmake', 'python']
[0.242s] Level 1:colcon.colcon_core.package_identification:_identify(src/external/inav/src/main) by extension 'cmake'
[0.242s] Level 1:colcon.colcon_core.package_identification:_identify(src/external/inav/src/main) by extension 'python'
[0.242s] Level 1:colcon.colcon_core.package_identification:_identify(src/external/inav/src/main) by extensions ['python_setup_py']
[0.242s] Level 1:colcon.colcon_core.package_identification:_identify(src/external/inav/src/main) by extension 'python_setup_py'
[0.243s] Level 1:colcon.colcon_core.package_identification:_identify(src/external/inav/src/main/msp) by extensions ['ignore', 'ignore_ament_install']
[0.243s] Level 1:colcon.colcon_core.package_identification:_identify(src/external/inav/src/main/msp) by extension 'ignore'
[0.243s] Level 1:colcon.colcon_core.package_identification:_identify(src/external/inav/src/main/msp) by extension 'ignore_ament_install'
[0.243s] Level 1:colcon.colcon_core.package_identification:_identify(src/external/inav/src/main/msp) by extensions ['colcon_pkg']
[0.243s] Level 1:colcon.colcon_core.package_identification:_identify(src/external/inav/src/main/msp) by extension 'colcon_pkg'
[0.243s] Level 1:colcon.colcon_core.package_identification:_identify(src/external/inav/src/main/msp) by extensions ['colcon_meta']
[0.243s] Level 1:colcon.colcon_core.package_identification:_identify(src/external/inav/src/main/msp) by extension 'colcon_meta'
[0.243s] Level 1:colcon.colcon_core.package_identification:_identify(src/external/inav/src/main/msp) by extensions ['ros']
[0.243s] Level 1:colcon.colcon_core.package_identification:_identify(src/external/inav/src/main/msp) by extension 'ros'
[0.243s] Level 1:colcon.colcon_core.package_identification:_identify(src/external/inav/src/main/msp) by extensions ['cmake', 'python']
[0.243s] Level 1:colcon.colcon_core.package_identification:_identify(src/external/inav/src/main/msp) by extension 'cmake'
[0.243s] Level 1:colcon.colcon_core.package_identification:_identify(src/external/inav/src/main/msp) by extension 'python'
[0.243s] Level 1:colcon.colcon_core.package_identification:_identify(src/external/inav/src/main/msp) by extensions ['python_setup_py']
[0.243s] Level 1:colcon.colcon_core.package_identification:_identify(src/external/inav/src/main/msp) by extension 'python_setup_py'
[0.243s] Level 1:colcon.colcon_core.package_identification:_identify(src/ros2_wheeltec_n100_imu) by extensions ['ignore', 'ignore_ament_install']
[0.243s] Level 1:colcon.colcon_core.package_identification:_identify(src/ros2_wheeltec_n100_imu) by extension 'ignore'
[0.243s] Level 1:colcon.colcon_core.package_identification:_identify(src/ros2_wheeltec_n100_imu) by extension 'ignore_ament_install'
[0.244s] Level 1:colcon.colcon_core.package_identification:_identify(src/ros2_wheeltec_n100_imu) by extensions ['colcon_pkg']
[0.244s] Level 1:colcon.colcon_core.package_identification:_identify(src/ros2_wheeltec_n100_imu) by extension 'colcon_pkg'
[0.244s] Level 1:colcon.colcon_core.package_identification:_identify(src/ros2_wheeltec_n100_imu) by extensions ['colcon_meta']
[0.244s] Level 1:colcon.colcon_core.package_identification:_identify(src/ros2_wheeltec_n100_imu) by extension 'colcon_meta'
[0.244s] Level 1:colcon.colcon_core.package_identification:_identify(src/ros2_wheeltec_n100_imu) by extensions ['ros']
[0.244s] Level 1:colcon.colcon_core.package_identification:_identify(src/ros2_wheeltec_n100_imu) by extension 'ros'
[0.247s] DEBUG:colcon.colcon_core.package_identification:Package 'src/ros2_wheeltec_n100_imu' with type 'ros.ament_cmake' and name 'wheeltec_n100_imu'
[0.247s] Level 1:colcon.colcon_core.package_identification:_identify(src/serial-ros2) by extensions ['ignore', 'ignore_ament_install']
[0.248s] Level 1:colcon.colcon_core.package_identification:_identify(src/serial-ros2) by extension 'ignore'
[0.248s] Level 1:colcon.colcon_core.package_identification:_identify(src/serial-ros2) by extension 'ignore_ament_install'
[0.248s] Level 1:colcon.colcon_core.package_identification:_identify(src/serial-ros2) by extensions ['colcon_pkg']
[0.248s] Level 1:colcon.colcon_core.package_identification:_identify(src/serial-ros2) by extension 'colcon_pkg'
[0.248s] Level 1:colcon.colcon_core.package_identification:_identify(src/serial-ros2) by extensions ['colcon_meta']
[0.248s] Level 1:colcon.colcon_core.package_identification:_identify(src/serial-ros2) by extension 'colcon_meta'
[0.248s] Level 1:colcon.colcon_core.package_identification:_identify(src/serial-ros2) by extensions ['ros']
[0.248s] Level 1:colcon.colcon_core.package_identification:_identify(src/serial-ros2) by extension 'ros'
[0.248s] DEBUG:colcon.colcon_core.package_identification:Package 'src/serial-ros2' with type 'ros.ament_cmake' and name 'serial'
[0.249s] Level 1:colcon.colcon_core.package_identification:_identify(src/transformer_bringup) by extensions ['ignore', 'ignore_ament_install']
[0.249s] Level 1:colcon.colcon_core.package_identification:_identify(src/transformer_bringup) by extension 'ignore'
[0.249s] Level 1:colcon.colcon_core.package_identification:_identify(src/transformer_bringup) by extension 'ignore_ament_install'
[0.249s] Level 1:colcon.colcon_core.package_identification:_identify(src/transformer_bringup) by extensions ['colcon_pkg']
[0.249s] Level 1:colcon.colcon_core.package_identification:_identify(src/transformer_bringup) by extension 'colcon_pkg'
[0.249s] Level 1:colcon.colcon_core.package_identification:_identify(src/transformer_bringup) by extensions ['colcon_meta']
[0.249s] Level 1:colcon.colcon_core.package_identification:_identify(src/transformer_bringup) by extension 'colcon_meta'
[0.249s] Level 1:colcon.colcon_core.package_identification:_identify(src/transformer_bringup) by extensions ['ros']
[0.249s] Level 1:colcon.colcon_core.package_identification:_identify(src/transformer_bringup) by extension 'ros'
[0.250s] DEBUG:colcon.colcon_core.package_identification:Package 'src/transformer_bringup' with type 'ros.ament_cmake' and name 'transformer_bringup'
[0.250s] Level 1:colcon.colcon_core.package_identification:_identify(src/transformer_controller) by extensions ['ignore', 'ignore_ament_install']
[0.250s] Level 1:colcon.colcon_core.package_identification:_identify(src/transformer_controller) by extension 'ignore'
[0.250s] Level 1:colcon.colcon_core.package_identification:_identify(src/transformer_controller) by extension 'ignore_ament_install'
[0.250s] Level 1:colcon.colcon_core.package_identification:_identify(src/transformer_controller) by extensions ['colcon_pkg']
[0.250s] Level 1:colcon.colcon_core.package_identification:_identify(src/transformer_controller) by extension 'colcon_pkg'
[0.250s] Level 1:colcon.colcon_core.package_identification:_identify(src/transformer_controller) by extensions ['colcon_meta']
[0.250s] Level 1:colcon.colcon_core.package_identification:_identify(src/transformer_controller) by extension 'colcon_meta'
[0.250s] Level 1:colcon.colcon_core.package_identification:_identify(src/transformer_controller) by extensions ['ros']
[0.250s] Level 1:colcon.colcon_core.package_identification:_identify(src/transformer_controller) by extension 'ros'
[0.251s] DEBUG:colcon.colcon_core.package_identification:Package 'src/transformer_controller' with type 'ros.ament_cmake' and name 'transformer_controller'
[0.251s] Level 1:colcon.colcon_core.package_identification:_identify(src/transformer_hw_actuators) by extensions ['ignore', 'ignore_ament_install']
[0.251s] Level 1:colcon.colcon_core.package_identification:_identify(src/transformer_hw_actuators) by extension 'ignore'
[0.251s] Level 1:colcon.colcon_core.package_identification:_identify(src/transformer_hw_actuators) by extension 'ignore_ament_install'
[0.251s] Level 1:colcon.colcon_core.package_identification:_identify(src/transformer_hw_actuators) by extensions ['colcon_pkg']
[0.251s] Level 1:colcon.colcon_core.package_identification:_identify(src/transformer_hw_actuators) by extension 'colcon_pkg'
[0.251s] Level 1:colcon.colcon_core.package_identification:_identify(src/transformer_hw_actuators) by extensions ['colcon_meta']
[0.251s] Level 1:colcon.colcon_core.package_identification:_identify(src/transformer_hw_actuators) by extension 'colcon_meta'
[0.252s] Level 1:colcon.colcon_core.package_identification:_identify(src/transformer_hw_actuators) by extensions ['ros']
[0.252s] Level 1:colcon.colcon_core.package_identification:_identify(src/transformer_hw_actuators) by extension 'ros'
[0.252s] DEBUG:colcon.colcon_core.package_identification:Package 'src/transformer_hw_actuators' with type 'ros.ament_cmake' and name 'transformer_hw_actuators'
[0.252s] Level 1:colcon.colcon_core.package_identification:_identify(src/transformer_hw_servos) by extensions ['ignore', 'ignore_ament_install']
[0.252s] Level 1:colcon.colcon_core.package_identification:_identify(src/transformer_hw_servos) by extension 'ignore'
[0.252s] Level 1:colcon.colcon_core.package_identification:_identify(src/transformer_hw_servos) by extension 'ignore_ament_install'
[0.252s] Level 1:colcon.colcon_core.package_identification:_identify(src/transformer_hw_servos) by extensions ['colcon_pkg']
[0.253s] Level 1:colcon.colcon_core.package_identification:_identify(src/transformer_hw_servos) by extension 'colcon_pkg'
[0.253s] Level 1:colcon.colcon_core.package_identification:_identify(src/transformer_hw_servos) by extensions ['colcon_meta']
[0.253s] Level 1:colcon.colcon_core.package_identification:_identify(src/transformer_hw_servos) by extension 'colcon_meta'
[0.253s] Level 1:colcon.colcon_core.package_identification:_identify(src/transformer_hw_servos) by extensions ['ros']
[0.253s] Level 1:colcon.colcon_core.package_identification:_identify(src/transformer_hw_servos) by extension 'ros'
[0.253s] DEBUG:colcon.colcon_core.package_identification:Package 'src/transformer_hw_servos' with type 'ros.ament_cmake' and name 'transformer_hw_servos'
[0.253s] Level 1:colcon.colcon_core.package_identification:_identify(src/transformer_msp_bridge) by extensions ['ignore', 'ignore_ament_install']
[0.254s] Level 1:colcon.colcon_core.package_identification:_identify(src/transformer_msp_bridge) by extension 'ignore'
[0.254s] Level 1:colcon.colcon_core.package_identification:_identify(src/transformer_msp_bridge) by extension 'ignore_ament_install'
[0.254s] Level 1:colcon.colcon_core.package_identification:_identify(src/transformer_msp_bridge) by extensions ['colcon_pkg']
[0.254s] Level 1:colcon.colcon_core.package_identification:_identify(src/transformer_msp_bridge) by extension 'colcon_pkg'
[0.254s] Level 1:colcon.colcon_core.package_identification:_identify(src/transformer_msp_bridge) by extensions ['colcon_meta']
[0.254s] Level 1:colcon.colcon_core.package_identification:_identify(src/transformer_msp_bridge) by extension 'colcon_meta'
[0.254s] Level 1:colcon.colcon_core.package_identification:_identify(src/transformer_msp_bridge) by extensions ['ros']
[0.254s] Level 1:colcon.colcon_core.package_identification:_identify(src/transformer_msp_bridge) by extension 'ros'
[0.255s] DEBUG:colcon.colcon_core.package_identification:Package 'src/transformer_msp_bridge' with type 'ros.ament_cmake' and name 'transformer_msp_bridge'
[0.255s] Level 1:colcon.colcon_core.package_discovery:discover_packages(recursive) using defaults
[0.255s] Level 1:colcon.colcon_core.package_discovery:discover_packages(ignore) discover
[0.255s] Level 1:colcon.colcon_core.package_discovery:discover_packages(ignore) using defaults
[0.255s] Level 1:colcon.colcon_core.package_discovery:discover_packages(path) discover
[0.255s] Level 1:colcon.colcon_core.package_discovery:discover_packages(path) using defaults
[0.279s] INFO:colcon.colcon_core.package_selection:Skipping not selected package 'serial' in 'src/serial-ros2'
[0.279s] INFO:colcon.colcon_core.package_selection:Skipping not selected package 'transformer_hw_actuators' in 'src/transformer_hw_actuators'
[0.279s] INFO:colcon.colcon_core.package_selection:Skipping not selected package 'transformer_hw_servos' in 'src/transformer_hw_servos'
[0.279s] INFO:colcon.colcon_core.package_selection:Skipping not selected package 'transformer_msp_bridge' in 'src/transformer_msp_bridge'
[0.279s] INFO:colcon.colcon_core.package_selection:Skipping not selected package 'wheeltec_n100_imu' in 'src/ros2_wheeltec_n100_imu'
[0.279s] INFO:colcon.colcon_core.package_selection:Skipping not selected package 'transformer_bringup' in 'src/transformer_bringup'
[0.280s] Level 1:colcon.colcon_core.package_discovery:discover_packages(prefix_path) check parameters
[0.280s] Level 1:colcon.colcon_core.package_discovery:discover_packages(prefix_path) discover
[0.282s] DEBUG:colcon.colcon_installed_package_information.package_discovery:Found 7 installed packages in /home/atvpi/ros2_ws/install
[0.284s] DEBUG:colcon.colcon_installed_package_information.package_discovery:Found 209 installed packages in /opt/ros/jazzy
[0.286s] Level 1:colcon.colcon_core.package_discovery:discover_packages(prefix_path) using defaults
[0.327s] Level 5:colcon.colcon_core.verb:set package 'transformer_controller' build argument 'cmake_args' from command line to 'None'
[0.327s] Level 5:colcon.colcon_core.verb:set package 'transformer_controller' build argument 'cmake_target' from command line to 'None'
[0.327s] Level 5:colcon.colcon_core.verb:set package 'transformer_controller' build argument 'cmake_target_skip_unavailable' from command line to 'False'
[0.327s] Level 5:colcon.colcon_core.verb:set package 'transformer_controller' build argument 'cmake_clean_cache' from command line to 'True'
[0.327s] Level 5:colcon.colcon_core.verb:set package 'transformer_controller' build argument 'cmake_clean_first' from command line to 'False'
[0.327s] Level 5:colcon.colcon_core.verb:set package 'transformer_controller' build argument 'cmake_force_configure' from command line to 'False'
[0.327s] Level 5:colcon.colcon_core.verb:set package 'transformer_controller' build argument 'ament_cmake_args' from command line to 'None'
[0.327s] Level 5:colcon.colcon_core.verb:set package 'transformer_controller' build argument 'catkin_cmake_args' from command line to 'None'
[0.327s] Level 5:colcon.colcon_core.verb:set package 'transformer_controller' build argument 'catkin_skip_building_tests' from command line to 'False'
[0.327s] DEBUG:colcon.colcon_core.verb:Building package 'transformer_controller' with the following arguments: {'ament_cmake_args': None, 'build_base': '/home/atvpi/ros2_ws/build/transformer_controller', 'catkin_cmake_args': None, 'catkin_skip_building_tests': False, 'cmake_args': None, 'cmake_clean_cache': True, 'cmake_clean_first': False, 'cmake_force_configure': False, 'cmake_target': None, 'cmake_target_skip_unavailable': False, 'install_base': '/home/atvpi/ros2_ws/install/transformer_controller', 'merge_install': False, 'path': '/home/atvpi/ros2_ws/src/transformer_controller', 'symlink_install': False, 'test_result_base': None}
[0.328s] INFO:colcon.colcon_core.executor:Executing jobs using 'parallel' executor
[0.329s] DEBUG:colcon.colcon_parallel_executor.executor.parallel:run_until_complete
[0.329s] INFO:colcon.colcon_ros.task.ament_cmake.build:Building ROS package in '/home/atvpi/ros2_ws/src/transformer_controller' with build type 'ament_cmake'
[0.329s] INFO:colcon.colcon_cmake.task.cmake.build:Building CMake package in '/home/atvpi/ros2_ws/src/transformer_controller'
[0.332s] INFO:colcon.colcon_core.plugin_system:Skipping extension 'colcon_core.shell.bat': Not used on non-Windows systems
[0.332s] INFO:colcon.colcon_core.shell:Skip shell extension 'powershell' for command environment: Not usable outside of PowerShell
[0.332s] DEBUG:colcon.colcon_core.shell:Skip shell extension 'dsv' for command environment
[0.369s] DEBUG:colcon.colcon_core.event_handler.log_command:Invoking command in '/home/atvpi/ros2_ws/build/transformer_controller': CMAKE_PREFIX_PATH=/home/atvpi/ros2_ws/install/transformer_hw_servos:/home/atvpi/ros2_ws/install/transformer_hw_actuators:/home/atvpi/ros2_ws/install/wheeltec_n100_imu:/home/atvpi/ros2_ws/install/transformer_msp_bridge:/home/atvpi/ros2_ws/install/transformer_bringup:/home/atvpi/ros2_ws/install/transformer_controller:/home/atvpi/ros2_ws/install/serial:/opt/ros/jazzy LD_LIBRARY_PATH=/home/atvpi/ros2_ws/install/transformer_hw_servos/lib:/home/atvpi/ros2_ws/install/transformer_hw_actuators/lib:/home/atvpi/ros2_ws/install/transformer_msp_bridge/lib:/home/atvpi/ros2_ws/install/transformer_controller/lib:/home/atvpi/ros2_ws/install/serial/lib:/opt/ros/jazzy/lib/aarch64-linux-gnu:/opt/ros/jazzy/lib PYTHONPATH=/home/atvpi/ros2_ws/install/transformer_hw_servos/lib/python3.12/site-packages:/home/atvpi/ros2_ws/install/transformer_hw_actuators/lib/python3.12/site-packages:/home/atvpi/ros2_ws/install/transformer_msp_bridge/lib/python3.12/site-packages:/home/atvpi/ros2_ws/install/transformer_controller/lib/python3.12/site-packages:/opt/ros/jazzy/lib/python3.12/site-packages /usr/bin/cmake /home/atvpi/ros2_ws/src/transformer_controller -DCMAKE_INSTALL_PREFIX=/home/atvpi/ros2_ws/install/transformer_controller
[6.568s] DEBUG:colcon.colcon_core.event_handler.log_command:Invoked command in '/home/atvpi/ros2_ws/build/transformer_controller' returned '0': CMAKE_PREFIX_PATH=/home/atvpi/ros2_ws/install/transformer_hw_servos:/home/atvpi/ros2_ws/install/transformer_hw_actuators:/home/atvpi/ros2_ws/install/wheeltec_n100_imu:/home/atvpi/ros2_ws/install/transformer_msp_bridge:/home/atvpi/ros2_ws/install/transformer_bringup:/home/atvpi/ros2_ws/install/transformer_controller:/home/atvpi/ros2_ws/install/serial:/opt/ros/jazzy LD_LIBRARY_PATH=/home/atvpi/ros2_ws/install/transformer_hw_servos/lib:/home/atvpi/ros2_ws/install/transformer_hw_actuators/lib:/home/atvpi/ros2_ws/install/transformer_msp_bridge/lib:/home/atvpi/ros2_ws/install/transformer_controller/lib:/home/atvpi/ros2_ws/install/serial/lib:/opt/ros/jazzy/lib/aarch64-linux-gnu:/opt/ros/jazzy/lib PYTHONPATH=/home/atvpi/ros2_ws/install/transformer_hw_servos/lib/python3.12/site-packages:/home/atvpi/ros2_ws/install/transformer_hw_actuators/lib/python3.12/site-packages:/home/atvpi/ros2_ws/install/transformer_msp_bridge/lib/python3.12/site-packages:/home/atvpi/ros2_ws/install/transformer_controller/lib/python3.12/site-packages:/opt/ros/jazzy/lib/python3.12/site-packages /usr/bin/cmake /home/atvpi/ros2_ws/src/transformer_controller -DCMAKE_INSTALL_PREFIX=/home/atvpi/ros2_ws/install/transformer_controller
[6.572s] DEBUG:colcon.colcon_core.event_handler.log_command:Invoking command in '/home/atvpi/ros2_ws/build/transformer_controller': CMAKE_PREFIX_PATH=/home/atvpi/ros2_ws/install/transformer_hw_servos:/home/atvpi/ros2_ws/install/transformer_hw_actuators:/home/atvpi/ros2_ws/install/wheeltec_n100_imu:/home/atvpi/ros2_ws/install/transformer_msp_bridge:/home/atvpi/ros2_ws/install/transformer_bringup:/home/atvpi/ros2_ws/install/transformer_controller:/home/atvpi/ros2_ws/install/serial:/opt/ros/jazzy LD_LIBRARY_PATH=/home/atvpi/ros2_ws/install/transformer_hw_servos/lib:/home/atvpi/ros2_ws/install/transformer_hw_actuators/lib:/home/atvpi/ros2_ws/install/transformer_msp_bridge/lib:/home/atvpi/ros2_ws/install/transformer_controller/lib:/home/atvpi/ros2_ws/install/serial/lib:/opt/ros/jazzy/lib/aarch64-linux-gnu:/opt/ros/jazzy/lib PYTHONPATH=/home/atvpi/ros2_ws/install/transformer_hw_servos/lib/python3.12/site-packages:/home/atvpi/ros2_ws/install/transformer_hw_actuators/lib/python3.12/site-packages:/home/atvpi/ros2_ws/install/transformer_msp_bridge/lib/python3.12/site-packages:/home/atvpi/ros2_ws/install/transformer_controller/lib/python3.12/site-packages:/opt/ros/jazzy/lib/python3.12/site-packages /usr/bin/cmake --build /home/atvpi/ros2_ws/build/transformer_controller -- -j4 -l4
[7.433s] DEBUG:colcon.colcon_core.event_handler.log_command:Invoked command in '/home/atvpi/ros2_ws/build/transformer_controller' returned '0': CMAKE_PREFIX_PATH=/home/atvpi/ros2_ws/install/transformer_hw_servos:/home/atvpi/ros2_ws/install/transformer_hw_actuators:/home/atvpi/ros2_ws/install/wheeltec_n100_imu:/home/atvpi/ros2_ws/install/transformer_msp_bridge:/home/atvpi/ros2_ws/install/transformer_bringup:/home/atvpi/ros2_ws/install/transformer_controller:/home/atvpi/ros2_ws/install/serial:/opt/ros/jazzy LD_LIBRARY_PATH=/home/atvpi/ros2_ws/install/transformer_hw_servos/lib:/home/atvpi/ros2_ws/install/transformer_hw_actuators/lib:/home/atvpi/ros2_ws/install/transformer_msp_bridge/lib:/home/atvpi/ros2_ws/install/transformer_controller/lib:/home/atvpi/ros2_ws/install/serial/lib:/opt/ros/jazzy/lib/aarch64-linux-gnu:/opt/ros/jazzy/lib PYTHONPATH=/home/atvpi/ros2_ws/install/transformer_hw_servos/lib/python3.12/site-packages:/home/atvpi/ros2_ws/install/transformer_hw_actuators/lib/python3.12/site-packages:/home/atvpi/ros2_ws/install/transformer_msp_bridge/lib/python3.12/site-packages:/home/atvpi/ros2_ws/install/transformer_controller/lib/python3.12/site-packages:/opt/ros/jazzy/lib/python3.12/site-packages /usr/bin/cmake --build /home/atvpi/ros2_ws/build/transformer_controller -- -j4 -l4
[7.451s] DEBUG:colcon.colcon_core.event_handler.log_command:Invoking command in '/home/atvpi/ros2_ws/build/transformer_controller': CMAKE_PREFIX_PATH=/home/atvpi/ros2_ws/install/transformer_hw_servos:/home/atvpi/ros2_ws/install/transformer_hw_actuators:/home/atvpi/ros2_ws/install/wheeltec_n100_imu:/home/atvpi/ros2_ws/install/transformer_msp_bridge:/home/atvpi/ros2_ws/install/transformer_bringup:/home/atvpi/ros2_ws/install/transformer_controller:/home/atvpi/ros2_ws/install/serial:/opt/ros/jazzy LD_LIBRARY_PATH=/home/atvpi/ros2_ws/install/transformer_hw_servos/lib:/home/atvpi/ros2_ws/install/transformer_hw_actuators/lib:/home/atvpi/ros2_ws/install/transformer_msp_bridge/lib:/home/atvpi/ros2_ws/install/transformer_controller/lib:/home/atvpi/ros2_ws/install/serial/lib:/opt/ros/jazzy/lib/aarch64-linux-gnu:/opt/ros/jazzy/lib PYTHONPATH=/home/atvpi/ros2_ws/install/transformer_hw_servos/lib/python3.12/site-packages:/home/atvpi/ros2_ws/install/transformer_hw_actuators/lib/python3.12/site-packages:/home/atvpi/ros2_ws/install/transformer_msp_bridge/lib/python3.12/site-packages:/home/atvpi/ros2_ws/install/transformer_controller/lib/python3.12/site-packages:/opt/ros/jazzy/lib/python3.12/site-packages /usr/bin/cmake --install /home/atvpi/ros2_ws/build/transformer_controller
[7.577s] Level 1:colcon.colcon_core.environment:create_environment_scripts_only(transformer_controller)
[7.578s] DEBUG:colcon.colcon_core.event_handler.log_command:Invoked command in '/home/atvpi/ros2_ws/build/transformer_controller' returned '0': CMAKE_PREFIX_PATH=/home/atvpi/ros2_ws/install/transformer_hw_servos:/home/atvpi/ros2_ws/install/transformer_hw_actuators:/home/atvpi/ros2_ws/install/wheeltec_n100_imu:/home/atvpi/ros2_ws/install/transformer_msp_bridge:/home/atvpi/ros2_ws/install/transformer_bringup:/home/atvpi/ros2_ws/install/transformer_controller:/home/atvpi/ros2_ws/install/serial:/opt/ros/jazzy LD_LIBRARY_PATH=/home/atvpi/ros2_ws/install/transformer_hw_servos/lib:/home/atvpi/ros2_ws/install/transformer_hw_actuators/lib:/home/atvpi/ros2_ws/install/transformer_msp_bridge/lib:/home/atvpi/ros2_ws/install/transformer_controller/lib:/home/atvpi/ros2_ws/install/serial/lib:/opt/ros/jazzy/lib/aarch64-linux-gnu:/opt/ros/jazzy/lib PYTHONPATH=/home/atvpi/ros2_ws/install/transformer_hw_servos/lib/python3.12/site-packages:/home/atvpi/ros2_ws/install/transformer_hw_actuators/lib/python3.12/site-packages:/home/atvpi/ros2_ws/install/transformer_msp_bridge/lib/python3.12/site-packages:/home/atvpi/ros2_ws/install/transformer_controller/lib/python3.12/site-packages:/opt/ros/jazzy/lib/python3.12/site-packages /usr/bin/cmake --install /home/atvpi/ros2_ws/build/transformer_controller
[7.581s] Level 1:colcon.colcon_core.environment:checking '/home/atvpi/ros2_ws/install/transformer_controller' for CMake module files
[7.582s] Level 1:colcon.colcon_core.environment:checking '/home/atvpi/ros2_ws/install/transformer_controller' for CMake config files
[7.583s] Level 1:colcon.colcon_core.shell:create_environment_hook('transformer_controller', 'cmake_prefix_path')
[7.583s] INFO:colcon.colcon_core.shell:Creating environment hook '/home/atvpi/ros2_ws/install/transformer_controller/share/transformer_controller/hook/cmake_prefix_path.ps1'
[7.595s] INFO:colcon.colcon_core.shell:Creating environment descriptor '/home/atvpi/ros2_ws/install/transformer_controller/share/transformer_controller/hook/cmake_prefix_path.dsv'
[7.616s] INFO:colcon.colcon_core.shell:Creating environment hook '/home/atvpi/ros2_ws/install/transformer_controller/share/transformer_controller/hook/cmake_prefix_path.sh'
[7.643s] Level 1:colcon.colcon_core.environment:checking '/home/atvpi/ros2_ws/install/transformer_controller/lib'
[7.644s] Level 1:colcon.colcon_core.shell:create_environment_hook('transformer_controller', 'ld_library_path_lib')
[7.644s] INFO:colcon.colcon_core.shell:Creating environment hook '/home/atvpi/ros2_ws/install/transformer_controller/share/transformer_controller/hook/ld_library_path_lib.ps1'
[7.664s] INFO:colcon.colcon_core.shell:Creating environment descriptor '/home/atvpi/ros2_ws/install/transformer_controller/share/transformer_controller/hook/ld_library_path_lib.dsv'
[7.685s] INFO:colcon.colcon_core.shell:Creating environment hook '/home/atvpi/ros2_ws/install/transformer_controller/share/transformer_controller/hook/ld_library_path_lib.sh'
[7.707s] Level 1:colcon.colcon_core.environment:checking '/home/atvpi/ros2_ws/install/transformer_controller/bin'
[7.707s] Level 1:colcon.colcon_core.environment:checking '/home/atvpi/ros2_ws/install/transformer_controller/lib/pkgconfig/transformer_controller.pc'
[7.708s] Level 1:colcon.colcon_core.environment:checking '/home/atvpi/ros2_ws/install/transformer_controller/lib/python3.12/site-packages'
[7.708s] Level 1:colcon.colcon_core.shell:create_environment_hook('transformer_controller', 'pythonpath')
[7.708s] INFO:colcon.colcon_core.shell:Creating environment hook '/home/atvpi/ros2_ws/install/transformer_controller/share/transformer_controller/hook/pythonpath.ps1'
[7.730s] INFO:colcon.colcon_core.shell:Creating environment descriptor '/home/atvpi/ros2_ws/install/transformer_controller/share/transformer_controller/hook/pythonpath.dsv'
[7.751s] INFO:colcon.colcon_core.shell:Creating environment hook '/home/atvpi/ros2_ws/install/transformer_controller/share/transformer_controller/hook/pythonpath.sh'
[7.774s] Level 1:colcon.colcon_core.environment:checking '/home/atvpi/ros2_ws/install/transformer_controller/bin'
[7.774s] INFO:colcon.colcon_core.shell:Creating package script '/home/atvpi/ros2_ws/install/transformer_controller/share/transformer_controller/package.ps1'
[7.796s] INFO:colcon.colcon_core.shell:Creating package descriptor '/home/atvpi/ros2_ws/install/transformer_controller/share/transformer_controller/package.dsv'
[7.818s] INFO:colcon.colcon_core.shell:Creating package script '/home/atvpi/ros2_ws/install/transformer_controller/share/transformer_controller/package.sh'
[7.840s] INFO:colcon.colcon_core.shell:Creating package script '/home/atvpi/ros2_ws/install/transformer_controller/share/transformer_controller/package.bash'
[7.862s] INFO:colcon.colcon_core.shell:Creating package script '/home/atvpi/ros2_ws/install/transformer_controller/share/transformer_controller/package.zsh'
[7.887s] Level 1:colcon.colcon_core.environment:create_file_with_runtime_dependencies(/home/atvpi/ros2_ws/install/transformer_controller/share/colcon-core/packages/transformer_controller)
[7.910s] Level 1:colcon.colcon_core.environment:create_environment_scripts_only(transformer_controller)
[7.911s] Level 1:colcon.colcon_core.environment:checking '/home/atvpi/ros2_ws/install/transformer_controller' for CMake module files
[7.912s] Level 1:colcon.colcon_core.environment:checking '/home/atvpi/ros2_ws/install/transformer_controller' for CMake config files
[7.913s] Level 1:colcon.colcon_core.shell:create_environment_hook('transformer_controller', 'cmake_prefix_path')
[7.913s] INFO:colcon.colcon_core.shell:Creating environment hook '/home/atvpi/ros2_ws/install/transformer_controller/share/transformer_controller/hook/cmake_prefix_path.ps1'
[7.931s] INFO:colcon.colcon_core.shell:Creating environment descriptor '/home/atvpi/ros2_ws/install/transformer_controller/share/transformer_controller/hook/cmake_prefix_path.dsv'
[7.952s] INFO:colcon.colcon_core.shell:Creating environment hook '/home/atvpi/ros2_ws/install/transformer_controller/share/transformer_controller/hook/cmake_prefix_path.sh'
[7.974s] Level 1:colcon.colcon_core.environment:checking '/home/atvpi/ros2_ws/install/transformer_controller/lib'
[7.975s] Level 1:colcon.colcon_core.shell:create_environment_hook('transformer_controller', 'ld_library_path_lib')
[7.975s] INFO:colcon.colcon_core.shell:Creating environment hook '/home/atvpi/ros2_ws/install/transformer_controller/share/transformer_controller/hook/ld_library_path_lib.ps1'
[7.995s] INFO:colcon.colcon_core.shell:Creating environment descriptor '/home/atvpi/ros2_ws/install/transformer_controller/share/transformer_controller/hook/ld_library_path_lib.dsv'
[8.016s] INFO:colcon.colcon_core.shell:Creating environment hook '/home/atvpi/ros2_ws/install/transformer_controller/share/transformer_controller/hook/ld_library_path_lib.sh'
[8.038s] Level 1:colcon.colcon_core.environment:checking '/home/atvpi/ros2_ws/install/transformer_controller/bin'
[8.038s] Level 1:colcon.colcon_core.environment:checking '/home/atvpi/ros2_ws/install/transformer_controller/lib/pkgconfig/transformer_controller.pc'
[8.039s] Level 1:colcon.colcon_core.environment:checking '/home/atvpi/ros2_ws/install/transformer_controller/lib/python3.12/site-packages'
[8.039s] Level 1:colcon.colcon_core.shell:create_environment_hook('transformer_controller', 'pythonpath')
[8.040s] INFO:colcon.colcon_core.shell:Creating environment hook '/home/atvpi/ros2_ws/install/transformer_controller/share/transformer_controller/hook/pythonpath.ps1'
[8.059s] INFO:colcon.colcon_core.shell:Creating environment descriptor '/home/atvpi/ros2_ws/install/transformer_controller/share/transformer_controller/hook/pythonpath.dsv'
[8.081s] INFO:colcon.colcon_core.shell:Creating environment hook '/home/atvpi/ros2_ws/install/transformer_controller/share/transformer_controller/hook/pythonpath.sh'
[8.104s] Level 1:colcon.colcon_core.environment:checking '/home/atvpi/ros2_ws/install/transformer_controller/bin'
[8.104s] INFO:colcon.colcon_core.shell:Creating package script '/home/atvpi/ros2_ws/install/transformer_controller/share/transformer_controller/package.ps1'
[8.106s] INFO:colcon.colcon_core.shell:Creating package descriptor '/home/atvpi/ros2_ws/install/transformer_controller/share/transformer_controller/package.dsv'
[8.107s] INFO:colcon.colcon_core.shell:Creating package script '/home/atvpi/ros2_ws/install/transformer_controller/share/transformer_controller/package.sh'
[8.109s] INFO:colcon.colcon_core.shell:Creating package script '/home/atvpi/ros2_ws/install/transformer_controller/share/transformer_controller/package.bash'
[8.111s] INFO:colcon.colcon_core.shell:Creating package script '/home/atvpi/ros2_ws/install/transformer_controller/share/transformer_controller/package.zsh'
[8.112s] Level 1:colcon.colcon_core.environment:create_file_with_runtime_dependencies(/home/atvpi/ros2_ws/install/transformer_controller/share/colcon-core/packages/transformer_controller)
[8.114s] DEBUG:colcon.colcon_parallel_executor.executor.parallel:closing loop
[8.115s] DEBUG:colcon.colcon_parallel_executor.executor.parallel:loop closed
[8.115s] DEBUG:colcon.colcon_parallel_executor.executor.parallel:run_until_complete finished with '0'
[8.115s] DEBUG:colcon.colcon_core.event_reactor:joining thread
[8.135s] INFO:colcon.colcon_core.plugin_system:Skipping extension 'colcon_notification.desktop_notification.notify_send': Could not find 'notify-send'
[8.135s] INFO:colcon.colcon_core.plugin_system:Skipping extension 'colcon_notification.desktop_notification.terminal_notifier': Not used on non-Darwin systems
[8.136s] INFO:colcon.colcon_core.plugin_system:Skipping extension 'colcon_notification.desktop_notification.win32': Not used on non-Windows systems
[8.136s] INFO:colcon.colcon_notification.desktop_notification:Sending desktop notification using 'notify2'
[8.141s] DEBUG:colcon.colcon_notification.desktop_notification.notify2:Failed to initialize notify2: org.freedesktop.DBus.Error.ServiceUnknown: The name org.freedesktop.Notifications was not provided by any .service files
[8.141s] DEBUG:colcon.colcon_core.event_reactor:joined thread
[8.142s] INFO:colcon.colcon_core.shell:Creating prefix script '/home/atvpi/ros2_ws/install/local_setup.ps1'
[8.144s] INFO:colcon.colcon_core.shell:Creating prefix util module '/home/atvpi/ros2_ws/install/_local_setup_util_ps1.py'
[8.147s] INFO:colcon.colcon_core.shell:Creating prefix chain script '/home/atvpi/ros2_ws/install/setup.ps1'
[8.151s] INFO:colcon.colcon_core.shell:Creating prefix script '/home/atvpi/ros2_ws/install/local_setup.sh'
[8.152s] INFO:colcon.colcon_core.shell:Creating prefix util module '/home/atvpi/ros2_ws/install/_local_setup_util_sh.py'
[8.155s] INFO:colcon.colcon_core.shell:Creating prefix chain script '/home/atvpi/ros2_ws/install/setup.sh'
[8.161s] INFO:colcon.colcon_core.shell:Creating prefix script '/home/atvpi/ros2_ws/install/local_setup.bash'
[8.163s] INFO:colcon.colcon_core.shell:Creating prefix chain script '/home/atvpi/ros2_ws/install/setup.bash'
[8.166s] INFO:colcon.colcon_core.shell:Creating prefix script '/home/atvpi/ros2_ws/install/local_setup.zsh'
[8.168s] INFO:colcon.colcon_core.shell:Creating prefix chain script '/home/atvpi/ros2_ws/install/setup.zsh'
