[0.016s] Invoking command in '/home/atvpi/ros2_ws/build/transformer_msp_bridge': CMAKE_PREFIX_PATH=${CMAKE_PREFIX_PATH}:/opt/ros/jazzy /usr/bin/cmake --build /home/atvpi/ros2_ws/build/transformer_msp_bridge -- -j4 -l4
[0.124s] [  1%] Built target transformer_msp_bridge__rosidl_generator_type_description
[0.124s] [  3%] Built target serial_port
[0.133s] [  3%] Built target ament_cmake_python_symlink_transformer_msp_bridge
[0.134s] [ 10%] Built target msp_protocol
[0.175s] [ 12%] Built target gtest_main
[0.178s] [ 14%] Built target gtest
[0.186s] [ 15%] Built target transformer_msp_bridge__cpp
[0.189s] [ 20%] Built target transformer_msp_bridge__rosidl_generator_c
[0.238s] [ 22%] Built target msp_probe
[0.243s] [ 24%] Built target test_msp_parser
[0.255s] [ 26%] Built target test_msp_parser_fuzz
[0.294s] [ 28%] Built target test_msp_parser_hardening
[0.295s] [ 30%] Built target test_crc
[0.314s] [ 32%] Built target test_msp_registry
[0.347s] [ 34%] Built target test_msp_probe
[0.347s] [ 36%] Built target test_decoder_coverage
[0.367s] [ 39%] Built target transformer_msp_bridge__rosidl_typesupport_cpp
[0.398s] [ 42%] Built target transformer_msp_bridge__rosidl_typesupport_fastrtps_cpp
[0.399s] [ 45%] Built target transformer_msp_bridge__rosidl_typesupport_fastrtps_c
[0.418s] [ 48%] Built target transformer_msp_bridge__rosidl_typesupport_introspection_c
[0.450s] [ 51%] Built target transformer_msp_bridge__rosidl_typesupport_c
[0.456s] [ 54%] Built target transformer_msp_bridge__rosidl_typesupport_introspection_cpp
[0.508s] [ 66%] Built target transformer_msp_bridge_decoders
[0.513s] [ 66%] Built target transformer_msp_bridge
[0.573s] [ 68%] Built target transformer_msp_bridge_node
[0.585s] [ 70%] Built target test_battery_decoder
[0.590s] [ 72%] Built target test_system_decoder
[0.633s] [ 74%] Built target test_attitude_decoder
[0.653s] [ 76%] Built target test_gps_decoder
[0.657s] running egg_info
[0.657s] [ 78%] Built target test_imu_decoder
[0.702s] writing transformer_msp_bridge.egg-info/PKG-INFO
[0.703s] writing dependency_links to transformer_msp_bridge.egg-info/dependency_links.txt
[0.703s] [ 80%] Built target test_rc_decoder
[0.705s] writing top-level names to transformer_msp_bridge.egg-info/top_level.txt
[0.743s] [ 82%] Built target test_altitude_decoder
[0.759s] [ 84%] Built target test_inav_status_decoder
[0.816s] [ 86%] Built target test_sensor_decoder
[0.822s] reading manifest file 'transformer_msp_bridge.egg-info/SOURCES.txt'
[0.823s] writing manifest file 'transformer_msp_bridge.egg-info/SOURCES.txt'
[0.864s] [ 88%] Built target test_system_decoder_extended
[0.867s] [ 90%] Built target test_servo_motor_decoder
[0.884s] [ 91%] Built target transformer_msp_bridge__py
[0.931s] [ 93%] Built target transformer_msp_bridge__rosidl_generator_py
[0.982s] [ 95%] Built target transformer_msp_bridge_s__rosidl_typesupport_introspection_c
[0.986s] [ 95%] Built target ament_cmake_python_build_transformer_msp_bridge_egg
[0.990s] [ 97%] Built target transformer_msp_bridge_s__rosidl_typesupport_fastrtps_c
[0.992s] [100%] Built target transformer_msp_bridge_s__rosidl_typesupport_c
[1.021s] Invoked command in '/home/atvpi/ros2_ws/build/transformer_msp_bridge' returned '0': CMAKE_PREFIX_PATH=${CMAKE_PREFIX_PATH}:/opt/ros/jazzy /usr/bin/cmake --build /home/atvpi/ros2_ws/build/transformer_msp_bridge -- -j4 -l4
[1.039s] Invoking command in '/home/atvpi/ros2_ws/build/transformer_msp_bridge': CMAKE_PREFIX_PATH=${CMAKE_PREFIX_PATH}:/opt/ros/jazzy /usr/bin/cmake --install /home/atvpi/ros2_ws/build/transformer_msp_bridge
[1.053s] -- Install configuration: "RelWithDebInfo"
[1.053s] -- Execute custom install script
[1.054s] -- Up-to-date symlink: /home/atvpi/ros2_ws/install/transformer_msp_bridge/share/ament_index/resource_index/rosidl_interfaces/transformer_msp_bridge
[1.054s] -- Up-to-date symlink: /home/atvpi/ros2_ws/install/transformer_msp_bridge/share/transformer_msp_bridge/msg/MspInavStatus.json
[1.055s] -- Up-to-date symlink: /home/atvpi/ros2_ws/install/transformer_msp_bridge/include/transformer_msp_bridge/transformer_msp_bridge/msg/detail/msp_inav_status__functions.h
[1.055s] -- Up-to-date symlink: /home/atvpi/ros2_ws/install/transformer_msp_bridge/include/transformer_msp_bridge/transformer_msp_bridge/msg/detail/msp_inav_status__struct.h
[1.055s] -- Up-to-date symlink: /home/atvpi/ros2_ws/install/transformer_msp_bridge/include/transformer_msp_bridge/transformer_msp_bridge/msg/detail/msp_inav_status__type_support.h
[1.056s] -- Up-to-date symlink: /home/atvpi/ros2_ws/install/transformer_msp_bridge/include/transformer_msp_bridge/transformer_msp_bridge/msg/msp_inav_status.h
[1.056s] -- Up-to-date symlink: /home/atvpi/ros2_ws/install/transformer_msp_bridge/include/transformer_msp_bridge/transformer_msp_bridge/msg/rosidl_generator_c__visibility_control.h
[1.056s] -- Up-to-date symlink: /home/atvpi/ros2_ws/install/transformer_msp_bridge/share/transformer_msp_bridge/environment/library_path.sh
[1.056s] -- Up-to-date symlink: /home/atvpi/ros2_ws/install/transformer_msp_bridge/share/transformer_msp_bridge/environment/library_path.dsv
[1.057s] -- Up-to-date symlink: /home/atvpi/ros2_ws/install/transformer_msp_bridge/include/transformer_msp_bridge/transformer_msp_bridge/msg/detail/msp_inav_status__rosidl_typesupport_fastrtps_c.h
[1.057s] -- Up-to-date symlink: /home/atvpi/ros2_ws/install/transformer_msp_bridge/include/transformer_msp_bridge/transformer_msp_bridge/msg/rosidl_typesupport_fastrtps_c__visibility_control.h
[1.057s] -- Up-to-date symlink: /home/atvpi/ros2_ws/install/transformer_msp_bridge/include/transformer_msp_bridge/transformer_msp_bridge/msg/detail/msp_inav_status__builder.hpp
[1.057s] -- Up-to-date symlink: /home/atvpi/ros2_ws/install/transformer_msp_bridge/include/transformer_msp_bridge/transformer_msp_bridge/msg/detail/msp_inav_status__struct.hpp
[1.058s] -- Up-to-date symlink: /home/atvpi/ros2_ws/install/transformer_msp_bridge/include/transformer_msp_bridge/transformer_msp_bridge/msg/detail/msp_inav_status__traits.hpp
[1.058s] -- Up-to-date symlink: /home/atvpi/ros2_ws/install/transformer_msp_bridge/include/transformer_msp_bridge/transformer_msp_bridge/msg/detail/msp_inav_status__type_support.hpp
[1.058s] -- Up-to-date symlink: /home/atvpi/ros2_ws/install/transformer_msp_bridge/include/transformer_msp_bridge/transformer_msp_bridge/msg/msp_inav_status.hpp
[1.058s] -- Up-to-date symlink: /home/atvpi/ros2_ws/install/transformer_msp_bridge/include/transformer_msp_bridge/transformer_msp_bridge/msg/rosidl_generator_cpp__visibility_control.hpp
[1.059s] -- Up-to-date symlink: /home/atvpi/ros2_ws/install/transformer_msp_bridge/include/transformer_msp_bridge/transformer_msp_bridge/msg/detail/msp_inav_status__rosidl_typesupport_fastrtps_cpp.hpp
[1.059s] -- Up-to-date symlink: /home/atvpi/ros2_ws/install/transformer_msp_bridge/include/transformer_msp_bridge/transformer_msp_bridge/msg/rosidl_typesupport_fastrtps_cpp__visibility_control.h
[1.060s] -- Up-to-date symlink: /home/atvpi/ros2_ws/install/transformer_msp_bridge/include/transformer_msp_bridge/transformer_msp_bridge/msg/detail/msp_inav_status__rosidl_typesupport_introspection_c.h
[1.060s] -- Up-to-date symlink: /home/atvpi/ros2_ws/install/transformer_msp_bridge/include/transformer_msp_bridge/transformer_msp_bridge/msg/rosidl_typesupport_introspection_c__visibility_control.h
[1.060s] -- Up-to-date symlink: /home/atvpi/ros2_ws/install/transformer_msp_bridge/include/transformer_msp_bridge/transformer_msp_bridge/msg/detail/msp_inav_status__rosidl_typesupport_introspection_cpp.hpp
[1.060s] -- Up-to-date symlink: /home/atvpi/ros2_ws/install/transformer_msp_bridge/share/transformer_msp_bridge/environment/pythonpath.sh
[1.061s] -- Up-to-date symlink: /home/atvpi/ros2_ws/install/transformer_msp_bridge/share/transformer_msp_bridge/environment/pythonpath.dsv
[1.061s] -- Up-to-date symlink: /home/atvpi/ros2_ws/install/transformer_msp_bridge/lib/python3.12/site-packages/transformer_msp_bridge-0.0.1-py3.12.egg-info/PKG-INFO
[1.062s] -- Up-to-date symlink: /home/atvpi/ros2_ws/install/transformer_msp_bridge/lib/python3.12/site-packages/transformer_msp_bridge-0.0.1-py3.12.egg-info/SOURCES.txt
[1.062s] -- Up-to-date symlink: /home/atvpi/ros2_ws/install/transformer_msp_bridge/lib/python3.12/site-packages/transformer_msp_bridge-0.0.1-py3.12.egg-info/dependency_links.txt
[1.062s] -- Up-to-date symlink: /home/atvpi/ros2_ws/install/transformer_msp_bridge/lib/python3.12/site-packages/transformer_msp_bridge-0.0.1-py3.12.egg-info/top_level.txt
[1.062s] -- Up-to-date symlink: /home/atvpi/ros2_ws/install/transformer_msp_bridge/lib/python3.12/site-packages/transformer_msp_bridge/__init__.py
[1.062s] -- Up-to-date symlink: /home/atvpi/ros2_ws/install/transformer_msp_bridge/lib/python3.12/site-packages/transformer_msp_bridge/_transformer_msp_bridge_s.ep.rosidl_typesupport_c.c
[1.062s] -- Up-to-date symlink: /home/atvpi/ros2_ws/install/transformer_msp_bridge/lib/python3.12/site-packages/transformer_msp_bridge/_transformer_msp_bridge_s.ep.rosidl_typesupport_fastrtps_c.c
[1.063s] -- Up-to-date symlink: /home/atvpi/ros2_ws/install/transformer_msp_bridge/lib/python3.12/site-packages/transformer_msp_bridge/_transformer_msp_bridge_s.ep.rosidl_typesupport_introspection_c.c
[1.063s] -- Up-to-date symlink: /home/atvpi/ros2_ws/install/transformer_msp_bridge/lib/python3.12/site-packages/transformer_msp_bridge/msg/__init__.py
[1.063s] -- Up-to-date symlink: /home/atvpi/ros2_ws/install/transformer_msp_bridge/lib/python3.12/site-packages/transformer_msp_bridge/msg/_msp_inav_status.py
[1.063s] -- Up-to-date symlink: /home/atvpi/ros2_ws/install/transformer_msp_bridge/lib/python3.12/site-packages/transformer_msp_bridge/msg/_msp_inav_status_s.c
[1.063s] -- Up-to-date symlink: /home/atvpi/ros2_ws/install/transformer_msp_bridge/lib/python3.12/site-packages/transformer_msp_bridge/transformer_msp_bridge_s__rosidl_typesupport_c.so
[1.063s] -- Up-to-date symlink: /home/atvpi/ros2_ws/install/transformer_msp_bridge/lib/python3.12/site-packages/transformer_msp_bridge/transformer_msp_bridge_s__rosidl_typesupport_fastrtps_c.so
[1.063s] -- Up-to-date symlink: /home/atvpi/ros2_ws/install/transformer_msp_bridge/lib/python3.12/site-packages/transformer_msp_bridge/transformer_msp_bridge_s__rosidl_typesupport_introspection_c.so
[1.064s] -- Up-to-date symlink: /home/atvpi/ros2_ws/install/transformer_msp_bridge/lib/python3.12/site-packages/transformer_msp_bridge/transformer_msp_bridge_s__rosidl_typesupport_fastrtps_c.so
[1.064s] -- Up-to-date symlink: /home/atvpi/ros2_ws/install/transformer_msp_bridge/lib/python3.12/site-packages/transformer_msp_bridge/transformer_msp_bridge_s__rosidl_typesupport_introspection_c.so
[1.064s] -- Up-to-date symlink: /home/atvpi/ros2_ws/install/transformer_msp_bridge/lib/python3.12/site-packages/transformer_msp_bridge/transformer_msp_bridge_s__rosidl_typesupport_c.so
[1.065s] -- Up-to-date symlink: /home/atvpi/ros2_ws/install/transformer_msp_bridge/share/transformer_msp_bridge/msg/MspInavStatus.idl
[1.065s] -- Up-to-date symlink: /home/atvpi/ros2_ws/install/transformer_msp_bridge/share/transformer_msp_bridge/msg/MspInavStatus.msg
[1.065s] -- Up-to-date symlink: /home/atvpi/ros2_ws/install/transformer_msp_bridge/lib/transformer_msp_bridge/joystick_tank_to_rc.py
[1.065s] -- Up-to-date symlink: /home/atvpi/ros2_ws/install/transformer_msp_bridge/lib/transformer_msp_bridge/keyboard_to_joy_mix.py
[1.065s] -- Up-to-date symlink: /home/atvpi/ros2_ws/install/transformer_msp_bridge/lib/libmsp_protocol.so
[1.066s] -- Up-to-date symlink: /home/atvpi/ros2_ws/install/transformer_msp_bridge/lib/libserial_port.so
[1.066s] -- Up-to-date symlink: /home/atvpi/ros2_ws/install/transformer_msp_bridge/lib/libtransformer_msp_bridge_decoders.so
[1.067s] -- Up-to-date symlink: /home/atvpi/ros2_ws/install/transformer_msp_bridge/lib/transformer_msp_bridge/transformer_msp_bridge_node
[1.067s] -- Up-to-date symlink: /home/atvpi/ros2_ws/install/transformer_msp_bridge/lib/transformer_msp_bridge/msp_probe
[1.067s] -- Up-to-date symlink: /home/atvpi/ros2_ws/install/transformer_msp_bridge/include/transformer_msp_bridge/crc.hpp
[1.070s] -- Up-to-date symlink: /home/atvpi/ros2_ws/install/transformer_msp_bridge/include/transformer_msp_bridge/decoder_base.hpp
[1.070s] -- Up-to-date symlink: /home/atvpi/ros2_ws/install/transformer_msp_bridge/include/transformer_msp_bridge/decoder_registry.hpp
[1.070s] -- Up-to-date symlink: /home/atvpi/ros2_ws/install/transformer_msp_bridge/include/transformer_msp_bridge/decoders/altitude_decoder.hpp
[1.071s] -- Up-to-date symlink: /home/atvpi/ros2_ws/install/transformer_msp_bridge/include/transformer_msp_bridge/decoders/attitude_decoder.hpp
[1.071s] -- Up-to-date symlink: /home/atvpi/ros2_ws/install/transformer_msp_bridge/include/transformer_msp_bridge/decoders/battery_decoder.hpp
[1.071s] -- Up-to-date symlink: /home/atvpi/ros2_ws/install/transformer_msp_bridge/include/transformer_msp_bridge/decoders/gps_decoder.hpp
[1.071s] -- Up-to-date symlink: /home/atvpi/ros2_ws/install/transformer_msp_bridge/include/transformer_msp_bridge/decoders/imu_decoder.hpp
[1.071s] -- Up-to-date symlink: /home/atvpi/ros2_ws/install/transformer_msp_bridge/include/transformer_msp_bridge/decoders/inav_generic_decoder.hpp
[1.071s] -- Up-to-date symlink: /home/atvpi/ros2_ws/install/transformer_msp_bridge/include/transformer_msp_bridge/decoders/inav_status_decoder.hpp
[1.071s] -- Up-to-date symlink: /home/atvpi/ros2_ws/install/transformer_msp_bridge/include/transformer_msp_bridge/decoders/rc_decoder.hpp
[1.071s] -- Up-to-date symlink: /home/atvpi/ros2_ws/install/transformer_msp_bridge/include/transformer_msp_bridge/decoders/sensor_decoder.hpp
[1.071s] -- Up-to-date symlink: /home/atvpi/ros2_ws/install/transformer_msp_bridge/include/transformer_msp_bridge/decoders/servo_motor_decoder.hpp
[1.072s] -- Up-to-date symlink: /home/atvpi/ros2_ws/install/transformer_msp_bridge/include/transformer_msp_bridge/decoders/system_decoder.hpp
[1.072s] -- Up-to-date symlink: /home/atvpi/ros2_ws/install/transformer_msp_bridge/include/transformer_msp_bridge/msp_builders.hpp
[1.072s] -- Up-to-date symlink: /home/atvpi/ros2_ws/install/transformer_msp_bridge/include/transformer_msp_bridge/msp_parser.hpp
[1.072s] -- Up-to-date symlink: /home/atvpi/ros2_ws/install/transformer_msp_bridge/include/transformer_msp_bridge/msp_registry.hpp
[1.075s] -- Up-to-date symlink: /home/atvpi/ros2_ws/install/transformer_msp_bridge/include/transformer_msp_bridge/msp_utils.hpp
[1.075s] -- Up-to-date symlink: /home/atvpi/ros2_ws/install/transformer_msp_bridge/include/transformer_msp_bridge/registry_loader.hpp
[1.075s] -- Up-to-date symlink: /home/atvpi/ros2_ws/install/transformer_msp_bridge/include/transformer_msp_bridge/serial_port.hpp
[1.076s] -- Up-to-date symlink: /home/atvpi/ros2_ws/install/transformer_msp_bridge/share/transformer_msp_bridge/msg/MspInavStatus.msg
[1.076s] -- Up-to-date symlink: /home/atvpi/ros2_ws/install/transformer_msp_bridge/share/transformer_msp_bridge/config/msp_bridge.yaml
[1.076s] -- Up-to-date symlink: /home/atvpi/ros2_ws/install/transformer_msp_bridge/share/transformer_msp_bridge/config/registry.yaml
[1.076s] -- Up-to-date symlink: /home/atvpi/ros2_ws/install/transformer_msp_bridge/share/ament_index/resource_index/package_run_dependencies/transformer_msp_bridge
[1.076s] -- Up-to-date symlink: /home/atvpi/ros2_ws/install/transformer_msp_bridge/share/ament_index/resource_index/parent_prefix_path/transformer_msp_bridge
[1.076s] -- Up-to-date symlink: /home/atvpi/ros2_ws/install/transformer_msp_bridge/share/transformer_msp_bridge/environment/ament_prefix_path.sh
[1.076s] -- Up-to-date symlink: /home/atvpi/ros2_ws/install/transformer_msp_bridge/share/transformer_msp_bridge/environment/ament_prefix_path.dsv
[1.077s] -- Up-to-date symlink: /home/atvpi/ros2_ws/install/transformer_msp_bridge/share/transformer_msp_bridge/environment/path.sh
[1.077s] -- Up-to-date symlink: /home/atvpi/ros2_ws/install/transformer_msp_bridge/share/transformer_msp_bridge/environment/path.dsv
[1.077s] -- Up-to-date symlink: /home/atvpi/ros2_ws/install/transformer_msp_bridge/share/transformer_msp_bridge/local_setup.bash
[1.077s] -- Up-to-date symlink: /home/atvpi/ros2_ws/install/transformer_msp_bridge/share/transformer_msp_bridge/local_setup.sh
[1.077s] -- Up-to-date symlink: /home/atvpi/ros2_ws/install/transformer_msp_bridge/share/transformer_msp_bridge/local_setup.zsh
[1.077s] -- Up-to-date symlink: /home/atvpi/ros2_ws/install/transformer_msp_bridge/share/transformer_msp_bridge/local_setup.dsv
[1.077s] -- Symlinking: /home/atvpi/ros2_ws/install/transformer_msp_bridge/share/transformer_msp_bridge/package.dsv
[1.092s] -- Up-to-date symlink: /home/atvpi/ros2_ws/install/transformer_msp_bridge/share/ament_index/resource_index/packages/transformer_msp_bridge
[1.092s] -- Up-to-date symlink: /home/atvpi/ros2_ws/install/transformer_msp_bridge/share/transformer_msp_bridge/cmake/rosidl_cmake-extras.cmake
[1.093s] -- Up-to-date symlink: /home/atvpi/ros2_ws/install/transformer_msp_bridge/share/transformer_msp_bridge/cmake/ament_cmake_export_dependencies-extras.cmake
[1.093s] -- Up-to-date symlink: /home/atvpi/ros2_ws/install/transformer_msp_bridge/share/transformer_msp_bridge/cmake/ament_cmake_export_include_directories-extras.cmake
[1.093s] -- Up-to-date symlink: /home/atvpi/ros2_ws/install/transformer_msp_bridge/share/transformer_msp_bridge/cmake/ament_cmake_export_libraries-extras.cmake
[1.093s] -- Up-to-date symlink: /home/atvpi/ros2_ws/install/transformer_msp_bridge/share/transformer_msp_bridge/cmake/ament_cmake_export_targets-extras.cmake
[1.093s] -- Up-to-date symlink: /home/atvpi/ros2_ws/install/transformer_msp_bridge/share/transformer_msp_bridge/cmake/rosidl_cmake_export_typesupport_targets-extras.cmake
[1.093s] -- Up-to-date symlink: /home/atvpi/ros2_ws/install/transformer_msp_bridge/share/transformer_msp_bridge/cmake/rosidl_cmake_export_typesupport_libraries-extras.cmake
[1.094s] -- Up-to-date symlink: /home/atvpi/ros2_ws/install/transformer_msp_bridge/share/transformer_msp_bridge/cmake/transformer_msp_bridgeConfig.cmake
[1.094s] -- Up-to-date symlink: /home/atvpi/ros2_ws/install/transformer_msp_bridge/share/transformer_msp_bridge/cmake/transformer_msp_bridgeConfig-version.cmake
[1.094s] -- Up-to-date symlink: /home/atvpi/ros2_ws/install/transformer_msp_bridge/share/transformer_msp_bridge/package.xml
[1.094s] -- Up-to-date: /home/atvpi/ros2_ws/install/transformer_msp_bridge/lib/libtransformer_msp_bridge__rosidl_generator_c.so
[1.095s] -- Up-to-date: /home/atvpi/ros2_ws/install/transformer_msp_bridge/lib/libtransformer_msp_bridge__rosidl_typesupport_fastrtps_c.so
[1.095s] -- Up-to-date: /home/atvpi/ros2_ws/install/transformer_msp_bridge/lib/libtransformer_msp_bridge__rosidl_typesupport_fastrtps_cpp.so
[1.096s] -- Up-to-date: /home/atvpi/ros2_ws/install/transformer_msp_bridge/lib/libtransformer_msp_bridge__rosidl_typesupport_introspection_c.so
[1.096s] -- Up-to-date: /home/atvpi/ros2_ws/install/transformer_msp_bridge/lib/libtransformer_msp_bridge__rosidl_typesupport_c.so
[1.096s] -- Up-to-date: /home/atvpi/ros2_ws/install/transformer_msp_bridge/lib/libtransformer_msp_bridge__rosidl_typesupport_introspection_cpp.so
[1.097s] -- Up-to-date: /home/atvpi/ros2_ws/install/transformer_msp_bridge/lib/libtransformer_msp_bridge__rosidl_typesupport_cpp.so
[1.151s] Listing '/home/atvpi/ros2_ws/install/transformer_msp_bridge/lib/python3.12/site-packages/transformer_msp_bridge'...
[1.151s] Listing '/home/atvpi/ros2_ws/install/transformer_msp_bridge/lib/python3.12/site-packages/transformer_msp_bridge/msg'...
[1.164s] -- Up-to-date: /home/atvpi/ros2_ws/install/transformer_msp_bridge/lib/libtransformer_msp_bridge__rosidl_generator_py.so
[1.164s] -- Up-to-date: /home/atvpi/ros2_ws/install/transformer_msp_bridge/share/transformer_msp_bridge/cmake/export_transformer_msp_bridge__rosidl_generator_cExport.cmake
[1.164s] -- Up-to-date: /home/atvpi/ros2_ws/install/transformer_msp_bridge/share/transformer_msp_bridge/cmake/export_transformer_msp_bridge__rosidl_generator_cExport-relwithdebinfo.cmake
[1.164s] -- Up-to-date: /home/atvpi/ros2_ws/install/transformer_msp_bridge/share/transformer_msp_bridge/cmake/export_transformer_msp_bridge__rosidl_typesupport_fastrtps_cExport.cmake
[1.164s] -- Up-to-date: /home/atvpi/ros2_ws/install/transformer_msp_bridge/share/transformer_msp_bridge/cmake/export_transformer_msp_bridge__rosidl_typesupport_fastrtps_cExport-relwithdebinfo.cmake
[1.164s] -- Up-to-date: /home/atvpi/ros2_ws/install/transformer_msp_bridge/share/transformer_msp_bridge/cmake/export_transformer_msp_bridge__rosidl_generator_cppExport.cmake
[1.165s] -- Up-to-date: /home/atvpi/ros2_ws/install/transformer_msp_bridge/share/transformer_msp_bridge/cmake/export_transformer_msp_bridge__rosidl_typesupport_fastrtps_cppExport.cmake
[1.165s] -- Up-to-date: /home/atvpi/ros2_ws/install/transformer_msp_bridge/share/transformer_msp_bridge/cmake/export_transformer_msp_bridge__rosidl_typesupport_fastrtps_cppExport-relwithdebinfo.cmake
[1.165s] -- Up-to-date: /home/atvpi/ros2_ws/install/transformer_msp_bridge/share/transformer_msp_bridge/cmake/transformer_msp_bridge__rosidl_typesupport_introspection_cExport.cmake
[1.165s] -- Up-to-date: /home/atvpi/ros2_ws/install/transformer_msp_bridge/share/transformer_msp_bridge/cmake/transformer_msp_bridge__rosidl_typesupport_introspection_cExport-relwithdebinfo.cmake
[1.165s] -- Up-to-date: /home/atvpi/ros2_ws/install/transformer_msp_bridge/share/transformer_msp_bridge/cmake/transformer_msp_bridge__rosidl_typesupport_cExport.cmake
[1.165s] -- Up-to-date: /home/atvpi/ros2_ws/install/transformer_msp_bridge/share/transformer_msp_bridge/cmake/transformer_msp_bridge__rosidl_typesupport_cExport-relwithdebinfo.cmake
[1.165s] -- Up-to-date: /home/atvpi/ros2_ws/install/transformer_msp_bridge/share/transformer_msp_bridge/cmake/transformer_msp_bridge__rosidl_typesupport_introspection_cppExport.cmake
[1.165s] -- Up-to-date: /home/atvpi/ros2_ws/install/transformer_msp_bridge/share/transformer_msp_bridge/cmake/transformer_msp_bridge__rosidl_typesupport_introspection_cppExport-relwithdebinfo.cmake
[1.165s] -- Up-to-date: /home/atvpi/ros2_ws/install/transformer_msp_bridge/share/transformer_msp_bridge/cmake/transformer_msp_bridge__rosidl_typesupport_cppExport.cmake
[1.165s] -- Up-to-date: /home/atvpi/ros2_ws/install/transformer_msp_bridge/share/transformer_msp_bridge/cmake/transformer_msp_bridge__rosidl_typesupport_cppExport-relwithdebinfo.cmake
[1.166s] -- Up-to-date: /home/atvpi/ros2_ws/install/transformer_msp_bridge/share/transformer_msp_bridge/cmake/export_transformer_msp_bridge__rosidl_generator_pyExport.cmake
[1.166s] -- Up-to-date: /home/atvpi/ros2_ws/install/transformer_msp_bridge/share/transformer_msp_bridge/cmake/export_transformer_msp_bridge__rosidl_generator_pyExport-relwithdebinfo.cmake
[1.169s] Invoked command in '/home/atvpi/ros2_ws/build/transformer_msp_bridge' returned '0': CMAKE_PREFIX_PATH=${CMAKE_PREFIX_PATH}:/opt/ros/jazzy /usr/bin/cmake --install /home/atvpi/ros2_ws/build/transformer_msp_bridge
