[0.145s] DEBUG:colcon:Command line arguments: ['/usr/bin/colcon', 'build', '--packages-skip', 'transformer_msp_bridge', 'wheeltec_n100_imu', 'serial']
[0.145s] DEBUG:colcon:Parsed command line arguments: Namespace(log_base=None, log_level=None, verb_name='build', build_base='build', install_base='install', merge_install=False, symlink_install=False, test_result_base=None, continue_on_error=False, executor='parallel', parallel_workers=4, event_handlers=None, ignore_user_meta=False, metas=['./colcon.meta'], base_paths=['.'], packages_ignore=None, packages_ignore_regex=None, paths=None, packages_up_to=None, packages_up_to_regex=None, packages_above=None, packages_above_and_dependencies=None, packages_above_depth=None, packages_select_by_dep=None, packages_skip_by_dep=None, packages_skip_up_to=None, packages_select_build_failed=False, packages_skip_build_finished=False, packages_select_test_failures=False, packages_skip_test_passed=False, packages_select=None, packages_skip=['transformer_msp_bridge', 'wheeltec_n100_imu', 'serial'], packages_select_regex=None, packages_skip_regex=None, packages_start=None, packages_end=None, allow_overriding=[], cmake_args=None, cmake_target=None, cmake_target_skip_unavailable=False, cmake_clean_cache=False, cmake_clean_first=False, cmake_force_configure=False, ament_cmake_args=None, catkin_cmake_args=None, catkin_skip_building_tests=False, mixin_files=None, mixin=None, verb_parser=<colcon_mixin.mixin.mixin_argument.MixinArgumentDecorator object at 0xffff9bb4c110>, verb_extension=<colcon_core.verb.build.BuildVerb object at 0xffff9bd009b0>, main=<bound method BuildVerb.main of <colcon_core.verb.build.BuildVerb object at 0xffff9bd009b0>>, mixin_verb=('build',))
[0.204s] Level 1:colcon.colcon_core.package_discovery:discover_packages(colcon_meta) check parameters
[0.204s] Level 1:colcon.colcon_core.package_discovery:discover_packages(recursive) check parameters
[0.204s] Level 1:colcon.colcon_core.package_discovery:discover_packages(ignore) check parameters
[0.204s] Level 1:colcon.colcon_core.package_discovery:discover_packages(path) check parameters
[0.204s] Level 1:colcon.colcon_core.package_discovery:discover_packages(colcon_meta) discover
[0.204s] Level 1:colcon.colcon_core.package_discovery:discover_packages(recursive) discover
[0.204s] INFO:colcon.colcon_core.package_discovery:Crawling recursively for packages in '/home/atvpi/ros2_ws'
[0.204s] Level 1:colcon.colcon_core.package_identification:_identify(.) by extensions ['ignore', 'ignore_ament_install']
[0.205s] Level 1:colcon.colcon_core.package_identification:_identify(.) by extension 'ignore'
[0.205s] Level 1:colcon.colcon_core.package_identification:_identify(.) by extension 'ignore_ament_install'
[0.205s] Level 1:colcon.colcon_core.package_identification:_identify(.) by extensions ['colcon_pkg']
[0.205s] Level 1:colcon.colcon_core.package_identification:_identify(.) by extension 'colcon_pkg'
[0.205s] Level 1:colcon.colcon_core.package_identification:_identify(.) by extensions ['colcon_meta']
[0.205s] Level 1:colcon.colcon_core.package_identification:_identify(.) by extension 'colcon_meta'
[0.205s] Level 1:colcon.colcon_core.package_identification:_identify(.) by extensions ['ros']
[0.205s] Level 1:colcon.colcon_core.package_identification:_identify(.) by extension 'ros'
[0.244s] Level 1:colcon.colcon_core.package_identification:_identify(.) by extensions ['cmake', 'python']
[0.244s] Level 1:colcon.colcon_core.package_identification:_identify(.) by extension 'cmake'
[0.245s] Level 1:colcon.colcon_core.package_identification:_identify(.) by extension 'python'
[0.245s] Level 1:colcon.colcon_core.package_identification:_identify(.) by extensions ['python_setup_py']
[0.245s] Level 1:colcon.colcon_core.package_identification:_identify(.) by extension 'python_setup_py'
[0.245s] Level 1:colcon.colcon_core.package_identification:_identify(Testing) by extensions ['ignore', 'ignore_ament_install']
[0.245s] Level 1:colcon.colcon_core.package_identification:_identify(Testing) by extension 'ignore'
[0.245s] Level 1:colcon.colcon_core.package_identification:_identify(Testing) by extension 'ignore_ament_install'
[0.245s] Level 1:colcon.colcon_core.package_identification:_identify(Testing) by extensions ['colcon_pkg']
[0.245s] Level 1:colcon.colcon_core.package_identification:_identify(Testing) by extension 'colcon_pkg'
[0.245s] Level 1:colcon.colcon_core.package_identification:_identify(Testing) by extensions ['colcon_meta']
[0.245s] Level 1:colcon.colcon_core.package_identification:_identify(Testing) by extension 'colcon_meta'
[0.245s] Level 1:colcon.colcon_core.package_identification:_identify(Testing) by extensions ['ros']
[0.245s] Level 1:colcon.colcon_core.package_identification:_identify(Testing) by extension 'ros'
[0.246s] Level 1:colcon.colcon_core.package_identification:_identify(Testing) by extensions ['cmake', 'python']
[0.246s] Level 1:colcon.colcon_core.package_identification:_identify(Testing) by extension 'cmake'
[0.246s] Level 1:colcon.colcon_core.package_identification:_identify(Testing) by extension 'python'
[0.246s] Level 1:colcon.colcon_core.package_identification:_identify(Testing) by extensions ['python_setup_py']
[0.246s] Level 1:colcon.colcon_core.package_identification:_identify(Testing) by extension 'python_setup_py'
[0.246s] Level 1:colcon.colcon_core.package_identification:_identify(Testing/Temporary) by extensions ['ignore', 'ignore_ament_install']
[0.246s] Level 1:colcon.colcon_core.package_identification:_identify(Testing/Temporary) by extension 'ignore'
[0.246s] Level 1:colcon.colcon_core.package_identification:_identify(Testing/Temporary) by extension 'ignore_ament_install'
[0.246s] Level 1:colcon.colcon_core.package_identification:_identify(Testing/Temporary) by extensions ['colcon_pkg']
[0.246s] Level 1:colcon.colcon_core.package_identification:_identify(Testing/Temporary) by extension 'colcon_pkg'
[0.246s] Level 1:colcon.colcon_core.package_identification:_identify(Testing/Temporary) by extensions ['colcon_meta']
[0.246s] Level 1:colcon.colcon_core.package_identification:_identify(Testing/Temporary) by extension 'colcon_meta'
[0.246s] Level 1:colcon.colcon_core.package_identification:_identify(Testing/Temporary) by extensions ['ros']
[0.246s] Level 1:colcon.colcon_core.package_identification:_identify(Testing/Temporary) by extension 'ros'
[0.246s] Level 1:colcon.colcon_core.package_identification:_identify(Testing/Temporary) by extensions ['cmake', 'python']
[0.247s] Level 1:colcon.colcon_core.package_identification:_identify(Testing/Temporary) by extension 'cmake'
[0.247s] Level 1:colcon.colcon_core.package_identification:_identify(Testing/Temporary) by extension 'python'
[0.247s] Level 1:colcon.colcon_core.package_identification:_identify(Testing/Temporary) by extensions ['python_setup_py']
[0.247s] Level 1:colcon.colcon_core.package_identification:_identify(Testing/Temporary) by extension 'python_setup_py'
[0.247s] Level 1:colcon.colcon_core.package_identification:_identify(build) by extensions ['ignore', 'ignore_ament_install']
[0.247s] Level 1:colcon.colcon_core.package_identification:_identify(build) by extension 'ignore'
[0.247s] Level 1:colcon.colcon_core.package_identification:_identify(build) ignored
[0.247s] Level 1:colcon.colcon_core.package_identification:_identify(install) by extensions ['ignore', 'ignore_ament_install']
[0.247s] Level 1:colcon.colcon_core.package_identification:_identify(install) by extension 'ignore'
[0.247s] Level 1:colcon.colcon_core.package_identification:_identify(install) ignored
[0.248s] Level 1:colcon.colcon_core.package_identification:_identify(log) by extensions ['ignore', 'ignore_ament_install']
[0.248s] Level 1:colcon.colcon_core.package_identification:_identify(log) by extension 'ignore'
[0.248s] Level 1:colcon.colcon_core.package_identification:_identify(log) ignored
[0.248s] Level 1:colcon.colcon_core.package_identification:_identify(src) by extensions ['ignore', 'ignore_ament_install']
[0.248s] Level 1:colcon.colcon_core.package_identification:_identify(src) by extension 'ignore'
[0.248s] Level 1:colcon.colcon_core.package_identification:_identify(src) by extension 'ignore_ament_install'
[0.248s] Level 1:colcon.colcon_core.package_identification:_identify(src) by extensions ['colcon_pkg']
[0.248s] Level 1:colcon.colcon_core.package_identification:_identify(src) by extension 'colcon_pkg'
[0.248s] Level 1:colcon.colcon_core.package_identification:_identify(src) by extensions ['colcon_meta']
[0.248s] Level 1:colcon.colcon_core.package_identification:_identify(src) by extension 'colcon_meta'
[0.248s] Level 1:colcon.colcon_core.package_identification:_identify(src) by extensions ['ros']
[0.248s] Level 1:colcon.colcon_core.package_identification:_identify(src) by extension 'ros'
[0.248s] Level 1:colcon.colcon_core.package_identification:_identify(src) by extensions ['cmake', 'python']
[0.248s] Level 1:colcon.colcon_core.package_identification:_identify(src) by extension 'cmake'
[0.248s] Level 1:colcon.colcon_core.package_identification:_identify(src) by extension 'python'
[0.249s] Level 1:colcon.colcon_core.package_identification:_identify(src) by extensions ['python_setup_py']
[0.249s] Level 1:colcon.colcon_core.package_identification:_identify(src) by extension 'python_setup_py'
[0.249s] Level 1:colcon.colcon_core.package_identification:_identify(src/external) by extensions ['ignore', 'ignore_ament_install']
[0.249s] Level 1:colcon.colcon_core.package_identification:_identify(src/external) by extension 'ignore'
[0.249s] Level 1:colcon.colcon_core.package_identification:_identify(src/external) by extension 'ignore_ament_install'
[0.249s] Level 1:colcon.colcon_core.package_identification:_identify(src/external) by extensions ['colcon_pkg']
[0.249s] Level 1:colcon.colcon_core.package_identification:_identify(src/external) by extension 'colcon_pkg'
[0.249s] Level 1:colcon.colcon_core.package_identification:_identify(src/external) by extensions ['colcon_meta']
[0.249s] Level 1:colcon.colcon_core.package_identification:_identify(src/external) by extension 'colcon_meta'
[0.249s] Level 1:colcon.colcon_core.package_identification:_identify(src/external) by extensions ['ros']
[0.249s] Level 1:colcon.colcon_core.package_identification:_identify(src/external) by extension 'ros'
[0.249s] Level 1:colcon.colcon_core.package_identification:_identify(src/external) by extensions ['cmake', 'python']
[0.249s] Level 1:colcon.colcon_core.package_identification:_identify(src/external) by extension 'cmake'
[0.249s] Level 1:colcon.colcon_core.package_identification:_identify(src/external) by extension 'python'
[0.249s] Level 1:colcon.colcon_core.package_identification:_identify(src/external) by extensions ['python_setup_py']
[0.249s] Level 1:colcon.colcon_core.package_identification:_identify(src/external) by extension 'python_setup_py'
[0.249s] Level 1:colcon.colcon_core.package_identification:_identify(src/external/inav) by extensions ['ignore', 'ignore_ament_install']
[0.250s] Level 1:colcon.colcon_core.package_identification:_identify(src/external/inav) by extension 'ignore'
[0.250s] Level 1:colcon.colcon_core.package_identification:_identify(src/external/inav) by extension 'ignore_ament_install'
[0.250s] Level 1:colcon.colcon_core.package_identification:_identify(src/external/inav) by extensions ['colcon_pkg']
[0.250s] Level 1:colcon.colcon_core.package_identification:_identify(src/external/inav) by extension 'colcon_pkg'
[0.250s] Level 1:colcon.colcon_core.package_identification:_identify(src/external/inav) by extensions ['colcon_meta']
[0.250s] Level 1:colcon.colcon_core.package_identification:_identify(src/external/inav) by extension 'colcon_meta'
[0.250s] Level 1:colcon.colcon_core.package_identification:_identify(src/external/inav) by extensions ['ros']
[0.250s] Level 1:colcon.colcon_core.package_identification:_identify(src/external/inav) by extension 'ros'
[0.250s] Level 1:colcon.colcon_core.package_identification:_identify(src/external/inav) by extensions ['cmake', 'python']
[0.250s] Level 1:colcon.colcon_core.package_identification:_identify(src/external/inav) by extension 'cmake'
[0.250s] Level 1:colcon.colcon_core.package_identification:_identify(src/external/inav) by extension 'python'
[0.250s] Level 1:colcon.colcon_core.package_identification:_identify(src/external/inav) by extensions ['python_setup_py']
[0.250s] Level 1:colcon.colcon_core.package_identification:_identify(src/external/inav) by extension 'python_setup_py'
[0.250s] Level 1:colcon.colcon_core.package_identification:_identify(src/external/inav/src) by extensions ['ignore', 'ignore_ament_install']
[0.250s] Level 1:colcon.colcon_core.package_identification:_identify(src/external/inav/src) by extension 'ignore'
[0.250s] Level 1:colcon.colcon_core.package_identification:_identify(src/external/inav/src) by extension 'ignore_ament_install'
[0.251s] Level 1:colcon.colcon_core.package_identification:_identify(src/external/inav/src) by extensions ['colcon_pkg']
[0.251s] Level 1:colcon.colcon_core.package_identification:_identify(src/external/inav/src) by extension 'colcon_pkg'
[0.251s] Level 1:colcon.colcon_core.package_identification:_identify(src/external/inav/src) by extensions ['colcon_meta']
[0.251s] Level 1:colcon.colcon_core.package_identification:_identify(src/external/inav/src) by extension 'colcon_meta'
[0.251s] Level 1:colcon.colcon_core.package_identification:_identify(src/external/inav/src) by extensions ['ros']
[0.251s] Level 1:colcon.colcon_core.package_identification:_identify(src/external/inav/src) by extension 'ros'
[0.251s] Level 1:colcon.colcon_core.package_identification:_identify(src/external/inav/src) by extensions ['cmake', 'python']
[0.251s] Level 1:colcon.colcon_core.package_identification:_identify(src/external/inav/src) by extension 'cmake'
[0.251s] Level 1:colcon.colcon_core.package_identification:_identify(src/external/inav/src) by extension 'python'
[0.251s] Level 1:colcon.colcon_core.package_identification:_identify(src/external/inav/src) by extensions ['python_setup_py']
[0.251s] Level 1:colcon.colcon_core.package_identification:_identify(src/external/inav/src) by extension 'python_setup_py'
[0.251s] Level 1:colcon.colcon_core.package_identification:_identify(src/external/inav/src/main) by extensions ['ignore', 'ignore_ament_install']
[0.251s] Level 1:colcon.colcon_core.package_identification:_identify(src/external/inav/src/main) by extension 'ignore'
[0.251s] Level 1:colcon.colcon_core.package_identification:_identify(src/external/inav/src/main) by extension 'ignore_ament_install'
[0.251s] Level 1:colcon.colcon_core.package_identification:_identify(src/external/inav/src/main) by extensions ['colcon_pkg']
[0.251s] Level 1:colcon.colcon_core.package_identification:_identify(src/external/inav/src/main) by extension 'colcon_pkg'
[0.251s] Level 1:colcon.colcon_core.package_identification:_identify(src/external/inav/src/main) by extensions ['colcon_meta']
[0.251s] Level 1:colcon.colcon_core.package_identification:_identify(src/external/inav/src/main) by extension 'colcon_meta'
[0.251s] Level 1:colcon.colcon_core.package_identification:_identify(src/external/inav/src/main) by extensions ['ros']
[0.252s] Level 1:colcon.colcon_core.package_identification:_identify(src/external/inav/src/main) by extension 'ros'
[0.252s] Level 1:colcon.colcon_core.package_identification:_identify(src/external/inav/src/main) by extensions ['cmake', 'python']
[0.252s] Level 1:colcon.colcon_core.package_identification:_identify(src/external/inav/src/main) by extension 'cmake'
[0.252s] Level 1:colcon.colcon_core.package_identification:_identify(src/external/inav/src/main) by extension 'python'
[0.252s] Level 1:colcon.colcon_core.package_identification:_identify(src/external/inav/src/main) by extensions ['python_setup_py']
[0.252s] Level 1:colcon.colcon_core.package_identification:_identify(src/external/inav/src/main) by extension 'python_setup_py'
[0.252s] Level 1:colcon.colcon_core.package_identification:_identify(src/external/inav/src/main/msp) by extensions ['ignore', 'ignore_ament_install']
[0.252s] Level 1:colcon.colcon_core.package_identification:_identify(src/external/inav/src/main/msp) by extension 'ignore'
[0.252s] Level 1:colcon.colcon_core.package_identification:_identify(src/external/inav/src/main/msp) by extension 'ignore_ament_install'
[0.252s] Level 1:colcon.colcon_core.package_identification:_identify(src/external/inav/src/main/msp) by extensions ['colcon_pkg']
[0.252s] Level 1:colcon.colcon_core.package_identification:_identify(src/external/inav/src/main/msp) by extension 'colcon_pkg'
[0.252s] Level 1:colcon.colcon_core.package_identification:_identify(src/external/inav/src/main/msp) by extensions ['colcon_meta']
[0.252s] Level 1:colcon.colcon_core.package_identification:_identify(src/external/inav/src/main/msp) by extension 'colcon_meta'
[0.252s] Level 1:colcon.colcon_core.package_identification:_identify(src/external/inav/src/main/msp) by extensions ['ros']
[0.252s] Level 1:colcon.colcon_core.package_identification:_identify(src/external/inav/src/main/msp) by extension 'ros'
[0.252s] Level 1:colcon.colcon_core.package_identification:_identify(src/external/inav/src/main/msp) by extensions ['cmake', 'python']
[0.252s] Level 1:colcon.colcon_core.package_identification:_identify(src/external/inav/src/main/msp) by extension 'cmake'
[0.253s] Level 1:colcon.colcon_core.package_identification:_identify(src/external/inav/src/main/msp) by extension 'python'
[0.253s] Level 1:colcon.colcon_core.package_identification:_identify(src/external/inav/src/main/msp) by extensions ['python_setup_py']
[0.253s] Level 1:colcon.colcon_core.package_identification:_identify(src/external/inav/src/main/msp) by extension 'python_setup_py'
[0.253s] Level 1:colcon.colcon_core.package_identification:_identify(src/ros2_wheeltec_n100_imu) by extensions ['ignore', 'ignore_ament_install']
[0.253s] Level 1:colcon.colcon_core.package_identification:_identify(src/ros2_wheeltec_n100_imu) by extension 'ignore'
[0.253s] Level 1:colcon.colcon_core.package_identification:_identify(src/ros2_wheeltec_n100_imu) by extension 'ignore_ament_install'
[0.253s] Level 1:colcon.colcon_core.package_identification:_identify(src/ros2_wheeltec_n100_imu) by extensions ['colcon_pkg']
[0.253s] Level 1:colcon.colcon_core.package_identification:_identify(src/ros2_wheeltec_n100_imu) by extension 'colcon_pkg'
[0.253s] Level 1:colcon.colcon_core.package_identification:_identify(src/ros2_wheeltec_n100_imu) by extensions ['colcon_meta']
[0.253s] Level 1:colcon.colcon_core.package_identification:_identify(src/ros2_wheeltec_n100_imu) by extension 'colcon_meta'
[0.253s] Level 1:colcon.colcon_core.package_identification:_identify(src/ros2_wheeltec_n100_imu) by extensions ['ros']
[0.253s] Level 1:colcon.colcon_core.package_identification:_identify(src/ros2_wheeltec_n100_imu) by extension 'ros'
[0.257s] DEBUG:colcon.colcon_core.package_identification:Package 'src/ros2_wheeltec_n100_imu' with type 'ros.ament_cmake' and name 'wheeltec_n100_imu'
[0.257s] Level 1:colcon.colcon_core.package_identification:_identify(src/serial-ros2) by extensions ['ignore', 'ignore_ament_install']
[0.257s] Level 1:colcon.colcon_core.package_identification:_identify(src/serial-ros2) by extension 'ignore'
[0.257s] Level 1:colcon.colcon_core.package_identification:_identify(src/serial-ros2) by extension 'ignore_ament_install'
[0.258s] Level 1:colcon.colcon_core.package_identification:_identify(src/serial-ros2) by extensions ['colcon_pkg']
[0.258s] Level 1:colcon.colcon_core.package_identification:_identify(src/serial-ros2) by extension 'colcon_pkg'
[0.258s] Level 1:colcon.colcon_core.package_identification:_identify(src/serial-ros2) by extensions ['colcon_meta']
[0.258s] Level 1:colcon.colcon_core.package_identification:_identify(src/serial-ros2) by extension 'colcon_meta'
[0.258s] Level 1:colcon.colcon_core.package_identification:_identify(src/serial-ros2) by extensions ['ros']
[0.258s] Level 1:colcon.colcon_core.package_identification:_identify(src/serial-ros2) by extension 'ros'
[0.258s] DEBUG:colcon.colcon_core.package_identification:Package 'src/serial-ros2' with type 'ros.ament_cmake' and name 'serial'
[0.259s] Level 1:colcon.colcon_core.package_identification:_identify(src/transformer_bringup) by extensions ['ignore', 'ignore_ament_install']
[0.259s] Level 1:colcon.colcon_core.package_identification:_identify(src/transformer_bringup) by extension 'ignore'
[0.259s] Level 1:colcon.colcon_core.package_identification:_identify(src/transformer_bringup) by extension 'ignore_ament_install'
[0.259s] Level 1:colcon.colcon_core.package_identification:_identify(src/transformer_bringup) by extensions ['colcon_pkg']
[0.259s] Level 1:colcon.colcon_core.package_identification:_identify(src/transformer_bringup) by extension 'colcon_pkg'
[0.259s] Level 1:colcon.colcon_core.package_identification:_identify(src/transformer_bringup) by extensions ['colcon_meta']
[0.259s] Level 1:colcon.colcon_core.package_identification:_identify(src/transformer_bringup) by extension 'colcon_meta'
[0.259s] Level 1:colcon.colcon_core.package_identification:_identify(src/transformer_bringup) by extensions ['ros']
[0.259s] Level 1:colcon.colcon_core.package_identification:_identify(src/transformer_bringup) by extension 'ros'
[0.260s] DEBUG:colcon.colcon_core.package_identification:Package 'src/transformer_bringup' with type 'ros.ament_cmake' and name 'transformer_bringup'
[0.260s] Level 1:colcon.colcon_core.package_identification:_identify(src/transformer_controller) by extensions ['ignore', 'ignore_ament_install']
[0.260s] Level 1:colcon.colcon_core.package_identification:_identify(src/transformer_controller) by extension 'ignore'
[0.261s] Level 1:colcon.colcon_core.package_identification:_identify(src/transformer_controller) by extension 'ignore_ament_install'
[0.261s] Level 1:colcon.colcon_core.package_identification:_identify(src/transformer_controller) by extensions ['colcon_pkg']
[0.261s] Level 1:colcon.colcon_core.package_identification:_identify(src/transformer_controller) by extension 'colcon_pkg'
[0.261s] Level 1:colcon.colcon_core.package_identification:_identify(src/transformer_controller) by extensions ['colcon_meta']
[0.261s] Level 1:colcon.colcon_core.package_identification:_identify(src/transformer_controller) by extension 'colcon_meta'
[0.261s] Level 1:colcon.colcon_core.package_identification:_identify(src/transformer_controller) by extensions ['ros']
[0.261s] Level 1:colcon.colcon_core.package_identification:_identify(src/transformer_controller) by extension 'ros'
[0.262s] DEBUG:colcon.colcon_core.package_identification:Package 'src/transformer_controller' with type 'ros.ament_cmake' and name 'transformer_controller'
[0.262s] Level 1:colcon.colcon_core.package_identification:_identify(src/transformer_hw_actuators) by extensions ['ignore', 'ignore_ament_install']
[0.262s] Level 1:colcon.colcon_core.package_identification:_identify(src/transformer_hw_actuators) by extension 'ignore'
[0.262s] Level 1:colcon.colcon_core.package_identification:_identify(src/transformer_hw_actuators) by extension 'ignore_ament_install'
[0.262s] Level 1:colcon.colcon_core.package_identification:_identify(src/transformer_hw_actuators) by extensions ['colcon_pkg']
[0.262s] Level 1:colcon.colcon_core.package_identification:_identify(src/transformer_hw_actuators) by extension 'colcon_pkg'
[0.262s] Level 1:colcon.colcon_core.package_identification:_identify(src/transformer_hw_actuators) by extensions ['colcon_meta']
[0.262s] Level 1:colcon.colcon_core.package_identification:_identify(src/transformer_hw_actuators) by extension 'colcon_meta'
[0.262s] Level 1:colcon.colcon_core.package_identification:_identify(src/transformer_hw_actuators) by extensions ['ros']
[0.262s] Level 1:colcon.colcon_core.package_identification:_identify(src/transformer_hw_actuators) by extension 'ros'
[0.263s] DEBUG:colcon.colcon_core.package_identification:Package 'src/transformer_hw_actuators' with type 'ros.ament_cmake' and name 'transformer_hw_actuators'
[0.263s] Level 1:colcon.colcon_core.package_identification:_identify(src/transformer_hw_servos) by extensions ['ignore', 'ignore_ament_install']
[0.263s] Level 1:colcon.colcon_core.package_identification:_identify(src/transformer_hw_servos) by extension 'ignore'
[0.263s] Level 1:colcon.colcon_core.package_identification:_identify(src/transformer_hw_servos) by extension 'ignore_ament_install'
[0.263s] Level 1:colcon.colcon_core.package_identification:_identify(src/transformer_hw_servos) by extensions ['colcon_pkg']
[0.263s] Level 1:colcon.colcon_core.package_identification:_identify(src/transformer_hw_servos) by extension 'colcon_pkg'
[0.264s] Level 1:colcon.colcon_core.package_identification:_identify(src/transformer_hw_servos) by extensions ['colcon_meta']
[0.264s] Level 1:colcon.colcon_core.package_identification:_identify(src/transformer_hw_servos) by extension 'colcon_meta'
[0.264s] Level 1:colcon.colcon_core.package_identification:_identify(src/transformer_hw_servos) by extensions ['ros']
[0.264s] Level 1:colcon.colcon_core.package_identification:_identify(src/transformer_hw_servos) by extension 'ros'
[0.264s] DEBUG:colcon.colcon_core.package_identification:Package 'src/transformer_hw_servos' with type 'ros.ament_cmake' and name 'transformer_hw_servos'
[0.265s] Level 1:colcon.colcon_core.package_identification:_identify(src/transformer_msp_bridge) by extensions ['ignore', 'ignore_ament_install']
[0.265s] Level 1:colcon.colcon_core.package_identification:_identify(src/transformer_msp_bridge) by extension 'ignore'
[0.265s] Level 1:colcon.colcon_core.package_identification:_identify(src/transformer_msp_bridge) by extension 'ignore_ament_install'
[0.265s] Level 1:colcon.colcon_core.package_identification:_identify(src/transformer_msp_bridge) by extensions ['colcon_pkg']
[0.265s] Level 1:colcon.colcon_core.package_identification:_identify(src/transformer_msp_bridge) by extension 'colcon_pkg'
[0.265s] Level 1:colcon.colcon_core.package_identification:_identify(src/transformer_msp_bridge) by extensions ['colcon_meta']
[0.265s] Level 1:colcon.colcon_core.package_identification:_identify(src/transformer_msp_bridge) by extension 'colcon_meta'
[0.265s] Level 1:colcon.colcon_core.package_identification:_identify(src/transformer_msp_bridge) by extensions ['ros']
[0.265s] Level 1:colcon.colcon_core.package_identification:_identify(src/transformer_msp_bridge) by extension 'ros'
[0.266s] DEBUG:colcon.colcon_core.package_identification:Package 'src/transformer_msp_bridge' with type 'ros.ament_cmake' and name 'transformer_msp_bridge'
[0.267s] Level 1:colcon.colcon_core.package_identification:_identify(src/transformer_rc_mode_switch) by extensions ['ignore', 'ignore_ament_install']
[0.267s] Level 1:colcon.colcon_core.package_identification:_identify(src/transformer_rc_mode_switch) by extension 'ignore'
[0.267s] Level 1:colcon.colcon_core.package_identification:_identify(src/transformer_rc_mode_switch) by extension 'ignore_ament_install'
[0.267s] Level 1:colcon.colcon_core.package_identification:_identify(src/transformer_rc_mode_switch) by extensions ['colcon_pkg']
[0.267s] Level 1:colcon.colcon_core.package_identification:_identify(src/transformer_rc_mode_switch) by extension 'colcon_pkg'
[0.267s] Level 1:colcon.colcon_core.package_identification:_identify(src/transformer_rc_mode_switch) by extensions ['colcon_meta']
[0.267s] Level 1:colcon.colcon_core.package_identification:_identify(src/transformer_rc_mode_switch) by extension 'colcon_meta'
[0.267s] Level 1:colcon.colcon_core.package_identification:_identify(src/transformer_rc_mode_switch) by extensions ['ros']
[0.267s] Level 1:colcon.colcon_core.package_identification:_identify(src/transformer_rc_mode_switch) by extension 'ros'
[0.268s] DEBUG:colcon.colcon_core.package_identification:Package 'src/transformer_rc_mode_switch' with type 'ros.ament_cmake' and name 'transformer_rc_mode_switch'
[0.268s] Level 1:colcon.colcon_core.package_discovery:discover_packages(recursive) using defaults
[0.269s] Level 1:colcon.colcon_core.package_discovery:discover_packages(ignore) discover
[0.269s] Level 1:colcon.colcon_core.package_discovery:discover_packages(ignore) using defaults
[0.269s] Level 1:colcon.colcon_core.package_discovery:discover_packages(path) discover
[0.269s] Level 1:colcon.colcon_core.package_discovery:discover_packages(path) using defaults
[0.295s] INFO:colcon.colcon_core.package_selection:Skipping package 'serial' in 'src/serial-ros2'
[0.295s] INFO:colcon.colcon_core.package_selection:Skipping package 'transformer_msp_bridge' in 'src/transformer_msp_bridge'
[0.295s] INFO:colcon.colcon_core.package_selection:Skipping package 'wheeltec_n100_imu' in 'src/ros2_wheeltec_n100_imu'
[0.295s] Level 1:colcon.colcon_core.package_discovery:discover_packages(prefix_path) check parameters
[0.295s] Level 1:colcon.colcon_core.package_discovery:discover_packages(prefix_path) discover
[0.298s] DEBUG:colcon.colcon_installed_package_information.package_discovery:Found 8 installed packages in /home/atvpi/ros2_ws/install
[0.300s] DEBUG:colcon.colcon_installed_package_information.package_discovery:Found 209 installed packages in /opt/ros/jazzy
[0.302s] Level 1:colcon.colcon_core.package_discovery:discover_packages(prefix_path) using defaults
[0.344s] Level 5:colcon.colcon_core.verb:set package 'transformer_hw_actuators' build argument 'cmake_args' from command line to 'None'
[0.344s] Level 5:colcon.colcon_core.verb:set package 'transformer_hw_actuators' build argument 'cmake_target' from command line to 'None'
[0.344s] Level 5:colcon.colcon_core.verb:set package 'transformer_hw_actuators' build argument 'cmake_target_skip_unavailable' from command line to 'False'
[0.344s] Level 5:colcon.colcon_core.verb:set package 'transformer_hw_actuators' build argument 'cmake_clean_cache' from command line to 'False'
[0.344s] Level 5:colcon.colcon_core.verb:set package 'transformer_hw_actuators' build argument 'cmake_clean_first' from command line to 'False'
[0.344s] Level 5:colcon.colcon_core.verb:set package 'transformer_hw_actuators' build argument 'cmake_force_configure' from command line to 'False'
[0.344s] Level 5:colcon.colcon_core.verb:set package 'transformer_hw_actuators' build argument 'ament_cmake_args' from command line to 'None'
[0.344s] Level 5:colcon.colcon_core.verb:set package 'transformer_hw_actuators' build argument 'catkin_cmake_args' from command line to 'None'
[0.344s] Level 5:colcon.colcon_core.verb:set package 'transformer_hw_actuators' build argument 'catkin_skip_building_tests' from command line to 'False'
[0.344s] DEBUG:colcon.colcon_core.verb:Building package 'transformer_hw_actuators' with the following arguments: {'ament_cmake_args': None, 'build_base': '/home/atvpi/ros2_ws/build/transformer_hw_actuators', 'catkin_cmake_args': None, 'catkin_skip_building_tests': False, 'cmake_args': None, 'cmake_clean_cache': False, 'cmake_clean_first': False, 'cmake_force_configure': False, 'cmake_target': None, 'cmake_target_skip_unavailable': False, 'install_base': '/home/atvpi/ros2_ws/install/transformer_hw_actuators', 'merge_install': False, 'path': '/home/atvpi/ros2_ws/src/transformer_hw_actuators', 'symlink_install': False, 'test_result_base': None}
[0.345s] Level 5:colcon.colcon_core.verb:set package 'transformer_hw_servos' build argument 'cmake_args' from command line to 'None'
[0.345s] Level 5:colcon.colcon_core.verb:set package 'transformer_hw_servos' build argument 'cmake_target' from command line to 'None'
[0.345s] Level 5:colcon.colcon_core.verb:set package 'transformer_hw_servos' build argument 'cmake_target_skip_unavailable' from command line to 'False'
[0.345s] Level 5:colcon.colcon_core.verb:set package 'transformer_hw_servos' build argument 'cmake_clean_cache' from command line to 'False'
[0.345s] Level 5:colcon.colcon_core.verb:set package 'transformer_hw_servos' build argument 'cmake_clean_first' from command line to 'False'
[0.345s] Level 5:colcon.colcon_core.verb:set package 'transformer_hw_servos' build argument 'cmake_force_configure' from command line to 'False'
[0.345s] Level 5:colcon.colcon_core.verb:set package 'transformer_hw_servos' build argument 'ament_cmake_args' from command line to 'None'
[0.345s] Level 5:colcon.colcon_core.verb:set package 'transformer_hw_servos' build argument 'catkin_cmake_args' from command line to 'None'
[0.345s] Level 5:colcon.colcon_core.verb:set package 'transformer_hw_servos' build argument 'catkin_skip_building_tests' from command line to 'False'
[0.345s] DEBUG:colcon.colcon_core.verb:Building package 'transformer_hw_servos' with the following arguments: {'ament_cmake_args': None, 'build_base': '/home/atvpi/ros2_ws/build/transformer_hw_servos', 'catkin_cmake_args': None, 'catkin_skip_building_tests': False, 'cmake_args': None, 'cmake_clean_cache': False, 'cmake_clean_first': False, 'cmake_force_configure': False, 'cmake_target': None, 'cmake_target_skip_unavailable': False, 'install_base': '/home/atvpi/ros2_ws/install/transformer_hw_servos', 'merge_install': False, 'path': '/home/atvpi/ros2_ws/src/transformer_hw_servos', 'symlink_install': False, 'test_result_base': None}
[0.345s] Level 5:colcon.colcon_core.verb:set package 'transformer_controller' build argument 'cmake_args' from command line to 'None'
[0.345s] Level 5:colcon.colcon_core.verb:set package 'transformer_controller' build argument 'cmake_target' from command line to 'None'
[0.345s] Level 5:colcon.colcon_core.verb:set package 'transformer_controller' build argument 'cmake_target_skip_unavailable' from command line to 'False'
[0.346s] Level 5:colcon.colcon_core.verb:set package 'transformer_controller' build argument 'cmake_clean_cache' from command line to 'False'
[0.346s] Level 5:colcon.colcon_core.verb:set package 'transformer_controller' build argument 'cmake_clean_first' from command line to 'False'
[0.346s] Level 5:colcon.colcon_core.verb:set package 'transformer_controller' build argument 'cmake_force_configure' from command line to 'False'
[0.346s] Level 5:colcon.colcon_core.verb:set package 'transformer_controller' build argument 'ament_cmake_args' from command line to 'None'
[0.346s] Level 5:colcon.colcon_core.verb:set package 'transformer_controller' build argument 'catkin_cmake_args' from command line to 'None'
[0.346s] Level 5:colcon.colcon_core.verb:set package 'transformer_controller' build argument 'catkin_skip_building_tests' from command line to 'False'
[0.346s] DEBUG:colcon.colcon_core.verb:Building package 'transformer_controller' with the following arguments: {'ament_cmake_args': None, 'build_base': '/home/atvpi/ros2_ws/build/transformer_controller', 'catkin_cmake_args': None, 'catkin_skip_building_tests': False, 'cmake_args': None, 'cmake_clean_cache': False, 'cmake_clean_first': False, 'cmake_force_configure': False, 'cmake_target': None, 'cmake_target_skip_unavailable': False, 'install_base': '/home/atvpi/ros2_ws/install/transformer_controller', 'merge_install': False, 'path': '/home/atvpi/ros2_ws/src/transformer_controller', 'symlink_install': False, 'test_result_base': None}
[0.346s] Level 5:colcon.colcon_core.verb:set package 'transformer_rc_mode_switch' build argument 'cmake_args' from command line to 'None'
[0.346s] Level 5:colcon.colcon_core.verb:set package 'transformer_rc_mode_switch' build argument 'cmake_target' from command line to 'None'
[0.346s] Level 5:colcon.colcon_core.verb:set package 'transformer_rc_mode_switch' build argument 'cmake_target_skip_unavailable' from command line to 'False'
[0.346s] Level 5:colcon.colcon_core.verb:set package 'transformer_rc_mode_switch' build argument 'cmake_clean_cache' from command line to 'False'
[0.346s] Level 5:colcon.colcon_core.verb:set package 'transformer_rc_mode_switch' build argument 'cmake_clean_first' from command line to 'False'
[0.346s] Level 5:colcon.colcon_core.verb:set package 'transformer_rc_mode_switch' build argument 'cmake_force_configure' from command line to 'False'
[0.346s] Level 5:colcon.colcon_core.verb:set package 'transformer_rc_mode_switch' build argument 'ament_cmake_args' from command line to 'None'
[0.346s] Level 5:colcon.colcon_core.verb:set package 'transformer_rc_mode_switch' build argument 'catkin_cmake_args' from command line to 'None'
[0.346s] Level 5:colcon.colcon_core.verb:set package 'transformer_rc_mode_switch' build argument 'catkin_skip_building_tests' from command line to 'False'
[0.346s] DEBUG:colcon.colcon_core.verb:Building package 'transformer_rc_mode_switch' with the following arguments: {'ament_cmake_args': None, 'build_base': '/home/atvpi/ros2_ws/build/transformer_rc_mode_switch', 'catkin_cmake_args': None, 'catkin_skip_building_tests': False, 'cmake_args': None, 'cmake_clean_cache': False, 'cmake_clean_first': False, 'cmake_force_configure': False, 'cmake_target': None, 'cmake_target_skip_unavailable': False, 'install_base': '/home/atvpi/ros2_ws/install/transformer_rc_mode_switch', 'merge_install': False, 'path': '/home/atvpi/ros2_ws/src/transformer_rc_mode_switch', 'symlink_install': False, 'test_result_base': None}
[0.347s] Level 5:colcon.colcon_core.verb:set package 'transformer_bringup' build argument 'cmake_args' from command line to 'None'
[0.347s] Level 5:colcon.colcon_core.verb:set package 'transformer_bringup' build argument 'cmake_target' from command line to 'None'
[0.347s] Level 5:colcon.colcon_core.verb:set package 'transformer_bringup' build argument 'cmake_target_skip_unavailable' from command line to 'False'
[0.347s] Level 5:colcon.colcon_core.verb:set package 'transformer_bringup' build argument 'cmake_clean_cache' from command line to 'False'
[0.347s] Level 5:colcon.colcon_core.verb:set package 'transformer_bringup' build argument 'cmake_clean_first' from command line to 'False'
[0.347s] Level 5:colcon.colcon_core.verb:set package 'transformer_bringup' build argument 'cmake_force_configure' from command line to 'False'
[0.347s] Level 5:colcon.colcon_core.verb:set package 'transformer_bringup' build argument 'ament_cmake_args' from command line to 'None'
[0.347s] Level 5:colcon.colcon_core.verb:set package 'transformer_bringup' build argument 'catkin_cmake_args' from command line to 'None'
[0.347s] Level 5:colcon.colcon_core.verb:set package 'transformer_bringup' build argument 'catkin_skip_building_tests' from command line to 'False'
[0.347s] DEBUG:colcon.colcon_core.verb:Building package 'transformer_bringup' with the following arguments: {'ament_cmake_args': None, 'build_base': '/home/atvpi/ros2_ws/build/transformer_bringup', 'catkin_cmake_args': None, 'catkin_skip_building_tests': False, 'cmake_args': None, 'cmake_clean_cache': False, 'cmake_clean_first': False, 'cmake_force_configure': False, 'cmake_target': None, 'cmake_target_skip_unavailable': False, 'install_base': '/home/atvpi/ros2_ws/install/transformer_bringup', 'merge_install': False, 'path': '/home/atvpi/ros2_ws/src/transformer_bringup', 'symlink_install': False, 'test_result_base': None}
[0.347s] INFO:colcon.colcon_core.executor:Executing jobs using 'parallel' executor
[0.348s] DEBUG:colcon.colcon_parallel_executor.executor.parallel:run_until_complete
[0.349s] INFO:colcon.colcon_ros.task.ament_cmake.build:Building ROS package in '/home/atvpi/ros2_ws/src/transformer_hw_actuators' with build type 'ament_cmake'
[0.349s] INFO:colcon.colcon_cmake.task.cmake.build:Building CMake package in '/home/atvpi/ros2_ws/src/transformer_hw_actuators'
[0.351s] INFO:colcon.colcon_core.plugin_system:Skipping extension 'colcon_core.shell.bat': Not used on non-Windows systems
[0.352s] INFO:colcon.colcon_core.shell:Skip shell extension 'powershell' for command environment: Not usable outside of PowerShell
[0.352s] DEBUG:colcon.colcon_core.shell:Skip shell extension 'dsv' for command environment
[0.357s] INFO:colcon.colcon_ros.task.ament_cmake.build:Building ROS package in '/home/atvpi/ros2_ws/src/transformer_hw_servos' with build type 'ament_cmake'
[0.357s] INFO:colcon.colcon_cmake.task.cmake.build:Building CMake package in '/home/atvpi/ros2_ws/src/transformer_hw_servos'
[0.357s] INFO:colcon.colcon_core.shell:Skip shell extension 'powershell' for command environment: Not usable outside of PowerShell
[0.357s] DEBUG:colcon.colcon_core.shell:Skip shell extension 'dsv' for command environment
[0.369s] DEBUG:colcon.colcon_core.event_handler.log_command:Invoking command in '/home/atvpi/ros2_ws/build/transformer_hw_actuators': CMAKE_PREFIX_PATH=${CMAKE_PREFIX_PATH}:/opt/ros/jazzy /usr/bin/cmake --build /home/atvpi/ros2_ws/build/transformer_hw_actuators -- -j4 -l4
[0.378s] DEBUG:colcon.colcon_core.event_handler.log_command:Invoking command in '/home/atvpi/ros2_ws/build/transformer_hw_servos': CMAKE_PREFIX_PATH=${CMAKE_PREFIX_PATH}:/opt/ros/jazzy /usr/bin/cmake --build /home/atvpi/ros2_ws/build/transformer_hw_servos -- -j4 -l4
[1.854s] DEBUG:colcon.colcon_core.event_handler.log_command:Invoked command in '/home/atvpi/ros2_ws/build/transformer_hw_actuators' returned '0': CMAKE_PREFIX_PATH=${CMAKE_PREFIX_PATH}:/opt/ros/jazzy /usr/bin/cmake --build /home/atvpi/ros2_ws/build/transformer_hw_actuators -- -j4 -l4
[1.880s] DEBUG:colcon.colcon_core.event_handler.log_command:Invoking command in '/home/atvpi/ros2_ws/build/transformer_hw_actuators': CMAKE_PREFIX_PATH=${CMAKE_PREFIX_PATH}:/opt/ros/jazzy /usr/bin/cmake --install /home/atvpi/ros2_ws/build/transformer_hw_actuators
[1.892s] DEBUG:colcon.colcon_core.event_handler.log_command:Invoked command in '/home/atvpi/ros2_ws/build/transformer_hw_servos' returned '0': CMAKE_PREFIX_PATH=${CMAKE_PREFIX_PATH}:/opt/ros/jazzy /usr/bin/cmake --build /home/atvpi/ros2_ws/build/transformer_hw_servos -- -j4 -l4
[1.893s] DEBUG:colcon.colcon_core.event_handler.log_command:Invoking command in '/home/atvpi/ros2_ws/build/transformer_hw_servos': CMAKE_PREFIX_PATH=${CMAKE_PREFIX_PATH}:/opt/ros/jazzy /usr/bin/cmake --install /home/atvpi/ros2_ws/build/transformer_hw_servos
[2.068s] Level 1:colcon.colcon_core.environment:create_environment_scripts_only(transformer_hw_actuators)
[2.078s] DEBUG:colcon.colcon_core.event_handler.log_command:Invoked command in '/home/atvpi/ros2_ws/build/transformer_hw_actuators' returned '0': CMAKE_PREFIX_PATH=${CMAKE_PREFIX_PATH}:/opt/ros/jazzy /usr/bin/cmake --install /home/atvpi/ros2_ws/build/transformer_hw_actuators
[2.080s] Level 1:colcon.colcon_core.environment:checking '/home/atvpi/ros2_ws/install/transformer_hw_actuators' for CMake module files
[2.081s] Level 1:colcon.colcon_core.environment:checking '/home/atvpi/ros2_ws/install/transformer_hw_actuators' for CMake config files
[2.081s] Level 1:colcon.colcon_core.shell:create_environment_hook('transformer_hw_actuators', 'cmake_prefix_path')
[2.082s] INFO:colcon.colcon_core.shell:Creating environment hook '/home/atvpi/ros2_ws/install/transformer_hw_actuators/share/transformer_hw_actuators/hook/cmake_prefix_path.ps1'
[2.083s] INFO:colcon.colcon_core.shell:Creating environment descriptor '/home/atvpi/ros2_ws/install/transformer_hw_actuators/share/transformer_hw_actuators/hook/cmake_prefix_path.dsv'
[2.085s] INFO:colcon.colcon_core.shell:Creating environment hook '/home/atvpi/ros2_ws/install/transformer_hw_actuators/share/transformer_hw_actuators/hook/cmake_prefix_path.sh'
[2.087s] Level 1:colcon.colcon_core.environment:checking '/home/atvpi/ros2_ws/install/transformer_hw_actuators/lib'
[2.087s] Level 1:colcon.colcon_core.shell:create_environment_hook('transformer_hw_actuators', 'ld_library_path_lib')
[2.087s] INFO:colcon.colcon_core.shell:Creating environment hook '/home/atvpi/ros2_ws/install/transformer_hw_actuators/share/transformer_hw_actuators/hook/ld_library_path_lib.ps1'
[2.088s] INFO:colcon.colcon_core.shell:Creating environment descriptor '/home/atvpi/ros2_ws/install/transformer_hw_actuators/share/transformer_hw_actuators/hook/ld_library_path_lib.dsv'
[2.090s] INFO:colcon.colcon_core.shell:Creating environment hook '/home/atvpi/ros2_ws/install/transformer_hw_actuators/share/transformer_hw_actuators/hook/ld_library_path_lib.sh'
[2.091s] Level 1:colcon.colcon_core.environment:checking '/home/atvpi/ros2_ws/install/transformer_hw_actuators/bin'
[2.091s] Level 1:colcon.colcon_core.environment:checking '/home/atvpi/ros2_ws/install/transformer_hw_actuators/lib/pkgconfig/transformer_hw_actuators.pc'
[2.092s] Level 1:colcon.colcon_core.environment:checking '/home/atvpi/ros2_ws/install/transformer_hw_actuators/lib/python3.12/site-packages'
[2.092s] Level 1:colcon.colcon_core.shell:create_environment_hook('transformer_hw_actuators', 'pythonpath')
[2.092s] INFO:colcon.colcon_core.shell:Creating environment hook '/home/atvpi/ros2_ws/install/transformer_hw_actuators/share/transformer_hw_actuators/hook/pythonpath.ps1'
[2.093s] INFO:colcon.colcon_core.shell:Creating environment descriptor '/home/atvpi/ros2_ws/install/transformer_hw_actuators/share/transformer_hw_actuators/hook/pythonpath.dsv'
[2.094s] INFO:colcon.colcon_core.shell:Creating environment hook '/home/atvpi/ros2_ws/install/transformer_hw_actuators/share/transformer_hw_actuators/hook/pythonpath.sh'
[2.096s] Level 1:colcon.colcon_core.environment:checking '/home/atvpi/ros2_ws/install/transformer_hw_actuators/bin'
[2.096s] INFO:colcon.colcon_core.shell:Creating package script '/home/atvpi/ros2_ws/install/transformer_hw_actuators/share/transformer_hw_actuators/package.ps1'
[2.097s] INFO:colcon.colcon_core.shell:Creating package descriptor '/home/atvpi/ros2_ws/install/transformer_hw_actuators/share/transformer_hw_actuators/package.dsv'
[2.099s] INFO:colcon.colcon_core.shell:Creating package script '/home/atvpi/ros2_ws/install/transformer_hw_actuators/share/transformer_hw_actuators/package.sh'
[2.100s] INFO:colcon.colcon_core.shell:Creating package script '/home/atvpi/ros2_ws/install/transformer_hw_actuators/share/transformer_hw_actuators/package.bash'
[2.102s] INFO:colcon.colcon_core.shell:Creating package script '/home/atvpi/ros2_ws/install/transformer_hw_actuators/share/transformer_hw_actuators/package.zsh'
[2.104s] Level 1:colcon.colcon_core.environment:create_file_with_runtime_dependencies(/home/atvpi/ros2_ws/install/transformer_hw_actuators/share/colcon-core/packages/transformer_hw_actuators)
[2.106s] Level 1:colcon.colcon_core.environment:create_environment_scripts_only(transformer_hw_actuators)
[2.106s] Level 1:colcon.colcon_core.environment:checking '/home/atvpi/ros2_ws/install/transformer_hw_actuators' for CMake module files
[2.107s] Level 1:colcon.colcon_core.environment:checking '/home/atvpi/ros2_ws/install/transformer_hw_actuators' for CMake config files
[2.108s] Level 1:colcon.colcon_core.shell:create_environment_hook('transformer_hw_actuators', 'cmake_prefix_path')
[2.108s] INFO:colcon.colcon_core.shell:Creating environment hook '/home/atvpi/ros2_ws/install/transformer_hw_actuators/share/transformer_hw_actuators/hook/cmake_prefix_path.ps1'
[2.109s] INFO:colcon.colcon_core.shell:Creating environment descriptor '/home/atvpi/ros2_ws/install/transformer_hw_actuators/share/transformer_hw_actuators/hook/cmake_prefix_path.dsv'
[2.110s] INFO:colcon.colcon_core.shell:Creating environment hook '/home/atvpi/ros2_ws/install/transformer_hw_actuators/share/transformer_hw_actuators/hook/cmake_prefix_path.sh'
[2.112s] Level 1:colcon.colcon_core.environment:checking '/home/atvpi/ros2_ws/install/transformer_hw_actuators/lib'
[2.113s] Level 1:colcon.colcon_core.shell:create_environment_hook('transformer_hw_actuators', 'ld_library_path_lib')
[2.113s] INFO:colcon.colcon_core.shell:Creating environment hook '/home/atvpi/ros2_ws/install/transformer_hw_actuators/share/transformer_hw_actuators/hook/ld_library_path_lib.ps1'
[2.114s] INFO:colcon.colcon_core.shell:Creating environment descriptor '/home/atvpi/ros2_ws/install/transformer_hw_actuators/share/transformer_hw_actuators/hook/ld_library_path_lib.dsv'
[2.115s] INFO:colcon.colcon_core.shell:Creating environment hook '/home/atvpi/ros2_ws/install/transformer_hw_actuators/share/transformer_hw_actuators/hook/ld_library_path_lib.sh'
[2.117s] Level 1:colcon.colcon_core.environment:checking '/home/atvpi/ros2_ws/install/transformer_hw_actuators/bin'
[2.117s] Level 1:colcon.colcon_core.environment:checking '/home/atvpi/ros2_ws/install/transformer_hw_actuators/lib/pkgconfig/transformer_hw_actuators.pc'
[2.118s] Level 1:colcon.colcon_core.environment:checking '/home/atvpi/ros2_ws/install/transformer_hw_actuators/lib/python3.12/site-packages'
[2.118s] Level 1:colcon.colcon_core.shell:create_environment_hook('transformer_hw_actuators', 'pythonpath')
[2.118s] INFO:colcon.colcon_core.shell:Creating environment hook '/home/atvpi/ros2_ws/install/transformer_hw_actuators/share/transformer_hw_actuators/hook/pythonpath.ps1'
[2.119s] INFO:colcon.colcon_core.shell:Creating environment descriptor '/home/atvpi/ros2_ws/install/transformer_hw_actuators/share/transformer_hw_actuators/hook/pythonpath.dsv'
[2.121s] INFO:colcon.colcon_core.shell:Creating environment hook '/home/atvpi/ros2_ws/install/transformer_hw_actuators/share/transformer_hw_actuators/hook/pythonpath.sh'
[2.123s] Level 1:colcon.colcon_core.environment:checking '/home/atvpi/ros2_ws/install/transformer_hw_actuators/bin'
[2.123s] INFO:colcon.colcon_core.shell:Creating package script '/home/atvpi/ros2_ws/install/transformer_hw_actuators/share/transformer_hw_actuators/package.ps1'
[2.124s] INFO:colcon.colcon_core.shell:Creating package descriptor '/home/atvpi/ros2_ws/install/transformer_hw_actuators/share/transformer_hw_actuators/package.dsv'
[2.126s] INFO:colcon.colcon_core.shell:Creating package script '/home/atvpi/ros2_ws/install/transformer_hw_actuators/share/transformer_hw_actuators/package.sh'
[2.127s] INFO:colcon.colcon_core.shell:Creating package script '/home/atvpi/ros2_ws/install/transformer_hw_actuators/share/transformer_hw_actuators/package.bash'
[2.129s] INFO:colcon.colcon_core.shell:Creating package script '/home/atvpi/ros2_ws/install/transformer_hw_actuators/share/transformer_hw_actuators/package.zsh'
[2.130s] Level 1:colcon.colcon_core.environment:create_file_with_runtime_dependencies(/home/atvpi/ros2_ws/install/transformer_hw_actuators/share/colcon-core/packages/transformer_hw_actuators)
[2.133s] Level 1:colcon.colcon_core.environment:create_environment_scripts_only(transformer_hw_servos)
[2.133s] Level 1:colcon.colcon_core.environment:checking '/home/atvpi/ros2_ws/install/transformer_hw_servos' for CMake module files
[2.134s] DEBUG:colcon.colcon_core.event_handler.log_command:Invoked command in '/home/atvpi/ros2_ws/build/transformer_hw_servos' returned '0': CMAKE_PREFIX_PATH=${CMAKE_PREFIX_PATH}:/opt/ros/jazzy /usr/bin/cmake --install /home/atvpi/ros2_ws/build/transformer_hw_servos
[2.135s] Level 1:colcon.colcon_core.environment:checking '/home/atvpi/ros2_ws/install/transformer_hw_servos' for CMake config files
[2.136s] Level 1:colcon.colcon_core.shell:create_environment_hook('transformer_hw_servos', 'cmake_prefix_path')
[2.136s] INFO:colcon.colcon_core.shell:Creating environment hook '/home/atvpi/ros2_ws/install/transformer_hw_servos/share/transformer_hw_servos/hook/cmake_prefix_path.ps1'
[2.137s] INFO:colcon.colcon_core.shell:Creating environment descriptor '/home/atvpi/ros2_ws/install/transformer_hw_servos/share/transformer_hw_servos/hook/cmake_prefix_path.dsv'
[2.138s] INFO:colcon.colcon_core.shell:Creating environment hook '/home/atvpi/ros2_ws/install/transformer_hw_servos/share/transformer_hw_servos/hook/cmake_prefix_path.sh'
[2.140s] Level 1:colcon.colcon_core.environment:checking '/home/atvpi/ros2_ws/install/transformer_hw_servos/lib'
[2.140s] Level 1:colcon.colcon_core.shell:create_environment_hook('transformer_hw_servos', 'ld_library_path_lib')
[2.140s] INFO:colcon.colcon_core.shell:Creating environment hook '/home/atvpi/ros2_ws/install/transformer_hw_servos/share/transformer_hw_servos/hook/ld_library_path_lib.ps1'
[2.141s] INFO:colcon.colcon_core.shell:Creating environment descriptor '/home/atvpi/ros2_ws/install/transformer_hw_servos/share/transformer_hw_servos/hook/ld_library_path_lib.dsv'
[2.143s] INFO:colcon.colcon_core.shell:Creating environment hook '/home/atvpi/ros2_ws/install/transformer_hw_servos/share/transformer_hw_servos/hook/ld_library_path_lib.sh'
[2.144s] Level 1:colcon.colcon_core.environment:checking '/home/atvpi/ros2_ws/install/transformer_hw_servos/bin'
[2.144s] Level 1:colcon.colcon_core.environment:checking '/home/atvpi/ros2_ws/install/transformer_hw_servos/lib/pkgconfig/transformer_hw_servos.pc'
[2.144s] Level 1:colcon.colcon_core.environment:checking '/home/atvpi/ros2_ws/install/transformer_hw_servos/lib/python3.12/site-packages'
[2.145s] Level 1:colcon.colcon_core.shell:create_environment_hook('transformer_hw_servos', 'pythonpath')
[2.145s] INFO:colcon.colcon_core.shell:Creating environment hook '/home/atvpi/ros2_ws/install/transformer_hw_servos/share/transformer_hw_servos/hook/pythonpath.ps1'
[2.146s] INFO:colcon.colcon_core.shell:Creating environment descriptor '/home/atvpi/ros2_ws/install/transformer_hw_servos/share/transformer_hw_servos/hook/pythonpath.dsv'
[2.147s] INFO:colcon.colcon_core.shell:Creating environment hook '/home/atvpi/ros2_ws/install/transformer_hw_servos/share/transformer_hw_servos/hook/pythonpath.sh'
[2.149s] Level 1:colcon.colcon_core.environment:checking '/home/atvpi/ros2_ws/install/transformer_hw_servos/bin'
[2.149s] INFO:colcon.colcon_core.shell:Creating package script '/home/atvpi/ros2_ws/install/transformer_hw_servos/share/transformer_hw_servos/package.ps1'
[2.150s] INFO:colcon.colcon_core.shell:Creating package descriptor '/home/atvpi/ros2_ws/install/transformer_hw_servos/share/transformer_hw_servos/package.dsv'
[2.152s] INFO:colcon.colcon_core.shell:Creating package script '/home/atvpi/ros2_ws/install/transformer_hw_servos/share/transformer_hw_servos/package.sh'
[2.153s] INFO:colcon.colcon_core.shell:Creating package script '/home/atvpi/ros2_ws/install/transformer_hw_servos/share/transformer_hw_servos/package.bash'
[2.155s] INFO:colcon.colcon_core.shell:Creating package script '/home/atvpi/ros2_ws/install/transformer_hw_servos/share/transformer_hw_servos/package.zsh'
[2.157s] Level 1:colcon.colcon_core.environment:create_file_with_runtime_dependencies(/home/atvpi/ros2_ws/install/transformer_hw_servos/share/colcon-core/packages/transformer_hw_servos)
[2.159s] Level 1:colcon.colcon_core.environment:create_environment_scripts_only(transformer_hw_servos)
[2.159s] Level 1:colcon.colcon_core.environment:checking '/home/atvpi/ros2_ws/install/transformer_hw_servos' for CMake module files
[2.160s] Level 1:colcon.colcon_core.environment:checking '/home/atvpi/ros2_ws/install/transformer_hw_servos' for CMake config files
[2.161s] Level 1:colcon.colcon_core.shell:create_environment_hook('transformer_hw_servos', 'cmake_prefix_path')
[2.161s] INFO:colcon.colcon_core.shell:Creating environment hook '/home/atvpi/ros2_ws/install/transformer_hw_servos/share/transformer_hw_servos/hook/cmake_prefix_path.ps1'
[2.162s] INFO:colcon.colcon_core.shell:Creating environment descriptor '/home/atvpi/ros2_ws/install/transformer_hw_servos/share/transformer_hw_servos/hook/cmake_prefix_path.dsv'
[2.165s] INFO:colcon.colcon_core.shell:Creating environment hook '/home/atvpi/ros2_ws/install/transformer_hw_servos/share/transformer_hw_servos/hook/cmake_prefix_path.sh'
[2.167s] Level 1:colcon.colcon_core.environment:checking '/home/atvpi/ros2_ws/install/transformer_hw_servos/lib'
[2.167s] Level 1:colcon.colcon_core.shell:create_environment_hook('transformer_hw_servos', 'ld_library_path_lib')
[2.167s] INFO:colcon.colcon_core.shell:Creating environment hook '/home/atvpi/ros2_ws/install/transformer_hw_servos/share/transformer_hw_servos/hook/ld_library_path_lib.ps1'
[2.168s] INFO:colcon.colcon_core.shell:Creating environment descriptor '/home/atvpi/ros2_ws/install/transformer_hw_servos/share/transformer_hw_servos/hook/ld_library_path_lib.dsv'
[2.170s] INFO:colcon.colcon_core.shell:Creating environment hook '/home/atvpi/ros2_ws/install/transformer_hw_servos/share/transformer_hw_servos/hook/ld_library_path_lib.sh'
[2.173s] Level 1:colcon.colcon_core.environment:checking '/home/atvpi/ros2_ws/install/transformer_hw_servos/bin'
[2.173s] Level 1:colcon.colcon_core.environment:checking '/home/atvpi/ros2_ws/install/transformer_hw_servos/lib/pkgconfig/transformer_hw_servos.pc'
[2.173s] Level 1:colcon.colcon_core.environment:checking '/home/atvpi/ros2_ws/install/transformer_hw_servos/lib/python3.12/site-packages'
[2.173s] Level 1:colcon.colcon_core.shell:create_environment_hook('transformer_hw_servos', 'pythonpath')
[2.174s] INFO:colcon.colcon_core.shell:Creating environment hook '/home/atvpi/ros2_ws/install/transformer_hw_servos/share/transformer_hw_servos/hook/pythonpath.ps1'
[2.174s] INFO:colcon.colcon_core.shell:Creating environment descriptor '/home/atvpi/ros2_ws/install/transformer_hw_servos/share/transformer_hw_servos/hook/pythonpath.dsv'
[2.176s] INFO:colcon.colcon_core.shell:Creating environment hook '/home/atvpi/ros2_ws/install/transformer_hw_servos/share/transformer_hw_servos/hook/pythonpath.sh'
[2.178s] Level 1:colcon.colcon_core.environment:checking '/home/atvpi/ros2_ws/install/transformer_hw_servos/bin'
[2.179s] INFO:colcon.colcon_core.shell:Creating package script '/home/atvpi/ros2_ws/install/transformer_hw_servos/share/transformer_hw_servos/package.ps1'
[2.181s] INFO:colcon.colcon_core.shell:Creating package descriptor '/home/atvpi/ros2_ws/install/transformer_hw_servos/share/transformer_hw_servos/package.dsv'
[2.182s] INFO:colcon.colcon_core.shell:Creating package script '/home/atvpi/ros2_ws/install/transformer_hw_servos/share/transformer_hw_servos/package.sh'
[2.184s] INFO:colcon.colcon_core.shell:Creating package script '/home/atvpi/ros2_ws/install/transformer_hw_servos/share/transformer_hw_servos/package.bash'
[2.186s] INFO:colcon.colcon_core.shell:Creating package script '/home/atvpi/ros2_ws/install/transformer_hw_servos/share/transformer_hw_servos/package.zsh'
[2.189s] Level 1:colcon.colcon_core.environment:create_file_with_runtime_dependencies(/home/atvpi/ros2_ws/install/transformer_hw_servos/share/colcon-core/packages/transformer_hw_servos)
[2.190s] INFO:colcon.colcon_ros.task.ament_cmake.build:Building ROS package in '/home/atvpi/ros2_ws/src/transformer_controller' with build type 'ament_cmake'
[2.191s] INFO:colcon.colcon_cmake.task.cmake.build:Building CMake package in '/home/atvpi/ros2_ws/src/transformer_controller'
[2.191s] INFO:colcon.colcon_core.shell:Skip shell extension 'powershell' for command environment: Not usable outside of PowerShell
[2.191s] DEBUG:colcon.colcon_core.shell:Skip shell extension 'dsv' for command environment
[2.216s] DEBUG:colcon.colcon_core.event_handler.log_command:Invoking command in '/home/atvpi/ros2_ws/build/transformer_controller': CMAKE_PREFIX_PATH=/home/atvpi/ros2_ws/install/transformer_hw_servos:/home/atvpi/ros2_ws/install/transformer_hw_actuators:/home/atvpi/ros2_ws/install/wheeltec_n100_imu:/home/atvpi/ros2_ws/install/transformer_bringup:/home/atvpi/ros2_ws/install/transformer_rc_mode_switch:/home/atvpi/ros2_ws/install/transformer_msp_bridge:/home/atvpi/ros2_ws/install/transformer_controller:/home/atvpi/ros2_ws/install/serial:/opt/ros/jazzy LD_LIBRARY_PATH=/home/atvpi/ros2_ws/install/transformer_hw_servos/lib:/home/atvpi/ros2_ws/install/transformer_hw_actuators/lib:/home/atvpi/ros2_ws/install/transformer_msp_bridge/lib:/home/atvpi/ros2_ws/install/transformer_controller/lib:/home/atvpi/ros2_ws/install/serial/lib:/opt/ros/jazzy/lib/aarch64-linux-gnu:/opt/ros/jazzy/lib PYTHONPATH=/home/atvpi/ros2_ws/install/transformer_hw_servos/lib/python3.12/site-packages:/home/atvpi/ros2_ws/install/transformer_hw_actuators/lib/python3.12/site-packages:/home/atvpi/ros2_ws/install/transformer_msp_bridge/lib/python3.12/site-packages:/home/atvpi/ros2_ws/install/transformer_controller/lib/python3.12/site-packages:/opt/ros/jazzy/lib/python3.12/site-packages /usr/bin/cmake --build /home/atvpi/ros2_ws/build/transformer_controller -- -j4 -l4
[12.835s] DEBUG:colcon.colcon_core.event_handler.log_command:Invoked command in '/home/atvpi/ros2_ws/build/transformer_controller' returned '0': CMAKE_PREFIX_PATH=/home/atvpi/ros2_ws/install/transformer_hw_servos:/home/atvpi/ros2_ws/install/transformer_hw_actuators:/home/atvpi/ros2_ws/install/wheeltec_n100_imu:/home/atvpi/ros2_ws/install/transformer_bringup:/home/atvpi/ros2_ws/install/transformer_rc_mode_switch:/home/atvpi/ros2_ws/install/transformer_msp_bridge:/home/atvpi/ros2_ws/install/transformer_controller:/home/atvpi/ros2_ws/install/serial:/opt/ros/jazzy LD_LIBRARY_PATH=/home/atvpi/ros2_ws/install/transformer_hw_servos/lib:/home/atvpi/ros2_ws/install/transformer_hw_actuators/lib:/home/atvpi/ros2_ws/install/transformer_msp_bridge/lib:/home/atvpi/ros2_ws/install/transformer_controller/lib:/home/atvpi/ros2_ws/install/serial/lib:/opt/ros/jazzy/lib/aarch64-linux-gnu:/opt/ros/jazzy/lib PYTHONPATH=/home/atvpi/ros2_ws/install/transformer_hw_servos/lib/python3.12/site-packages:/home/atvpi/ros2_ws/install/transformer_hw_actuators/lib/python3.12/site-packages:/home/atvpi/ros2_ws/install/transformer_msp_bridge/lib/python3.12/site-packages:/home/atvpi/ros2_ws/install/transformer_controller/lib/python3.12/site-packages:/opt/ros/jazzy/lib/python3.12/site-packages /usr/bin/cmake --build /home/atvpi/ros2_ws/build/transformer_controller -- -j4 -l4
[12.837s] DEBUG:colcon.colcon_core.event_handler.log_command:Invoking command in '/home/atvpi/ros2_ws/build/transformer_controller': CMAKE_PREFIX_PATH=/home/atvpi/ros2_ws/install/transformer_hw_servos:/home/atvpi/ros2_ws/install/transformer_hw_actuators:/home/atvpi/ros2_ws/install/wheeltec_n100_imu:/home/atvpi/ros2_ws/install/transformer_bringup:/home/atvpi/ros2_ws/install/transformer_rc_mode_switch:/home/atvpi/ros2_ws/install/transformer_msp_bridge:/home/atvpi/ros2_ws/install/transformer_controller:/home/atvpi/ros2_ws/install/serial:/opt/ros/jazzy LD_LIBRARY_PATH=/home/atvpi/ros2_ws/install/transformer_hw_servos/lib:/home/atvpi/ros2_ws/install/transformer_hw_actuators/lib:/home/atvpi/ros2_ws/install/transformer_msp_bridge/lib:/home/atvpi/ros2_ws/install/transformer_controller/lib:/home/atvpi/ros2_ws/install/serial/lib:/opt/ros/jazzy/lib/aarch64-linux-gnu:/opt/ros/jazzy/lib PYTHONPATH=/home/atvpi/ros2_ws/install/transformer_hw_servos/lib/python3.12/site-packages:/home/atvpi/ros2_ws/install/transformer_hw_actuators/lib/python3.12/site-packages:/home/atvpi/ros2_ws/install/transformer_msp_bridge/lib/python3.12/site-packages:/home/atvpi/ros2_ws/install/transformer_controller/lib/python3.12/site-packages:/opt/ros/jazzy/lib/python3.12/site-packages /usr/bin/cmake --install /home/atvpi/ros2_ws/build/transformer_controller
[12.943s] Level 1:colcon.colcon_core.environment:create_environment_scripts_only(transformer_controller)
[12.944s] Level 1:colcon.colcon_core.environment:checking '/home/atvpi/ros2_ws/install/transformer_controller' for CMake module files
[12.944s] DEBUG:colcon.colcon_core.event_handler.log_command:Invoked command in '/home/atvpi/ros2_ws/build/transformer_controller' returned '0': CMAKE_PREFIX_PATH=/home/atvpi/ros2_ws/install/transformer_hw_servos:/home/atvpi/ros2_ws/install/transformer_hw_actuators:/home/atvpi/ros2_ws/install/wheeltec_n100_imu:/home/atvpi/ros2_ws/install/transformer_bringup:/home/atvpi/ros2_ws/install/transformer_rc_mode_switch:/home/atvpi/ros2_ws/install/transformer_msp_bridge:/home/atvpi/ros2_ws/install/transformer_controller:/home/atvpi/ros2_ws/install/serial:/opt/ros/jazzy LD_LIBRARY_PATH=/home/atvpi/ros2_ws/install/transformer_hw_servos/lib:/home/atvpi/ros2_ws/install/transformer_hw_actuators/lib:/home/atvpi/ros2_ws/install/transformer_msp_bridge/lib:/home/atvpi/ros2_ws/install/transformer_controller/lib:/home/atvpi/ros2_ws/install/serial/lib:/opt/ros/jazzy/lib/aarch64-linux-gnu:/opt/ros/jazzy/lib PYTHONPATH=/home/atvpi/ros2_ws/install/transformer_hw_servos/lib/python3.12/site-packages:/home/atvpi/ros2_ws/install/transformer_hw_actuators/lib/python3.12/site-packages:/home/atvpi/ros2_ws/install/transformer_msp_bridge/lib/python3.12/site-packages:/home/atvpi/ros2_ws/install/transformer_controller/lib/python3.12/site-packages:/opt/ros/jazzy/lib/python3.12/site-packages /usr/bin/cmake --install /home/atvpi/ros2_ws/build/transformer_controller
[12.945s] Level 1:colcon.colcon_core.environment:checking '/home/atvpi/ros2_ws/install/transformer_controller' for CMake config files
[12.946s] Level 1:colcon.colcon_core.shell:create_environment_hook('transformer_controller', 'cmake_prefix_path')
[12.946s] INFO:colcon.colcon_core.shell:Creating environment hook '/home/atvpi/ros2_ws/install/transformer_controller/share/transformer_controller/hook/cmake_prefix_path.ps1'
[12.946s] INFO:colcon.colcon_core.shell:Creating environment descriptor '/home/atvpi/ros2_ws/install/transformer_controller/share/transformer_controller/hook/cmake_prefix_path.dsv'
[12.947s] INFO:colcon.colcon_core.shell:Creating environment hook '/home/atvpi/ros2_ws/install/transformer_controller/share/transformer_controller/hook/cmake_prefix_path.sh'
[12.948s] Level 1:colcon.colcon_core.environment:checking '/home/atvpi/ros2_ws/install/transformer_controller/lib'
[12.948s] Level 1:colcon.colcon_core.shell:create_environment_hook('transformer_controller', 'ld_library_path_lib')
[12.949s] INFO:colcon.colcon_core.shell:Creating environment hook '/home/atvpi/ros2_ws/install/transformer_controller/share/transformer_controller/hook/ld_library_path_lib.ps1'
[12.949s] INFO:colcon.colcon_core.shell:Creating environment descriptor '/home/atvpi/ros2_ws/install/transformer_controller/share/transformer_controller/hook/ld_library_path_lib.dsv'
[12.950s] INFO:colcon.colcon_core.shell:Creating environment hook '/home/atvpi/ros2_ws/install/transformer_controller/share/transformer_controller/hook/ld_library_path_lib.sh'
[12.951s] Level 1:colcon.colcon_core.environment:checking '/home/atvpi/ros2_ws/install/transformer_controller/bin'
[12.951s] Level 1:colcon.colcon_core.environment:checking '/home/atvpi/ros2_ws/install/transformer_controller/lib/pkgconfig/transformer_controller.pc'
[12.951s] Level 1:colcon.colcon_core.environment:checking '/home/atvpi/ros2_ws/install/transformer_controller/lib/python3.12/site-packages'
[12.951s] Level 1:colcon.colcon_core.shell:create_environment_hook('transformer_controller', 'pythonpath')
[12.952s] INFO:colcon.colcon_core.shell:Creating environment hook '/home/atvpi/ros2_ws/install/transformer_controller/share/transformer_controller/hook/pythonpath.ps1'
[12.952s] INFO:colcon.colcon_core.shell:Creating environment descriptor '/home/atvpi/ros2_ws/install/transformer_controller/share/transformer_controller/hook/pythonpath.dsv'
[12.953s] INFO:colcon.colcon_core.shell:Creating environment hook '/home/atvpi/ros2_ws/install/transformer_controller/share/transformer_controller/hook/pythonpath.sh'
[12.954s] Level 1:colcon.colcon_core.environment:checking '/home/atvpi/ros2_ws/install/transformer_controller/bin'
[12.954s] INFO:colcon.colcon_core.shell:Creating package script '/home/atvpi/ros2_ws/install/transformer_controller/share/transformer_controller/package.ps1'
[12.955s] INFO:colcon.colcon_core.shell:Creating package descriptor '/home/atvpi/ros2_ws/install/transformer_controller/share/transformer_controller/package.dsv'
[12.957s] INFO:colcon.colcon_core.shell:Creating package script '/home/atvpi/ros2_ws/install/transformer_controller/share/transformer_controller/package.sh'
[12.958s] INFO:colcon.colcon_core.shell:Creating package script '/home/atvpi/ros2_ws/install/transformer_controller/share/transformer_controller/package.bash'
[12.960s] INFO:colcon.colcon_core.shell:Creating package script '/home/atvpi/ros2_ws/install/transformer_controller/share/transformer_controller/package.zsh'
[12.961s] Level 1:colcon.colcon_core.environment:create_file_with_runtime_dependencies(/home/atvpi/ros2_ws/install/transformer_controller/share/colcon-core/packages/transformer_controller)
[12.963s] Level 1:colcon.colcon_core.environment:create_environment_scripts_only(transformer_controller)
[12.964s] Level 1:colcon.colcon_core.environment:checking '/home/atvpi/ros2_ws/install/transformer_controller' for CMake module files
[12.965s] Level 1:colcon.colcon_core.environment:checking '/home/atvpi/ros2_ws/install/transformer_controller' for CMake config files
[12.966s] Level 1:colcon.colcon_core.shell:create_environment_hook('transformer_controller', 'cmake_prefix_path')
[12.966s] INFO:colcon.colcon_core.shell:Creating environment hook '/home/atvpi/ros2_ws/install/transformer_controller/share/transformer_controller/hook/cmake_prefix_path.ps1'
[12.966s] INFO:colcon.colcon_core.shell:Creating environment descriptor '/home/atvpi/ros2_ws/install/transformer_controller/share/transformer_controller/hook/cmake_prefix_path.dsv'
[12.968s] INFO:colcon.colcon_core.shell:Creating environment hook '/home/atvpi/ros2_ws/install/transformer_controller/share/transformer_controller/hook/cmake_prefix_path.sh'
[12.970s] Level 1:colcon.colcon_core.environment:checking '/home/atvpi/ros2_ws/install/transformer_controller/lib'
[12.970s] Level 1:colcon.colcon_core.shell:create_environment_hook('transformer_controller', 'ld_library_path_lib')
[12.970s] INFO:colcon.colcon_core.shell:Creating environment hook '/home/atvpi/ros2_ws/install/transformer_controller/share/transformer_controller/hook/ld_library_path_lib.ps1'
[12.971s] INFO:colcon.colcon_core.shell:Creating environment descriptor '/home/atvpi/ros2_ws/install/transformer_controller/share/transformer_controller/hook/ld_library_path_lib.dsv'
[12.973s] INFO:colcon.colcon_core.shell:Creating environment hook '/home/atvpi/ros2_ws/install/transformer_controller/share/transformer_controller/hook/ld_library_path_lib.sh'
[12.974s] Level 1:colcon.colcon_core.environment:checking '/home/atvpi/ros2_ws/install/transformer_controller/bin'
[12.975s] Level 1:colcon.colcon_core.environment:checking '/home/atvpi/ros2_ws/install/transformer_controller/lib/pkgconfig/transformer_controller.pc'
[12.975s] Level 1:colcon.colcon_core.environment:checking '/home/atvpi/ros2_ws/install/transformer_controller/lib/python3.12/site-packages'
[12.975s] Level 1:colcon.colcon_core.shell:create_environment_hook('transformer_controller', 'pythonpath')
[12.975s] INFO:colcon.colcon_core.shell:Creating environment hook '/home/atvpi/ros2_ws/install/transformer_controller/share/transformer_controller/hook/pythonpath.ps1'
[12.976s] INFO:colcon.colcon_core.shell:Creating environment descriptor '/home/atvpi/ros2_ws/install/transformer_controller/share/transformer_controller/hook/pythonpath.dsv'
[12.978s] INFO:colcon.colcon_core.shell:Creating environment hook '/home/atvpi/ros2_ws/install/transformer_controller/share/transformer_controller/hook/pythonpath.sh'
[12.979s] Level 1:colcon.colcon_core.environment:checking '/home/atvpi/ros2_ws/install/transformer_controller/bin'
[12.980s] INFO:colcon.colcon_core.shell:Creating package script '/home/atvpi/ros2_ws/install/transformer_controller/share/transformer_controller/package.ps1'
[12.981s] INFO:colcon.colcon_core.shell:Creating package descriptor '/home/atvpi/ros2_ws/install/transformer_controller/share/transformer_controller/package.dsv'
[12.982s] INFO:colcon.colcon_core.shell:Creating package script '/home/atvpi/ros2_ws/install/transformer_controller/share/transformer_controller/package.sh'
[12.983s] INFO:colcon.colcon_core.shell:Creating package script '/home/atvpi/ros2_ws/install/transformer_controller/share/transformer_controller/package.bash'
[12.985s] INFO:colcon.colcon_core.shell:Creating package script '/home/atvpi/ros2_ws/install/transformer_controller/share/transformer_controller/package.zsh'
[12.987s] Level 1:colcon.colcon_core.environment:create_file_with_runtime_dependencies(/home/atvpi/ros2_ws/install/transformer_controller/share/colcon-core/packages/transformer_controller)
[12.988s] INFO:colcon.colcon_ros.task.ament_cmake.build:Building ROS package in '/home/atvpi/ros2_ws/src/transformer_rc_mode_switch' with build type 'ament_cmake'
[12.988s] INFO:colcon.colcon_cmake.task.cmake.build:Building CMake package in '/home/atvpi/ros2_ws/src/transformer_rc_mode_switch'
[12.989s] INFO:colcon.colcon_core.shell:Skip shell extension 'powershell' for command environment: Not usable outside of PowerShell
[12.989s] DEBUG:colcon.colcon_core.shell:Skip shell extension 'dsv' for command environment
[13.019s] DEBUG:colcon.colcon_core.event_handler.log_command:Invoking command in '/home/atvpi/ros2_ws/build/transformer_rc_mode_switch': CMAKE_PREFIX_PATH=/home/atvpi/ros2_ws/install/transformer_controller:/home/atvpi/ros2_ws/install/transformer_hw_servos:/home/atvpi/ros2_ws/install/transformer_hw_actuators:/home/atvpi/ros2_ws/install/wheeltec_n100_imu:/home/atvpi/ros2_ws/install/transformer_bringup:/home/atvpi/ros2_ws/install/transformer_rc_mode_switch:/home/atvpi/ros2_ws/install/transformer_msp_bridge:/home/atvpi/ros2_ws/install/serial:/opt/ros/jazzy LD_LIBRARY_PATH=/home/atvpi/ros2_ws/install/transformer_controller/lib:/home/atvpi/ros2_ws/install/transformer_hw_servos/lib:/home/atvpi/ros2_ws/install/transformer_hw_actuators/lib:/home/atvpi/ros2_ws/install/transformer_msp_bridge/lib:/home/atvpi/ros2_ws/install/serial/lib:/opt/ros/jazzy/lib/aarch64-linux-gnu:/opt/ros/jazzy/lib PYTHONPATH=/home/atvpi/ros2_ws/install/transformer_controller/lib/python3.12/site-packages:/home/atvpi/ros2_ws/install/transformer_hw_servos/lib/python3.12/site-packages:/home/atvpi/ros2_ws/install/transformer_hw_actuators/lib/python3.12/site-packages:/home/atvpi/ros2_ws/install/transformer_msp_bridge/lib/python3.12/site-packages:/opt/ros/jazzy/lib/python3.12/site-packages /usr/bin/cmake --build /home/atvpi/ros2_ws/build/transformer_rc_mode_switch -- -j4 -l4
[13.195s] DEBUG:colcon.colcon_core.event_handler.log_command:Invoked command in '/home/atvpi/ros2_ws/build/transformer_rc_mode_switch' returned '0': CMAKE_PREFIX_PATH=/home/atvpi/ros2_ws/install/transformer_controller:/home/atvpi/ros2_ws/install/transformer_hw_servos:/home/atvpi/ros2_ws/install/transformer_hw_actuators:/home/atvpi/ros2_ws/install/wheeltec_n100_imu:/home/atvpi/ros2_ws/install/transformer_bringup:/home/atvpi/ros2_ws/install/transformer_rc_mode_switch:/home/atvpi/ros2_ws/install/transformer_msp_bridge:/home/atvpi/ros2_ws/install/serial:/opt/ros/jazzy LD_LIBRARY_PATH=/home/atvpi/ros2_ws/install/transformer_controller/lib:/home/atvpi/ros2_ws/install/transformer_hw_servos/lib:/home/atvpi/ros2_ws/install/transformer_hw_actuators/lib:/home/atvpi/ros2_ws/install/transformer_msp_bridge/lib:/home/atvpi/ros2_ws/install/serial/lib:/opt/ros/jazzy/lib/aarch64-linux-gnu:/opt/ros/jazzy/lib PYTHONPATH=/home/atvpi/ros2_ws/install/transformer_controller/lib/python3.12/site-packages:/home/atvpi/ros2_ws/install/transformer_hw_servos/lib/python3.12/site-packages:/home/atvpi/ros2_ws/install/transformer_hw_actuators/lib/python3.12/site-packages:/home/atvpi/ros2_ws/install/transformer_msp_bridge/lib/python3.12/site-packages:/opt/ros/jazzy/lib/python3.12/site-packages /usr/bin/cmake --build /home/atvpi/ros2_ws/build/transformer_rc_mode_switch -- -j4 -l4
[13.196s] DEBUG:colcon.colcon_core.event_handler.log_command:Invoking command in '/home/atvpi/ros2_ws/build/transformer_rc_mode_switch': CMAKE_PREFIX_PATH=/home/atvpi/ros2_ws/install/transformer_controller:/home/atvpi/ros2_ws/install/transformer_hw_servos:/home/atvpi/ros2_ws/install/transformer_hw_actuators:/home/atvpi/ros2_ws/install/wheeltec_n100_imu:/home/atvpi/ros2_ws/install/transformer_bringup:/home/atvpi/ros2_ws/install/transformer_rc_mode_switch:/home/atvpi/ros2_ws/install/transformer_msp_bridge:/home/atvpi/ros2_ws/install/serial:/opt/ros/jazzy LD_LIBRARY_PATH=/home/atvpi/ros2_ws/install/transformer_controller/lib:/home/atvpi/ros2_ws/install/transformer_hw_servos/lib:/home/atvpi/ros2_ws/install/transformer_hw_actuators/lib:/home/atvpi/ros2_ws/install/transformer_msp_bridge/lib:/home/atvpi/ros2_ws/install/serial/lib:/opt/ros/jazzy/lib/aarch64-linux-gnu:/opt/ros/jazzy/lib PYTHONPATH=/home/atvpi/ros2_ws/install/transformer_controller/lib/python3.12/site-packages:/home/atvpi/ros2_ws/install/transformer_hw_servos/lib/python3.12/site-packages:/home/atvpi/ros2_ws/install/transformer_hw_actuators/lib/python3.12/site-packages:/home/atvpi/ros2_ws/install/transformer_msp_bridge/lib/python3.12/site-packages:/opt/ros/jazzy/lib/python3.12/site-packages /usr/bin/cmake --install /home/atvpi/ros2_ws/build/transformer_rc_mode_switch
[13.225s] Level 1:colcon.colcon_core.environment:create_environment_scripts_only(transformer_rc_mode_switch)
[13.226s] Level 1:colcon.colcon_core.environment:checking '/home/atvpi/ros2_ws/install/transformer_rc_mode_switch' for CMake module files
[13.230s] DEBUG:colcon.colcon_core.event_handler.log_command:Invoked command in '/home/atvpi/ros2_ws/build/transformer_rc_mode_switch' returned '0': CMAKE_PREFIX_PATH=/home/atvpi/ros2_ws/install/transformer_controller:/home/atvpi/ros2_ws/install/transformer_hw_servos:/home/atvpi/ros2_ws/install/transformer_hw_actuators:/home/atvpi/ros2_ws/install/wheeltec_n100_imu:/home/atvpi/ros2_ws/install/transformer_bringup:/home/atvpi/ros2_ws/install/transformer_rc_mode_switch:/home/atvpi/ros2_ws/install/transformer_msp_bridge:/home/atvpi/ros2_ws/install/serial:/opt/ros/jazzy LD_LIBRARY_PATH=/home/atvpi/ros2_ws/install/transformer_controller/lib:/home/atvpi/ros2_ws/install/transformer_hw_servos/lib:/home/atvpi/ros2_ws/install/transformer_hw_actuators/lib:/home/atvpi/ros2_ws/install/transformer_msp_bridge/lib:/home/atvpi/ros2_ws/install/serial/lib:/opt/ros/jazzy/lib/aarch64-linux-gnu:/opt/ros/jazzy/lib PYTHONPATH=/home/atvpi/ros2_ws/install/transformer_controller/lib/python3.12/site-packages:/home/atvpi/ros2_ws/install/transformer_hw_servos/lib/python3.12/site-packages:/home/atvpi/ros2_ws/install/transformer_hw_actuators/lib/python3.12/site-packages:/home/atvpi/ros2_ws/install/transformer_msp_bridge/lib/python3.12/site-packages:/opt/ros/jazzy/lib/python3.12/site-packages /usr/bin/cmake --install /home/atvpi/ros2_ws/build/transformer_rc_mode_switch
[13.231s] Level 1:colcon.colcon_core.environment:checking '/home/atvpi/ros2_ws/install/transformer_rc_mode_switch' for CMake config files
[13.231s] Level 1:colcon.colcon_core.shell:create_environment_hook('transformer_rc_mode_switch', 'cmake_prefix_path')
[13.232s] INFO:colcon.colcon_core.shell:Creating environment hook '/home/atvpi/ros2_ws/install/transformer_rc_mode_switch/share/transformer_rc_mode_switch/hook/cmake_prefix_path.ps1'
[13.235s] INFO:colcon.colcon_core.shell:Creating environment descriptor '/home/atvpi/ros2_ws/install/transformer_rc_mode_switch/share/transformer_rc_mode_switch/hook/cmake_prefix_path.dsv'
[13.236s] INFO:colcon.colcon_core.shell:Creating environment hook '/home/atvpi/ros2_ws/install/transformer_rc_mode_switch/share/transformer_rc_mode_switch/hook/cmake_prefix_path.sh'
[13.239s] Level 1:colcon.colcon_core.environment:checking '/home/atvpi/ros2_ws/install/transformer_rc_mode_switch/lib'
[13.240s] Level 1:colcon.colcon_core.environment:checking '/home/atvpi/ros2_ws/install/transformer_rc_mode_switch/bin'
[13.240s] Level 1:colcon.colcon_core.environment:checking '/home/atvpi/ros2_ws/install/transformer_rc_mode_switch/lib/pkgconfig/transformer_rc_mode_switch.pc'
[13.241s] Level 1:colcon.colcon_core.environment:checking '/home/atvpi/ros2_ws/install/transformer_rc_mode_switch/lib/python3.12/site-packages'
[13.241s] Level 1:colcon.colcon_core.environment:checking '/home/atvpi/ros2_ws/install/transformer_rc_mode_switch/bin'
[13.242s] INFO:colcon.colcon_core.shell:Creating package script '/home/atvpi/ros2_ws/install/transformer_rc_mode_switch/share/transformer_rc_mode_switch/package.ps1'
[13.243s] INFO:colcon.colcon_core.shell:Creating package descriptor '/home/atvpi/ros2_ws/install/transformer_rc_mode_switch/share/transformer_rc_mode_switch/package.dsv'
[13.245s] INFO:colcon.colcon_core.shell:Creating package script '/home/atvpi/ros2_ws/install/transformer_rc_mode_switch/share/transformer_rc_mode_switch/package.sh'
[13.249s] INFO:colcon.colcon_core.shell:Creating package script '/home/atvpi/ros2_ws/install/transformer_rc_mode_switch/share/transformer_rc_mode_switch/package.bash'
[13.251s] INFO:colcon.colcon_core.shell:Creating package script '/home/atvpi/ros2_ws/install/transformer_rc_mode_switch/share/transformer_rc_mode_switch/package.zsh'
[13.252s] Level 1:colcon.colcon_core.environment:create_file_with_runtime_dependencies(/home/atvpi/ros2_ws/install/transformer_rc_mode_switch/share/colcon-core/packages/transformer_rc_mode_switch)
[13.255s] Level 1:colcon.colcon_core.environment:create_environment_scripts_only(transformer_rc_mode_switch)
[13.255s] Level 1:colcon.colcon_core.environment:checking '/home/atvpi/ros2_ws/install/transformer_rc_mode_switch' for CMake module files
[13.256s] Level 1:colcon.colcon_core.environment:checking '/home/atvpi/ros2_ws/install/transformer_rc_mode_switch' for CMake config files
[13.257s] Level 1:colcon.colcon_core.shell:create_environment_hook('transformer_rc_mode_switch', 'cmake_prefix_path')
[13.257s] INFO:colcon.colcon_core.shell:Creating environment hook '/home/atvpi/ros2_ws/install/transformer_rc_mode_switch/share/transformer_rc_mode_switch/hook/cmake_prefix_path.ps1'
[13.260s] INFO:colcon.colcon_core.shell:Creating environment descriptor '/home/atvpi/ros2_ws/install/transformer_rc_mode_switch/share/transformer_rc_mode_switch/hook/cmake_prefix_path.dsv'
[13.261s] INFO:colcon.colcon_core.shell:Creating environment hook '/home/atvpi/ros2_ws/install/transformer_rc_mode_switch/share/transformer_rc_mode_switch/hook/cmake_prefix_path.sh'
[13.262s] Level 1:colcon.colcon_core.environment:checking '/home/atvpi/ros2_ws/install/transformer_rc_mode_switch/lib'
[13.263s] Level 1:colcon.colcon_core.environment:checking '/home/atvpi/ros2_ws/install/transformer_rc_mode_switch/bin'
[13.263s] Level 1:colcon.colcon_core.environment:checking '/home/atvpi/ros2_ws/install/transformer_rc_mode_switch/lib/pkgconfig/transformer_rc_mode_switch.pc'
[13.264s] Level 1:colcon.colcon_core.environment:checking '/home/atvpi/ros2_ws/install/transformer_rc_mode_switch/lib/python3.12/site-packages'
[13.264s] Level 1:colcon.colcon_core.environment:checking '/home/atvpi/ros2_ws/install/transformer_rc_mode_switch/bin'
[13.264s] INFO:colcon.colcon_core.shell:Creating package script '/home/atvpi/ros2_ws/install/transformer_rc_mode_switch/share/transformer_rc_mode_switch/package.ps1'
[13.266s] INFO:colcon.colcon_core.shell:Creating package descriptor '/home/atvpi/ros2_ws/install/transformer_rc_mode_switch/share/transformer_rc_mode_switch/package.dsv'
[13.268s] INFO:colcon.colcon_core.shell:Creating package script '/home/atvpi/ros2_ws/install/transformer_rc_mode_switch/share/transformer_rc_mode_switch/package.sh'
[13.270s] INFO:colcon.colcon_core.shell:Creating package script '/home/atvpi/ros2_ws/install/transformer_rc_mode_switch/share/transformer_rc_mode_switch/package.bash'
[13.272s] INFO:colcon.colcon_core.shell:Creating package script '/home/atvpi/ros2_ws/install/transformer_rc_mode_switch/share/transformer_rc_mode_switch/package.zsh'
[13.274s] Level 1:colcon.colcon_core.environment:create_file_with_runtime_dependencies(/home/atvpi/ros2_ws/install/transformer_rc_mode_switch/share/colcon-core/packages/transformer_rc_mode_switch)
[13.277s] INFO:colcon.colcon_ros.task.ament_cmake.build:Building ROS package in '/home/atvpi/ros2_ws/src/transformer_bringup' with build type 'ament_cmake'
[13.277s] INFO:colcon.colcon_cmake.task.cmake.build:Building CMake package in '/home/atvpi/ros2_ws/src/transformer_bringup'
[13.278s] INFO:colcon.colcon_core.shell:Skip shell extension 'powershell' for command environment: Not usable outside of PowerShell
[13.278s] DEBUG:colcon.colcon_core.shell:Skip shell extension 'dsv' for command environment
[13.346s] DEBUG:colcon.colcon_core.event_handler.log_command:Invoking command in '/home/atvpi/ros2_ws/build/transformer_bringup': CMAKE_PREFIX_PATH=/home/atvpi/ros2_ws/install/transformer_rc_mode_switch:/home/atvpi/ros2_ws/install/transformer_controller:/home/atvpi/ros2_ws/install/transformer_msp_bridge:/home/atvpi/ros2_ws/install/transformer_hw_servos:/home/atvpi/ros2_ws/install/transformer_hw_actuators:/home/atvpi/ros2_ws/install/wheeltec_n100_imu:/home/atvpi/ros2_ws/install/transformer_bringup:/home/atvpi/ros2_ws/install/serial:/opt/ros/jazzy LD_LIBRARY_PATH=/home/atvpi/ros2_ws/install/transformer_controller/lib:/home/atvpi/ros2_ws/install/transformer_msp_bridge/lib:/home/atvpi/ros2_ws/install/transformer_hw_servos/lib:/home/atvpi/ros2_ws/install/transformer_hw_actuators/lib:/home/atvpi/ros2_ws/install/serial/lib:/opt/ros/jazzy/lib/aarch64-linux-gnu:/opt/ros/jazzy/lib PYTHONPATH=/home/atvpi/ros2_ws/install/transformer_controller/lib/python3.12/site-packages:/home/atvpi/ros2_ws/install/transformer_msp_bridge/lib/python3.12/site-packages:/home/atvpi/ros2_ws/install/transformer_hw_servos/lib/python3.12/site-packages:/home/atvpi/ros2_ws/install/transformer_hw_actuators/lib/python3.12/site-packages:/opt/ros/jazzy/lib/python3.12/site-packages /usr/bin/cmake --build /home/atvpi/ros2_ws/build/transformer_bringup -- -j4 -l4
[13.433s] DEBUG:colcon.colcon_core.event_handler.log_command:Invoked command in '/home/atvpi/ros2_ws/build/transformer_bringup' returned '0': CMAKE_PREFIX_PATH=/home/atvpi/ros2_ws/install/transformer_rc_mode_switch:/home/atvpi/ros2_ws/install/transformer_controller:/home/atvpi/ros2_ws/install/transformer_msp_bridge:/home/atvpi/ros2_ws/install/transformer_hw_servos:/home/atvpi/ros2_ws/install/transformer_hw_actuators:/home/atvpi/ros2_ws/install/wheeltec_n100_imu:/home/atvpi/ros2_ws/install/transformer_bringup:/home/atvpi/ros2_ws/install/serial:/opt/ros/jazzy LD_LIBRARY_PATH=/home/atvpi/ros2_ws/install/transformer_controller/lib:/home/atvpi/ros2_ws/install/transformer_msp_bridge/lib:/home/atvpi/ros2_ws/install/transformer_hw_servos/lib:/home/atvpi/ros2_ws/install/transformer_hw_actuators/lib:/home/atvpi/ros2_ws/install/serial/lib:/opt/ros/jazzy/lib/aarch64-linux-gnu:/opt/ros/jazzy/lib PYTHONPATH=/home/atvpi/ros2_ws/install/transformer_controller/lib/python3.12/site-packages:/home/atvpi/ros2_ws/install/transformer_msp_bridge/lib/python3.12/site-packages:/home/atvpi/ros2_ws/install/transformer_hw_servos/lib/python3.12/site-packages:/home/atvpi/ros2_ws/install/transformer_hw_actuators/lib/python3.12/site-packages:/opt/ros/jazzy/lib/python3.12/site-packages /usr/bin/cmake --build /home/atvpi/ros2_ws/build/transformer_bringup -- -j4 -l4
[13.437s] DEBUG:colcon.colcon_core.event_handler.log_command:Invoking command in '/home/atvpi/ros2_ws/build/transformer_bringup': CMAKE_PREFIX_PATH=/home/atvpi/ros2_ws/install/transformer_rc_mode_switch:/home/atvpi/ros2_ws/install/transformer_controller:/home/atvpi/ros2_ws/install/transformer_msp_bridge:/home/atvpi/ros2_ws/install/transformer_hw_servos:/home/atvpi/ros2_ws/install/transformer_hw_actuators:/home/atvpi/ros2_ws/install/wheeltec_n100_imu:/home/atvpi/ros2_ws/install/transformer_bringup:/home/atvpi/ros2_ws/install/serial:/opt/ros/jazzy LD_LIBRARY_PATH=/home/atvpi/ros2_ws/install/transformer_controller/lib:/home/atvpi/ros2_ws/install/transformer_msp_bridge/lib:/home/atvpi/ros2_ws/install/transformer_hw_servos/lib:/home/atvpi/ros2_ws/install/transformer_hw_actuators/lib:/home/atvpi/ros2_ws/install/serial/lib:/opt/ros/jazzy/lib/aarch64-linux-gnu:/opt/ros/jazzy/lib PYTHONPATH=/home/atvpi/ros2_ws/install/transformer_controller/lib/python3.12/site-packages:/home/atvpi/ros2_ws/install/transformer_msp_bridge/lib/python3.12/site-packages:/home/atvpi/ros2_ws/install/transformer_hw_servos/lib/python3.12/site-packages:/home/atvpi/ros2_ws/install/transformer_hw_actuators/lib/python3.12/site-packages:/opt/ros/jazzy/lib/python3.12/site-packages /usr/bin/cmake --install /home/atvpi/ros2_ws/build/transformer_bringup
[13.458s] Level 1:colcon.colcon_core.environment:create_environment_scripts_only(transformer_bringup)
[13.458s] Level 1:colcon.colcon_core.environment:checking '/home/atvpi/ros2_ws/install/transformer_bringup' for CMake module files
[13.459s] DEBUG:colcon.colcon_core.event_handler.log_command:Invoked command in '/home/atvpi/ros2_ws/build/transformer_bringup' returned '0': CMAKE_PREFIX_PATH=/home/atvpi/ros2_ws/install/transformer_rc_mode_switch:/home/atvpi/ros2_ws/install/transformer_controller:/home/atvpi/ros2_ws/install/transformer_msp_bridge:/home/atvpi/ros2_ws/install/transformer_hw_servos:/home/atvpi/ros2_ws/install/transformer_hw_actuators:/home/atvpi/ros2_ws/install/wheeltec_n100_imu:/home/atvpi/ros2_ws/install/transformer_bringup:/home/atvpi/ros2_ws/install/serial:/opt/ros/jazzy LD_LIBRARY_PATH=/home/atvpi/ros2_ws/install/transformer_controller/lib:/home/atvpi/ros2_ws/install/transformer_msp_bridge/lib:/home/atvpi/ros2_ws/install/transformer_hw_servos/lib:/home/atvpi/ros2_ws/install/transformer_hw_actuators/lib:/home/atvpi/ros2_ws/install/serial/lib:/opt/ros/jazzy/lib/aarch64-linux-gnu:/opt/ros/jazzy/lib PYTHONPATH=/home/atvpi/ros2_ws/install/transformer_controller/lib/python3.12/site-packages:/home/atvpi/ros2_ws/install/transformer_msp_bridge/lib/python3.12/site-packages:/home/atvpi/ros2_ws/install/transformer_hw_servos/lib/python3.12/site-packages:/home/atvpi/ros2_ws/install/transformer_hw_actuators/lib/python3.12/site-packages:/opt/ros/jazzy/lib/python3.12/site-packages /usr/bin/cmake --install /home/atvpi/ros2_ws/build/transformer_bringup
[13.460s] Level 1:colcon.colcon_core.environment:checking '/home/atvpi/ros2_ws/install/transformer_bringup' for CMake config files
[13.460s] Level 1:colcon.colcon_core.shell:create_environment_hook('transformer_bringup', 'cmake_prefix_path')
[13.460s] INFO:colcon.colcon_core.shell:Creating environment hook '/home/atvpi/ros2_ws/install/transformer_bringup/share/transformer_bringup/hook/cmake_prefix_path.ps1'
[13.461s] INFO:colcon.colcon_core.shell:Creating environment descriptor '/home/atvpi/ros2_ws/install/transformer_bringup/share/transformer_bringup/hook/cmake_prefix_path.dsv'
[13.462s] INFO:colcon.colcon_core.shell:Creating environment hook '/home/atvpi/ros2_ws/install/transformer_bringup/share/transformer_bringup/hook/cmake_prefix_path.sh'
[13.463s] Level 1:colcon.colcon_core.environment:checking '/home/atvpi/ros2_ws/install/transformer_bringup/bin'
[13.463s] Level 1:colcon.colcon_core.environment:checking '/home/atvpi/ros2_ws/install/transformer_bringup/lib/pkgconfig/transformer_bringup.pc'
[13.464s] Level 1:colcon.colcon_core.environment:checking '/home/atvpi/ros2_ws/install/transformer_bringup/lib/python3.12/site-packages'
[13.464s] Level 1:colcon.colcon_core.environment:checking '/home/atvpi/ros2_ws/install/transformer_bringup/bin'
[13.464s] INFO:colcon.colcon_core.shell:Creating package script '/home/atvpi/ros2_ws/install/transformer_bringup/share/transformer_bringup/package.ps1'
[13.465s] INFO:colcon.colcon_core.shell:Creating package descriptor '/home/atvpi/ros2_ws/install/transformer_bringup/share/transformer_bringup/package.dsv'
[13.466s] INFO:colcon.colcon_core.shell:Creating package script '/home/atvpi/ros2_ws/install/transformer_bringup/share/transformer_bringup/package.sh'
[13.469s] INFO:colcon.colcon_core.shell:Creating package script '/home/atvpi/ros2_ws/install/transformer_bringup/share/transformer_bringup/package.bash'
[13.470s] INFO:colcon.colcon_core.shell:Creating package script '/home/atvpi/ros2_ws/install/transformer_bringup/share/transformer_bringup/package.zsh'
[13.471s] Level 1:colcon.colcon_core.environment:create_file_with_runtime_dependencies(/home/atvpi/ros2_ws/install/transformer_bringup/share/colcon-core/packages/transformer_bringup)
[13.472s] Level 1:colcon.colcon_core.environment:create_environment_scripts_only(transformer_bringup)
[13.472s] Level 1:colcon.colcon_core.environment:checking '/home/atvpi/ros2_ws/install/transformer_bringup' for CMake module files
[13.473s] Level 1:colcon.colcon_core.environment:checking '/home/atvpi/ros2_ws/install/transformer_bringup' for CMake config files
[13.473s] Level 1:colcon.colcon_core.shell:create_environment_hook('transformer_bringup', 'cmake_prefix_path')
[13.473s] INFO:colcon.colcon_core.shell:Creating environment hook '/home/atvpi/ros2_ws/install/transformer_bringup/share/transformer_bringup/hook/cmake_prefix_path.ps1'
[13.474s] INFO:colcon.colcon_core.shell:Creating environment descriptor '/home/atvpi/ros2_ws/install/transformer_bringup/share/transformer_bringup/hook/cmake_prefix_path.dsv'
[13.477s] INFO:colcon.colcon_core.shell:Creating environment hook '/home/atvpi/ros2_ws/install/transformer_bringup/share/transformer_bringup/hook/cmake_prefix_path.sh'
[13.479s] Level 1:colcon.colcon_core.environment:checking '/home/atvpi/ros2_ws/install/transformer_bringup/bin'
[13.479s] Level 1:colcon.colcon_core.environment:checking '/home/atvpi/ros2_ws/install/transformer_bringup/lib/pkgconfig/transformer_bringup.pc'
[13.479s] Level 1:colcon.colcon_core.environment:checking '/home/atvpi/ros2_ws/install/transformer_bringup/lib/python3.12/site-packages'
[13.479s] Level 1:colcon.colcon_core.environment:checking '/home/atvpi/ros2_ws/install/transformer_bringup/bin'
[13.480s] INFO:colcon.colcon_core.shell:Creating package script '/home/atvpi/ros2_ws/install/transformer_bringup/share/transformer_bringup/package.ps1'
[13.481s] INFO:colcon.colcon_core.shell:Creating package descriptor '/home/atvpi/ros2_ws/install/transformer_bringup/share/transformer_bringup/package.dsv'
[13.482s] INFO:colcon.colcon_core.shell:Creating package script '/home/atvpi/ros2_ws/install/transformer_bringup/share/transformer_bringup/package.sh'
[13.490s] INFO:colcon.colcon_core.shell:Creating package script '/home/atvpi/ros2_ws/install/transformer_bringup/share/transformer_bringup/package.bash'
[13.491s] INFO:colcon.colcon_core.shell:Creating package script '/home/atvpi/ros2_ws/install/transformer_bringup/share/transformer_bringup/package.zsh'
[13.493s] Level 1:colcon.colcon_core.environment:create_file_with_runtime_dependencies(/home/atvpi/ros2_ws/install/transformer_bringup/share/colcon-core/packages/transformer_bringup)
[13.495s] DEBUG:colcon.colcon_parallel_executor.executor.parallel:closing loop
[13.495s] DEBUG:colcon.colcon_parallel_executor.executor.parallel:loop closed
[13.495s] DEBUG:colcon.colcon_parallel_executor.executor.parallel:run_until_complete finished with '0'
[13.496s] DEBUG:colcon.colcon_core.event_reactor:joining thread
[13.510s] INFO:colcon.colcon_core.plugin_system:Skipping extension 'colcon_notification.desktop_notification.notify_send': Could not find 'notify-send'
[13.510s] INFO:colcon.colcon_core.plugin_system:Skipping extension 'colcon_notification.desktop_notification.terminal_notifier': Not used on non-Darwin systems
[13.510s] INFO:colcon.colcon_core.plugin_system:Skipping extension 'colcon_notification.desktop_notification.win32': Not used on non-Windows systems
[13.510s] INFO:colcon.colcon_notification.desktop_notification:Sending desktop notification using 'notify2'
[13.512s] DEBUG:colcon.colcon_notification.desktop_notification.notify2:Failed to initialize notify2: org.freedesktop.DBus.Error.ServiceUnknown: The name org.freedesktop.Notifications was not provided by any .service files
[13.512s] DEBUG:colcon.colcon_core.event_reactor:joined thread
[13.512s] INFO:colcon.colcon_core.shell:Creating prefix script '/home/atvpi/ros2_ws/install/local_setup.ps1'
[13.514s] INFO:colcon.colcon_core.shell:Creating prefix util module '/home/atvpi/ros2_ws/install/_local_setup_util_ps1.py'
[13.515s] INFO:colcon.colcon_core.shell:Creating prefix chain script '/home/atvpi/ros2_ws/install/setup.ps1'
[13.518s] INFO:colcon.colcon_core.shell:Creating prefix script '/home/atvpi/ros2_ws/install/local_setup.sh'
[13.520s] INFO:colcon.colcon_core.shell:Creating prefix util module '/home/atvpi/ros2_ws/install/_local_setup_util_sh.py'
[13.522s] INFO:colcon.colcon_core.shell:Creating prefix chain script '/home/atvpi/ros2_ws/install/setup.sh'
[13.525s] INFO:colcon.colcon_core.shell:Creating prefix script '/home/atvpi/ros2_ws/install/local_setup.bash'
[13.527s] INFO:colcon.colcon_core.shell:Creating prefix chain script '/home/atvpi/ros2_ws/install/setup.bash'
[13.529s] INFO:colcon.colcon_core.shell:Creating prefix script '/home/atvpi/ros2_ws/install/local_setup.zsh'
[13.531s] INFO:colcon.colcon_core.shell:Creating prefix chain script '/home/atvpi/ros2_ws/install/setup.zsh'
