[0.026s] Invoking command in '/home/atvpi/ros2_ws/build/transformer_rc_mode_switch': CMAKE_PREFIX_PATH=/home/atvpi/ros2_ws/install/transformer_controller:/home/atvpi/ros2_ws/install/transformer_hw_servos:/home/atvpi/ros2_ws/install/transformer_hw_actuators:/home/atvpi/ros2_ws/install/wheeltec_n100_imu:/home/atvpi/ros2_ws/install/transformer_bringup:/home/atvpi/ros2_ws/install/transformer_msp_bridge:/home/atvpi/ros2_ws/install/serial LD_LIBRARY_PATH=/home/atvpi/ros2_ws/install/transformer_controller/lib:/home/atvpi/ros2_ws/install/transformer_hw_servos/lib:/home/atvpi/ros2_ws/install/transformer_hw_actuators/lib:/home/atvpi/ros2_ws/install/transformer_msp_bridge/lib:/home/atvpi/ros2_ws/install/serial/lib:/opt/ros/jazzy/lib/aarch64-linux-gnu:/opt/ros/jazzy/lib PYTHONPATH=/home/atvpi/ros2_ws/install/transformer_controller/lib/python3.12/site-packages:/home/atvpi/ros2_ws/install/transformer_hw_servos/lib/python3.12/site-packages:/home/atvpi/ros2_ws/install/transformer_hw_actuators/lib/python3.12/site-packages:/home/atvpi/ros2_ws/install/transformer_msp_bridge/lib/python3.12/site-packages:/opt/ros/jazzy/lib/python3.12/site-packages /usr/bin/cmake /home/atvpi/ros2_ws/src/transformer_rc_mode_switch -DCATKIN_INSTALL_INTO_PREFIX_ROOT=0 -DCMAKE_INSTALL_PREFIX=/home/atvpi/ros2_ws/install/transformer_rc_mode_switch
[0.349s] -- The C compiler identification is GNU 13.3.0
[0.620s] -- The CXX compiler identification is GNU 13.3.0
[0.660s] -- Detecting C compiler ABI info
[0.845s] -- Detecting C compiler ABI info - done
[0.861s] -- Check for working C compiler: /usr/bin/cc - skipped
[0.862s] -- Detecting C compile features
[0.863s] -- Detecting C compile features - done
[0.879s] -- Detecting CXX compiler ABI info
[1.069s] -- Detecting CXX compiler ABI info - done
[1.093s] -- Check for working CXX compiler: /usr/bin/c++ - skipped
[1.093s] -- Detecting CXX compile features
[1.094s] -- Detecting CXX compile features - done
[1.100s] -- Found ament_cmake: 2.5.4 (/opt/ros/jazzy/share/ament_cmake/cmake)
[1.346s] -- Found Python3: /usr/bin/python3 (found version "3.12.3") found components: Interpreter 
[1.552s] -- Found rclcpp: 28.1.12 (/opt/ros/jazzy/share/rclcpp/cmake)
[1.652s] -- Found rosidl_generator_c: 4.6.6 (/opt/ros/jazzy/share/rosidl_generator_c/cmake)
[1.681s] -- Found rosidl_generator_cpp: 4.6.6 (/opt/ros/jazzy/share/rosidl_generator_cpp/cmake)
[1.723s] -- Using all available rosidl_typesupport_c: rosidl_typesupport_fastrtps_c;rosidl_typesupport_introspection_c
[1.766s] -- Using all available rosidl_typesupport_cpp: rosidl_typesupport_fastrtps_cpp;rosidl_typesupport_introspection_cpp
[1.933s] -- Found rmw_implementation_cmake: 7.3.2 (/opt/ros/jazzy/share/rmw_implementation_cmake/cmake)
[1.941s] -- Found rmw_fastrtps_cpp: 8.4.3 (/opt/ros/jazzy/share/rmw_fastrtps_cpp/cmake)
[2.117s] -- Found OpenSSL: /usr/lib/aarch64-linux-gnu/libcrypto.so (found version "3.0.13")  
[2.145s] -- Found FastRTPS: /opt/ros/jazzy/include (Required is at least version "2.13") 
[2.183s] -- Using RMW implementation 'rmw_fastrtps_cpp' as default
[2.336s] -- Found rclcpp_action: 28.1.12 (/opt/ros/jazzy/share/rclcpp_action/cmake)
[2.456s] -- Found std_msgs: 5.3.6 (/opt/ros/jazzy/share/std_msgs/cmake)
[2.487s] -- Found transformer_controller: 0.0.1 (/home/atvpi/ros2_ws/install/transformer_controller/share/transformer_controller/cmake)
[2.693s] -- Configuring done (2.6s)
[2.716s] -- Generating done (0.0s)
[2.718s] [33mCMake Warning:
[2.718s]   Manually-specified variables were not used by the project:
[2.718s] 
[2.719s]     CATKIN_INSTALL_INTO_PREFIX_ROOT
[2.719s] 
[2.719s] [0m
[2.723s] -- Build files have been written to: /home/atvpi/ros2_ws/build/transformer_rc_mode_switch
[2.743s] Invoked command in '/home/atvpi/ros2_ws/build/transformer_rc_mode_switch' returned '0': CMAKE_PREFIX_PATH=/home/atvpi/ros2_ws/install/transformer_controller:/home/atvpi/ros2_ws/install/transformer_hw_servos:/home/atvpi/ros2_ws/install/transformer_hw_actuators:/home/atvpi/ros2_ws/install/wheeltec_n100_imu:/home/atvpi/ros2_ws/install/transformer_bringup:/home/atvpi/ros2_ws/install/transformer_msp_bridge:/home/atvpi/ros2_ws/install/serial LD_LIBRARY_PATH=/home/atvpi/ros2_ws/install/transformer_controller/lib:/home/atvpi/ros2_ws/install/transformer_hw_servos/lib:/home/atvpi/ros2_ws/install/transformer_hw_actuators/lib:/home/atvpi/ros2_ws/install/transformer_msp_bridge/lib:/home/atvpi/ros2_ws/install/serial/lib:/opt/ros/jazzy/lib/aarch64-linux-gnu:/opt/ros/jazzy/lib PYTHONPATH=/home/atvpi/ros2_ws/install/transformer_controller/lib/python3.12/site-packages:/home/atvpi/ros2_ws/install/transformer_hw_servos/lib/python3.12/site-packages:/home/atvpi/ros2_ws/install/transformer_hw_actuators/lib/python3.12/site-packages:/home/atvpi/ros2_ws/install/transformer_msp_bridge/lib/python3.12/site-packages:/opt/ros/jazzy/lib/python3.12/site-packages /usr/bin/cmake /home/atvpi/ros2_ws/src/transformer_rc_mode_switch -DCATKIN_INSTALL_INTO_PREFIX_ROOT=0 -DCMAKE_INSTALL_PREFIX=/home/atvpi/ros2_ws/install/transformer_rc_mode_switch
[2.746s] Invoking command in '/home/atvpi/ros2_ws/build/transformer_rc_mode_switch': CMAKE_PREFIX_PATH=/home/atvpi/ros2_ws/install/transformer_controller:/home/atvpi/ros2_ws/install/transformer_hw_servos:/home/atvpi/ros2_ws/install/transformer_hw_actuators:/home/atvpi/ros2_ws/install/wheeltec_n100_imu:/home/atvpi/ros2_ws/install/transformer_bringup:/home/atvpi/ros2_ws/install/transformer_msp_bridge:/home/atvpi/ros2_ws/install/serial LD_LIBRARY_PATH=/home/atvpi/ros2_ws/install/transformer_controller/lib:/home/atvpi/ros2_ws/install/transformer_hw_servos/lib:/home/atvpi/ros2_ws/install/transformer_hw_actuators/lib:/home/atvpi/ros2_ws/install/transformer_msp_bridge/lib:/home/atvpi/ros2_ws/install/serial/lib:/opt/ros/jazzy/lib/aarch64-linux-gnu:/opt/ros/jazzy/lib PYTHONPATH=/home/atvpi/ros2_ws/install/transformer_controller/lib/python3.12/site-packages:/home/atvpi/ros2_ws/install/transformer_hw_servos/lib/python3.12/site-packages:/home/atvpi/ros2_ws/install/transformer_hw_actuators/lib/python3.12/site-packages:/home/atvpi/ros2_ws/install/transformer_msp_bridge/lib/python3.12/site-packages:/opt/ros/jazzy/lib/python3.12/site-packages /usr/bin/cmake --build /home/atvpi/ros2_ws/build/transformer_rc_mode_switch -- -j4 -l4
[2.839s] [ 50%] [32mBuilding CXX object CMakeFiles/rc_mode_switch_node.dir/src/rc_mode_switch_node.cpp.o[0m
[16.649s] [100%] [32m[1mLinking CXX executable rc_mode_switch_node[0m
[17.593s] [100%] Built target rc_mode_switch_node
[17.615s] Invoked command in '/home/atvpi/ros2_ws/build/transformer_rc_mode_switch' returned '0': CMAKE_PREFIX_PATH=/home/atvpi/ros2_ws/install/transformer_controller:/home/atvpi/ros2_ws/install/transformer_hw_servos:/home/atvpi/ros2_ws/install/transformer_hw_actuators:/home/atvpi/ros2_ws/install/wheeltec_n100_imu:/home/atvpi/ros2_ws/install/transformer_bringup:/home/atvpi/ros2_ws/install/transformer_msp_bridge:/home/atvpi/ros2_ws/install/serial LD_LIBRARY_PATH=/home/atvpi/ros2_ws/install/transformer_controller/lib:/home/atvpi/ros2_ws/install/transformer_hw_servos/lib:/home/atvpi/ros2_ws/install/transformer_hw_actuators/lib:/home/atvpi/ros2_ws/install/transformer_msp_bridge/lib:/home/atvpi/ros2_ws/install/serial/lib:/opt/ros/jazzy/lib/aarch64-linux-gnu:/opt/ros/jazzy/lib PYTHONPATH=/home/atvpi/ros2_ws/install/transformer_controller/lib/python3.12/site-packages:/home/atvpi/ros2_ws/install/transformer_hw_servos/lib/python3.12/site-packages:/home/atvpi/ros2_ws/install/transformer_hw_actuators/lib/python3.12/site-packages:/home/atvpi/ros2_ws/install/transformer_msp_bridge/lib/python3.12/site-packages:/opt/ros/jazzy/lib/python3.12/site-packages /usr/bin/cmake --build /home/atvpi/ros2_ws/build/transformer_rc_mode_switch -- -j4 -l4
[17.635s] Invoking command in '/home/atvpi/ros2_ws/build/transformer_rc_mode_switch': CMAKE_PREFIX_PATH=/home/atvpi/ros2_ws/install/transformer_controller:/home/atvpi/ros2_ws/install/transformer_hw_servos:/home/atvpi/ros2_ws/install/transformer_hw_actuators:/home/atvpi/ros2_ws/install/wheeltec_n100_imu:/home/atvpi/ros2_ws/install/transformer_bringup:/home/atvpi/ros2_ws/install/transformer_msp_bridge:/home/atvpi/ros2_ws/install/serial LD_LIBRARY_PATH=/home/atvpi/ros2_ws/install/transformer_controller/lib:/home/atvpi/ros2_ws/install/transformer_hw_servos/lib:/home/atvpi/ros2_ws/install/transformer_hw_actuators/lib:/home/atvpi/ros2_ws/install/transformer_msp_bridge/lib:/home/atvpi/ros2_ws/install/serial/lib:/opt/ros/jazzy/lib/aarch64-linux-gnu:/opt/ros/jazzy/lib PYTHONPATH=/home/atvpi/ros2_ws/install/transformer_controller/lib/python3.12/site-packages:/home/atvpi/ros2_ws/install/transformer_hw_servos/lib/python3.12/site-packages:/home/atvpi/ros2_ws/install/transformer_hw_actuators/lib/python3.12/site-packages:/home/atvpi/ros2_ws/install/transformer_msp_bridge/lib/python3.12/site-packages:/opt/ros/jazzy/lib/python3.12/site-packages /usr/bin/cmake --install /home/atvpi/ros2_ws/build/transformer_rc_mode_switch
[17.649s] -- Install configuration: ""
[17.649s] -- Installing: /home/atvpi/ros2_ws/install/transformer_rc_mode_switch/lib/transformer_rc_mode_switch/rc_mode_switch_node
[17.661s] -- Set non-toolchain portion of runtime path of "/home/atvpi/ros2_ws/install/transformer_rc_mode_switch/lib/transformer_rc_mode_switch/rc_mode_switch_node" to ""
[17.661s] -- Installing: /home/atvpi/ros2_ws/install/transformer_rc_mode_switch/share/transformer_rc_mode_switch/launch
[17.661s] -- Installing: /home/atvpi/ros2_ws/install/transformer_rc_mode_switch/share/transformer_rc_mode_switch/launch/rc_mode_switch.launch.py
[17.661s] -- Installing: /home/atvpi/ros2_ws/install/transformer_rc_mode_switch/share/ament_index/resource_index/package_run_dependencies/transformer_rc_mode_switch
[17.662s] -- Installing: /home/atvpi/ros2_ws/install/transformer_rc_mode_switch/share/ament_index/resource_index/parent_prefix_path/transformer_rc_mode_switch
[17.662s] -- Installing: /home/atvpi/ros2_ws/install/transformer_rc_mode_switch/share/transformer_rc_mode_switch/environment/ament_prefix_path.sh
[17.662s] -- Installing: /home/atvpi/ros2_ws/install/transformer_rc_mode_switch/share/transformer_rc_mode_switch/environment/ament_prefix_path.dsv
[17.662s] -- Installing: /home/atvpi/ros2_ws/install/transformer_rc_mode_switch/share/transformer_rc_mode_switch/environment/path.sh
[17.662s] -- Installing: /home/atvpi/ros2_ws/install/transformer_rc_mode_switch/share/transformer_rc_mode_switch/environment/path.dsv
[17.662s] -- Installing: /home/atvpi/ros2_ws/install/transformer_rc_mode_switch/share/transformer_rc_mode_switch/local_setup.bash
[17.663s] -- Installing: /home/atvpi/ros2_ws/install/transformer_rc_mode_switch/share/transformer_rc_mode_switch/local_setup.sh
[17.663s] -- Installing: /home/atvpi/ros2_ws/install/transformer_rc_mode_switch/share/transformer_rc_mode_switch/local_setup.zsh
[17.663s] -- Installing: /home/atvpi/ros2_ws/install/transformer_rc_mode_switch/share/transformer_rc_mode_switch/local_setup.dsv
[17.663s] -- Installing: /home/atvpi/ros2_ws/install/transformer_rc_mode_switch/share/transformer_rc_mode_switch/package.dsv
[17.663s] -- Installing: /home/atvpi/ros2_ws/install/transformer_rc_mode_switch/share/ament_index/resource_index/packages/transformer_rc_mode_switch
[17.664s] -- Installing: /home/atvpi/ros2_ws/install/transformer_rc_mode_switch/share/transformer_rc_mode_switch/cmake/transformer_rc_mode_switchConfig.cmake
[17.664s] -- Installing: /home/atvpi/ros2_ws/install/transformer_rc_mode_switch/share/transformer_rc_mode_switch/cmake/transformer_rc_mode_switchConfig-version.cmake
[17.664s] -- Installing: /home/atvpi/ros2_ws/install/transformer_rc_mode_switch/share/transformer_rc_mode_switch/package.xml
[17.667s] Invoked command in '/home/atvpi/ros2_ws/build/transformer_rc_mode_switch' returned '0': CMAKE_PREFIX_PATH=/home/atvpi/ros2_ws/install/transformer_controller:/home/atvpi/ros2_ws/install/transformer_hw_servos:/home/atvpi/ros2_ws/install/transformer_hw_actuators:/home/atvpi/ros2_ws/install/wheeltec_n100_imu:/home/atvpi/ros2_ws/install/transformer_bringup:/home/atvpi/ros2_ws/install/transformer_msp_bridge:/home/atvpi/ros2_ws/install/serial LD_LIBRARY_PATH=/home/atvpi/ros2_ws/install/transformer_controller/lib:/home/atvpi/ros2_ws/install/transformer_hw_servos/lib:/home/atvpi/ros2_ws/install/transformer_hw_actuators/lib:/home/atvpi/ros2_ws/install/transformer_msp_bridge/lib:/home/atvpi/ros2_ws/install/serial/lib:/opt/ros/jazzy/lib/aarch64-linux-gnu:/opt/ros/jazzy/lib PYTHONPATH=/home/atvpi/ros2_ws/install/transformer_controller/lib/python3.12/site-packages:/home/atvpi/ros2_ws/install/transformer_hw_servos/lib/python3.12/site-packages:/home/atvpi/ros2_ws/install/transformer_hw_actuators/lib/python3.12/site-packages:/home/atvpi/ros2_ws/install/transformer_msp_bridge/lib/python3.12/site-packages:/opt/ros/jazzy/lib/python3.12/site-packages /usr/bin/cmake --install /home/atvpi/ros2_ws/build/transformer_rc_mode_switch
