-- Found ament_cmake: 2.5.4 (/opt/ros/jazzy/share/ament_cmake/cmake)
-- Found Python3: /usr/bin/python3 (found version "3.12.3") found components: Interpreter 
-- Found rclcpp: 28.1.12 (/opt/ros/jazzy/share/rclcpp/cmake)
-- Found rosidl_generator_c: 4.6.6 (/opt/ros/jazzy/share/rosidl_generator_c/cmake)
-- Found rosidl_generator_cpp: 4.6.6 (/opt/ros/jazzy/share/rosidl_generator_cpp/cmake)
-- Using all available rosidl_typesupport_c: rosidl_typesupport_fastrtps_c;rosidl_typesupport_introspection_c
-- Using all available rosidl_typesupport_cpp: rosidl_typesupport_fastrtps_cpp;rosidl_typesupport_introspection_cpp
-- Found rmw_implementation_cmake: 7.3.2 (/opt/ros/jazzy/share/rmw_implementation_cmake/cmake)
-- Found rmw_fastrtps_cpp: 8.4.3 (/opt/ros/jazzy/share/rmw_fastrtps_cpp/cmake)
-- Using RMW implementation 'rmw_fastrtps_cpp' as default
-- Found rclcpp_action: 28.1.12 (/opt/ros/jazzy/share/rclcpp_action/cmake)
-- Found rosidl_default_generators: 1.6.0 (/opt/ros/jazzy/share/rosidl_default_generators/cmake)
-- Found rosidl_adapter: 4.6.6 (/opt/ros/jazzy/share/rosidl_adapter/cmake)
-- Found ament_cmake_ros: 0.12.0 (/opt/ros/jazzy/share/ament_cmake_ros/cmake)
-- Using all available rosidl_typesupport_c: rosidl_typesupport_fastrtps_c;rosidl_typesupport_introspection_c
-- Using all available rosidl_typesupport_cpp: rosidl_typesupport_fastrtps_cpp;rosidl_typesupport_introspection_cpp
-- Found python_cmake_module: 0.11.1 (/opt/ros/jazzy/share/python_cmake_module/cmake)
-- Found Python3: /usr/bin/python3 (found version "3.12.3") found components: Interpreter Development NumPy Development.Module Development.Embed 
-- Found ament_lint_auto: 0.17.3 (/opt/ros/jazzy/share/ament_lint_auto/cmake)
-- Configuring done (2.2s)
-- Generating done (0.1s)
-- Build files have been written to: /home/atvpi/ros2_ws/build/transformer_hw_servos
[  2%] Built target transformer_hw_servos__rosidl_generator_type_description
[  2%] Built target ament_cmake_python_copy_transformer_hw_servos
[  5%] Built target transformer_hw_servos__cpp
[ 18%] Built target transformer_hw_servos__rosidl_generator_c
[ 26%] Built target transformer_hw_servos__rosidl_typesupport_fastrtps_c
[ 34%] Built target transformer_hw_servos__rosidl_typesupport_cpp
[ 42%] Built target transformer_hw_servos__rosidl_typesupport_fastrtps_cpp
[ 50%] Built target transformer_hw_servos__rosidl_typesupport_c
[ 57%] Built target transformer_hw_servos__rosidl_typesupport_introspection_c
[ 65%] Built target transformer_hw_servos__rosidl_typesupport_introspection_cpp
[ 65%] Built target transformer_hw_servos
[ 68%] [32mBuilding CXX object CMakeFiles/servos_node.dir/src/servos_node.cpp.o[0m
[ 71%] [32mBuilding CXX object CMakeFiles/servos_node.dir/src/backends/lgpio_backend.cpp.o[0m
[ 73%] Built target transformer_hw_servos__py
[ 78%] Built target transformer_hw_servos__rosidl_generator_py
[ 84%] Built target transformer_hw_servos_s__rosidl_typesupport_fastrtps_c
[ 89%] Built target transformer_hw_servos_s__rosidl_typesupport_introspection_c
[ 94%] Built target transformer_hw_servos_s__rosidl_typesupport_c
running egg_info
writing transformer_hw_servos.egg-info/PKG-INFO
writing dependency_links to transformer_hw_servos.egg-info/dependency_links.txt
writing top-level names to transformer_hw_servos.egg-info/top_level.txt
[ 97%] [32mBuilding CXX object CMakeFiles/servos_node.dir/src/backends/pca9685_backend.cpp.o[0m
reading manifest file 'transformer_hw_servos.egg-info/SOURCES.txt'
writing manifest file 'transformer_hw_servos.egg-info/SOURCES.txt'
[ 97%] Built target ament_cmake_python_build_transformer_hw_servos_egg
[100%] [32m[1mLinking CXX executable servos_node[0m
[100%] Built target servos_node
-- Install configuration: ""
-- Up-to-date: /home/atvpi/ros2_ws/install/transformer_hw_servos/share/ament_index/resource_index/rosidl_interfaces/transformer_hw_servos
-- Up-to-date: /home/atvpi/ros2_ws/install/transformer_hw_servos/share/transformer_hw_servos/action/MoveServo.json
-- Up-to-date: /home/atvpi/ros2_ws/install/transformer_hw_servos/include/transformer_hw_servos/transformer_hw_servos
-- Up-to-date: /home/atvpi/ros2_ws/install/transformer_hw_servos/include/transformer_hw_servos/transformer_hw_servos/msg
-- Up-to-date: /home/atvpi/ros2_ws/install/transformer_hw_servos/include/transformer_hw_servos/transformer_hw_servos/msg/rosidl_generator_c__visibility_control.h
-- Up-to-date: /home/atvpi/ros2_ws/install/transformer_hw_servos/include/transformer_hw_servos/transformer_hw_servos/action
-- Up-to-date: /home/atvpi/ros2_ws/install/transformer_hw_servos/include/transformer_hw_servos/transformer_hw_servos/action/move_servo.h
-- Up-to-date: /home/atvpi/ros2_ws/install/transformer_hw_servos/include/transformer_hw_servos/transformer_hw_servos/action/detail
-- Up-to-date: /home/atvpi/ros2_ws/install/transformer_hw_servos/include/transformer_hw_servos/transformer_hw_servos/action/detail/move_servo__functions.c
-- Up-to-date: /home/atvpi/ros2_ws/install/transformer_hw_servos/include/transformer_hw_servos/transformer_hw_servos/action/detail/move_servo__type_support.h
-- Installing: /home/atvpi/ros2_ws/install/transformer_hw_servos/include/transformer_hw_servos/transformer_hw_servos/action/detail/move_servo__type_support.c
-- Up-to-date: /home/atvpi/ros2_ws/install/transformer_hw_servos/include/transformer_hw_servos/transformer_hw_servos/action/detail/move_servo__struct.h
-- Up-to-date: /home/atvpi/ros2_ws/install/transformer_hw_servos/include/transformer_hw_servos/transformer_hw_servos/action/detail/move_servo__description.c
-- Up-to-date: /home/atvpi/ros2_ws/install/transformer_hw_servos/include/transformer_hw_servos/transformer_hw_servos/action/detail/move_servo__functions.h
-- Up-to-date: /home/atvpi/ros2_ws/install/transformer_hw_servos/share/transformer_hw_servos/environment/library_path.sh
-- Up-to-date: /home/atvpi/ros2_ws/install/transformer_hw_servos/share/transformer_hw_servos/environment/library_path.dsv
-- Up-to-date: /home/atvpi/ros2_ws/install/transformer_hw_servos/lib/libtransformer_hw_servos__rosidl_generator_c.so
-- Up-to-date: /home/atvpi/ros2_ws/install/transformer_hw_servos/include/transformer_hw_servos/transformer_hw_servos
-- Up-to-date: /home/atvpi/ros2_ws/install/transformer_hw_servos/include/transformer_hw_servos/transformer_hw_servos/msg
-- Up-to-date: /home/atvpi/ros2_ws/install/transformer_hw_servos/include/transformer_hw_servos/transformer_hw_servos/msg/rosidl_typesupport_fastrtps_c__visibility_control.h
-- Up-to-date: /home/atvpi/ros2_ws/install/transformer_hw_servos/include/transformer_hw_servos/transformer_hw_servos/action
-- Up-to-date: /home/atvpi/ros2_ws/install/transformer_hw_servos/include/transformer_hw_servos/transformer_hw_servos/action/detail
-- Up-to-date: /home/atvpi/ros2_ws/install/transformer_hw_servos/include/transformer_hw_servos/transformer_hw_servos/action/detail/move_servo__rosidl_typesupport_fastrtps_c.h
-- Up-to-date: /home/atvpi/ros2_ws/install/transformer_hw_servos/lib/libtransformer_hw_servos__rosidl_typesupport_fastrtps_c.so
-- Up-to-date: /home/atvpi/ros2_ws/install/transformer_hw_servos/include/transformer_hw_servos/transformer_hw_servos
-- Up-to-date: /home/atvpi/ros2_ws/install/transformer_hw_servos/include/transformer_hw_servos/transformer_hw_servos/msg
-- Up-to-date: /home/atvpi/ros2_ws/install/transformer_hw_servos/include/transformer_hw_servos/transformer_hw_servos/msg/rosidl_generator_cpp__visibility_control.hpp
-- Up-to-date: /home/atvpi/ros2_ws/install/transformer_hw_servos/include/transformer_hw_servos/transformer_hw_servos/action
-- Up-to-date: /home/atvpi/ros2_ws/install/transformer_hw_servos/include/transformer_hw_servos/transformer_hw_servos/action/move_servo.hpp
-- Up-to-date: /home/atvpi/ros2_ws/install/transformer_hw_servos/include/transformer_hw_servos/transformer_hw_servos/action/detail
-- Up-to-date: /home/atvpi/ros2_ws/install/transformer_hw_servos/include/transformer_hw_servos/transformer_hw_servos/action/detail/move_servo__struct.hpp
-- Up-to-date: /home/atvpi/ros2_ws/install/transformer_hw_servos/include/transformer_hw_servos/transformer_hw_servos/action/detail/move_servo__builder.hpp
-- Up-to-date: /home/atvpi/ros2_ws/install/transformer_hw_servos/include/transformer_hw_servos/transformer_hw_servos/action/detail/move_servo__traits.hpp
-- Up-to-date: /home/atvpi/ros2_ws/install/transformer_hw_servos/include/transformer_hw_servos/transformer_hw_servos/action/detail/move_servo__type_support.hpp
-- Up-to-date: /home/atvpi/ros2_ws/install/transformer_hw_servos/include/transformer_hw_servos/transformer_hw_servos
-- Up-to-date: /home/atvpi/ros2_ws/install/transformer_hw_servos/include/transformer_hw_servos/transformer_hw_servos/msg
-- Up-to-date: /home/atvpi/ros2_ws/install/transformer_hw_servos/include/transformer_hw_servos/transformer_hw_servos/msg/rosidl_typesupport_fastrtps_cpp__visibility_control.h
-- Up-to-date: /home/atvpi/ros2_ws/install/transformer_hw_servos/include/transformer_hw_servos/transformer_hw_servos/action
-- Up-to-date: /home/atvpi/ros2_ws/install/transformer_hw_servos/include/transformer_hw_servos/transformer_hw_servos/action/detail
-- Up-to-date: /home/atvpi/ros2_ws/install/transformer_hw_servos/include/transformer_hw_servos/transformer_hw_servos/action/detail/move_servo__rosidl_typesupport_fastrtps_cpp.hpp
-- Up-to-date: /home/atvpi/ros2_ws/install/transformer_hw_servos/include/transformer_hw_servos/transformer_hw_servos/action/detail/dds_fastrtps
-- Up-to-date: /home/atvpi/ros2_ws/install/transformer_hw_servos/lib/libtransformer_hw_servos__rosidl_typesupport_fastrtps_cpp.so
-- Up-to-date: /home/atvpi/ros2_ws/install/transformer_hw_servos/include/transformer_hw_servos/transformer_hw_servos
-- Up-to-date: /home/atvpi/ros2_ws/install/transformer_hw_servos/include/transformer_hw_servos/transformer_hw_servos/msg
-- Up-to-date: /home/atvpi/ros2_ws/install/transformer_hw_servos/include/transformer_hw_servos/transformer_hw_servos/msg/rosidl_typesupport_introspection_c__visibility_control.h
-- Up-to-date: /home/atvpi/ros2_ws/install/transformer_hw_servos/include/transformer_hw_servos/transformer_hw_servos/action
-- Up-to-date: /home/atvpi/ros2_ws/install/transformer_hw_servos/include/transformer_hw_servos/transformer_hw_servos/action/detail
-- Installing: /home/atvpi/ros2_ws/install/transformer_hw_servos/include/transformer_hw_servos/transformer_hw_servos/action/detail/move_servo__type_support.c
-- Up-to-date: /home/atvpi/ros2_ws/install/transformer_hw_servos/include/transformer_hw_servos/transformer_hw_servos/action/detail/move_servo__rosidl_typesupport_introspection_c.h
-- Up-to-date: /home/atvpi/ros2_ws/install/transformer_hw_servos/lib/libtransformer_hw_servos__rosidl_typesupport_introspection_c.so
-- Up-to-date: /home/atvpi/ros2_ws/install/transformer_hw_servos/lib/libtransformer_hw_servos__rosidl_typesupport_c.so
-- Up-to-date: /home/atvpi/ros2_ws/install/transformer_hw_servos/include/transformer_hw_servos/transformer_hw_servos
-- Up-to-date: /home/atvpi/ros2_ws/install/transformer_hw_servos/include/transformer_hw_servos/transformer_hw_servos/action
-- Up-to-date: /home/atvpi/ros2_ws/install/transformer_hw_servos/include/transformer_hw_servos/transformer_hw_servos/action/detail
-- Up-to-date: /home/atvpi/ros2_ws/install/transformer_hw_servos/include/transformer_hw_servos/transformer_hw_servos/action/detail/move_servo__rosidl_typesupport_introspection_cpp.hpp
-- Up-to-date: /home/atvpi/ros2_ws/install/transformer_hw_servos/include/transformer_hw_servos/transformer_hw_servos/action/detail/move_servo__type_support.cpp
-- Up-to-date: /home/atvpi/ros2_ws/install/transformer_hw_servos/lib/libtransformer_hw_servos__rosidl_typesupport_introspection_cpp.so
-- Up-to-date: /home/atvpi/ros2_ws/install/transformer_hw_servos/lib/libtransformer_hw_servos__rosidl_typesupport_cpp.so
-- Up-to-date: /home/atvpi/ros2_ws/install/transformer_hw_servos/share/transformer_hw_servos/environment/pythonpath.sh
-- Up-to-date: /home/atvpi/ros2_ws/install/transformer_hw_servos/share/transformer_hw_servos/environment/pythonpath.dsv
-- Up-to-date: /home/atvpi/ros2_ws/install/transformer_hw_servos/lib/python3.12/site-packages/transformer_hw_servos-0.1.0-py3.12.egg-info
-- Installing: /home/atvpi/ros2_ws/install/transformer_hw_servos/lib/python3.12/site-packages/transformer_hw_servos-0.1.0-py3.12.egg-info/SOURCES.txt
-- Installing: /home/atvpi/ros2_ws/install/transformer_hw_servos/lib/python3.12/site-packages/transformer_hw_servos-0.1.0-py3.12.egg-info/top_level.txt
-- Installing: /home/atvpi/ros2_ws/install/transformer_hw_servos/lib/python3.12/site-packages/transformer_hw_servos-0.1.0-py3.12.egg-info/PKG-INFO
-- Installing: /home/atvpi/ros2_ws/install/transformer_hw_servos/lib/python3.12/site-packages/transformer_hw_servos-0.1.0-py3.12.egg-info/dependency_links.txt
-- Up-to-date: /home/atvpi/ros2_ws/install/transformer_hw_servos/lib/python3.12/site-packages/transformer_hw_servos
-- Up-to-date: /home/atvpi/ros2_ws/install/transformer_hw_servos/lib/python3.12/site-packages/transformer_hw_servos/transformer_hw_servos_s__rosidl_typesupport_fastrtps_c.so
-- Up-to-date: /home/atvpi/ros2_ws/install/transformer_hw_servos/lib/python3.12/site-packages/transformer_hw_servos/_transformer_hw_servos_s.ep.rosidl_typesupport_introspection_c.c
-- Installing: /home/atvpi/ros2_ws/install/transformer_hw_servos/lib/python3.12/site-packages/transformer_hw_servos/__init__.py
-- Up-to-date: /home/atvpi/ros2_ws/install/transformer_hw_servos/lib/python3.12/site-packages/transformer_hw_servos/_transformer_hw_servos_s.ep.rosidl_typesupport_fastrtps_c.c
-- Up-to-date: /home/atvpi/ros2_ws/install/transformer_hw_servos/lib/python3.12/site-packages/transformer_hw_servos/action
-- Up-to-date: /home/atvpi/ros2_ws/install/transformer_hw_servos/lib/python3.12/site-packages/transformer_hw_servos/action/_move_servo.py
-- Up-to-date: /home/atvpi/ros2_ws/install/transformer_hw_servos/lib/python3.12/site-packages/transformer_hw_servos/action/__init__.py
-- Up-to-date: /home/atvpi/ros2_ws/install/transformer_hw_servos/lib/python3.12/site-packages/transformer_hw_servos/action/_move_servo_s.c
-- Up-to-date: /home/atvpi/ros2_ws/install/transformer_hw_servos/lib/python3.12/site-packages/transformer_hw_servos/_transformer_hw_servos_s.ep.rosidl_typesupport_c.c
-- Up-to-date: /home/atvpi/ros2_ws/install/transformer_hw_servos/lib/python3.12/site-packages/transformer_hw_servos/transformer_hw_servos_s__rosidl_typesupport_introspection_c.so
-- Up-to-date: /home/atvpi/ros2_ws/install/transformer_hw_servos/lib/python3.12/site-packages/transformer_hw_servos/transformer_hw_servos_s__rosidl_typesupport_c.so
Listing '/home/atvpi/ros2_ws/install/transformer_hw_servos/lib/python3.12/site-packages/transformer_hw_servos'...
Compiling '/home/atvpi/ros2_ws/install/transformer_hw_servos/lib/python3.12/site-packages/transformer_hw_servos/__init__.py'...
Listing '/home/atvpi/ros2_ws/install/transformer_hw_servos/lib/python3.12/site-packages/transformer_hw_servos/action'...
-- Up-to-date: /home/atvpi/ros2_ws/install/transformer_hw_servos/lib/python3.12/site-packages/transformer_hw_servos/transformer_hw_servos_s__rosidl_typesupport_fastrtps_c.so
-- Up-to-date: /home/atvpi/ros2_ws/install/transformer_hw_servos/lib/python3.12/site-packages/transformer_hw_servos/transformer_hw_servos_s__rosidl_typesupport_introspection_c.so
-- Up-to-date: /home/atvpi/ros2_ws/install/transformer_hw_servos/lib/python3.12/site-packages/transformer_hw_servos/transformer_hw_servos_s__rosidl_typesupport_c.so
-- Up-to-date: /home/atvpi/ros2_ws/install/transformer_hw_servos/lib/libtransformer_hw_servos__rosidl_generator_py.so
-- Up-to-date: /home/atvpi/ros2_ws/install/transformer_hw_servos/share/transformer_hw_servos/action/MoveServo.idl
-- Installing: /home/atvpi/ros2_ws/install/transformer_hw_servos/share/transformer_hw_servos/action/MoveServo.action
-- Installing: /home/atvpi/ros2_ws/install/transformer_hw_servos/lib/transformer_hw_servos/servos_node
-- Set non-toolchain portion of runtime path of "/home/atvpi/ros2_ws/install/transformer_hw_servos/lib/transformer_hw_servos/servos_node" to ""
-- Up-to-date: /home/atvpi/ros2_ws/install/transformer_hw_servos/share/transformer_hw_servos/launch
-- Installing: /home/atvpi/ros2_ws/install/transformer_hw_servos/share/transformer_hw_servos/launch/servos.launch.py
-- Up-to-date: /home/atvpi/ros2_ws/install/transformer_hw_servos/share/transformer_hw_servos/config
-- Installing: /home/atvpi/ros2_ws/install/transformer_hw_servos/share/transformer_hw_servos/config/servos.yaml
-- Up-to-date: /home/atvpi/ros2_ws/install/transformer_hw_servos/share/ament_index/resource_index/package_run_dependencies/transformer_hw_servos
-- Installing: /home/atvpi/ros2_ws/install/transformer_hw_servos/share/ament_index/resource_index/parent_prefix_path/transformer_hw_servos
-- Up-to-date: /home/atvpi/ros2_ws/install/transformer_hw_servos/share/transformer_hw_servos/environment/ament_prefix_path.sh
-- Up-to-date: /home/atvpi/ros2_ws/install/transformer_hw_servos/share/transformer_hw_servos/environment/ament_prefix_path.dsv
-- Up-to-date: /home/atvpi/ros2_ws/install/transformer_hw_servos/share/transformer_hw_servos/environment/path.sh
-- Up-to-date: /home/atvpi/ros2_ws/install/transformer_hw_servos/share/transformer_hw_servos/environment/path.dsv
-- Up-to-date: /home/atvpi/ros2_ws/install/transformer_hw_servos/share/transformer_hw_servos/local_setup.bash
-- Up-to-date: /home/atvpi/ros2_ws/install/transformer_hw_servos/share/transformer_hw_servos/local_setup.sh
-- Up-to-date: /home/atvpi/ros2_ws/install/transformer_hw_servos/share/transformer_hw_servos/local_setup.zsh
-- Up-to-date: /home/atvpi/ros2_ws/install/transformer_hw_servos/share/transformer_hw_servos/local_setup.dsv
-- Installing: /home/atvpi/ros2_ws/install/transformer_hw_servos/share/transformer_hw_servos/package.dsv
-- Up-to-date: /home/atvpi/ros2_ws/install/transformer_hw_servos/share/ament_index/resource_index/packages/transformer_hw_servos
-- Up-to-date: /home/atvpi/ros2_ws/install/transformer_hw_servos/share/transformer_hw_servos/cmake/export_transformer_hw_servos__rosidl_generator_cExport.cmake
-- Up-to-date: /home/atvpi/ros2_ws/install/transformer_hw_servos/share/transformer_hw_servos/cmake/export_transformer_hw_servos__rosidl_generator_cExport-noconfig.cmake
-- Up-to-date: /home/atvpi/ros2_ws/install/transformer_hw_servos/share/transformer_hw_servos/cmake/export_transformer_hw_servos__rosidl_typesupport_fastrtps_cExport.cmake
-- Up-to-date: /home/atvpi/ros2_ws/install/transformer_hw_servos/share/transformer_hw_servos/cmake/export_transformer_hw_servos__rosidl_typesupport_fastrtps_cExport-noconfig.cmake
-- Up-to-date: /home/atvpi/ros2_ws/install/transformer_hw_servos/share/transformer_hw_servos/cmake/export_transformer_hw_servos__rosidl_generator_cppExport.cmake
-- Up-to-date: /home/atvpi/ros2_ws/install/transformer_hw_servos/share/transformer_hw_servos/cmake/export_transformer_hw_servos__rosidl_typesupport_fastrtps_cppExport.cmake
-- Up-to-date: /home/atvpi/ros2_ws/install/transformer_hw_servos/share/transformer_hw_servos/cmake/export_transformer_hw_servos__rosidl_typesupport_fastrtps_cppExport-noconfig.cmake
-- Up-to-date: /home/atvpi/ros2_ws/install/transformer_hw_servos/share/transformer_hw_servos/cmake/transformer_hw_servos__rosidl_typesupport_introspection_cExport.cmake
-- Up-to-date: /home/atvpi/ros2_ws/install/transformer_hw_servos/share/transformer_hw_servos/cmake/transformer_hw_servos__rosidl_typesupport_introspection_cExport-noconfig.cmake
-- Up-to-date: /home/atvpi/ros2_ws/install/transformer_hw_servos/share/transformer_hw_servos/cmake/transformer_hw_servos__rosidl_typesupport_cExport.cmake
-- Up-to-date: /home/atvpi/ros2_ws/install/transformer_hw_servos/share/transformer_hw_servos/cmake/transformer_hw_servos__rosidl_typesupport_cExport-noconfig.cmake
-- Up-to-date: /home/atvpi/ros2_ws/install/transformer_hw_servos/share/transformer_hw_servos/cmake/transformer_hw_servos__rosidl_typesupport_introspection_cppExport.cmake
-- Up-to-date: /home/atvpi/ros2_ws/install/transformer_hw_servos/share/transformer_hw_servos/cmake/transformer_hw_servos__rosidl_typesupport_introspection_cppExport-noconfig.cmake
-- Up-to-date: /home/atvpi/ros2_ws/install/transformer_hw_servos/share/transformer_hw_servos/cmake/transformer_hw_servos__rosidl_typesupport_cppExport.cmake
-- Up-to-date: /home/atvpi/ros2_ws/install/transformer_hw_servos/share/transformer_hw_servos/cmake/transformer_hw_servos__rosidl_typesupport_cppExport-noconfig.cmake
-- Up-to-date: /home/atvpi/ros2_ws/install/transformer_hw_servos/share/transformer_hw_servos/cmake/export_transformer_hw_servos__rosidl_generator_pyExport.cmake
-- Up-to-date: /home/atvpi/ros2_ws/install/transformer_hw_servos/share/transformer_hw_servos/cmake/export_transformer_hw_servos__rosidl_generator_pyExport-noconfig.cmake
-- Up-to-date: /home/atvpi/ros2_ws/install/transformer_hw_servos/share/transformer_hw_servos/cmake/rosidl_cmake-extras.cmake
-- Up-to-date: /home/atvpi/ros2_ws/install/transformer_hw_servos/share/transformer_hw_servos/cmake/ament_cmake_export_dependencies-extras.cmake
-- Up-to-date: /home/atvpi/ros2_ws/install/transformer_hw_servos/share/transformer_hw_servos/cmake/ament_cmake_export_include_directories-extras.cmake
-- Up-to-date: /home/atvpi/ros2_ws/install/transformer_hw_servos/share/transformer_hw_servos/cmake/ament_cmake_export_libraries-extras.cmake
-- Up-to-date: /home/atvpi/ros2_ws/install/transformer_hw_servos/share/transformer_hw_servos/cmake/ament_cmake_export_targets-extras.cmake
-- Up-to-date: /home/atvpi/ros2_ws/install/transformer_hw_servos/share/transformer_hw_servos/cmake/rosidl_cmake_export_typesupport_targets-extras.cmake
-- Up-to-date: /home/atvpi/ros2_ws/install/transformer_hw_servos/share/transformer_hw_servos/cmake/rosidl_cmake_export_typesupport_libraries-extras.cmake
-- Up-to-date: /home/atvpi/ros2_ws/install/transformer_hw_servos/share/transformer_hw_servos/cmake/transformer_hw_servosConfig.cmake
-- Up-to-date: /home/atvpi/ros2_ws/install/transformer_hw_servos/share/transformer_hw_servos/cmake/transformer_hw_servosConfig-version.cmake
-- Installing: /home/atvpi/ros2_ws/install/transformer_hw_servos/share/transformer_hw_servos/package.xml
