[0.017s] Invoking command in '/home/atvpi/ros2_ws/build/transformer_hw_servos': CMAKE_PREFIX_PATH=${CMAKE_PREFIX_PATH}:/opt/ros/jazzy /usr/bin/cmake --build /home/atvpi/ros2_ws/build/transformer_hw_servos -- -j4 -l4
[0.064s] -- Found ament_cmake: 2.5.4 (/opt/ros/jazzy/share/ament_cmake/cmake)
[0.126s] -- Found Python3: /usr/bin/python3 (found version "3.12.3") found components: Interpreter 
[0.281s] -- Found rclcpp: 28.1.12 (/opt/ros/jazzy/share/rclcpp/cmake)
[0.315s] -- Found rosidl_generator_c: 4.6.6 (/opt/ros/jazzy/share/rosidl_generator_c/cmake)
[0.329s] -- Found rosidl_generator_cpp: 4.6.6 (/opt/ros/jazzy/share/rosidl_generator_cpp/cmake)
[0.350s] -- Using all available rosidl_typesupport_c: rosidl_typesupport_fastrtps_c;rosidl_typesupport_introspection_c
[0.368s] -- Using all available rosidl_typesupport_cpp: rosidl_typesupport_fastrtps_cpp;rosidl_typesupport_introspection_cpp
[0.455s] -- Found rmw_implementation_cmake: 7.3.2 (/opt/ros/jazzy/share/rmw_implementation_cmake/cmake)
[0.457s] -- Found rmw_fastrtps_cpp: 8.4.3 (/opt/ros/jazzy/share/rmw_fastrtps_cpp/cmake)
[0.551s] -- Using RMW implementation 'rmw_fastrtps_cpp' as default
[0.648s] -- Found rclcpp_action: 28.1.12 (/opt/ros/jazzy/share/rclcpp_action/cmake)
[0.705s] -- Found rosidl_default_generators: 1.6.0 (/opt/ros/jazzy/share/rosidl_default_generators/cmake)
[0.718s] -- Found rosidl_adapter: 4.6.6 (/opt/ros/jazzy/share/rosidl_adapter/cmake)
[1.216s] -- Found ament_cmake_ros: 0.12.0 (/opt/ros/jazzy/share/ament_cmake_ros/cmake)
[1.506s] -- Using all available rosidl_typesupport_c: rosidl_typesupport_fastrtps_c;rosidl_typesupport_introspection_c
[1.616s] -- Using all available rosidl_typesupport_cpp: rosidl_typesupport_fastrtps_cpp;rosidl_typesupport_introspection_cpp
[1.618s] -- Found python_cmake_module: 0.11.1 (/opt/ros/jazzy/share/python_cmake_module/cmake)
[2.144s] -- Found Python3: /usr/bin/python3 (found version "3.12.3") found components: Interpreter Development NumPy Development.Module Development.Embed 
[2.244s] -- Found ament_lint_auto: 0.17.3 (/opt/ros/jazzy/share/ament_lint_auto/cmake)
[2.252s] -- Configuring done (2.2s)
[2.419s] -- Generating done (0.1s)
[2.507s] -- Build files have been written to: /home/atvpi/ros2_ws/build/transformer_hw_servos
[2.687s] [  2%] Built target transformer_hw_servos__rosidl_generator_type_description
[2.722s] [  2%] Built target ament_cmake_python_copy_transformer_hw_servos
[2.775s] [  5%] Built target transformer_hw_servos__cpp
[2.787s] [ 18%] Built target transformer_hw_servos__rosidl_generator_c
[2.909s] [ 26%] Built target transformer_hw_servos__rosidl_typesupport_fastrtps_c
[2.914s] [ 34%] Built target transformer_hw_servos__rosidl_typesupport_cpp
[2.922s] [ 42%] Built target transformer_hw_servos__rosidl_typesupport_fastrtps_cpp
[3.021s] [ 50%] Built target transformer_hw_servos__rosidl_typesupport_c
[3.072s] [ 57%] Built target transformer_hw_servos__rosidl_typesupport_introspection_c
[3.117s] [ 65%] Built target transformer_hw_servos__rosidl_typesupport_introspection_cpp
[3.233s] [ 65%] Built target transformer_hw_servos
[3.266s] [ 68%] [32mBuilding CXX object CMakeFiles/servos_node.dir/src/servos_node.cpp.o[0m
[3.316s] [ 71%] [32mBuilding CXX object CMakeFiles/servos_node.dir/src/backends/lgpio_backend.cpp.o[0m
[3.343s] [ 73%] Built target transformer_hw_servos__py
[3.456s] [ 78%] Built target transformer_hw_servos__rosidl_generator_py
[3.568s] [ 84%] Built target transformer_hw_servos_s__rosidl_typesupport_fastrtps_c
[3.681s] [ 89%] Built target transformer_hw_servos_s__rosidl_typesupport_introspection_c
[3.765s] [ 94%] Built target transformer_hw_servos_s__rosidl_typesupport_c
[3.775s] running egg_info
[3.820s] writing transformer_hw_servos.egg-info/PKG-INFO
[3.820s] writing dependency_links to transformer_hw_servos.egg-info/dependency_links.txt
[3.821s] writing top-level names to transformer_hw_servos.egg-info/top_level.txt
[3.821s] [ 97%] [32mBuilding CXX object CMakeFiles/servos_node.dir/src/backends/pca9685_backend.cpp.o[0m
[4.084s] reading manifest file 'transformer_hw_servos.egg-info/SOURCES.txt'
[4.093s] writing manifest file 'transformer_hw_servos.egg-info/SOURCES.txt'
[4.448s] [ 97%] Built target ament_cmake_python_build_transformer_hw_servos_egg
[12.953s] [100%] [32m[1mLinking CXX executable servos_node[0m
[13.527s] [100%] Built target servos_node
[13.550s] Invoked command in '/home/atvpi/ros2_ws/build/transformer_hw_servos' returned '0': CMAKE_PREFIX_PATH=${CMAKE_PREFIX_PATH}:/opt/ros/jazzy /usr/bin/cmake --build /home/atvpi/ros2_ws/build/transformer_hw_servos -- -j4 -l4
[13.568s] Invoking command in '/home/atvpi/ros2_ws/build/transformer_hw_servos': CMAKE_PREFIX_PATH=${CMAKE_PREFIX_PATH}:/opt/ros/jazzy /usr/bin/cmake --install /home/atvpi/ros2_ws/build/transformer_hw_servos
[13.584s] -- Install configuration: ""
[13.584s] -- Up-to-date: /home/atvpi/ros2_ws/install/transformer_hw_servos/share/ament_index/resource_index/rosidl_interfaces/transformer_hw_servos
[13.585s] -- Up-to-date: /home/atvpi/ros2_ws/install/transformer_hw_servos/share/transformer_hw_servos/action/MoveServo.json
[13.585s] -- Up-to-date: /home/atvpi/ros2_ws/install/transformer_hw_servos/include/transformer_hw_servos/transformer_hw_servos
[13.585s] -- Up-to-date: /home/atvpi/ros2_ws/install/transformer_hw_servos/include/transformer_hw_servos/transformer_hw_servos/msg
[13.585s] -- Up-to-date: /home/atvpi/ros2_ws/install/transformer_hw_servos/include/transformer_hw_servos/transformer_hw_servos/msg/rosidl_generator_c__visibility_control.h
[13.585s] -- Up-to-date: /home/atvpi/ros2_ws/install/transformer_hw_servos/include/transformer_hw_servos/transformer_hw_servos/action
[13.587s] -- Up-to-date: /home/atvpi/ros2_ws/install/transformer_hw_servos/include/transformer_hw_servos/transformer_hw_servos/action/move_servo.h
[13.587s] -- Up-to-date: /home/atvpi/ros2_ws/install/transformer_hw_servos/include/transformer_hw_servos/transformer_hw_servos/action/detail
[13.588s] -- Up-to-date: /home/atvpi/ros2_ws/install/transformer_hw_servos/include/transformer_hw_servos/transformer_hw_servos/action/detail/move_servo__functions.c
[13.588s] -- Up-to-date: /home/atvpi/ros2_ws/install/transformer_hw_servos/include/transformer_hw_servos/transformer_hw_servos/action/detail/move_servo__type_support.h
[13.588s] -- Installing: /home/atvpi/ros2_ws/install/transformer_hw_servos/include/transformer_hw_servos/transformer_hw_servos/action/detail/move_servo__type_support.c
[13.588s] -- Up-to-date: /home/atvpi/ros2_ws/install/transformer_hw_servos/include/transformer_hw_servos/transformer_hw_servos/action/detail/move_servo__struct.h
[13.588s] -- Up-to-date: /home/atvpi/ros2_ws/install/transformer_hw_servos/include/transformer_hw_servos/transformer_hw_servos/action/detail/move_servo__description.c
[13.588s] -- Up-to-date: /home/atvpi/ros2_ws/install/transformer_hw_servos/include/transformer_hw_servos/transformer_hw_servos/action/detail/move_servo__functions.h
[13.589s] -- Up-to-date: /home/atvpi/ros2_ws/install/transformer_hw_servos/share/transformer_hw_servos/environment/library_path.sh
[13.589s] -- Up-to-date: /home/atvpi/ros2_ws/install/transformer_hw_servos/share/transformer_hw_servos/environment/library_path.dsv
[13.589s] -- Up-to-date: /home/atvpi/ros2_ws/install/transformer_hw_servos/lib/libtransformer_hw_servos__rosidl_generator_c.so
[13.589s] -- Up-to-date: /home/atvpi/ros2_ws/install/transformer_hw_servos/include/transformer_hw_servos/transformer_hw_servos
[13.589s] -- Up-to-date: /home/atvpi/ros2_ws/install/transformer_hw_servos/include/transformer_hw_servos/transformer_hw_servos/msg
[13.589s] -- Up-to-date: /home/atvpi/ros2_ws/install/transformer_hw_servos/include/transformer_hw_servos/transformer_hw_servos/msg/rosidl_typesupport_fastrtps_c__visibility_control.h
[13.589s] -- Up-to-date: /home/atvpi/ros2_ws/install/transformer_hw_servos/include/transformer_hw_servos/transformer_hw_servos/action
[13.590s] -- Up-to-date: /home/atvpi/ros2_ws/install/transformer_hw_servos/include/transformer_hw_servos/transformer_hw_servos/action/detail
[13.590s] -- Up-to-date: /home/atvpi/ros2_ws/install/transformer_hw_servos/include/transformer_hw_servos/transformer_hw_servos/action/detail/move_servo__rosidl_typesupport_fastrtps_c.h
[13.590s] -- Up-to-date: /home/atvpi/ros2_ws/install/transformer_hw_servos/lib/libtransformer_hw_servos__rosidl_typesupport_fastrtps_c.so
[13.590s] -- Up-to-date: /home/atvpi/ros2_ws/install/transformer_hw_servos/include/transformer_hw_servos/transformer_hw_servos
[13.590s] -- Up-to-date: /home/atvpi/ros2_ws/install/transformer_hw_servos/include/transformer_hw_servos/transformer_hw_servos/msg
[13.591s] -- Up-to-date: /home/atvpi/ros2_ws/install/transformer_hw_servos/include/transformer_hw_servos/transformer_hw_servos/msg/rosidl_generator_cpp__visibility_control.hpp
[13.591s] -- Up-to-date: /home/atvpi/ros2_ws/install/transformer_hw_servos/include/transformer_hw_servos/transformer_hw_servos/action
[13.592s] -- Up-to-date: /home/atvpi/ros2_ws/install/transformer_hw_servos/include/transformer_hw_servos/transformer_hw_servos/action/move_servo.hpp
[13.592s] -- Up-to-date: /home/atvpi/ros2_ws/install/transformer_hw_servos/include/transformer_hw_servos/transformer_hw_servos/action/detail
[13.592s] -- Up-to-date: /home/atvpi/ros2_ws/install/transformer_hw_servos/include/transformer_hw_servos/transformer_hw_servos/action/detail/move_servo__struct.hpp
[13.592s] -- Up-to-date: /home/atvpi/ros2_ws/install/transformer_hw_servos/include/transformer_hw_servos/transformer_hw_servos/action/detail/move_servo__builder.hpp
[13.592s] -- Up-to-date: /home/atvpi/ros2_ws/install/transformer_hw_servos/include/transformer_hw_servos/transformer_hw_servos/action/detail/move_servo__traits.hpp
[13.592s] -- Up-to-date: /home/atvpi/ros2_ws/install/transformer_hw_servos/include/transformer_hw_servos/transformer_hw_servos/action/detail/move_servo__type_support.hpp
[13.592s] -- Up-to-date: /home/atvpi/ros2_ws/install/transformer_hw_servos/include/transformer_hw_servos/transformer_hw_servos
[13.592s] -- Up-to-date: /home/atvpi/ros2_ws/install/transformer_hw_servos/include/transformer_hw_servos/transformer_hw_servos/msg
[13.592s] -- Up-to-date: /home/atvpi/ros2_ws/install/transformer_hw_servos/include/transformer_hw_servos/transformer_hw_servos/msg/rosidl_typesupport_fastrtps_cpp__visibility_control.h
[13.592s] -- Up-to-date: /home/atvpi/ros2_ws/install/transformer_hw_servos/include/transformer_hw_servos/transformer_hw_servos/action
[13.593s] -- Up-to-date: /home/atvpi/ros2_ws/install/transformer_hw_servos/include/transformer_hw_servos/transformer_hw_servos/action/detail
[13.593s] -- Up-to-date: /home/atvpi/ros2_ws/install/transformer_hw_servos/include/transformer_hw_servos/transformer_hw_servos/action/detail/move_servo__rosidl_typesupport_fastrtps_cpp.hpp
[13.593s] -- Up-to-date: /home/atvpi/ros2_ws/install/transformer_hw_servos/include/transformer_hw_servos/transformer_hw_servos/action/detail/dds_fastrtps
[13.593s] -- Up-to-date: /home/atvpi/ros2_ws/install/transformer_hw_servos/lib/libtransformer_hw_servos__rosidl_typesupport_fastrtps_cpp.so
[13.593s] -- Up-to-date: /home/atvpi/ros2_ws/install/transformer_hw_servos/include/transformer_hw_servos/transformer_hw_servos
[13.593s] -- Up-to-date: /home/atvpi/ros2_ws/install/transformer_hw_servos/include/transformer_hw_servos/transformer_hw_servos/msg
[13.593s] -- Up-to-date: /home/atvpi/ros2_ws/install/transformer_hw_servos/include/transformer_hw_servos/transformer_hw_servos/msg/rosidl_typesupport_introspection_c__visibility_control.h
[13.593s] -- Up-to-date: /home/atvpi/ros2_ws/install/transformer_hw_servos/include/transformer_hw_servos/transformer_hw_servos/action
[13.593s] -- Up-to-date: /home/atvpi/ros2_ws/install/transformer_hw_servos/include/transformer_hw_servos/transformer_hw_servos/action/detail
[13.593s] -- Installing: /home/atvpi/ros2_ws/install/transformer_hw_servos/include/transformer_hw_servos/transformer_hw_servos/action/detail/move_servo__type_support.c
[13.593s] -- Up-to-date: /home/atvpi/ros2_ws/install/transformer_hw_servos/include/transformer_hw_servos/transformer_hw_servos/action/detail/move_servo__rosidl_typesupport_introspection_c.h
[13.594s] -- Up-to-date: /home/atvpi/ros2_ws/install/transformer_hw_servos/lib/libtransformer_hw_servos__rosidl_typesupport_introspection_c.so
[13.594s] -- Up-to-date: /home/atvpi/ros2_ws/install/transformer_hw_servos/lib/libtransformer_hw_servos__rosidl_typesupport_c.so
[13.594s] -- Up-to-date: /home/atvpi/ros2_ws/install/transformer_hw_servos/include/transformer_hw_servos/transformer_hw_servos
[13.594s] -- Up-to-date: /home/atvpi/ros2_ws/install/transformer_hw_servos/include/transformer_hw_servos/transformer_hw_servos/action
[13.594s] -- Up-to-date: /home/atvpi/ros2_ws/install/transformer_hw_servos/include/transformer_hw_servos/transformer_hw_servos/action/detail
[13.595s] -- Up-to-date: /home/atvpi/ros2_ws/install/transformer_hw_servos/include/transformer_hw_servos/transformer_hw_servos/action/detail/move_servo__rosidl_typesupport_introspection_cpp.hpp
[13.595s] -- Up-to-date: /home/atvpi/ros2_ws/install/transformer_hw_servos/include/transformer_hw_servos/transformer_hw_servos/action/detail/move_servo__type_support.cpp
[13.595s] -- Up-to-date: /home/atvpi/ros2_ws/install/transformer_hw_servos/lib/libtransformer_hw_servos__rosidl_typesupport_introspection_cpp.so
[13.595s] -- Up-to-date: /home/atvpi/ros2_ws/install/transformer_hw_servos/lib/libtransformer_hw_servos__rosidl_typesupport_cpp.so
[13.595s] -- Up-to-date: /home/atvpi/ros2_ws/install/transformer_hw_servos/share/transformer_hw_servos/environment/pythonpath.sh
[13.595s] -- Up-to-date: /home/atvpi/ros2_ws/install/transformer_hw_servos/share/transformer_hw_servos/environment/pythonpath.dsv
[13.595s] -- Up-to-date: /home/atvpi/ros2_ws/install/transformer_hw_servos/lib/python3.12/site-packages/transformer_hw_servos-0.1.0-py3.12.egg-info
[13.595s] -- Installing: /home/atvpi/ros2_ws/install/transformer_hw_servos/lib/python3.12/site-packages/transformer_hw_servos-0.1.0-py3.12.egg-info/SOURCES.txt
[13.595s] -- Installing: /home/atvpi/ros2_ws/install/transformer_hw_servos/lib/python3.12/site-packages/transformer_hw_servos-0.1.0-py3.12.egg-info/top_level.txt
[13.595s] -- Installing: /home/atvpi/ros2_ws/install/transformer_hw_servos/lib/python3.12/site-packages/transformer_hw_servos-0.1.0-py3.12.egg-info/PKG-INFO
[13.596s] -- Installing: /home/atvpi/ros2_ws/install/transformer_hw_servos/lib/python3.12/site-packages/transformer_hw_servos-0.1.0-py3.12.egg-info/dependency_links.txt
[13.596s] -- Up-to-date: /home/atvpi/ros2_ws/install/transformer_hw_servos/lib/python3.12/site-packages/transformer_hw_servos
[13.596s] -- Up-to-date: /home/atvpi/ros2_ws/install/transformer_hw_servos/lib/python3.12/site-packages/transformer_hw_servos/transformer_hw_servos_s__rosidl_typesupport_fastrtps_c.so
[13.596s] -- Up-to-date: /home/atvpi/ros2_ws/install/transformer_hw_servos/lib/python3.12/site-packages/transformer_hw_servos/_transformer_hw_servos_s.ep.rosidl_typesupport_introspection_c.c
[13.596s] -- Installing: /home/atvpi/ros2_ws/install/transformer_hw_servos/lib/python3.12/site-packages/transformer_hw_servos/__init__.py
[13.596s] -- Up-to-date: /home/atvpi/ros2_ws/install/transformer_hw_servos/lib/python3.12/site-packages/transformer_hw_servos/_transformer_hw_servos_s.ep.rosidl_typesupport_fastrtps_c.c
[13.596s] -- Up-to-date: /home/atvpi/ros2_ws/install/transformer_hw_servos/lib/python3.12/site-packages/transformer_hw_servos/action
[13.596s] -- Up-to-date: /home/atvpi/ros2_ws/install/transformer_hw_servos/lib/python3.12/site-packages/transformer_hw_servos/action/_move_servo.py
[13.596s] -- Up-to-date: /home/atvpi/ros2_ws/install/transformer_hw_servos/lib/python3.12/site-packages/transformer_hw_servos/action/__init__.py
[13.596s] -- Up-to-date: /home/atvpi/ros2_ws/install/transformer_hw_servos/lib/python3.12/site-packages/transformer_hw_servos/action/_move_servo_s.c
[13.596s] -- Up-to-date: /home/atvpi/ros2_ws/install/transformer_hw_servos/lib/python3.12/site-packages/transformer_hw_servos/_transformer_hw_servos_s.ep.rosidl_typesupport_c.c
[13.597s] -- Up-to-date: /home/atvpi/ros2_ws/install/transformer_hw_servos/lib/python3.12/site-packages/transformer_hw_servos/transformer_hw_servos_s__rosidl_typesupport_introspection_c.so
[13.597s] -- Up-to-date: /home/atvpi/ros2_ws/install/transformer_hw_servos/lib/python3.12/site-packages/transformer_hw_servos/transformer_hw_servos_s__rosidl_typesupport_c.so
[13.661s] Listing '/home/atvpi/ros2_ws/install/transformer_hw_servos/lib/python3.12/site-packages/transformer_hw_servos'...
[13.661s] Compiling '/home/atvpi/ros2_ws/install/transformer_hw_servos/lib/python3.12/site-packages/transformer_hw_servos/__init__.py'...
[13.662s] Listing '/home/atvpi/ros2_ws/install/transformer_hw_servos/lib/python3.12/site-packages/transformer_hw_servos/action'...
[13.678s] -- Up-to-date: /home/atvpi/ros2_ws/install/transformer_hw_servos/lib/python3.12/site-packages/transformer_hw_servos/transformer_hw_servos_s__rosidl_typesupport_fastrtps_c.so
[13.678s] -- Up-to-date: /home/atvpi/ros2_ws/install/transformer_hw_servos/lib/python3.12/site-packages/transformer_hw_servos/transformer_hw_servos_s__rosidl_typesupport_introspection_c.so
[13.678s] -- Up-to-date: /home/atvpi/ros2_ws/install/transformer_hw_servos/lib/python3.12/site-packages/transformer_hw_servos/transformer_hw_servos_s__rosidl_typesupport_c.so
[13.679s] -- Up-to-date: /home/atvpi/ros2_ws/install/transformer_hw_servos/lib/libtransformer_hw_servos__rosidl_generator_py.so
[13.679s] -- Up-to-date: /home/atvpi/ros2_ws/install/transformer_hw_servos/share/transformer_hw_servos/action/MoveServo.idl
[13.680s] -- Installing: /home/atvpi/ros2_ws/install/transformer_hw_servos/share/transformer_hw_servos/action/MoveServo.action
[13.680s] -- Installing: /home/atvpi/ros2_ws/install/transformer_hw_servos/lib/transformer_hw_servos/servos_node
[13.686s] -- Set non-toolchain portion of runtime path of "/home/atvpi/ros2_ws/install/transformer_hw_servos/lib/transformer_hw_servos/servos_node" to ""
[13.687s] -- Up-to-date: /home/atvpi/ros2_ws/install/transformer_hw_servos/share/transformer_hw_servos/launch
[13.687s] -- Installing: /home/atvpi/ros2_ws/install/transformer_hw_servos/share/transformer_hw_servos/launch/servos.launch.py
[13.687s] -- Up-to-date: /home/atvpi/ros2_ws/install/transformer_hw_servos/share/transformer_hw_servos/config
[13.687s] -- Installing: /home/atvpi/ros2_ws/install/transformer_hw_servos/share/transformer_hw_servos/config/servos.yaml
[13.688s] -- Up-to-date: /home/atvpi/ros2_ws/install/transformer_hw_servos/share/ament_index/resource_index/package_run_dependencies/transformer_hw_servos
[13.688s] -- Installing: /home/atvpi/ros2_ws/install/transformer_hw_servos/share/ament_index/resource_index/parent_prefix_path/transformer_hw_servos
[13.688s] -- Up-to-date: /home/atvpi/ros2_ws/install/transformer_hw_servos/share/transformer_hw_servos/environment/ament_prefix_path.sh
[13.688s] -- Up-to-date: /home/atvpi/ros2_ws/install/transformer_hw_servos/share/transformer_hw_servos/environment/ament_prefix_path.dsv
[13.688s] -- Up-to-date: /home/atvpi/ros2_ws/install/transformer_hw_servos/share/transformer_hw_servos/environment/path.sh
[13.688s] -- Up-to-date: /home/atvpi/ros2_ws/install/transformer_hw_servos/share/transformer_hw_servos/environment/path.dsv
[13.689s] -- Up-to-date: /home/atvpi/ros2_ws/install/transformer_hw_servos/share/transformer_hw_servos/local_setup.bash
[13.689s] -- Up-to-date: /home/atvpi/ros2_ws/install/transformer_hw_servos/share/transformer_hw_servos/local_setup.sh
[13.689s] -- Up-to-date: /home/atvpi/ros2_ws/install/transformer_hw_servos/share/transformer_hw_servos/local_setup.zsh
[13.689s] -- Up-to-date: /home/atvpi/ros2_ws/install/transformer_hw_servos/share/transformer_hw_servos/local_setup.dsv
[13.689s] -- Installing: /home/atvpi/ros2_ws/install/transformer_hw_servos/share/transformer_hw_servos/package.dsv
[13.689s] -- Up-to-date: /home/atvpi/ros2_ws/install/transformer_hw_servos/share/ament_index/resource_index/packages/transformer_hw_servos
[13.690s] -- Up-to-date: /home/atvpi/ros2_ws/install/transformer_hw_servos/share/transformer_hw_servos/cmake/export_transformer_hw_servos__rosidl_generator_cExport.cmake
[13.690s] -- Up-to-date: /home/atvpi/ros2_ws/install/transformer_hw_servos/share/transformer_hw_servos/cmake/export_transformer_hw_servos__rosidl_generator_cExport-noconfig.cmake
[13.690s] -- Up-to-date: /home/atvpi/ros2_ws/install/transformer_hw_servos/share/transformer_hw_servos/cmake/export_transformer_hw_servos__rosidl_typesupport_fastrtps_cExport.cmake
[13.690s] -- Up-to-date: /home/atvpi/ros2_ws/install/transformer_hw_servos/share/transformer_hw_servos/cmake/export_transformer_hw_servos__rosidl_typesupport_fastrtps_cExport-noconfig.cmake
[13.690s] -- Up-to-date: /home/atvpi/ros2_ws/install/transformer_hw_servos/share/transformer_hw_servos/cmake/export_transformer_hw_servos__rosidl_generator_cppExport.cmake
[13.690s] -- Up-to-date: /home/atvpi/ros2_ws/install/transformer_hw_servos/share/transformer_hw_servos/cmake/export_transformer_hw_servos__rosidl_typesupport_fastrtps_cppExport.cmake
[13.690s] -- Up-to-date: /home/atvpi/ros2_ws/install/transformer_hw_servos/share/transformer_hw_servos/cmake/export_transformer_hw_servos__rosidl_typesupport_fastrtps_cppExport-noconfig.cmake
[13.690s] -- Up-to-date: /home/atvpi/ros2_ws/install/transformer_hw_servos/share/transformer_hw_servos/cmake/transformer_hw_servos__rosidl_typesupport_introspection_cExport.cmake
[13.690s] -- Up-to-date: /home/atvpi/ros2_ws/install/transformer_hw_servos/share/transformer_hw_servos/cmake/transformer_hw_servos__rosidl_typesupport_introspection_cExport-noconfig.cmake
[13.690s] -- Up-to-date: /home/atvpi/ros2_ws/install/transformer_hw_servos/share/transformer_hw_servos/cmake/transformer_hw_servos__rosidl_typesupport_cExport.cmake
[13.691s] -- Up-to-date: /home/atvpi/ros2_ws/install/transformer_hw_servos/share/transformer_hw_servos/cmake/transformer_hw_servos__rosidl_typesupport_cExport-noconfig.cmake
[13.691s] -- Up-to-date: /home/atvpi/ros2_ws/install/transformer_hw_servos/share/transformer_hw_servos/cmake/transformer_hw_servos__rosidl_typesupport_introspection_cppExport.cmake
[13.691s] -- Up-to-date: /home/atvpi/ros2_ws/install/transformer_hw_servos/share/transformer_hw_servos/cmake/transformer_hw_servos__rosidl_typesupport_introspection_cppExport-noconfig.cmake
[13.691s] -- Up-to-date: /home/atvpi/ros2_ws/install/transformer_hw_servos/share/transformer_hw_servos/cmake/transformer_hw_servos__rosidl_typesupport_cppExport.cmake
[13.691s] -- Up-to-date: /home/atvpi/ros2_ws/install/transformer_hw_servos/share/transformer_hw_servos/cmake/transformer_hw_servos__rosidl_typesupport_cppExport-noconfig.cmake
[13.691s] -- Up-to-date: /home/atvpi/ros2_ws/install/transformer_hw_servos/share/transformer_hw_servos/cmake/export_transformer_hw_servos__rosidl_generator_pyExport.cmake
[13.691s] -- Up-to-date: /home/atvpi/ros2_ws/install/transformer_hw_servos/share/transformer_hw_servos/cmake/export_transformer_hw_servos__rosidl_generator_pyExport-noconfig.cmake
[13.691s] -- Up-to-date: /home/atvpi/ros2_ws/install/transformer_hw_servos/share/transformer_hw_servos/cmake/rosidl_cmake-extras.cmake
[13.691s] -- Up-to-date: /home/atvpi/ros2_ws/install/transformer_hw_servos/share/transformer_hw_servos/cmake/ament_cmake_export_dependencies-extras.cmake
[13.691s] -- Up-to-date: /home/atvpi/ros2_ws/install/transformer_hw_servos/share/transformer_hw_servos/cmake/ament_cmake_export_include_directories-extras.cmake
[13.692s] -- Up-to-date: /home/atvpi/ros2_ws/install/transformer_hw_servos/share/transformer_hw_servos/cmake/ament_cmake_export_libraries-extras.cmake
[13.692s] -- Up-to-date: /home/atvpi/ros2_ws/install/transformer_hw_servos/share/transformer_hw_servos/cmake/ament_cmake_export_targets-extras.cmake
[13.692s] -- Up-to-date: /home/atvpi/ros2_ws/install/transformer_hw_servos/share/transformer_hw_servos/cmake/rosidl_cmake_export_typesupport_targets-extras.cmake
[13.692s] -- Up-to-date: /home/atvpi/ros2_ws/install/transformer_hw_servos/share/transformer_hw_servos/cmake/rosidl_cmake_export_typesupport_libraries-extras.cmake
[13.692s] -- Up-to-date: /home/atvpi/ros2_ws/install/transformer_hw_servos/share/transformer_hw_servos/cmake/transformer_hw_servosConfig.cmake
[13.692s] -- Up-to-date: /home/atvpi/ros2_ws/install/transformer_hw_servos/share/transformer_hw_servos/cmake/transformer_hw_servosConfig-version.cmake
[13.692s] -- Installing: /home/atvpi/ros2_ws/install/transformer_hw_servos/share/transformer_hw_servos/package.xml
[13.698s] Invoked command in '/home/atvpi/ros2_ws/build/transformer_hw_servos' returned '0': CMAKE_PREFIX_PATH=${CMAKE_PREFIX_PATH}:/opt/ros/jazzy /usr/bin/cmake --install /home/atvpi/ros2_ws/build/transformer_hw_servos
