[0.021s] Invoking command in '/home/atvpi/ros2_ws/build/transformer_controller': CMAKE_PREFIX_PATH=/home/atvpi/ros2_ws/install/transformer_hw_servos:/home/atvpi/ros2_ws/install/transformer_hw_actuators:/home/atvpi/ros2_ws/install/wheeltec_n100_imu:/home/atvpi/ros2_ws/install/transformer_msp_bridge:/home/atvpi/ros2_ws/install/transformer_bringup:/home/atvpi/ros2_ws/install/transformer_controller:/home/atvpi/ros2_ws/install/serial:/opt/ros/jazzy LD_LIBRARY_PATH=/home/atvpi/ros2_ws/install/transformer_hw_servos/lib:/home/atvpi/ros2_ws/install/transformer_hw_actuators/lib:/home/atvpi/ros2_ws/install/transformer_msp_bridge/lib:/home/atvpi/ros2_ws/install/transformer_controller/lib:/home/atvpi/ros2_ws/install/serial/lib:/opt/ros/jazzy/lib/aarch64-linux-gnu:/opt/ros/jazzy/lib PYTHONPATH=/home/atvpi/ros2_ws/install/transformer_hw_servos/lib/python3.12/site-packages:/home/atvpi/ros2_ws/install/transformer_hw_actuators/lib/python3.12/site-packages:/home/atvpi/ros2_ws/install/transformer_msp_bridge/lib/python3.12/site-packages:/home/atvpi/ros2_ws/install/transformer_controller/lib/python3.12/site-packages:/opt/ros/jazzy/lib/python3.12/site-packages /usr/bin/cmake /home/atvpi/ros2_ws/src/transformer_controller -DCMAKE_INSTALL_PREFIX=/home/atvpi/ros2_ws/install/transformer_controller
[0.164s] -- The C compiler identification is GNU 13.3.0
[0.288s] -- The CXX compiler identification is GNU 13.3.0
[0.327s] -- Detecting C compiler ABI info
[0.580s] -- Detecting C compiler ABI info - done
[0.607s] -- Check for working C compiler: /usr/bin/cc - skipped
[0.607s] -- Detecting C compile features
[0.609s] -- Detecting C compile features - done
[0.642s] -- Detecting CXX compiler ABI info
[0.947s] -- Detecting CXX compiler ABI info - done
[0.967s] -- Check for working CXX compiler: /usr/bin/c++ - skipped
[0.969s] -- Detecting CXX compile features
[0.969s] -- Detecting CXX compile features - done
[0.974s] -- Found ament_cmake: 2.5.4 (/opt/ros/jazzy/share/ament_cmake/cmake)
[1.392s] -- Found Python3: /usr/bin/python3 (found version "3.12.3") found components: Interpreter 
[1.679s] -- Found rclcpp: 28.1.12 (/opt/ros/jazzy/share/rclcpp/cmake)
[1.747s] -- Found rosidl_generator_c: 4.6.6 (/opt/ros/jazzy/share/rosidl_generator_c/cmake)
[1.784s] -- Found rosidl_generator_cpp: 4.6.6 (/opt/ros/jazzy/share/rosidl_generator_cpp/cmake)
[1.814s] -- Using all available rosidl_typesupport_c: rosidl_typesupport_fastrtps_c;rosidl_typesupport_introspection_c
[1.861s] -- Using all available rosidl_typesupport_cpp: rosidl_typesupport_fastrtps_cpp;rosidl_typesupport_introspection_cpp
[2.028s] -- Found rmw_implementation_cmake: 7.3.2 (/opt/ros/jazzy/share/rmw_implementation_cmake/cmake)
[2.034s] -- Found rmw_fastrtps_cpp: 8.4.3 (/opt/ros/jazzy/share/rmw_fastrtps_cpp/cmake)
[2.210s] -- Found OpenSSL: /usr/lib/aarch64-linux-gnu/libcrypto.so (found version "3.0.13")  
[2.239s] -- Found FastRTPS: /opt/ros/jazzy/include (Required is at least version "2.13") 
[2.280s] -- Using RMW implementation 'rmw_fastrtps_cpp' as default
[2.395s] -- Found rclcpp_action: 28.1.12 (/opt/ros/jazzy/share/rclcpp_action/cmake)
[2.463s] -- Found rosidl_default_generators: 1.6.0 (/opt/ros/jazzy/share/rosidl_default_generators/cmake)
[2.490s] -- Found rosidl_adapter: 4.6.6 (/opt/ros/jazzy/share/rosidl_adapter/cmake)
[2.493s] -- Found transformer_hw_actuators: 0.1.0 (/home/atvpi/ros2_ws/install/transformer_hw_actuators/share/transformer_hw_actuators/cmake)
[2.533s] -- Found transformer_hw_servos: 0.1.0 (/home/atvpi/ros2_ws/install/transformer_hw_servos/share/transformer_hw_servos/cmake)
[3.868s] -- Found ament_cmake_ros: 0.12.0 (/opt/ros/jazzy/share/ament_cmake_ros/cmake)
[5.408s] -- Using all available rosidl_typesupport_c: rosidl_typesupport_fastrtps_c;rosidl_typesupport_introspection_c
[6.016s] -- Using all available rosidl_typesupport_cpp: rosidl_typesupport_fastrtps_cpp;rosidl_typesupport_introspection_cpp
[6.020s] -- Found python_cmake_module: 0.11.1 (/opt/ros/jazzy/share/python_cmake_module/cmake)
[6.310s] -- Found PythonExtra: /usr/bin/python3  
[7.304s] -- Found Python3: /usr/bin/python3 (found version "3.12.3") found components: Interpreter Development NumPy Development.Module Development.Embed 
[7.387s] [0mCMake Deprecation Warning at /opt/ros/jazzy/share/rosidl_cmake/cmake/rosidl_target_interfaces.cmake:32 (message):
[7.387s]   Use rosidl_get_typesupport_target() and target_link_libraries() instead of
[7.387s]   rosidl_target_interfaces().  i.e:
[7.387s] 
[7.388s]     rosidl_get_typesupport_target(cpp_typesupport_target "${PROJECT_NAME}" "rosidl_typesupport_cpp")
[7.388s]     target_link_libraries(${PROJECT_NAME}_node "${cpp_typesupport_target}")
[7.388s] 
[7.388s] Call Stack (most recent call first):
[7.388s]   CMakeLists.txt:26 (rosidl_target_interfaces)
[7.388s] 
[7.388s] [0m
[7.403s] -- Configuring done (7.4s)
[7.496s] -- Generating done (0.1s)
[7.523s] -- Build files have been written to: /home/atvpi/ros2_ws/build/transformer_controller
[7.554s] Invoked command in '/home/atvpi/ros2_ws/build/transformer_controller' returned '0': CMAKE_PREFIX_PATH=/home/atvpi/ros2_ws/install/transformer_hw_servos:/home/atvpi/ros2_ws/install/transformer_hw_actuators:/home/atvpi/ros2_ws/install/wheeltec_n100_imu:/home/atvpi/ros2_ws/install/transformer_msp_bridge:/home/atvpi/ros2_ws/install/transformer_bringup:/home/atvpi/ros2_ws/install/transformer_controller:/home/atvpi/ros2_ws/install/serial:/opt/ros/jazzy LD_LIBRARY_PATH=/home/atvpi/ros2_ws/install/transformer_hw_servos/lib:/home/atvpi/ros2_ws/install/transformer_hw_actuators/lib:/home/atvpi/ros2_ws/install/transformer_msp_bridge/lib:/home/atvpi/ros2_ws/install/transformer_controller/lib:/home/atvpi/ros2_ws/install/serial/lib:/opt/ros/jazzy/lib/aarch64-linux-gnu:/opt/ros/jazzy/lib PYTHONPATH=/home/atvpi/ros2_ws/install/transformer_hw_servos/lib/python3.12/site-packages:/home/atvpi/ros2_ws/install/transformer_hw_actuators/lib/python3.12/site-packages:/home/atvpi/ros2_ws/install/transformer_msp_bridge/lib/python3.12/site-packages:/home/atvpi/ros2_ws/install/transformer_controller/lib/python3.12/site-packages:/opt/ros/jazzy/lib/python3.12/site-packages /usr/bin/cmake /home/atvpi/ros2_ws/src/transformer_controller -DCMAKE_INSTALL_PREFIX=/home/atvpi/ros2_ws/install/transformer_controller
[7.557s] Invoking command in '/home/atvpi/ros2_ws/build/transformer_controller': CMAKE_PREFIX_PATH=/home/atvpi/ros2_ws/install/transformer_hw_servos:/home/atvpi/ros2_ws/install/transformer_hw_actuators:/home/atvpi/ros2_ws/install/wheeltec_n100_imu:/home/atvpi/ros2_ws/install/transformer_msp_bridge:/home/atvpi/ros2_ws/install/transformer_bringup:/home/atvpi/ros2_ws/install/transformer_controller:/home/atvpi/ros2_ws/install/serial:/opt/ros/jazzy LD_LIBRARY_PATH=/home/atvpi/ros2_ws/install/transformer_hw_servos/lib:/home/atvpi/ros2_ws/install/transformer_hw_actuators/lib:/home/atvpi/ros2_ws/install/transformer_msp_bridge/lib:/home/atvpi/ros2_ws/install/transformer_controller/lib:/home/atvpi/ros2_ws/install/serial/lib:/opt/ros/jazzy/lib/aarch64-linux-gnu:/opt/ros/jazzy/lib PYTHONPATH=/home/atvpi/ros2_ws/install/transformer_hw_servos/lib/python3.12/site-packages:/home/atvpi/ros2_ws/install/transformer_hw_actuators/lib/python3.12/site-packages:/home/atvpi/ros2_ws/install/transformer_msp_bridge/lib/python3.12/site-packages:/home/atvpi/ros2_ws/install/transformer_controller/lib/python3.12/site-packages:/opt/ros/jazzy/lib/python3.12/site-packages /usr/bin/cmake --build /home/atvpi/ros2_ws/build/transformer_controller -- -j4 -l4
[7.680s] [  2%] [34m[1mGenerating type hashes for ROS interfaces[0m
[8.161s] [  2%] Built target transformer_controller__rosidl_generator_type_description
[8.220s] [  2%] Built target ament_cmake_python_copy_transformer_controller
[8.240s] [  5%] [34m[1mGenerating C code for ROS interfaces[0m
[9.056s] [  8%] [32mBuilding C object CMakeFiles/transformer_controller__rosidl_generator_c.dir/rosidl_generator_c/transformer_controller/action/detail/transform_mode__description.c.o[0m
[9.206s] [ 11%] [32mBuilding C object CMakeFiles/transformer_controller__rosidl_generator_c.dir/rosidl_generator_c/transformer_controller/action/detail/transform_mode__functions.c.o[0m
[9.505s] [ 13%] [32mBuilding C object CMakeFiles/transformer_controller__rosidl_generator_c.dir/rosidl_generator_c/transformer_controller/action/detail/transform_mode__type_support.c.o[0m
[9.594s] [ 16%] [32m[1mLinking C shared library libtransformer_controller__rosidl_generator_c.so[0m
[9.672s] [ 16%] Built target transformer_controller__rosidl_generator_c
[9.988s] running egg_info
[9.989s] creating transformer_controller.egg-info
[10.013s] writing transformer_controller.egg-info/PKG-INFO
[10.013s] writing dependency_links to transformer_controller.egg-info/dependency_links.txt
[10.014s] writing top-level names to transformer_controller.egg-info/top_level.txt
[10.014s] writing manifest file 'transformer_controller.egg-info/SOURCES.txt'
[10.081s] reading manifest file 'transformer_controller.egg-info/SOURCES.txt'
[10.081s] writing manifest file 'transformer_controller.egg-info/SOURCES.txt'
[10.169s] [ 16%] Built target ament_cmake_python_build_transformer_controller_egg
[10.187s] [ 19%] [34m[1mGenerating C introspection for ROS interfaces[0m
[10.794s] [ 22%] [32mBuilding C object CMakeFiles/transformer_controller__rosidl_typesupport_introspection_c.dir/rosidl_typesupport_introspection_c/transformer_controller/action/detail/transform_mode__type_support.c.o[0m
[10.914s] [ 25%] [32m[1mLinking C shared library libtransformer_controller__rosidl_typesupport_introspection_c.so[0m
[10.980s] [ 25%] Built target transformer_controller__rosidl_typesupport_introspection_c
[11.000s] [ 27%] [34m[1mGenerating C type support dispatch for ROS interfaces[0m
[11.487s] [ 30%] [32mBuilding CXX object CMakeFiles/transformer_controller__rosidl_typesupport_c.dir/rosidl_typesupport_c/transformer_controller/action/transform_mode__type_support.cpp.o[0m
[11.607s] [ 33%] [32m[1mLinking CXX shared library libtransformer_controller__rosidl_typesupport_c.so[0m
[11.796s] [ 33%] Built target transformer_controller__rosidl_typesupport_c
[11.814s] [ 36%] [34m[1mGenerating C type support for eProsima Fast-RTPS[0m
[12.666s] [ 38%] [32mBuilding CXX object CMakeFiles/transformer_controller__rosidl_typesupport_fastrtps_c.dir/rosidl_typesupport_fastrtps_c/transformer_controller/action/detail/transform_mode__type_support_c.cpp.o[0m
[13.682s] [ 41%] [32m[1mLinking CXX shared library libtransformer_controller__rosidl_typesupport_fastrtps_c.so[0m
[13.849s] [ 41%] Built target transformer_controller__rosidl_typesupport_fastrtps_c
[13.888s] [ 44%] [34m[1mGenerating C++ code for ROS interfaces[0m
[14.630s] [ 44%] Built target transformer_controller__cpp
[14.655s] [ 47%] [34m[1mGenerating C++ type support dispatch for ROS interfaces[0m
[15.156s] [ 50%] [32mBuilding CXX object CMakeFiles/transformer_controller__rosidl_typesupport_cpp.dir/rosidl_typesupport_cpp/transformer_controller/action/transform_mode__type_support.cpp.o[0m
[16.274s] [ 52%] [32m[1mLinking CXX shared library libtransformer_controller__rosidl_typesupport_cpp.so[0m
[16.448s] [ 52%] Built target transformer_controller__rosidl_typesupport_cpp
[16.471s] [ 55%] [34m[1mGenerating C++ introspection for ROS interfaces[0m
[17.015s] [ 58%] [32mBuilding CXX object CMakeFiles/transformer_controller__rosidl_typesupport_introspection_cpp.dir/rosidl_typesupport_introspection_cpp/transformer_controller/action/detail/transform_mode__type_support.cpp.o[0m
[18.278s] [ 61%] [32m[1mLinking CXX shared library libtransformer_controller__rosidl_typesupport_introspection_cpp.so[0m
[18.441s] [ 61%] Built target transformer_controller__rosidl_typesupport_introspection_cpp
[18.459s] [ 63%] [34m[1mGenerating C++ type support for eProsima Fast-RTPS[0m
[19.236s] [ 66%] [32mBuilding CXX object CMakeFiles/transformer_controller__rosidl_typesupport_fastrtps_cpp.dir/rosidl_typesupport_fastrtps_cpp/transformer_controller/action/detail/dds_fastrtps/transform_mode__type_support.cpp.o[0m
[20.910s] [ 69%] [32m[1mLinking CXX shared library libtransformer_controller__rosidl_typesupport_fastrtps_cpp.so[0m
[21.076s] [ 69%] Built target transformer_controller__rosidl_typesupport_fastrtps_cpp
[21.111s] [ 69%] Built target transformer_controller
[21.146s] [ 72%] [34m[1mGenerating Python code for ROS interfaces[0m
[22.310s] [ 72%] Built target transformer_controller__py
[22.347s] [ 75%] [32mBuilding CXX object CMakeFiles/transformer_controller_node.dir/src/transformer_controller_node.cpp.o[0m
[32.680s] [ 77%] [32m[1mLinking CXX executable transformer_controller_node[0m
[33.324s] [ 77%] Built target transformer_controller_node
[33.363s] [ 80%] [32mBuilding C object CMakeFiles/transformer_controller__rosidl_generator_py.dir/rosidl_generator_py/transformer_controller/action/_transform_mode_s.c.o[0m
[33.735s] [ 83%] [32m[1mLinking C shared library libtransformer_controller__rosidl_generator_py.so[0m
[33.876s] [ 83%] Built target transformer_controller__rosidl_generator_py
[33.921s] [ 86%] [32mBuilding C object CMakeFiles/transformer_controller_s__rosidl_typesupport_fastrtps_c.dir/rosidl_generator_py/transformer_controller/_transformer_controller_s.ep.rosidl_typesupport_fastrtps_c.c.o[0m
[34.160s] [ 88%] [32m[1mLinking C shared module rosidl_generator_py/transformer_controller/transformer_controller_s__rosidl_typesupport_fastrtps_c.so[0m
[34.261s] [ 88%] Built target transformer_controller_s__rosidl_typesupport_fastrtps_c
[34.300s] [ 91%] [32mBuilding C object CMakeFiles/transformer_controller_s__rosidl_typesupport_c.dir/rosidl_generator_py/transformer_controller/_transformer_controller_s.ep.rosidl_typesupport_c.c.o[0m
[34.580s] [ 94%] [32m[1mLinking C shared module rosidl_generator_py/transformer_controller/transformer_controller_s__rosidl_typesupport_c.so[0m
[34.649s] [ 94%] Built target transformer_controller_s__rosidl_typesupport_c
[34.685s] [ 97%] [32mBuilding C object CMakeFiles/transformer_controller_s__rosidl_typesupport_introspection_c.dir/rosidl_generator_py/transformer_controller/_transformer_controller_s.ep.rosidl_typesupport_introspection_c.c.o[0m
[34.913s] [100%] [32m[1mLinking C shared module rosidl_generator_py/transformer_controller/transformer_controller_s__rosidl_typesupport_introspection_c.so[0m
[34.971s] [100%] Built target transformer_controller_s__rosidl_typesupport_introspection_c
[34.992s] Invoked command in '/home/atvpi/ros2_ws/build/transformer_controller' returned '0': CMAKE_PREFIX_PATH=/home/atvpi/ros2_ws/install/transformer_hw_servos:/home/atvpi/ros2_ws/install/transformer_hw_actuators:/home/atvpi/ros2_ws/install/wheeltec_n100_imu:/home/atvpi/ros2_ws/install/transformer_msp_bridge:/home/atvpi/ros2_ws/install/transformer_bringup:/home/atvpi/ros2_ws/install/transformer_controller:/home/atvpi/ros2_ws/install/serial:/opt/ros/jazzy LD_LIBRARY_PATH=/home/atvpi/ros2_ws/install/transformer_hw_servos/lib:/home/atvpi/ros2_ws/install/transformer_hw_actuators/lib:/home/atvpi/ros2_ws/install/transformer_msp_bridge/lib:/home/atvpi/ros2_ws/install/transformer_controller/lib:/home/atvpi/ros2_ws/install/serial/lib:/opt/ros/jazzy/lib/aarch64-linux-gnu:/opt/ros/jazzy/lib PYTHONPATH=/home/atvpi/ros2_ws/install/transformer_hw_servos/lib/python3.12/site-packages:/home/atvpi/ros2_ws/install/transformer_hw_actuators/lib/python3.12/site-packages:/home/atvpi/ros2_ws/install/transformer_msp_bridge/lib/python3.12/site-packages:/home/atvpi/ros2_ws/install/transformer_controller/lib/python3.12/site-packages:/opt/ros/jazzy/lib/python3.12/site-packages /usr/bin/cmake --build /home/atvpi/ros2_ws/build/transformer_controller -- -j4 -l4
[34.994s] Invoking command in '/home/atvpi/ros2_ws/build/transformer_controller': CMAKE_PREFIX_PATH=/home/atvpi/ros2_ws/install/transformer_hw_servos:/home/atvpi/ros2_ws/install/transformer_hw_actuators:/home/atvpi/ros2_ws/install/wheeltec_n100_imu:/home/atvpi/ros2_ws/install/transformer_msp_bridge:/home/atvpi/ros2_ws/install/transformer_bringup:/home/atvpi/ros2_ws/install/transformer_controller:/home/atvpi/ros2_ws/install/serial:/opt/ros/jazzy LD_LIBRARY_PATH=/home/atvpi/ros2_ws/install/transformer_hw_servos/lib:/home/atvpi/ros2_ws/install/transformer_hw_actuators/lib:/home/atvpi/ros2_ws/install/transformer_msp_bridge/lib:/home/atvpi/ros2_ws/install/transformer_controller/lib:/home/atvpi/ros2_ws/install/serial/lib:/opt/ros/jazzy/lib/aarch64-linux-gnu:/opt/ros/jazzy/lib PYTHONPATH=/home/atvpi/ros2_ws/install/transformer_hw_servos/lib/python3.12/site-packages:/home/atvpi/ros2_ws/install/transformer_hw_actuators/lib/python3.12/site-packages:/home/atvpi/ros2_ws/install/transformer_msp_bridge/lib/python3.12/site-packages:/home/atvpi/ros2_ws/install/transformer_controller/lib/python3.12/site-packages:/opt/ros/jazzy/lib/python3.12/site-packages /usr/bin/cmake --install /home/atvpi/ros2_ws/build/transformer_controller
[35.011s] -- Install configuration: ""
[35.011s] -- Installing: /home/atvpi/ros2_ws/install/transformer_controller/share/ament_index/resource_index/rosidl_interfaces/transformer_controller
[35.011s] -- Installing: /home/atvpi/ros2_ws/install/transformer_controller/share/transformer_controller/action/TransformMode.json
[35.012s] -- Installing: /home/atvpi/ros2_ws/install/transformer_controller/include/transformer_controller/transformer_controller
[35.012s] -- Installing: /home/atvpi/ros2_ws/install/transformer_controller/include/transformer_controller/transformer_controller/msg
[35.012s] -- Installing: /home/atvpi/ros2_ws/install/transformer_controller/include/transformer_controller/transformer_controller/msg/rosidl_generator_c__visibility_control.h
[35.012s] -- Installing: /home/atvpi/ros2_ws/install/transformer_controller/include/transformer_controller/transformer_controller/action
[35.012s] -- Installing: /home/atvpi/ros2_ws/install/transformer_controller/include/transformer_controller/transformer_controller/action/transform_mode.h
[35.013s] -- Installing: /home/atvpi/ros2_ws/install/transformer_controller/include/transformer_controller/transformer_controller/action/detail
[35.013s] -- Installing: /home/atvpi/ros2_ws/install/transformer_controller/include/transformer_controller/transformer_controller/action/detail/transform_mode__functions.h
[35.013s] -- Installing: /home/atvpi/ros2_ws/install/transformer_controller/include/transformer_controller/transformer_controller/action/detail/transform_mode__struct.h
[35.013s] -- Installing: /home/atvpi/ros2_ws/install/transformer_controller/include/transformer_controller/transformer_controller/action/detail/transform_mode__functions.c
[35.014s] -- Installing: /home/atvpi/ros2_ws/install/transformer_controller/include/transformer_controller/transformer_controller/action/detail/transform_mode__type_support.c
[35.014s] -- Installing: /home/atvpi/ros2_ws/install/transformer_controller/include/transformer_controller/transformer_controller/action/detail/transform_mode__description.c
[35.014s] -- Installing: /home/atvpi/ros2_ws/install/transformer_controller/include/transformer_controller/transformer_controller/action/detail/transform_mode__type_support.h
[35.014s] -- Installing: /home/atvpi/ros2_ws/install/transformer_controller/share/transformer_controller/environment/library_path.sh
[35.015s] -- Installing: /home/atvpi/ros2_ws/install/transformer_controller/share/transformer_controller/environment/library_path.dsv
[35.015s] -- Installing: /home/atvpi/ros2_ws/install/transformer_controller/lib/libtransformer_controller__rosidl_generator_c.so
[35.016s] -- Set non-toolchain portion of runtime path of "/home/atvpi/ros2_ws/install/transformer_controller/lib/libtransformer_controller__rosidl_generator_c.so" to ""
[35.016s] -- Up-to-date: /home/atvpi/ros2_ws/install/transformer_controller/include/transformer_controller/transformer_controller
[35.016s] -- Up-to-date: /home/atvpi/ros2_ws/install/transformer_controller/include/transformer_controller/transformer_controller/msg
[35.017s] -- Installing: /home/atvpi/ros2_ws/install/transformer_controller/include/transformer_controller/transformer_controller/msg/rosidl_typesupport_fastrtps_c__visibility_control.h
[35.017s] -- Up-to-date: /home/atvpi/ros2_ws/install/transformer_controller/include/transformer_controller/transformer_controller/action
[35.017s] -- Up-to-date: /home/atvpi/ros2_ws/install/transformer_controller/include/transformer_controller/transformer_controller/action/detail
[35.017s] -- Installing: /home/atvpi/ros2_ws/install/transformer_controller/include/transformer_controller/transformer_controller/action/detail/transform_mode__rosidl_typesupport_fastrtps_c.h
[35.017s] -- Installing: /home/atvpi/ros2_ws/install/transformer_controller/lib/libtransformer_controller__rosidl_typesupport_fastrtps_c.so
[35.018s] -- Set non-toolchain portion of runtime path of "/home/atvpi/ros2_ws/install/transformer_controller/lib/libtransformer_controller__rosidl_typesupport_fastrtps_c.so" to ""
[35.021s] -- Up-to-date: /home/atvpi/ros2_ws/install/transformer_controller/include/transformer_controller/transformer_controller
[35.021s] -- Up-to-date: /home/atvpi/ros2_ws/install/transformer_controller/include/transformer_controller/transformer_controller/msg
[35.021s] -- Installing: /home/atvpi/ros2_ws/install/transformer_controller/include/transformer_controller/transformer_controller/msg/rosidl_generator_cpp__visibility_control.hpp
[35.021s] -- Up-to-date: /home/atvpi/ros2_ws/install/transformer_controller/include/transformer_controller/transformer_controller/action
[35.021s] -- Installing: /home/atvpi/ros2_ws/install/transformer_controller/include/transformer_controller/transformer_controller/action/transform_mode.hpp
[35.021s] -- Up-to-date: /home/atvpi/ros2_ws/install/transformer_controller/include/transformer_controller/transformer_controller/action/detail
[35.021s] -- Installing: /home/atvpi/ros2_ws/install/transformer_controller/include/transformer_controller/transformer_controller/action/detail/transform_mode__traits.hpp
[35.021s] -- Installing: /home/atvpi/ros2_ws/install/transformer_controller/include/transformer_controller/transformer_controller/action/detail/transform_mode__type_support.hpp
[35.022s] -- Installing: /home/atvpi/ros2_ws/install/transformer_controller/include/transformer_controller/transformer_controller/action/detail/transform_mode__builder.hpp
[35.022s] -- Installing: /home/atvpi/ros2_ws/install/transformer_controller/include/transformer_controller/transformer_controller/action/detail/transform_mode__struct.hpp
[35.022s] -- Up-to-date: /home/atvpi/ros2_ws/install/transformer_controller/include/transformer_controller/transformer_controller
[35.022s] -- Up-to-date: /home/atvpi/ros2_ws/install/transformer_controller/include/transformer_controller/transformer_controller/msg
[35.022s] -- Installing: /home/atvpi/ros2_ws/install/transformer_controller/include/transformer_controller/transformer_controller/msg/rosidl_typesupport_fastrtps_cpp__visibility_control.h
[35.022s] -- Up-to-date: /home/atvpi/ros2_ws/install/transformer_controller/include/transformer_controller/transformer_controller/action
[35.022s] -- Up-to-date: /home/atvpi/ros2_ws/install/transformer_controller/include/transformer_controller/transformer_controller/action/detail
[35.022s] -- Installing: /home/atvpi/ros2_ws/install/transformer_controller/include/transformer_controller/transformer_controller/action/detail/dds_fastrtps
[35.022s] -- Installing: /home/atvpi/ros2_ws/install/transformer_controller/include/transformer_controller/transformer_controller/action/detail/transform_mode__rosidl_typesupport_fastrtps_cpp.hpp
[35.022s] -- Installing: /home/atvpi/ros2_ws/install/transformer_controller/lib/libtransformer_controller__rosidl_typesupport_fastrtps_cpp.so
[35.023s] -- Set non-toolchain portion of runtime path of "/home/atvpi/ros2_ws/install/transformer_controller/lib/libtransformer_controller__rosidl_typesupport_fastrtps_cpp.so" to ""
[35.023s] -- Up-to-date: /home/atvpi/ros2_ws/install/transformer_controller/include/transformer_controller/transformer_controller
[35.025s] -- Up-to-date: /home/atvpi/ros2_ws/install/transformer_controller/include/transformer_controller/transformer_controller/msg
[35.025s] -- Installing: /home/atvpi/ros2_ws/install/transformer_controller/include/transformer_controller/transformer_controller/msg/rosidl_typesupport_introspection_c__visibility_control.h
[35.025s] -- Up-to-date: /home/atvpi/ros2_ws/install/transformer_controller/include/transformer_controller/transformer_controller/action
[35.025s] -- Up-to-date: /home/atvpi/ros2_ws/install/transformer_controller/include/transformer_controller/transformer_controller/action/detail
[35.025s] -- Installing: /home/atvpi/ros2_ws/install/transformer_controller/include/transformer_controller/transformer_controller/action/detail/transform_mode__rosidl_typesupport_introspection_c.h
[35.025s] -- Installing: /home/atvpi/ros2_ws/install/transformer_controller/include/transformer_controller/transformer_controller/action/detail/transform_mode__type_support.c
[35.025s] -- Installing: /home/atvpi/ros2_ws/install/transformer_controller/lib/libtransformer_controller__rosidl_typesupport_introspection_c.so
[35.025s] -- Set non-toolchain portion of runtime path of "/home/atvpi/ros2_ws/install/transformer_controller/lib/libtransformer_controller__rosidl_typesupport_introspection_c.so" to ""
[35.025s] -- Installing: /home/atvpi/ros2_ws/install/transformer_controller/lib/libtransformer_controller__rosidl_typesupport_c.so
[35.027s] -- Set non-toolchain portion of runtime path of "/home/atvpi/ros2_ws/install/transformer_controller/lib/libtransformer_controller__rosidl_typesupport_c.so" to ""
[35.027s] -- Up-to-date: /home/atvpi/ros2_ws/install/transformer_controller/include/transformer_controller/transformer_controller
[35.027s] -- Up-to-date: /home/atvpi/ros2_ws/install/transformer_controller/include/transformer_controller/transformer_controller/action
[35.027s] -- Up-to-date: /home/atvpi/ros2_ws/install/transformer_controller/include/transformer_controller/transformer_controller/action/detail
[35.027s] -- Installing: /home/atvpi/ros2_ws/install/transformer_controller/include/transformer_controller/transformer_controller/action/detail/transform_mode__type_support.cpp
[35.027s] -- Installing: /home/atvpi/ros2_ws/install/transformer_controller/include/transformer_controller/transformer_controller/action/detail/transform_mode__rosidl_typesupport_introspection_cpp.hpp
[35.027s] -- Installing: /home/atvpi/ros2_ws/install/transformer_controller/lib/libtransformer_controller__rosidl_typesupport_introspection_cpp.so
[35.028s] -- Set non-toolchain portion of runtime path of "/home/atvpi/ros2_ws/install/transformer_controller/lib/libtransformer_controller__rosidl_typesupport_introspection_cpp.so" to ""
[35.028s] -- Installing: /home/atvpi/ros2_ws/install/transformer_controller/lib/libtransformer_controller__rosidl_typesupport_cpp.so
[35.028s] -- Set non-toolchain portion of runtime path of "/home/atvpi/ros2_ws/install/transformer_controller/lib/libtransformer_controller__rosidl_typesupport_cpp.so" to ""
[35.028s] -- Installing: /home/atvpi/ros2_ws/install/transformer_controller/share/transformer_controller/environment/pythonpath.sh
[35.029s] -- Installing: /home/atvpi/ros2_ws/install/transformer_controller/share/transformer_controller/environment/pythonpath.dsv
[35.029s] -- Installing: /home/atvpi/ros2_ws/install/transformer_controller/lib/python3.12/site-packages/transformer_controller-0.0.1-py3.12.egg-info
[35.029s] -- Installing: /home/atvpi/ros2_ws/install/transformer_controller/lib/python3.12/site-packages/transformer_controller-0.0.1-py3.12.egg-info/SOURCES.txt
[35.029s] -- Installing: /home/atvpi/ros2_ws/install/transformer_controller/lib/python3.12/site-packages/transformer_controller-0.0.1-py3.12.egg-info/top_level.txt
[35.029s] -- Installing: /home/atvpi/ros2_ws/install/transformer_controller/lib/python3.12/site-packages/transformer_controller-0.0.1-py3.12.egg-info/PKG-INFO
[35.030s] -- Installing: /home/atvpi/ros2_ws/install/transformer_controller/lib/python3.12/site-packages/transformer_controller-0.0.1-py3.12.egg-info/dependency_links.txt
[35.030s] -- Installing: /home/atvpi/ros2_ws/install/transformer_controller/lib/python3.12/site-packages/transformer_controller
[35.030s] -- Installing: /home/atvpi/ros2_ws/install/transformer_controller/lib/python3.12/site-packages/transformer_controller/_transformer_controller_s.ep.rosidl_typesupport_introspection_c.c
[35.030s] -- Installing: /home/atvpi/ros2_ws/install/transformer_controller/lib/python3.12/site-packages/transformer_controller/transformer_controller_s__rosidl_typesupport_c.so
[35.031s] -- Installing: /home/atvpi/ros2_ws/install/transformer_controller/lib/python3.12/site-packages/transformer_controller/_transformer_controller_s.ep.rosidl_typesupport_c.c
[35.031s] -- Installing: /home/atvpi/ros2_ws/install/transformer_controller/lib/python3.12/site-packages/transformer_controller/transformer_controller_s__rosidl_typesupport_fastrtps_c.so
[35.031s] -- Installing: /home/atvpi/ros2_ws/install/transformer_controller/lib/python3.12/site-packages/transformer_controller/_transformer_controller_s.ep.rosidl_typesupport_fastrtps_c.c
[35.032s] -- Installing: /home/atvpi/ros2_ws/install/transformer_controller/lib/python3.12/site-packages/transformer_controller/__init__.py
[35.032s] -- Installing: /home/atvpi/ros2_ws/install/transformer_controller/lib/python3.12/site-packages/transformer_controller/action
[35.032s] -- Installing: /home/atvpi/ros2_ws/install/transformer_controller/lib/python3.12/site-packages/transformer_controller/action/_transform_mode_s.c
[35.032s] -- Installing: /home/atvpi/ros2_ws/install/transformer_controller/lib/python3.12/site-packages/transformer_controller/action/__init__.py
[35.032s] -- Installing: /home/atvpi/ros2_ws/install/transformer_controller/lib/python3.12/site-packages/transformer_controller/action/_transform_mode.py
[35.033s] -- Installing: /home/atvpi/ros2_ws/install/transformer_controller/lib/python3.12/site-packages/transformer_controller/transformer_controller_s__rosidl_typesupport_introspection_c.so
[35.116s] Listing '/home/atvpi/ros2_ws/install/transformer_controller/lib/python3.12/site-packages/transformer_controller'...
[35.117s] Compiling '/home/atvpi/ros2_ws/install/transformer_controller/lib/python3.12/site-packages/transformer_controller/__init__.py'...
[35.117s] Listing '/home/atvpi/ros2_ws/install/transformer_controller/lib/python3.12/site-packages/transformer_controller/action'...
[35.117s] Compiling '/home/atvpi/ros2_ws/install/transformer_controller/lib/python3.12/site-packages/transformer_controller/action/__init__.py'...
[35.117s] Compiling '/home/atvpi/ros2_ws/install/transformer_controller/lib/python3.12/site-packages/transformer_controller/action/_transform_mode.py'...
[35.131s] -- Installing: /home/atvpi/ros2_ws/install/transformer_controller/lib/python3.12/site-packages/transformer_controller/transformer_controller_s__rosidl_typesupport_fastrtps_c.so
[35.131s] -- Set non-toolchain portion of runtime path of "/home/atvpi/ros2_ws/install/transformer_controller/lib/python3.12/site-packages/transformer_controller/transformer_controller_s__rosidl_typesupport_fastrtps_c.so" to ""
[35.132s] -- Installing: /home/atvpi/ros2_ws/install/transformer_controller/lib/python3.12/site-packages/transformer_controller/transformer_controller_s__rosidl_typesupport_introspection_c.so
[35.132s] -- Set non-toolchain portion of runtime path of "/home/atvpi/ros2_ws/install/transformer_controller/lib/python3.12/site-packages/transformer_controller/transformer_controller_s__rosidl_typesupport_introspection_c.so" to ""
[35.133s] -- Installing: /home/atvpi/ros2_ws/install/transformer_controller/lib/python3.12/site-packages/transformer_controller/transformer_controller_s__rosidl_typesupport_c.so
[35.133s] -- Set non-toolchain portion of runtime path of "/home/atvpi/ros2_ws/install/transformer_controller/lib/python3.12/site-packages/transformer_controller/transformer_controller_s__rosidl_typesupport_c.so" to ""
[35.134s] -- Installing: /home/atvpi/ros2_ws/install/transformer_controller/lib/libtransformer_controller__rosidl_generator_py.so
[35.134s] -- Set non-toolchain portion of runtime path of "/home/atvpi/ros2_ws/install/transformer_controller/lib/libtransformer_controller__rosidl_generator_py.so" to ""
[35.135s] -- Installing: /home/atvpi/ros2_ws/install/transformer_controller/share/transformer_controller/action/TransformMode.idl
[35.135s] -- Installing: /home/atvpi/ros2_ws/install/transformer_controller/share/transformer_controller/action/TransformMode.action
[35.136s] -- Installing: /home/atvpi/ros2_ws/install/transformer_controller/lib/transformer_controller/transformer_controller_node
[35.143s] -- Set non-toolchain portion of runtime path of "/home/atvpi/ros2_ws/install/transformer_controller/lib/transformer_controller/transformer_controller_node" to ""
[35.143s] -- Up-to-date: /home/atvpi/ros2_ws/install/transformer_controller/share/transformer_controller/action
[35.145s] -- Up-to-date: /home/atvpi/ros2_ws/install/transformer_controller/share/transformer_controller/action/TransformMode.action
[35.145s] -- Installing: /home/atvpi/ros2_ws/install/transformer_controller/share/transformer_controller/launch
[35.145s] -- Installing: /home/atvpi/ros2_ws/install/transformer_controller/share/transformer_controller/launch/transformer_controller.launch.py
[35.145s] -- Installing: /home/atvpi/ros2_ws/install/transformer_controller/share/ament_index/resource_index/package_run_dependencies/transformer_controller
[35.145s] -- Installing: /home/atvpi/ros2_ws/install/transformer_controller/share/ament_index/resource_index/parent_prefix_path/transformer_controller
[35.145s] -- Installing: /home/atvpi/ros2_ws/install/transformer_controller/share/transformer_controller/environment/ament_prefix_path.sh
[35.145s] -- Installing: /home/atvpi/ros2_ws/install/transformer_controller/share/transformer_controller/environment/ament_prefix_path.dsv
[35.145s] -- Installing: /home/atvpi/ros2_ws/install/transformer_controller/share/transformer_controller/environment/path.sh
[35.146s] -- Installing: /home/atvpi/ros2_ws/install/transformer_controller/share/transformer_controller/environment/path.dsv
[35.146s] -- Installing: /home/atvpi/ros2_ws/install/transformer_controller/share/transformer_controller/local_setup.bash
[35.146s] -- Installing: /home/atvpi/ros2_ws/install/transformer_controller/share/transformer_controller/local_setup.sh
[35.146s] -- Installing: /home/atvpi/ros2_ws/install/transformer_controller/share/transformer_controller/local_setup.zsh
[35.146s] -- Installing: /home/atvpi/ros2_ws/install/transformer_controller/share/transformer_controller/local_setup.dsv
[35.146s] -- Installing: /home/atvpi/ros2_ws/install/transformer_controller/share/transformer_controller/package.dsv
[35.146s] -- Installing: /home/atvpi/ros2_ws/install/transformer_controller/share/ament_index/resource_index/packages/transformer_controller
[35.146s] -- Installing: /home/atvpi/ros2_ws/install/transformer_controller/share/transformer_controller/cmake/export_transformer_controller__rosidl_generator_cExport.cmake
[35.146s] -- Installing: /home/atvpi/ros2_ws/install/transformer_controller/share/transformer_controller/cmake/export_transformer_controller__rosidl_generator_cExport-noconfig.cmake
[35.147s] -- Installing: /home/atvpi/ros2_ws/install/transformer_controller/share/transformer_controller/cmake/export_transformer_controller__rosidl_typesupport_fastrtps_cExport.cmake
[35.147s] -- Installing: /home/atvpi/ros2_ws/install/transformer_controller/share/transformer_controller/cmake/export_transformer_controller__rosidl_typesupport_fastrtps_cExport-noconfig.cmake
[35.147s] -- Installing: /home/atvpi/ros2_ws/install/transformer_controller/share/transformer_controller/cmake/export_transformer_controller__rosidl_generator_cppExport.cmake
[35.147s] -- Installing: /home/atvpi/ros2_ws/install/transformer_controller/share/transformer_controller/cmake/export_transformer_controller__rosidl_typesupport_fastrtps_cppExport.cmake
[35.148s] -- Installing: /home/atvpi/ros2_ws/install/transformer_controller/share/transformer_controller/cmake/export_transformer_controller__rosidl_typesupport_fastrtps_cppExport-noconfig.cmake
[35.148s] -- Installing: /home/atvpi/ros2_ws/install/transformer_controller/share/transformer_controller/cmake/transformer_controller__rosidl_typesupport_introspection_cExport.cmake
[35.148s] -- Installing: /home/atvpi/ros2_ws/install/transformer_controller/share/transformer_controller/cmake/transformer_controller__rosidl_typesupport_introspection_cExport-noconfig.cmake
[35.148s] -- Installing: /home/atvpi/ros2_ws/install/transformer_controller/share/transformer_controller/cmake/transformer_controller__rosidl_typesupport_cExport.cmake
[35.148s] -- Installing: /home/atvpi/ros2_ws/install/transformer_controller/share/transformer_controller/cmake/transformer_controller__rosidl_typesupport_cExport-noconfig.cmake
[35.149s] -- Installing: /home/atvpi/ros2_ws/install/transformer_controller/share/transformer_controller/cmake/transformer_controller__rosidl_typesupport_introspection_cppExport.cmake
[35.149s] -- Installing: /home/atvpi/ros2_ws/install/transformer_controller/share/transformer_controller/cmake/transformer_controller__rosidl_typesupport_introspection_cppExport-noconfig.cmake
[35.149s] -- Installing: /home/atvpi/ros2_ws/install/transformer_controller/share/transformer_controller/cmake/transformer_controller__rosidl_typesupport_cppExport.cmake
[35.149s] -- Installing: /home/atvpi/ros2_ws/install/transformer_controller/share/transformer_controller/cmake/transformer_controller__rosidl_typesupport_cppExport-noconfig.cmake
[35.150s] -- Installing: /home/atvpi/ros2_ws/install/transformer_controller/share/transformer_controller/cmake/export_transformer_controller__rosidl_generator_pyExport.cmake
[35.150s] -- Installing: /home/atvpi/ros2_ws/install/transformer_controller/share/transformer_controller/cmake/export_transformer_controller__rosidl_generator_pyExport-noconfig.cmake
[35.150s] -- Installing: /home/atvpi/ros2_ws/install/transformer_controller/share/transformer_controller/cmake/rosidl_cmake-extras.cmake
[35.150s] -- Installing: /home/atvpi/ros2_ws/install/transformer_controller/share/transformer_controller/cmake/ament_cmake_export_dependencies-extras.cmake
[35.151s] -- Installing: /home/atvpi/ros2_ws/install/transformer_controller/share/transformer_controller/cmake/ament_cmake_export_include_directories-extras.cmake
[35.151s] -- Installing: /home/atvpi/ros2_ws/install/transformer_controller/share/transformer_controller/cmake/ament_cmake_export_libraries-extras.cmake
[35.151s] -- Installing: /home/atvpi/ros2_ws/install/transformer_controller/share/transformer_controller/cmake/ament_cmake_export_targets-extras.cmake
[35.151s] -- Installing: /home/atvpi/ros2_ws/install/transformer_controller/share/transformer_controller/cmake/rosidl_cmake_export_typesupport_targets-extras.cmake
[35.152s] -- Installing: /home/atvpi/ros2_ws/install/transformer_controller/share/transformer_controller/cmake/rosidl_cmake_export_typesupport_libraries-extras.cmake
[35.152s] -- Installing: /home/atvpi/ros2_ws/install/transformer_controller/share/transformer_controller/cmake/transformer_controllerConfig.cmake
[35.152s] -- Installing: /home/atvpi/ros2_ws/install/transformer_controller/share/transformer_controller/cmake/transformer_controllerConfig-version.cmake
[35.152s] -- Installing: /home/atvpi/ros2_ws/install/transformer_controller/share/transformer_controller/package.xml
[35.157s] Invoked command in '/home/atvpi/ros2_ws/build/transformer_controller' returned '0': CMAKE_PREFIX_PATH=/home/atvpi/ros2_ws/install/transformer_hw_servos:/home/atvpi/ros2_ws/install/transformer_hw_actuators:/home/atvpi/ros2_ws/install/wheeltec_n100_imu:/home/atvpi/ros2_ws/install/transformer_msp_bridge:/home/atvpi/ros2_ws/install/transformer_bringup:/home/atvpi/ros2_ws/install/transformer_controller:/home/atvpi/ros2_ws/install/serial:/opt/ros/jazzy LD_LIBRARY_PATH=/home/atvpi/ros2_ws/install/transformer_hw_servos/lib:/home/atvpi/ros2_ws/install/transformer_hw_actuators/lib:/home/atvpi/ros2_ws/install/transformer_msp_bridge/lib:/home/atvpi/ros2_ws/install/transformer_controller/lib:/home/atvpi/ros2_ws/install/serial/lib:/opt/ros/jazzy/lib/aarch64-linux-gnu:/opt/ros/jazzy/lib PYTHONPATH=/home/atvpi/ros2_ws/install/transformer_hw_servos/lib/python3.12/site-packages:/home/atvpi/ros2_ws/install/transformer_hw_actuators/lib/python3.12/site-packages:/home/atvpi/ros2_ws/install/transformer_msp_bridge/lib/python3.12/site-packages:/home/atvpi/ros2_ws/install/transformer_controller/lib/python3.12/site-packages:/opt/ros/jazzy/lib/python3.12/site-packages /usr/bin/cmake --install /home/atvpi/ros2_ws/build/transformer_controller
