-- Found ament_cmake: 2.5.4 (/opt/ros/jazzy/share/ament_cmake/cmake)
-- Found rclcpp: 28.1.12 (/opt/ros/jazzy/share/rclcpp/cmake)
-- Found rosidl_generator_c: 4.6.6 (/opt/ros/jazzy/share/rosidl_generator_c/cmake)
-- Found rosidl_generator_cpp: 4.6.6 (/opt/ros/jazzy/share/rosidl_generator_cpp/cmake)
-- Using all available rosidl_typesupport_c: rosidl_typesupport_fastrtps_c;rosidl_typesupport_introspection_c
-- Using all available rosidl_typesupport_cpp: rosidl_typesupport_fastrtps_cpp;rosidl_typesupport_introspection_cpp
-- Found rmw_implementation_cmake: 7.3.2 (/opt/ros/jazzy/share/rmw_implementation_cmake/cmake)
-- Found rmw_fastrtps_cpp: 8.4.3 (/opt/ros/jazzy/share/rmw_fastrtps_cpp/cmake)
-- Using RMW implementation 'rmw_fastrtps_cpp' as default
-- Found rclcpp_action: 28.1.12 (/opt/ros/jazzy/share/rclcpp_action/cmake)
-- Found std_msgs: 5.3.6 (/opt/ros/jazzy/share/std_msgs/cmake)
-- Found transformer_controller: 0.0.1 (/home/atvpi/ros2_ws/install/transformer_controller/share/transformer_controller/cmake)
-- Configuring done (1.0s)
-- Generating done (0.0s)
-- Build files have been written to: /home/atvpi/ros2_ws/build/transformer_rc_mode_switch
[100%] Built target rc_mode_switch_node
-- Install configuration: ""
-- Up-to-date: /home/atvpi/ros2_ws/install/transformer_rc_mode_switch/lib/transformer_rc_mode_switch/rc_mode_switch_node
-- Up-to-date: /home/atvpi/ros2_ws/install/transformer_rc_mode_switch/share/transformer_rc_mode_switch/launch
-- Up-to-date: /home/atvpi/ros2_ws/install/transformer_rc_mode_switch/share/transformer_rc_mode_switch/launch/rc_mode_switch.launch.py
-- Up-to-date: /home/atvpi/ros2_ws/install/transformer_rc_mode_switch/share/ament_index/resource_index/package_run_dependencies/transformer_rc_mode_switch
-- Up-to-date: /home/atvpi/ros2_ws/install/transformer_rc_mode_switch/share/ament_index/resource_index/parent_prefix_path/transformer_rc_mode_switch
-- Up-to-date: /home/atvpi/ros2_ws/install/transformer_rc_mode_switch/share/transformer_rc_mode_switch/environment/ament_prefix_path.sh
-- Up-to-date: /home/atvpi/ros2_ws/install/transformer_rc_mode_switch/share/transformer_rc_mode_switch/environment/ament_prefix_path.dsv
-- Up-to-date: /home/atvpi/ros2_ws/install/transformer_rc_mode_switch/share/transformer_rc_mode_switch/environment/path.sh
-- Up-to-date: /home/atvpi/ros2_ws/install/transformer_rc_mode_switch/share/transformer_rc_mode_switch/environment/path.dsv
-- Up-to-date: /home/atvpi/ros2_ws/install/transformer_rc_mode_switch/share/transformer_rc_mode_switch/local_setup.bash
-- Up-to-date: /home/atvpi/ros2_ws/install/transformer_rc_mode_switch/share/transformer_rc_mode_switch/local_setup.sh
-- Up-to-date: /home/atvpi/ros2_ws/install/transformer_rc_mode_switch/share/transformer_rc_mode_switch/local_setup.zsh
-- Up-to-date: /home/atvpi/ros2_ws/install/transformer_rc_mode_switch/share/transformer_rc_mode_switch/local_setup.dsv
-- Installing: /home/atvpi/ros2_ws/install/transformer_rc_mode_switch/share/transformer_rc_mode_switch/package.dsv
-- Up-to-date: /home/atvpi/ros2_ws/install/transformer_rc_mode_switch/share/ament_index/resource_index/packages/transformer_rc_mode_switch
-- Up-to-date: /home/atvpi/ros2_ws/install/transformer_rc_mode_switch/share/transformer_rc_mode_switch/cmake/transformer_rc_mode_switchConfig.cmake
-- Up-to-date: /home/atvpi/ros2_ws/install/transformer_rc_mode_switch/share/transformer_rc_mode_switch/cmake/transformer_rc_mode_switchConfig-version.cmake
-- Up-to-date: /home/atvpi/ros2_ws/install/transformer_rc_mode_switch/share/transformer_rc_mode_switch/package.xml
