[0.021s] Invoking command in '/home/atvpi/ros2_ws/build/transformer_rc_mode_switch': CMAKE_PREFIX_PATH=/home/atvpi/ros2_ws/install/transformer_controller:/home/atvpi/ros2_ws/install/transformer_hw_servos:/home/atvpi/ros2_ws/install/transformer_hw_actuators:/home/atvpi/ros2_ws/install/wheeltec_n100_imu:/home/atvpi/ros2_ws/install/transformer_bringup:/home/atvpi/ros2_ws/install/transformer_rc_mode_switch:/home/atvpi/ros2_ws/install/transformer_msp_bridge:/home/atvpi/ros2_ws/install/serial:/opt/ros/jazzy LD_LIBRARY_PATH=/home/atvpi/ros2_ws/install/transformer_controller/lib:/home/atvpi/ros2_ws/install/transformer_hw_servos/lib:/home/atvpi/ros2_ws/install/transformer_hw_actuators/lib:/home/atvpi/ros2_ws/install/transformer_msp_bridge/lib:/home/atvpi/ros2_ws/install/serial/lib:/opt/ros/jazzy/lib/aarch64-linux-gnu:/opt/ros/jazzy/lib PYTHONPATH=/home/atvpi/ros2_ws/install/transformer_controller/lib/python3.12/site-packages:/home/atvpi/ros2_ws/install/transformer_hw_servos/lib/python3.12/site-packages:/home/atvpi/ros2_ws/install/transformer_hw_actuators/lib/python3.12/site-packages:/home/atvpi/ros2_ws/install/transformer_msp_bridge/lib/python3.12/site-packages:/opt/ros/jazzy/lib/python3.12/site-packages /usr/bin/cmake /home/atvpi/ros2_ws/src/transformer_rc_mode_switch -DCMAKE_INSTALL_PREFIX=/home/atvpi/ros2_ws/install/transformer_rc_mode_switch
[0.043s] -- Found ament_cmake: 2.5.4 (/opt/ros/jazzy/share/ament_cmake/cmake)
[0.422s] -- Found rclcpp: 28.1.12 (/opt/ros/jazzy/share/rclcpp/cmake)
[0.456s] -- Found rosidl_generator_c: 4.6.6 (/opt/ros/jazzy/share/rosidl_generator_c/cmake)
[0.470s] -- Found rosidl_generator_cpp: 4.6.6 (/opt/ros/jazzy/share/rosidl_generator_cpp/cmake)
[0.487s] -- Using all available rosidl_typesupport_c: rosidl_typesupport_fastrtps_c;rosidl_typesupport_introspection_c
[0.508s] -- Using all available rosidl_typesupport_cpp: rosidl_typesupport_fastrtps_cpp;rosidl_typesupport_introspection_cpp
[0.593s] -- Found rmw_implementation_cmake: 7.3.2 (/opt/ros/jazzy/share/rmw_implementation_cmake/cmake)
[0.596s] -- Found rmw_fastrtps_cpp: 8.4.3 (/opt/ros/jazzy/share/rmw_fastrtps_cpp/cmake)
[0.688s] -- Using RMW implementation 'rmw_fastrtps_cpp' as default
[0.770s] -- Found rclcpp_action: 28.1.12 (/opt/ros/jazzy/share/rclcpp_action/cmake)
[0.821s] -- Found std_msgs: 5.3.6 (/opt/ros/jazzy/share/std_msgs/cmake)
[0.838s] -- Found transformer_controller: 0.0.1 (/home/atvpi/ros2_ws/install/transformer_controller/share/transformer_controller/cmake)
[1.062s] -- Configuring done (1.0s)
[1.086s] -- Generating done (0.0s)
[1.103s] -- Build files have been written to: /home/atvpi/ros2_ws/build/transformer_rc_mode_switch
[1.119s] Invoked command in '/home/atvpi/ros2_ws/build/transformer_rc_mode_switch' returned '0': CMAKE_PREFIX_PATH=/home/atvpi/ros2_ws/install/transformer_controller:/home/atvpi/ros2_ws/install/transformer_hw_servos:/home/atvpi/ros2_ws/install/transformer_hw_actuators:/home/atvpi/ros2_ws/install/wheeltec_n100_imu:/home/atvpi/ros2_ws/install/transformer_bringup:/home/atvpi/ros2_ws/install/transformer_rc_mode_switch:/home/atvpi/ros2_ws/install/transformer_msp_bridge:/home/atvpi/ros2_ws/install/serial:/opt/ros/jazzy LD_LIBRARY_PATH=/home/atvpi/ros2_ws/install/transformer_controller/lib:/home/atvpi/ros2_ws/install/transformer_hw_servos/lib:/home/atvpi/ros2_ws/install/transformer_hw_actuators/lib:/home/atvpi/ros2_ws/install/transformer_msp_bridge/lib:/home/atvpi/ros2_ws/install/serial/lib:/opt/ros/jazzy/lib/aarch64-linux-gnu:/opt/ros/jazzy/lib PYTHONPATH=/home/atvpi/ros2_ws/install/transformer_controller/lib/python3.12/site-packages:/home/atvpi/ros2_ws/install/transformer_hw_servos/lib/python3.12/site-packages:/home/atvpi/ros2_ws/install/transformer_hw_actuators/lib/python3.12/site-packages:/home/atvpi/ros2_ws/install/transformer_msp_bridge/lib/python3.12/site-packages:/opt/ros/jazzy/lib/python3.12/site-packages /usr/bin/cmake /home/atvpi/ros2_ws/src/transformer_rc_mode_switch -DCMAKE_INSTALL_PREFIX=/home/atvpi/ros2_ws/install/transformer_rc_mode_switch
[1.120s] Invoking command in '/home/atvpi/ros2_ws/build/transformer_rc_mode_switch': CMAKE_PREFIX_PATH=/home/atvpi/ros2_ws/install/transformer_controller:/home/atvpi/ros2_ws/install/transformer_hw_servos:/home/atvpi/ros2_ws/install/transformer_hw_actuators:/home/atvpi/ros2_ws/install/wheeltec_n100_imu:/home/atvpi/ros2_ws/install/transformer_bringup:/home/atvpi/ros2_ws/install/transformer_rc_mode_switch:/home/atvpi/ros2_ws/install/transformer_msp_bridge:/home/atvpi/ros2_ws/install/serial:/opt/ros/jazzy LD_LIBRARY_PATH=/home/atvpi/ros2_ws/install/transformer_controller/lib:/home/atvpi/ros2_ws/install/transformer_hw_servos/lib:/home/atvpi/ros2_ws/install/transformer_hw_actuators/lib:/home/atvpi/ros2_ws/install/transformer_msp_bridge/lib:/home/atvpi/ros2_ws/install/serial/lib:/opt/ros/jazzy/lib/aarch64-linux-gnu:/opt/ros/jazzy/lib PYTHONPATH=/home/atvpi/ros2_ws/install/transformer_controller/lib/python3.12/site-packages:/home/atvpi/ros2_ws/install/transformer_hw_servos/lib/python3.12/site-packages:/home/atvpi/ros2_ws/install/transformer_hw_actuators/lib/python3.12/site-packages:/home/atvpi/ros2_ws/install/transformer_msp_bridge/lib/python3.12/site-packages:/opt/ros/jazzy/lib/python3.12/site-packages /usr/bin/cmake --build /home/atvpi/ros2_ws/build/transformer_rc_mode_switch -- -j4 -l4
[1.228s] [100%] Built target rc_mode_switch_node
[1.248s] Invoked command in '/home/atvpi/ros2_ws/build/transformer_rc_mode_switch' returned '0': CMAKE_PREFIX_PATH=/home/atvpi/ros2_ws/install/transformer_controller:/home/atvpi/ros2_ws/install/transformer_hw_servos:/home/atvpi/ros2_ws/install/transformer_hw_actuators:/home/atvpi/ros2_ws/install/wheeltec_n100_imu:/home/atvpi/ros2_ws/install/transformer_bringup:/home/atvpi/ros2_ws/install/transformer_rc_mode_switch:/home/atvpi/ros2_ws/install/transformer_msp_bridge:/home/atvpi/ros2_ws/install/serial:/opt/ros/jazzy LD_LIBRARY_PATH=/home/atvpi/ros2_ws/install/transformer_controller/lib:/home/atvpi/ros2_ws/install/transformer_hw_servos/lib:/home/atvpi/ros2_ws/install/transformer_hw_actuators/lib:/home/atvpi/ros2_ws/install/transformer_msp_bridge/lib:/home/atvpi/ros2_ws/install/serial/lib:/opt/ros/jazzy/lib/aarch64-linux-gnu:/opt/ros/jazzy/lib PYTHONPATH=/home/atvpi/ros2_ws/install/transformer_controller/lib/python3.12/site-packages:/home/atvpi/ros2_ws/install/transformer_hw_servos/lib/python3.12/site-packages:/home/atvpi/ros2_ws/install/transformer_hw_actuators/lib/python3.12/site-packages:/home/atvpi/ros2_ws/install/transformer_msp_bridge/lib/python3.12/site-packages:/opt/ros/jazzy/lib/python3.12/site-packages /usr/bin/cmake --build /home/atvpi/ros2_ws/build/transformer_rc_mode_switch -- -j4 -l4
[1.250s] Invoking command in '/home/atvpi/ros2_ws/build/transformer_rc_mode_switch': CMAKE_PREFIX_PATH=/home/atvpi/ros2_ws/install/transformer_controller:/home/atvpi/ros2_ws/install/transformer_hw_servos:/home/atvpi/ros2_ws/install/transformer_hw_actuators:/home/atvpi/ros2_ws/install/wheeltec_n100_imu:/home/atvpi/ros2_ws/install/transformer_bringup:/home/atvpi/ros2_ws/install/transformer_rc_mode_switch:/home/atvpi/ros2_ws/install/transformer_msp_bridge:/home/atvpi/ros2_ws/install/serial:/opt/ros/jazzy LD_LIBRARY_PATH=/home/atvpi/ros2_ws/install/transformer_controller/lib:/home/atvpi/ros2_ws/install/transformer_hw_servos/lib:/home/atvpi/ros2_ws/install/transformer_hw_actuators/lib:/home/atvpi/ros2_ws/install/transformer_msp_bridge/lib:/home/atvpi/ros2_ws/install/serial/lib:/opt/ros/jazzy/lib/aarch64-linux-gnu:/opt/ros/jazzy/lib PYTHONPATH=/home/atvpi/ros2_ws/install/transformer_controller/lib/python3.12/site-packages:/home/atvpi/ros2_ws/install/transformer_hw_servos/lib/python3.12/site-packages:/home/atvpi/ros2_ws/install/transformer_hw_actuators/lib/python3.12/site-packages:/home/atvpi/ros2_ws/install/transformer_msp_bridge/lib/python3.12/site-packages:/opt/ros/jazzy/lib/python3.12/site-packages /usr/bin/cmake --install /home/atvpi/ros2_ws/build/transformer_rc_mode_switch
[1.265s] -- Install configuration: ""
[1.265s] -- Up-to-date: /home/atvpi/ros2_ws/install/transformer_rc_mode_switch/lib/transformer_rc_mode_switch/rc_mode_switch_node
[1.265s] -- Up-to-date: /home/atvpi/ros2_ws/install/transformer_rc_mode_switch/share/transformer_rc_mode_switch/launch
[1.265s] -- Up-to-date: /home/atvpi/ros2_ws/install/transformer_rc_mode_switch/share/transformer_rc_mode_switch/launch/rc_mode_switch.launch.py
[1.266s] -- Up-to-date: /home/atvpi/ros2_ws/install/transformer_rc_mode_switch/share/ament_index/resource_index/package_run_dependencies/transformer_rc_mode_switch
[1.266s] -- Up-to-date: /home/atvpi/ros2_ws/install/transformer_rc_mode_switch/share/ament_index/resource_index/parent_prefix_path/transformer_rc_mode_switch
[1.266s] -- Up-to-date: /home/atvpi/ros2_ws/install/transformer_rc_mode_switch/share/transformer_rc_mode_switch/environment/ament_prefix_path.sh
[1.266s] -- Up-to-date: /home/atvpi/ros2_ws/install/transformer_rc_mode_switch/share/transformer_rc_mode_switch/environment/ament_prefix_path.dsv
[1.266s] -- Up-to-date: /home/atvpi/ros2_ws/install/transformer_rc_mode_switch/share/transformer_rc_mode_switch/environment/path.sh
[1.266s] -- Up-to-date: /home/atvpi/ros2_ws/install/transformer_rc_mode_switch/share/transformer_rc_mode_switch/environment/path.dsv
[1.267s] -- Up-to-date: /home/atvpi/ros2_ws/install/transformer_rc_mode_switch/share/transformer_rc_mode_switch/local_setup.bash
[1.267s] -- Up-to-date: /home/atvpi/ros2_ws/install/transformer_rc_mode_switch/share/transformer_rc_mode_switch/local_setup.sh
[1.267s] -- Up-to-date: /home/atvpi/ros2_ws/install/transformer_rc_mode_switch/share/transformer_rc_mode_switch/local_setup.zsh
[1.267s] -- Up-to-date: /home/atvpi/ros2_ws/install/transformer_rc_mode_switch/share/transformer_rc_mode_switch/local_setup.dsv
[1.267s] -- Installing: /home/atvpi/ros2_ws/install/transformer_rc_mode_switch/share/transformer_rc_mode_switch/package.dsv
[1.267s] -- Up-to-date: /home/atvpi/ros2_ws/install/transformer_rc_mode_switch/share/ament_index/resource_index/packages/transformer_rc_mode_switch
[1.267s] -- Up-to-date: /home/atvpi/ros2_ws/install/transformer_rc_mode_switch/share/transformer_rc_mode_switch/cmake/transformer_rc_mode_switchConfig.cmake
[1.267s] -- Up-to-date: /home/atvpi/ros2_ws/install/transformer_rc_mode_switch/share/transformer_rc_mode_switch/cmake/transformer_rc_mode_switchConfig-version.cmake
[1.267s] -- Up-to-date: /home/atvpi/ros2_ws/install/transformer_rc_mode_switch/share/transformer_rc_mode_switch/package.xml
[1.271s] Invoked command in '/home/atvpi/ros2_ws/build/transformer_rc_mode_switch' returned '0': CMAKE_PREFIX_PATH=/home/atvpi/ros2_ws/install/transformer_controller:/home/atvpi/ros2_ws/install/transformer_hw_servos:/home/atvpi/ros2_ws/install/transformer_hw_actuators:/home/atvpi/ros2_ws/install/wheeltec_n100_imu:/home/atvpi/ros2_ws/install/transformer_bringup:/home/atvpi/ros2_ws/install/transformer_rc_mode_switch:/home/atvpi/ros2_ws/install/transformer_msp_bridge:/home/atvpi/ros2_ws/install/serial:/opt/ros/jazzy LD_LIBRARY_PATH=/home/atvpi/ros2_ws/install/transformer_controller/lib:/home/atvpi/ros2_ws/install/transformer_hw_servos/lib:/home/atvpi/ros2_ws/install/transformer_hw_actuators/lib:/home/atvpi/ros2_ws/install/transformer_msp_bridge/lib:/home/atvpi/ros2_ws/install/serial/lib:/opt/ros/jazzy/lib/aarch64-linux-gnu:/opt/ros/jazzy/lib PYTHONPATH=/home/atvpi/ros2_ws/install/transformer_controller/lib/python3.12/site-packages:/home/atvpi/ros2_ws/install/transformer_hw_servos/lib/python3.12/site-packages:/home/atvpi/ros2_ws/install/transformer_hw_actuators/lib/python3.12/site-packages:/home/atvpi/ros2_ws/install/transformer_msp_bridge/lib/python3.12/site-packages:/opt/ros/jazzy/lib/python3.12/site-packages /usr/bin/cmake --install /home/atvpi/ros2_ws/build/transformer_rc_mode_switch
