-- The C compiler identification is GNU 13.3.0
-- The CXX compiler identification is GNU 13.3.0
-- Detecting C compiler ABI info
-- Detecting C compiler ABI info - done
-- Check for working C compiler: /usr/bin/cc - skipped
-- Detecting C compile features
-- Detecting C compile features - done
-- Detecting CXX compiler ABI info
-- Detecting CXX compiler ABI info - done
-- Check for working CXX compiler: /usr/bin/c++ - skipped
-- Detecting CXX compile features
-- Detecting CXX compile features - done
-- Found ament_cmake: 2.5.4 (/opt/ros/jazzy/share/ament_cmake/cmake)
-- Found Python3: /usr/bin/python3 (found version "3.12.3") found components: Interpreter 
-- Found rclcpp: 28.1.12 (/opt/ros/jazzy/share/rclcpp/cmake)
-- Found rosidl_generator_c: 4.6.6 (/opt/ros/jazzy/share/rosidl_generator_c/cmake)
-- Found rosidl_generator_cpp: 4.6.6 (/opt/ros/jazzy/share/rosidl_generator_cpp/cmake)
-- Using all available rosidl_typesupport_c: rosidl_typesupport_fastrtps_c;rosidl_typesupport_introspection_c
-- Using all available rosidl_typesupport_cpp: rosidl_typesupport_fastrtps_cpp;rosidl_typesupport_introspection_cpp
-- Found rmw_implementation_cmake: 7.3.2 (/opt/ros/jazzy/share/rmw_implementation_cmake/cmake)
-- Found rmw_fastrtps_cpp: 8.4.3 (/opt/ros/jazzy/share/rmw_fastrtps_cpp/cmake)
-- Found OpenSSL: /usr/lib/aarch64-linux-gnu/libcrypto.so (found version "3.0.13")  
-- Found FastRTPS: /opt/ros/jazzy/include (Required is at least version "2.13") 
-- Using RMW implementation 'rmw_fastrtps_cpp' as default
-- Found rclcpp_action: 28.1.12 (/opt/ros/jazzy/share/rclcpp_action/cmake)
-- Found rosidl_default_generators: 1.6.0 (/opt/ros/jazzy/share/rosidl_default_generators/cmake)
-- Found rosidl_adapter: 4.6.6 (/opt/ros/jazzy/share/rosidl_adapter/cmake)
-- Found ament_cmake_ros: 0.12.0 (/opt/ros/jazzy/share/ament_cmake_ros/cmake)
-- Using all available rosidl_typesupport_c: rosidl_typesupport_fastrtps_c;rosidl_typesupport_introspection_c
-- Using all available rosidl_typesupport_cpp: rosidl_typesupport_fastrtps_cpp;rosidl_typesupport_introspection_cpp
-- Found python_cmake_module: 0.11.1 (/opt/ros/jazzy/share/python_cmake_module/cmake)
-- Found PythonExtra: /usr/bin/python3  
-- Found Python3: /usr/bin/python3 (found version "3.12.3") found components: Interpreter Development NumPy Development.Module Development.Embed 
-- Performing Test CMAKE_HAVE_LIBC_PTHREAD
-- Performing Test CMAKE_HAVE_LIBC_PTHREAD - Success
-- Found Threads: TRUE  
-- Found ament_lint_auto: 0.17.3 (/opt/ros/jazzy/share/ament_lint_auto/cmake)
-- Configuring done (10.1s)
-- Generating done (0.2s)
-- Build files have been written to: /home/atvpi/ros2_ws/build/transformer_hw_servos
[  2%] [34m[1mGenerating type hashes for ROS interfaces[0m
[  2%] Built target ament_cmake_python_copy_transformer_hw_servos
running egg_info
creating transformer_hw_servos.egg-info
writing transformer_hw_servos.egg-info/PKG-INFO
writing dependency_links to transformer_hw_servos.egg-info/dependency_links.txt
writing top-level names to transformer_hw_servos.egg-info/top_level.txt
writing manifest file 'transformer_hw_servos.egg-info/SOURCES.txt'
[  2%] Built target transformer_hw_servos__rosidl_generator_type_description
[  5%] [34m[1mGenerating C code for ROS interfaces[0m
[  7%] [34m[1mGenerating C++ code for ROS interfaces[0m
reading manifest file 'transformer_hw_servos.egg-info/SOURCES.txt'
writing manifest file 'transformer_hw_servos.egg-info/SOURCES.txt'
[  7%] Built target ament_cmake_python_build_transformer_hw_servos_egg
[ 10%] [32mBuilding C object CMakeFiles/transformer_hw_servos__rosidl_generator_c.dir/rosidl_generator_c/transformer_hw_servos/action/detail/move_servo__functions.c.o[0m
[ 13%] [32mBuilding C object CMakeFiles/transformer_hw_servos__rosidl_generator_c.dir/rosidl_generator_c/transformer_hw_servos/action/detail/move_servo__description.c.o[0m
[ 15%] [32mBuilding C object CMakeFiles/transformer_hw_servos__rosidl_generator_c.dir/rosidl_generator_c/transformer_hw_servos/action/detail/move_servo__type_support.c.o[0m
[ 15%] Built target transformer_hw_servos__cpp
[ 18%] [32m[1mLinking C shared library libtransformer_hw_servos__rosidl_generator_c.so[0m
[ 18%] Built target transformer_hw_servos__rosidl_generator_c
[ 21%] [34m[1mGenerating C++ type support for eProsima Fast-RTPS[0m
[ 23%] [34m[1mGenerating C type support for eProsima Fast-RTPS[0m
[ 26%] [34m[1mGenerating C++ type support dispatch for ROS interfaces[0m
[ 28%] [34m[1mGenerating C introspection for ROS interfaces[0m
[ 31%] [32mBuilding CXX object CMakeFiles/transformer_hw_servos__rosidl_typesupport_cpp.dir/rosidl_typesupport_cpp/transformer_hw_servos/action/move_servo__type_support.cpp.o[0m
[ 34%] [32mBuilding C object CMakeFiles/transformer_hw_servos__rosidl_typesupport_introspection_c.dir/rosidl_typesupport_introspection_c/transformer_hw_servos/action/detail/move_servo__type_support.c.o[0m
[ 36%] [32mBuilding CXX object CMakeFiles/transformer_hw_servos__rosidl_typesupport_fastrtps_cpp.dir/rosidl_typesupport_fastrtps_cpp/transformer_hw_servos/action/detail/dds_fastrtps/move_servo__type_support.cpp.o[0m
[ 39%] [32m[1mLinking C shared library libtransformer_hw_servos__rosidl_typesupport_introspection_c.so[0m
[ 39%] Built target transformer_hw_servos__rosidl_typesupport_introspection_c
[ 42%] [32mBuilding CXX object CMakeFiles/transformer_hw_servos__rosidl_typesupport_fastrtps_c.dir/rosidl_typesupport_fastrtps_c/transformer_hw_servos/action/detail/move_servo__type_support_c.cpp.o[0m
[ 44%] [32m[1mLinking CXX shared library libtransformer_hw_servos__rosidl_typesupport_cpp.so[0m
[ 44%] Built target transformer_hw_servos__rosidl_typesupport_cpp
[ 47%] [32m[1mLinking CXX shared library libtransformer_hw_servos__rosidl_typesupport_fastrtps_c.so[0m
[ 50%] [32m[1mLinking CXX shared library libtransformer_hw_servos__rosidl_typesupport_fastrtps_cpp.so[0m
[ 50%] Built target transformer_hw_servos__rosidl_typesupport_fastrtps_c
[ 50%] Built target transformer_hw_servos__rosidl_typesupport_fastrtps_cpp
[ 52%] [32mBuilding CXX object CMakeFiles/servos_node.dir/src/servos_node.cpp.o[0m
[ 55%] [32mBuilding CXX object CMakeFiles/servos_node.dir/src/backends/lgpio_backend.cpp.o[0m
[ 57%] [32mBuilding CXX object CMakeFiles/servos_node.dir/src/backends/pca9685_backend.cpp.o[0m
[ 60%] [32m[1mLinking CXX executable servos_node[0m
[ 60%] Built target servos_node
[ 63%] [34m[1mGenerating C++ introspection for ROS interfaces[0m
[ 65%] [32mBuilding CXX object CMakeFiles/transformer_hw_servos__rosidl_typesupport_introspection_cpp.dir/rosidl_typesupport_introspection_cpp/transformer_hw_servos/action/detail/move_servo__type_support.cpp.o[0m
[ 68%] [32m[1mLinking CXX shared library libtransformer_hw_servos__rosidl_typesupport_introspection_cpp.so[0m
[ 68%] Built target transformer_hw_servos__rosidl_typesupport_introspection_cpp
[ 71%] [34m[1mGenerating C type support dispatch for ROS interfaces[0m
[ 73%] [32mBuilding CXX object CMakeFiles/transformer_hw_servos__rosidl_typesupport_c.dir/rosidl_typesupport_c/transformer_hw_servos/action/move_servo__type_support.cpp.o[0m
[ 76%] [32m[1mLinking CXX shared library libtransformer_hw_servos__rosidl_typesupport_c.so[0m
[ 76%] Built target transformer_hw_servos__rosidl_typesupport_c
[ 76%] Built target transformer_hw_servos
[ 78%] [34m[1mGenerating Python code for ROS interfaces[0m
[ 78%] Built target transformer_hw_servos__py
[ 81%] [32mBuilding C object CMakeFiles/transformer_hw_servos__rosidl_generator_py.dir/rosidl_generator_py/transformer_hw_servos/action/_move_servo_s.c.o[0m
[ 84%] [32m[1mLinking C shared library libtransformer_hw_servos__rosidl_generator_py.so[0m
[ 84%] Built target transformer_hw_servos__rosidl_generator_py
[ 86%] [32mBuilding C object CMakeFiles/transformer_hw_servos_s__rosidl_typesupport_fastrtps_c.dir/rosidl_generator_py/transformer_hw_servos/_transformer_hw_servos_s.ep.rosidl_typesupport_fastrtps_c.c.o[0m
[ 89%] [32m[1mLinking C shared module rosidl_generator_py/transformer_hw_servos/transformer_hw_servos_s__rosidl_typesupport_fastrtps_c.so[0m
[ 89%] Built target transformer_hw_servos_s__rosidl_typesupport_fastrtps_c
[ 92%] [32mBuilding C object CMakeFiles/transformer_hw_servos_s__rosidl_typesupport_c.dir/rosidl_generator_py/transformer_hw_servos/_transformer_hw_servos_s.ep.rosidl_typesupport_c.c.o[0m
[ 94%] [32m[1mLinking C shared module rosidl_generator_py/transformer_hw_servos/transformer_hw_servos_s__rosidl_typesupport_c.so[0m
[ 94%] Built target transformer_hw_servos_s__rosidl_typesupport_c
[ 97%] [32mBuilding C object CMakeFiles/transformer_hw_servos_s__rosidl_typesupport_introspection_c.dir/rosidl_generator_py/transformer_hw_servos/_transformer_hw_servos_s.ep.rosidl_typesupport_introspection_c.c.o[0m
[100%] [32m[1mLinking C shared module rosidl_generator_py/transformer_hw_servos/transformer_hw_servos_s__rosidl_typesupport_introspection_c.so[0m
[100%] Built target transformer_hw_servos_s__rosidl_typesupport_introspection_c
-- Install configuration: ""
-- Installing: /home/atvpi/ros2_ws/install/transformer_hw_servos/share/ament_index/resource_index/rosidl_interfaces/transformer_hw_servos
-- Installing: /home/atvpi/ros2_ws/install/transformer_hw_servos/share/transformer_hw_servos/action/MoveServo.json
-- Installing: /home/atvpi/ros2_ws/install/transformer_hw_servos/include/transformer_hw_servos/transformer_hw_servos
-- Installing: /home/atvpi/ros2_ws/install/transformer_hw_servos/include/transformer_hw_servos/transformer_hw_servos/msg
-- Installing: /home/atvpi/ros2_ws/install/transformer_hw_servos/include/transformer_hw_servos/transformer_hw_servos/msg/rosidl_generator_c__visibility_control.h
-- Installing: /home/atvpi/ros2_ws/install/transformer_hw_servos/include/transformer_hw_servos/transformer_hw_servos/action
-- Installing: /home/atvpi/ros2_ws/install/transformer_hw_servos/include/transformer_hw_servos/transformer_hw_servos/action/move_servo.h
-- Installing: /home/atvpi/ros2_ws/install/transformer_hw_servos/include/transformer_hw_servos/transformer_hw_servos/action/detail
-- Installing: /home/atvpi/ros2_ws/install/transformer_hw_servos/include/transformer_hw_servos/transformer_hw_servos/action/detail/move_servo__functions.c
-- Installing: /home/atvpi/ros2_ws/install/transformer_hw_servos/include/transformer_hw_servos/transformer_hw_servos/action/detail/move_servo__type_support.h
-- Installing: /home/atvpi/ros2_ws/install/transformer_hw_servos/include/transformer_hw_servos/transformer_hw_servos/action/detail/move_servo__type_support.c
-- Installing: /home/atvpi/ros2_ws/install/transformer_hw_servos/include/transformer_hw_servos/transformer_hw_servos/action/detail/move_servo__struct.h
-- Installing: /home/atvpi/ros2_ws/install/transformer_hw_servos/include/transformer_hw_servos/transformer_hw_servos/action/detail/move_servo__description.c
-- Installing: /home/atvpi/ros2_ws/install/transformer_hw_servos/include/transformer_hw_servos/transformer_hw_servos/action/detail/move_servo__functions.h
-- Installing: /home/atvpi/ros2_ws/install/transformer_hw_servos/share/transformer_hw_servos/environment/library_path.sh
-- Installing: /home/atvpi/ros2_ws/install/transformer_hw_servos/share/transformer_hw_servos/environment/library_path.dsv
-- Installing: /home/atvpi/ros2_ws/install/transformer_hw_servos/lib/libtransformer_hw_servos__rosidl_generator_c.so
-- Set non-toolchain portion of runtime path of "/home/atvpi/ros2_ws/install/transformer_hw_servos/lib/libtransformer_hw_servos__rosidl_generator_c.so" to ""
-- Up-to-date: /home/atvpi/ros2_ws/install/transformer_hw_servos/include/transformer_hw_servos/transformer_hw_servos
-- Up-to-date: /home/atvpi/ros2_ws/install/transformer_hw_servos/include/transformer_hw_servos/transformer_hw_servos/msg
-- Installing: /home/atvpi/ros2_ws/install/transformer_hw_servos/include/transformer_hw_servos/transformer_hw_servos/msg/rosidl_typesupport_fastrtps_c__visibility_control.h
-- Up-to-date: /home/atvpi/ros2_ws/install/transformer_hw_servos/include/transformer_hw_servos/transformer_hw_servos/action
-- Up-to-date: /home/atvpi/ros2_ws/install/transformer_hw_servos/include/transformer_hw_servos/transformer_hw_servos/action/detail
-- Installing: /home/atvpi/ros2_ws/install/transformer_hw_servos/include/transformer_hw_servos/transformer_hw_servos/action/detail/move_servo__rosidl_typesupport_fastrtps_c.h
-- Installing: /home/atvpi/ros2_ws/install/transformer_hw_servos/lib/libtransformer_hw_servos__rosidl_typesupport_fastrtps_c.so
-- Set non-toolchain portion of runtime path of "/home/atvpi/ros2_ws/install/transformer_hw_servos/lib/libtransformer_hw_servos__rosidl_typesupport_fastrtps_c.so" to ""
-- Up-to-date: /home/atvpi/ros2_ws/install/transformer_hw_servos/include/transformer_hw_servos/transformer_hw_servos
-- Up-to-date: /home/atvpi/ros2_ws/install/transformer_hw_servos/include/transformer_hw_servos/transformer_hw_servos/msg
-- Installing: /home/atvpi/ros2_ws/install/transformer_hw_servos/include/transformer_hw_servos/transformer_hw_servos/msg/rosidl_generator_cpp__visibility_control.hpp
-- Up-to-date: /home/atvpi/ros2_ws/install/transformer_hw_servos/include/transformer_hw_servos/transformer_hw_servos/action
-- Installing: /home/atvpi/ros2_ws/install/transformer_hw_servos/include/transformer_hw_servos/transformer_hw_servos/action/move_servo.hpp
-- Up-to-date: /home/atvpi/ros2_ws/install/transformer_hw_servos/include/transformer_hw_servos/transformer_hw_servos/action/detail
-- Installing: /home/atvpi/ros2_ws/install/transformer_hw_servos/include/transformer_hw_servos/transformer_hw_servos/action/detail/move_servo__struct.hpp
-- Installing: /home/atvpi/ros2_ws/install/transformer_hw_servos/include/transformer_hw_servos/transformer_hw_servos/action/detail/move_servo__builder.hpp
-- Installing: /home/atvpi/ros2_ws/install/transformer_hw_servos/include/transformer_hw_servos/transformer_hw_servos/action/detail/move_servo__traits.hpp
-- Installing: /home/atvpi/ros2_ws/install/transformer_hw_servos/include/transformer_hw_servos/transformer_hw_servos/action/detail/move_servo__type_support.hpp
-- Up-to-date: /home/atvpi/ros2_ws/install/transformer_hw_servos/include/transformer_hw_servos/transformer_hw_servos
-- Up-to-date: /home/atvpi/ros2_ws/install/transformer_hw_servos/include/transformer_hw_servos/transformer_hw_servos/msg
-- Installing: /home/atvpi/ros2_ws/install/transformer_hw_servos/include/transformer_hw_servos/transformer_hw_servos/msg/rosidl_typesupport_fastrtps_cpp__visibility_control.h
-- Up-to-date: /home/atvpi/ros2_ws/install/transformer_hw_servos/include/transformer_hw_servos/transformer_hw_servos/action
-- Up-to-date: /home/atvpi/ros2_ws/install/transformer_hw_servos/include/transformer_hw_servos/transformer_hw_servos/action/detail
-- Installing: /home/atvpi/ros2_ws/install/transformer_hw_servos/include/transformer_hw_servos/transformer_hw_servos/action/detail/move_servo__rosidl_typesupport_fastrtps_cpp.hpp
-- Installing: /home/atvpi/ros2_ws/install/transformer_hw_servos/include/transformer_hw_servos/transformer_hw_servos/action/detail/dds_fastrtps
-- Installing: /home/atvpi/ros2_ws/install/transformer_hw_servos/lib/libtransformer_hw_servos__rosidl_typesupport_fastrtps_cpp.so
-- Set non-toolchain portion of runtime path of "/home/atvpi/ros2_ws/install/transformer_hw_servos/lib/libtransformer_hw_servos__rosidl_typesupport_fastrtps_cpp.so" to ""
-- Up-to-date: /home/atvpi/ros2_ws/install/transformer_hw_servos/include/transformer_hw_servos/transformer_hw_servos
-- Up-to-date: /home/atvpi/ros2_ws/install/transformer_hw_servos/include/transformer_hw_servos/transformer_hw_servos/msg
-- Installing: /home/atvpi/ros2_ws/install/transformer_hw_servos/include/transformer_hw_servos/transformer_hw_servos/msg/rosidl_typesupport_introspection_c__visibility_control.h
-- Up-to-date: /home/atvpi/ros2_ws/install/transformer_hw_servos/include/transformer_hw_servos/transformer_hw_servos/action
-- Up-to-date: /home/atvpi/ros2_ws/install/transformer_hw_servos/include/transformer_hw_servos/transformer_hw_servos/action/detail
-- Installing: /home/atvpi/ros2_ws/install/transformer_hw_servos/include/transformer_hw_servos/transformer_hw_servos/action/detail/move_servo__type_support.c
-- Installing: /home/atvpi/ros2_ws/install/transformer_hw_servos/include/transformer_hw_servos/transformer_hw_servos/action/detail/move_servo__rosidl_typesupport_introspection_c.h
-- Installing: /home/atvpi/ros2_ws/install/transformer_hw_servos/lib/libtransformer_hw_servos__rosidl_typesupport_introspection_c.so
-- Set non-toolchain portion of runtime path of "/home/atvpi/ros2_ws/install/transformer_hw_servos/lib/libtransformer_hw_servos__rosidl_typesupport_introspection_c.so" to ""
-- Installing: /home/atvpi/ros2_ws/install/transformer_hw_servos/lib/libtransformer_hw_servos__rosidl_typesupport_c.so
-- Set non-toolchain portion of runtime path of "/home/atvpi/ros2_ws/install/transformer_hw_servos/lib/libtransformer_hw_servos__rosidl_typesupport_c.so" to ""
-- Up-to-date: /home/atvpi/ros2_ws/install/transformer_hw_servos/include/transformer_hw_servos/transformer_hw_servos
-- Up-to-date: /home/atvpi/ros2_ws/install/transformer_hw_servos/include/transformer_hw_servos/transformer_hw_servos/action
-- Up-to-date: /home/atvpi/ros2_ws/install/transformer_hw_servos/include/transformer_hw_servos/transformer_hw_servos/action/detail
-- Installing: /home/atvpi/ros2_ws/install/transformer_hw_servos/include/transformer_hw_servos/transformer_hw_servos/action/detail/move_servo__rosidl_typesupport_introspection_cpp.hpp
-- Installing: /home/atvpi/ros2_ws/install/transformer_hw_servos/include/transformer_hw_servos/transformer_hw_servos/action/detail/move_servo__type_support.cpp
-- Installing: /home/atvpi/ros2_ws/install/transformer_hw_servos/lib/libtransformer_hw_servos__rosidl_typesupport_introspection_cpp.so
-- Set non-toolchain portion of runtime path of "/home/atvpi/ros2_ws/install/transformer_hw_servos/lib/libtransformer_hw_servos__rosidl_typesupport_introspection_cpp.so" to ""
-- Installing: /home/atvpi/ros2_ws/install/transformer_hw_servos/lib/libtransformer_hw_servos__rosidl_typesupport_cpp.so
-- Set non-toolchain portion of runtime path of "/home/atvpi/ros2_ws/install/transformer_hw_servos/lib/libtransformer_hw_servos__rosidl_typesupport_cpp.so" to ""
-- Installing: /home/atvpi/ros2_ws/install/transformer_hw_servos/share/transformer_hw_servos/environment/pythonpath.sh
-- Installing: /home/atvpi/ros2_ws/install/transformer_hw_servos/share/transformer_hw_servos/environment/pythonpath.dsv
-- Installing: /home/atvpi/ros2_ws/install/transformer_hw_servos/lib/python3.12/site-packages/transformer_hw_servos-0.1.0-py3.12.egg-info
-- Installing: /home/atvpi/ros2_ws/install/transformer_hw_servos/lib/python3.12/site-packages/transformer_hw_servos-0.1.0-py3.12.egg-info/SOURCES.txt
-- Installing: /home/atvpi/ros2_ws/install/transformer_hw_servos/lib/python3.12/site-packages/transformer_hw_servos-0.1.0-py3.12.egg-info/top_level.txt
-- Installing: /home/atvpi/ros2_ws/install/transformer_hw_servos/lib/python3.12/site-packages/transformer_hw_servos-0.1.0-py3.12.egg-info/PKG-INFO
-- Installing: /home/atvpi/ros2_ws/install/transformer_hw_servos/lib/python3.12/site-packages/transformer_hw_servos-0.1.0-py3.12.egg-info/dependency_links.txt
-- Installing: /home/atvpi/ros2_ws/install/transformer_hw_servos/lib/python3.12/site-packages/transformer_hw_servos
-- Installing: /home/atvpi/ros2_ws/install/transformer_hw_servos/lib/python3.12/site-packages/transformer_hw_servos/transformer_hw_servos_s__rosidl_typesupport_fastrtps_c.so
-- Installing: /home/atvpi/ros2_ws/install/transformer_hw_servos/lib/python3.12/site-packages/transformer_hw_servos/_transformer_hw_servos_s.ep.rosidl_typesupport_introspection_c.c
-- Installing: /home/atvpi/ros2_ws/install/transformer_hw_servos/lib/python3.12/site-packages/transformer_hw_servos/__init__.py
-- Installing: /home/atvpi/ros2_ws/install/transformer_hw_servos/lib/python3.12/site-packages/transformer_hw_servos/_transformer_hw_servos_s.ep.rosidl_typesupport_fastrtps_c.c
-- Installing: /home/atvpi/ros2_ws/install/transformer_hw_servos/lib/python3.12/site-packages/transformer_hw_servos/action
-- Installing: /home/atvpi/ros2_ws/install/transformer_hw_servos/lib/python3.12/site-packages/transformer_hw_servos/action/_move_servo.py
-- Installing: /home/atvpi/ros2_ws/install/transformer_hw_servos/lib/python3.12/site-packages/transformer_hw_servos/action/__init__.py
-- Installing: /home/atvpi/ros2_ws/install/transformer_hw_servos/lib/python3.12/site-packages/transformer_hw_servos/action/_move_servo_s.c
-- Installing: /home/atvpi/ros2_ws/install/transformer_hw_servos/lib/python3.12/site-packages/transformer_hw_servos/_transformer_hw_servos_s.ep.rosidl_typesupport_c.c
-- Installing: /home/atvpi/ros2_ws/install/transformer_hw_servos/lib/python3.12/site-packages/transformer_hw_servos/transformer_hw_servos_s__rosidl_typesupport_introspection_c.so
-- Installing: /home/atvpi/ros2_ws/install/transformer_hw_servos/lib/python3.12/site-packages/transformer_hw_servos/transformer_hw_servos_s__rosidl_typesupport_c.so
Listing '/home/atvpi/ros2_ws/install/transformer_hw_servos/lib/python3.12/site-packages/transformer_hw_servos'...
Compiling '/home/atvpi/ros2_ws/install/transformer_hw_servos/lib/python3.12/site-packages/transformer_hw_servos/__init__.py'...
Listing '/home/atvpi/ros2_ws/install/transformer_hw_servos/lib/python3.12/site-packages/transformer_hw_servos/action'...
Compiling '/home/atvpi/ros2_ws/install/transformer_hw_servos/lib/python3.12/site-packages/transformer_hw_servos/action/__init__.py'...
Compiling '/home/atvpi/ros2_ws/install/transformer_hw_servos/lib/python3.12/site-packages/transformer_hw_servos/action/_move_servo.py'...
-- Installing: /home/atvpi/ros2_ws/install/transformer_hw_servos/lib/python3.12/site-packages/transformer_hw_servos/transformer_hw_servos_s__rosidl_typesupport_fastrtps_c.so
-- Set non-toolchain portion of runtime path of "/home/atvpi/ros2_ws/install/transformer_hw_servos/lib/python3.12/site-packages/transformer_hw_servos/transformer_hw_servos_s__rosidl_typesupport_fastrtps_c.so" to ""
-- Installing: /home/atvpi/ros2_ws/install/transformer_hw_servos/lib/python3.12/site-packages/transformer_hw_servos/transformer_hw_servos_s__rosidl_typesupport_introspection_c.so
-- Set non-toolchain portion of runtime path of "/home/atvpi/ros2_ws/install/transformer_hw_servos/lib/python3.12/site-packages/transformer_hw_servos/transformer_hw_servos_s__rosidl_typesupport_introspection_c.so" to ""
-- Installing: /home/atvpi/ros2_ws/install/transformer_hw_servos/lib/python3.12/site-packages/transformer_hw_servos/transformer_hw_servos_s__rosidl_typesupport_c.so
-- Set non-toolchain portion of runtime path of "/home/atvpi/ros2_ws/install/transformer_hw_servos/lib/python3.12/site-packages/transformer_hw_servos/transformer_hw_servos_s__rosidl_typesupport_c.so" to ""
-- Installing: /home/atvpi/ros2_ws/install/transformer_hw_servos/lib/libtransformer_hw_servos__rosidl_generator_py.so
-- Set non-toolchain portion of runtime path of "/home/atvpi/ros2_ws/install/transformer_hw_servos/lib/libtransformer_hw_servos__rosidl_generator_py.so" to ""
-- Installing: /home/atvpi/ros2_ws/install/transformer_hw_servos/share/transformer_hw_servos/action/MoveServo.idl
-- Installing: /home/atvpi/ros2_ws/install/transformer_hw_servos/share/transformer_hw_servos/action/MoveServo.action
-- Installing: /home/atvpi/ros2_ws/install/transformer_hw_servos/lib/transformer_hw_servos/servos_node
-- Set non-toolchain portion of runtime path of "/home/atvpi/ros2_ws/install/transformer_hw_servos/lib/transformer_hw_servos/servos_node" to ""
-- Installing: /home/atvpi/ros2_ws/install/transformer_hw_servos/share/transformer_hw_servos/launch
-- Installing: /home/atvpi/ros2_ws/install/transformer_hw_servos/share/transformer_hw_servos/launch/servos.launch.py
-- Installing: /home/atvpi/ros2_ws/install/transformer_hw_servos/share/transformer_hw_servos/config
-- Installing: /home/atvpi/ros2_ws/install/transformer_hw_servos/share/transformer_hw_servos/config/servos.yaml
-- Installing: /home/atvpi/ros2_ws/install/transformer_hw_servos/share/ament_index/resource_index/package_run_dependencies/transformer_hw_servos
-- Installing: /home/atvpi/ros2_ws/install/transformer_hw_servos/share/ament_index/resource_index/parent_prefix_path/transformer_hw_servos
-- Installing: /home/atvpi/ros2_ws/install/transformer_hw_servos/share/transformer_hw_servos/environment/ament_prefix_path.sh
-- Installing: /home/atvpi/ros2_ws/install/transformer_hw_servos/share/transformer_hw_servos/environment/ament_prefix_path.dsv
-- Installing: /home/atvpi/ros2_ws/install/transformer_hw_servos/share/transformer_hw_servos/environment/path.sh
-- Installing: /home/atvpi/ros2_ws/install/transformer_hw_servos/share/transformer_hw_servos/environment/path.dsv
-- Installing: /home/atvpi/ros2_ws/install/transformer_hw_servos/share/transformer_hw_servos/local_setup.bash
-- Installing: /home/atvpi/ros2_ws/install/transformer_hw_servos/share/transformer_hw_servos/local_setup.sh
-- Installing: /home/atvpi/ros2_ws/install/transformer_hw_servos/share/transformer_hw_servos/local_setup.zsh
-- Installing: /home/atvpi/ros2_ws/install/transformer_hw_servos/share/transformer_hw_servos/local_setup.dsv
-- Installing: /home/atvpi/ros2_ws/install/transformer_hw_servos/share/transformer_hw_servos/package.dsv
-- Installing: /home/atvpi/ros2_ws/install/transformer_hw_servos/share/ament_index/resource_index/packages/transformer_hw_servos
-- Installing: /home/atvpi/ros2_ws/install/transformer_hw_servos/share/transformer_hw_servos/cmake/export_transformer_hw_servos__rosidl_generator_cExport.cmake
-- Installing: /home/atvpi/ros2_ws/install/transformer_hw_servos/share/transformer_hw_servos/cmake/export_transformer_hw_servos__rosidl_generator_cExport-noconfig.cmake
-- Installing: /home/atvpi/ros2_ws/install/transformer_hw_servos/share/transformer_hw_servos/cmake/export_transformer_hw_servos__rosidl_typesupport_fastrtps_cExport.cmake
-- Installing: /home/atvpi/ros2_ws/install/transformer_hw_servos/share/transformer_hw_servos/cmake/export_transformer_hw_servos__rosidl_typesupport_fastrtps_cExport-noconfig.cmake
-- Installing: /home/atvpi/ros2_ws/install/transformer_hw_servos/share/transformer_hw_servos/cmake/export_transformer_hw_servos__rosidl_generator_cppExport.cmake
-- Installing: /home/atvpi/ros2_ws/install/transformer_hw_servos/share/transformer_hw_servos/cmake/export_transformer_hw_servos__rosidl_typesupport_fastrtps_cppExport.cmake
-- Installing: /home/atvpi/ros2_ws/install/transformer_hw_servos/share/transformer_hw_servos/cmake/export_transformer_hw_servos__rosidl_typesupport_fastrtps_cppExport-noconfig.cmake
-- Installing: /home/atvpi/ros2_ws/install/transformer_hw_servos/share/transformer_hw_servos/cmake/transformer_hw_servos__rosidl_typesupport_introspection_cExport.cmake
-- Installing: /home/atvpi/ros2_ws/install/transformer_hw_servos/share/transformer_hw_servos/cmake/transformer_hw_servos__rosidl_typesupport_introspection_cExport-noconfig.cmake
-- Installing: /home/atvpi/ros2_ws/install/transformer_hw_servos/share/transformer_hw_servos/cmake/transformer_hw_servos__rosidl_typesupport_cExport.cmake
-- Installing: /home/atvpi/ros2_ws/install/transformer_hw_servos/share/transformer_hw_servos/cmake/transformer_hw_servos__rosidl_typesupport_cExport-noconfig.cmake
-- Installing: /home/atvpi/ros2_ws/install/transformer_hw_servos/share/transformer_hw_servos/cmake/transformer_hw_servos__rosidl_typesupport_introspection_cppExport.cmake
-- Installing: /home/atvpi/ros2_ws/install/transformer_hw_servos/share/transformer_hw_servos/cmake/transformer_hw_servos__rosidl_typesupport_introspection_cppExport-noconfig.cmake
-- Installing: /home/atvpi/ros2_ws/install/transformer_hw_servos/share/transformer_hw_servos/cmake/transformer_hw_servos__rosidl_typesupport_cppExport.cmake
-- Installing: /home/atvpi/ros2_ws/install/transformer_hw_servos/share/transformer_hw_servos/cmake/transformer_hw_servos__rosidl_typesupport_cppExport-noconfig.cmake
-- Installing: /home/atvpi/ros2_ws/install/transformer_hw_servos/share/transformer_hw_servos/cmake/export_transformer_hw_servos__rosidl_generator_pyExport.cmake
-- Installing: /home/atvpi/ros2_ws/install/transformer_hw_servos/share/transformer_hw_servos/cmake/export_transformer_hw_servos__rosidl_generator_pyExport-noconfig.cmake
-- Installing: /home/atvpi/ros2_ws/install/transformer_hw_servos/share/transformer_hw_servos/cmake/rosidl_cmake-extras.cmake
-- Installing: /home/atvpi/ros2_ws/install/transformer_hw_servos/share/transformer_hw_servos/cmake/ament_cmake_export_dependencies-extras.cmake
-- Installing: /home/atvpi/ros2_ws/install/transformer_hw_servos/share/transformer_hw_servos/cmake/ament_cmake_export_include_directories-extras.cmake
-- Installing: /home/atvpi/ros2_ws/install/transformer_hw_servos/share/transformer_hw_servos/cmake/ament_cmake_export_libraries-extras.cmake
-- Installing: /home/atvpi/ros2_ws/install/transformer_hw_servos/share/transformer_hw_servos/cmake/ament_cmake_export_targets-extras.cmake
-- Installing: /home/atvpi/ros2_ws/install/transformer_hw_servos/share/transformer_hw_servos/cmake/rosidl_cmake_export_typesupport_targets-extras.cmake
-- Installing: /home/atvpi/ros2_ws/install/transformer_hw_servos/share/transformer_hw_servos/cmake/rosidl_cmake_export_typesupport_libraries-extras.cmake
-- Installing: /home/atvpi/ros2_ws/install/transformer_hw_servos/share/transformer_hw_servos/cmake/transformer_hw_servosConfig.cmake
-- Installing: /home/atvpi/ros2_ws/install/transformer_hw_servos/share/transformer_hw_servos/cmake/transformer_hw_servosConfig-version.cmake
-- Installing: /home/atvpi/ros2_ws/install/transformer_hw_servos/share/transformer_hw_servos/package.xml
