[0.027s] Invoking command in '/home/atvpi/ros2_ws/build/serial': CMAKE_PREFIX_PATH=${CMAKE_PREFIX_PATH}:/opt/ros/jazzy /usr/bin/cmake --build /home/atvpi/ros2_ws/build/serial -- -j4 -l4
[0.225s] [100%] Built target serial
[0.291s] Invoked command in '/home/atvpi/ros2_ws/build/serial' returned '0': CMAKE_PREFIX_PATH=${CMAKE_PREFIX_PATH}:/opt/ros/jazzy /usr/bin/cmake --build /home/atvpi/ros2_ws/build/serial -- -j4 -l4
[0.399s] Invoking command in '/home/atvpi/ros2_ws/build/serial': CMAKE_PREFIX_PATH=${CMAKE_PREFIX_PATH}:/opt/ros/jazzy /usr/bin/cmake --install /home/atvpi/ros2_ws/build/serial
[0.472s] -- Install configuration: ""
[0.473s] -- Up-to-date: /home/atvpi/ros2_ws/install/serial/share/serial/environment/library_path.sh
[0.473s] -- Up-to-date: /home/atvpi/ros2_ws/install/serial/share/serial/environment/library_path.dsv
[0.473s] -- Up-to-date: /home/atvpi/ros2_ws/install/serial/lib/libserial.a
[0.473s] -- Up-to-date: /home/atvpi/ros2_ws/install/serial/include/serial/serial.h
[0.473s] -- Up-to-date: /home/atvpi/ros2_ws/install/serial/include/serial/v8stdint.h
[0.487s] -- Up-to-date: /home/atvpi/ros2_ws/install/serial/share/ament_index/resource_index/package_run_dependencies/serial
[0.488s] -- Up-to-date: /home/atvpi/ros2_ws/install/serial/share/ament_index/resource_index/parent_prefix_path/serial
[0.488s] -- Up-to-date: /home/atvpi/ros2_ws/install/serial/share/serial/environment/ament_prefix_path.sh
[0.488s] -- Up-to-date: /home/atvpi/ros2_ws/install/serial/share/serial/environment/ament_prefix_path.dsv
[0.488s] -- Up-to-date: /home/atvpi/ros2_ws/install/serial/share/serial/environment/path.sh
[0.488s] -- Up-to-date: /home/atvpi/ros2_ws/install/serial/share/serial/environment/path.dsv
[0.488s] -- Up-to-date: /home/atvpi/ros2_ws/install/serial/share/serial/local_setup.bash
[0.489s] -- Up-to-date: /home/atvpi/ros2_ws/install/serial/share/serial/local_setup.sh
[0.489s] -- Up-to-date: /home/atvpi/ros2_ws/install/serial/share/serial/local_setup.zsh
[0.489s] -- Up-to-date: /home/atvpi/ros2_ws/install/serial/share/serial/local_setup.dsv
[0.489s] -- Installing: /home/atvpi/ros2_ws/install/serial/share/serial/package.dsv
[0.489s] -- Up-to-date: /home/atvpi/ros2_ws/install/serial/share/ament_index/resource_index/packages/serial
[0.490s] -- Up-to-date: /home/atvpi/ros2_ws/install/serial/share/serial/cmake/ament_cmake_export_include_directories-extras.cmake
[0.490s] -- Up-to-date: /home/atvpi/ros2_ws/install/serial/share/serial/cmake/ament_cmake_export_libraries-extras.cmake
[0.490s] -- Up-to-date: /home/atvpi/ros2_ws/install/serial/share/serial/cmake/serialConfig.cmake
[0.511s] -- Up-to-date: /home/atvpi/ros2_ws/install/serial/share/serial/cmake/serialConfig-version.cmake
[0.519s] -- Up-to-date: /home/atvpi/ros2_ws/install/serial/share/serial/package.xml
[0.520s] Invoked command in '/home/atvpi/ros2_ws/build/serial' returned '0': CMAKE_PREFIX_PATH=${CMAKE_PREFIX_PATH}:/opt/ros/jazzy /usr/bin/cmake --install /home/atvpi/ros2_ws/build/serial
