[0.145s] DEBUG:colcon:Command line arguments: ['/usr/bin/colcon', 'build', '--packages-skip', 'transformer_msp_bridge', 'wheeltec_n100_imu', 'serial']
[0.145s] DEBUG:colcon:Parsed command line arguments: Namespace(log_base=None, log_level=None, verb_name='build', build_base='build', install_base='install', merge_install=False, symlink_install=False, test_result_base=None, continue_on_error=False, executor='parallel', parallel_workers=4, event_handlers=None, ignore_user_meta=False, metas=['./colcon.meta'], base_paths=['.'], packages_ignore=None, packages_ignore_regex=None, paths=None, packages_up_to=None, packages_up_to_regex=None, packages_above=None, packages_above_and_dependencies=None, packages_above_depth=None, packages_select_by_dep=None, packages_skip_by_dep=None, packages_skip_up_to=None, packages_select_build_failed=False, packages_skip_build_finished=False, packages_select_test_failures=False, packages_skip_test_passed=False, packages_select=None, packages_skip=['transformer_msp_bridge', 'wheeltec_n100_imu', 'serial'], packages_select_regex=None, packages_skip_regex=None, packages_start=None, packages_end=None, allow_overriding=[], cmake_args=None, cmake_target=None, cmake_target_skip_unavailable=False, cmake_clean_cache=False, cmake_clean_first=False, cmake_force_configure=False, ament_cmake_args=None, catkin_cmake_args=None, catkin_skip_building_tests=False, mixin_files=None, mixin=None, verb_parser=<colcon_mixin.mixin.mixin_argument.MixinArgumentDecorator object at 0xffffb3e2c0b0>, verb_extension=<colcon_core.verb.build.BuildVerb object at 0xffffb492f3b0>, main=<bound method BuildVerb.main of <colcon_core.verb.build.BuildVerb object at 0xffffb492f3b0>>, mixin_verb=('build',))
[0.203s] Level 1:colcon.colcon_core.package_discovery:discover_packages(colcon_meta) check parameters
[0.203s] Level 1:colcon.colcon_core.package_discovery:discover_packages(recursive) check parameters
[0.203s] Level 1:colcon.colcon_core.package_discovery:discover_packages(ignore) check parameters
[0.203s] Level 1:colcon.colcon_core.package_discovery:discover_packages(path) check parameters
[0.203s] Level 1:colcon.colcon_core.package_discovery:discover_packages(colcon_meta) discover
[0.203s] Level 1:colcon.colcon_core.package_discovery:discover_packages(recursive) discover
[0.203s] INFO:colcon.colcon_core.package_discovery:Crawling recursively for packages in '/home/atvpi/ros2_ws'
[0.203s] Level 1:colcon.colcon_core.package_identification:_identify(.) by extensions ['ignore', 'ignore_ament_install']
[0.203s] Level 1:colcon.colcon_core.package_identification:_identify(.) by extension 'ignore'
[0.203s] Level 1:colcon.colcon_core.package_identification:_identify(.) by extension 'ignore_ament_install'
[0.204s] Level 1:colcon.colcon_core.package_identification:_identify(.) by extensions ['colcon_pkg']
[0.204s] Level 1:colcon.colcon_core.package_identification:_identify(.) by extension 'colcon_pkg'
[0.204s] Level 1:colcon.colcon_core.package_identification:_identify(.) by extensions ['colcon_meta']
[0.204s] Level 1:colcon.colcon_core.package_identification:_identify(.) by extension 'colcon_meta'
[0.204s] Level 1:colcon.colcon_core.package_identification:_identify(.) by extensions ['ros']
[0.204s] Level 1:colcon.colcon_core.package_identification:_identify(.) by extension 'ros'
[0.243s] Level 1:colcon.colcon_core.package_identification:_identify(.) by extensions ['cmake', 'python']
[0.243s] Level 1:colcon.colcon_core.package_identification:_identify(.) by extension 'cmake'
[0.243s] Level 1:colcon.colcon_core.package_identification:_identify(.) by extension 'python'
[0.244s] Level 1:colcon.colcon_core.package_identification:_identify(.) by extensions ['python_setup_py']
[0.244s] Level 1:colcon.colcon_core.package_identification:_identify(.) by extension 'python_setup_py'
[0.244s] Level 1:colcon.colcon_core.package_identification:_identify(Testing) by extensions ['ignore', 'ignore_ament_install']
[0.244s] Level 1:colcon.colcon_core.package_identification:_identify(Testing) by extension 'ignore'
[0.244s] Level 1:colcon.colcon_core.package_identification:_identify(Testing) by extension 'ignore_ament_install'
[0.244s] Level 1:colcon.colcon_core.package_identification:_identify(Testing) by extensions ['colcon_pkg']
[0.244s] Level 1:colcon.colcon_core.package_identification:_identify(Testing) by extension 'colcon_pkg'
[0.244s] Level 1:colcon.colcon_core.package_identification:_identify(Testing) by extensions ['colcon_meta']
[0.244s] Level 1:colcon.colcon_core.package_identification:_identify(Testing) by extension 'colcon_meta'
[0.244s] Level 1:colcon.colcon_core.package_identification:_identify(Testing) by extensions ['ros']
[0.244s] Level 1:colcon.colcon_core.package_identification:_identify(Testing) by extension 'ros'
[0.244s] Level 1:colcon.colcon_core.package_identification:_identify(Testing) by extensions ['cmake', 'python']
[0.244s] Level 1:colcon.colcon_core.package_identification:_identify(Testing) by extension 'cmake'
[0.244s] Level 1:colcon.colcon_core.package_identification:_identify(Testing) by extension 'python'
[0.244s] Level 1:colcon.colcon_core.package_identification:_identify(Testing) by extensions ['python_setup_py']
[0.245s] Level 1:colcon.colcon_core.package_identification:_identify(Testing) by extension 'python_setup_py'
[0.245s] Level 1:colcon.colcon_core.package_identification:_identify(Testing/Temporary) by extensions ['ignore', 'ignore_ament_install']
[0.245s] Level 1:colcon.colcon_core.package_identification:_identify(Testing/Temporary) by extension 'ignore'
[0.245s] Level 1:colcon.colcon_core.package_identification:_identify(Testing/Temporary) by extension 'ignore_ament_install'
[0.245s] Level 1:colcon.colcon_core.package_identification:_identify(Testing/Temporary) by extensions ['colcon_pkg']
[0.245s] Level 1:colcon.colcon_core.package_identification:_identify(Testing/Temporary) by extension 'colcon_pkg'
[0.245s] Level 1:colcon.colcon_core.package_identification:_identify(Testing/Temporary) by extensions ['colcon_meta']
[0.245s] Level 1:colcon.colcon_core.package_identification:_identify(Testing/Temporary) by extension 'colcon_meta'
[0.245s] Level 1:colcon.colcon_core.package_identification:_identify(Testing/Temporary) by extensions ['ros']
[0.245s] Level 1:colcon.colcon_core.package_identification:_identify(Testing/Temporary) by extension 'ros'
[0.245s] Level 1:colcon.colcon_core.package_identification:_identify(Testing/Temporary) by extensions ['cmake', 'python']
[0.245s] Level 1:colcon.colcon_core.package_identification:_identify(Testing/Temporary) by extension 'cmake'
[0.245s] Level 1:colcon.colcon_core.package_identification:_identify(Testing/Temporary) by extension 'python'
[0.245s] Level 1:colcon.colcon_core.package_identification:_identify(Testing/Temporary) by extensions ['python_setup_py']
[0.245s] Level 1:colcon.colcon_core.package_identification:_identify(Testing/Temporary) by extension 'python_setup_py'
[0.245s] Level 1:colcon.colcon_core.package_identification:_identify(build) by extensions ['ignore', 'ignore_ament_install']
[0.246s] Level 1:colcon.colcon_core.package_identification:_identify(build) by extension 'ignore'
[0.246s] Level 1:colcon.colcon_core.package_identification:_identify(build) ignored
[0.246s] Level 1:colcon.colcon_core.package_identification:_identify(install) by extensions ['ignore', 'ignore_ament_install']
[0.246s] Level 1:colcon.colcon_core.package_identification:_identify(install) by extension 'ignore'
[0.246s] Level 1:colcon.colcon_core.package_identification:_identify(install) ignored
[0.246s] Level 1:colcon.colcon_core.package_identification:_identify(log) by extensions ['ignore', 'ignore_ament_install']
[0.246s] Level 1:colcon.colcon_core.package_identification:_identify(log) by extension 'ignore'
[0.246s] Level 1:colcon.colcon_core.package_identification:_identify(log) ignored
[0.246s] Level 1:colcon.colcon_core.package_identification:_identify(src) by extensions ['ignore', 'ignore_ament_install']
[0.246s] Level 1:colcon.colcon_core.package_identification:_identify(src) by extension 'ignore'
[0.246s] Level 1:colcon.colcon_core.package_identification:_identify(src) by extension 'ignore_ament_install'
[0.247s] Level 1:colcon.colcon_core.package_identification:_identify(src) by extensions ['colcon_pkg']
[0.247s] Level 1:colcon.colcon_core.package_identification:_identify(src) by extension 'colcon_pkg'
[0.247s] Level 1:colcon.colcon_core.package_identification:_identify(src) by extensions ['colcon_meta']
[0.247s] Level 1:colcon.colcon_core.package_identification:_identify(src) by extension 'colcon_meta'
[0.247s] Level 1:colcon.colcon_core.package_identification:_identify(src) by extensions ['ros']
[0.247s] Level 1:colcon.colcon_core.package_identification:_identify(src) by extension 'ros'
[0.247s] Level 1:colcon.colcon_core.package_identification:_identify(src) by extensions ['cmake', 'python']
[0.247s] Level 1:colcon.colcon_core.package_identification:_identify(src) by extension 'cmake'
[0.247s] Level 1:colcon.colcon_core.package_identification:_identify(src) by extension 'python'
[0.247s] Level 1:colcon.colcon_core.package_identification:_identify(src) by extensions ['python_setup_py']
[0.247s] Level 1:colcon.colcon_core.package_identification:_identify(src) by extension 'python_setup_py'
[0.247s] Level 1:colcon.colcon_core.package_identification:_identify(src/external) by extensions ['ignore', 'ignore_ament_install']
[0.247s] Level 1:colcon.colcon_core.package_identification:_identify(src/external) by extension 'ignore'
[0.247s] Level 1:colcon.colcon_core.package_identification:_identify(src/external) by extension 'ignore_ament_install'
[0.247s] Level 1:colcon.colcon_core.package_identification:_identify(src/external) by extensions ['colcon_pkg']
[0.247s] Level 1:colcon.colcon_core.package_identification:_identify(src/external) by extension 'colcon_pkg'
[0.247s] Level 1:colcon.colcon_core.package_identification:_identify(src/external) by extensions ['colcon_meta']
[0.247s] Level 1:colcon.colcon_core.package_identification:_identify(src/external) by extension 'colcon_meta'
[0.247s] Level 1:colcon.colcon_core.package_identification:_identify(src/external) by extensions ['ros']
[0.247s] Level 1:colcon.colcon_core.package_identification:_identify(src/external) by extension 'ros'
[0.248s] Level 1:colcon.colcon_core.package_identification:_identify(src/external) by extensions ['cmake', 'python']
[0.248s] Level 1:colcon.colcon_core.package_identification:_identify(src/external) by extension 'cmake'
[0.248s] Level 1:colcon.colcon_core.package_identification:_identify(src/external) by extension 'python'
[0.248s] Level 1:colcon.colcon_core.package_identification:_identify(src/external) by extensions ['python_setup_py']
[0.248s] Level 1:colcon.colcon_core.package_identification:_identify(src/external) by extension 'python_setup_py'
[0.248s] Level 1:colcon.colcon_core.package_identification:_identify(src/external/inav) by extensions ['ignore', 'ignore_ament_install']
[0.248s] Level 1:colcon.colcon_core.package_identification:_identify(src/external/inav) by extension 'ignore'
[0.248s] Level 1:colcon.colcon_core.package_identification:_identify(src/external/inav) by extension 'ignore_ament_install'
[0.248s] Level 1:colcon.colcon_core.package_identification:_identify(src/external/inav) by extensions ['colcon_pkg']
[0.248s] Level 1:colcon.colcon_core.package_identification:_identify(src/external/inav) by extension 'colcon_pkg'
[0.248s] Level 1:colcon.colcon_core.package_identification:_identify(src/external/inav) by extensions ['colcon_meta']
[0.248s] Level 1:colcon.colcon_core.package_identification:_identify(src/external/inav) by extension 'colcon_meta'
[0.248s] Level 1:colcon.colcon_core.package_identification:_identify(src/external/inav) by extensions ['ros']
[0.248s] Level 1:colcon.colcon_core.package_identification:_identify(src/external/inav) by extension 'ros'
[0.248s] Level 1:colcon.colcon_core.package_identification:_identify(src/external/inav) by extensions ['cmake', 'python']
[0.248s] Level 1:colcon.colcon_core.package_identification:_identify(src/external/inav) by extension 'cmake'
[0.248s] Level 1:colcon.colcon_core.package_identification:_identify(src/external/inav) by extension 'python'
[0.248s] Level 1:colcon.colcon_core.package_identification:_identify(src/external/inav) by extensions ['python_setup_py']
[0.248s] Level 1:colcon.colcon_core.package_identification:_identify(src/external/inav) by extension 'python_setup_py'
[0.249s] Level 1:colcon.colcon_core.package_identification:_identify(src/external/inav/src) by extensions ['ignore', 'ignore_ament_install']
[0.249s] Level 1:colcon.colcon_core.package_identification:_identify(src/external/inav/src) by extension 'ignore'
[0.249s] Level 1:colcon.colcon_core.package_identification:_identify(src/external/inav/src) by extension 'ignore_ament_install'
[0.249s] Level 1:colcon.colcon_core.package_identification:_identify(src/external/inav/src) by extensions ['colcon_pkg']
[0.249s] Level 1:colcon.colcon_core.package_identification:_identify(src/external/inav/src) by extension 'colcon_pkg'
[0.249s] Level 1:colcon.colcon_core.package_identification:_identify(src/external/inav/src) by extensions ['colcon_meta']
[0.249s] Level 1:colcon.colcon_core.package_identification:_identify(src/external/inav/src) by extension 'colcon_meta'
[0.249s] Level 1:colcon.colcon_core.package_identification:_identify(src/external/inav/src) by extensions ['ros']
[0.249s] Level 1:colcon.colcon_core.package_identification:_identify(src/external/inav/src) by extension 'ros'
[0.249s] Level 1:colcon.colcon_core.package_identification:_identify(src/external/inav/src) by extensions ['cmake', 'python']
[0.249s] Level 1:colcon.colcon_core.package_identification:_identify(src/external/inav/src) by extension 'cmake'
[0.249s] Level 1:colcon.colcon_core.package_identification:_identify(src/external/inav/src) by extension 'python'
[0.249s] Level 1:colcon.colcon_core.package_identification:_identify(src/external/inav/src) by extensions ['python_setup_py']
[0.249s] Level 1:colcon.colcon_core.package_identification:_identify(src/external/inav/src) by extension 'python_setup_py'
[0.249s] Level 1:colcon.colcon_core.package_identification:_identify(src/external/inav/src/main) by extensions ['ignore', 'ignore_ament_install']
[0.249s] Level 1:colcon.colcon_core.package_identification:_identify(src/external/inav/src/main) by extension 'ignore'
[0.249s] Level 1:colcon.colcon_core.package_identification:_identify(src/external/inav/src/main) by extension 'ignore_ament_install'
[0.250s] Level 1:colcon.colcon_core.package_identification:_identify(src/external/inav/src/main) by extensions ['colcon_pkg']
[0.250s] Level 1:colcon.colcon_core.package_identification:_identify(src/external/inav/src/main) by extension 'colcon_pkg'
[0.250s] Level 1:colcon.colcon_core.package_identification:_identify(src/external/inav/src/main) by extensions ['colcon_meta']
[0.250s] Level 1:colcon.colcon_core.package_identification:_identify(src/external/inav/src/main) by extension 'colcon_meta'
[0.250s] Level 1:colcon.colcon_core.package_identification:_identify(src/external/inav/src/main) by extensions ['ros']
[0.250s] Level 1:colcon.colcon_core.package_identification:_identify(src/external/inav/src/main) by extension 'ros'
[0.250s] Level 1:colcon.colcon_core.package_identification:_identify(src/external/inav/src/main) by extensions ['cmake', 'python']
[0.250s] Level 1:colcon.colcon_core.package_identification:_identify(src/external/inav/src/main) by extension 'cmake'
[0.250s] Level 1:colcon.colcon_core.package_identification:_identify(src/external/inav/src/main) by extension 'python'
[0.250s] Level 1:colcon.colcon_core.package_identification:_identify(src/external/inav/src/main) by extensions ['python_setup_py']
[0.250s] Level 1:colcon.colcon_core.package_identification:_identify(src/external/inav/src/main) by extension 'python_setup_py'
[0.250s] Level 1:colcon.colcon_core.package_identification:_identify(src/external/inav/src/main/msp) by extensions ['ignore', 'ignore_ament_install']
[0.250s] Level 1:colcon.colcon_core.package_identification:_identify(src/external/inav/src/main/msp) by extension 'ignore'
[0.250s] Level 1:colcon.colcon_core.package_identification:_identify(src/external/inav/src/main/msp) by extension 'ignore_ament_install'
[0.250s] Level 1:colcon.colcon_core.package_identification:_identify(src/external/inav/src/main/msp) by extensions ['colcon_pkg']
[0.250s] Level 1:colcon.colcon_core.package_identification:_identify(src/external/inav/src/main/msp) by extension 'colcon_pkg'
[0.250s] Level 1:colcon.colcon_core.package_identification:_identify(src/external/inav/src/main/msp) by extensions ['colcon_meta']
[0.250s] Level 1:colcon.colcon_core.package_identification:_identify(src/external/inav/src/main/msp) by extension 'colcon_meta'
[0.250s] Level 1:colcon.colcon_core.package_identification:_identify(src/external/inav/src/main/msp) by extensions ['ros']
[0.251s] Level 1:colcon.colcon_core.package_identification:_identify(src/external/inav/src/main/msp) by extension 'ros'
[0.251s] Level 1:colcon.colcon_core.package_identification:_identify(src/external/inav/src/main/msp) by extensions ['cmake', 'python']
[0.251s] Level 1:colcon.colcon_core.package_identification:_identify(src/external/inav/src/main/msp) by extension 'cmake'
[0.251s] Level 1:colcon.colcon_core.package_identification:_identify(src/external/inav/src/main/msp) by extension 'python'
[0.251s] Level 1:colcon.colcon_core.package_identification:_identify(src/external/inav/src/main/msp) by extensions ['python_setup_py']
[0.251s] Level 1:colcon.colcon_core.package_identification:_identify(src/external/inav/src/main/msp) by extension 'python_setup_py'
[0.251s] Level 1:colcon.colcon_core.package_identification:_identify(src/ros2_wheeltec_n100_imu) by extensions ['ignore', 'ignore_ament_install']
[0.251s] Level 1:colcon.colcon_core.package_identification:_identify(src/ros2_wheeltec_n100_imu) by extension 'ignore'
[0.251s] Level 1:colcon.colcon_core.package_identification:_identify(src/ros2_wheeltec_n100_imu) by extension 'ignore_ament_install'
[0.251s] Level 1:colcon.colcon_core.package_identification:_identify(src/ros2_wheeltec_n100_imu) by extensions ['colcon_pkg']
[0.251s] Level 1:colcon.colcon_core.package_identification:_identify(src/ros2_wheeltec_n100_imu) by extension 'colcon_pkg'
[0.251s] Level 1:colcon.colcon_core.package_identification:_identify(src/ros2_wheeltec_n100_imu) by extensions ['colcon_meta']
[0.251s] Level 1:colcon.colcon_core.package_identification:_identify(src/ros2_wheeltec_n100_imu) by extension 'colcon_meta'
[0.251s] Level 1:colcon.colcon_core.package_identification:_identify(src/ros2_wheeltec_n100_imu) by extensions ['ros']
[0.251s] Level 1:colcon.colcon_core.package_identification:_identify(src/ros2_wheeltec_n100_imu) by extension 'ros'
[0.255s] DEBUG:colcon.colcon_core.package_identification:Package 'src/ros2_wheeltec_n100_imu' with type 'ros.ament_cmake' and name 'wheeltec_n100_imu'
[0.255s] Level 1:colcon.colcon_core.package_identification:_identify(src/serial-ros2) by extensions ['ignore', 'ignore_ament_install']
[0.255s] Level 1:colcon.colcon_core.package_identification:_identify(src/serial-ros2) by extension 'ignore'
[0.255s] Level 1:colcon.colcon_core.package_identification:_identify(src/serial-ros2) by extension 'ignore_ament_install'
[0.255s] Level 1:colcon.colcon_core.package_identification:_identify(src/serial-ros2) by extensions ['colcon_pkg']
[0.255s] Level 1:colcon.colcon_core.package_identification:_identify(src/serial-ros2) by extension 'colcon_pkg'
[0.255s] Level 1:colcon.colcon_core.package_identification:_identify(src/serial-ros2) by extensions ['colcon_meta']
[0.255s] Level 1:colcon.colcon_core.package_identification:_identify(src/serial-ros2) by extension 'colcon_meta'
[0.255s] Level 1:colcon.colcon_core.package_identification:_identify(src/serial-ros2) by extensions ['ros']
[0.255s] Level 1:colcon.colcon_core.package_identification:_identify(src/serial-ros2) by extension 'ros'
[0.256s] DEBUG:colcon.colcon_core.package_identification:Package 'src/serial-ros2' with type 'ros.ament_cmake' and name 'serial'
[0.256s] Level 1:colcon.colcon_core.package_identification:_identify(src/transformer_bringup) by extensions ['ignore', 'ignore_ament_install']
[0.256s] Level 1:colcon.colcon_core.package_identification:_identify(src/transformer_bringup) by extension 'ignore'
[0.256s] Level 1:colcon.colcon_core.package_identification:_identify(src/transformer_bringup) by extension 'ignore_ament_install'
[0.257s] Level 1:colcon.colcon_core.package_identification:_identify(src/transformer_bringup) by extensions ['colcon_pkg']
[0.257s] Level 1:colcon.colcon_core.package_identification:_identify(src/transformer_bringup) by extension 'colcon_pkg'
[0.257s] Level 1:colcon.colcon_core.package_identification:_identify(src/transformer_bringup) by extensions ['colcon_meta']
[0.257s] Level 1:colcon.colcon_core.package_identification:_identify(src/transformer_bringup) by extension 'colcon_meta'
[0.257s] Level 1:colcon.colcon_core.package_identification:_identify(src/transformer_bringup) by extensions ['ros']
[0.257s] Level 1:colcon.colcon_core.package_identification:_identify(src/transformer_bringup) by extension 'ros'
[0.258s] DEBUG:colcon.colcon_core.package_identification:Package 'src/transformer_bringup' with type 'ros.ament_cmake' and name 'transformer_bringup'
[0.258s] Level 1:colcon.colcon_core.package_identification:_identify(src/transformer_controller) by extensions ['ignore', 'ignore_ament_install']
[0.258s] Level 1:colcon.colcon_core.package_identification:_identify(src/transformer_controller) by extension 'ignore'
[0.258s] Level 1:colcon.colcon_core.package_identification:_identify(src/transformer_controller) by extension 'ignore_ament_install'
[0.258s] Level 1:colcon.colcon_core.package_identification:_identify(src/transformer_controller) by extensions ['colcon_pkg']
[0.258s] Level 1:colcon.colcon_core.package_identification:_identify(src/transformer_controller) by extension 'colcon_pkg'
[0.258s] Level 1:colcon.colcon_core.package_identification:_identify(src/transformer_controller) by extensions ['colcon_meta']
[0.258s] Level 1:colcon.colcon_core.package_identification:_identify(src/transformer_controller) by extension 'colcon_meta'
[0.258s] Level 1:colcon.colcon_core.package_identification:_identify(src/transformer_controller) by extensions ['ros']
[0.258s] Level 1:colcon.colcon_core.package_identification:_identify(src/transformer_controller) by extension 'ros'
[0.259s] DEBUG:colcon.colcon_core.package_identification:Package 'src/transformer_controller' with type 'ros.ament_cmake' and name 'transformer_controller'
[0.259s] Level 1:colcon.colcon_core.package_identification:_identify(src/transformer_hw_actuators) by extensions ['ignore', 'ignore_ament_install']
[0.259s] Level 1:colcon.colcon_core.package_identification:_identify(src/transformer_hw_actuators) by extension 'ignore'
[0.259s] Level 1:colcon.colcon_core.package_identification:_identify(src/transformer_hw_actuators) by extension 'ignore_ament_install'
[0.259s] Level 1:colcon.colcon_core.package_identification:_identify(src/transformer_hw_actuators) by extensions ['colcon_pkg']
[0.259s] Level 1:colcon.colcon_core.package_identification:_identify(src/transformer_hw_actuators) by extension 'colcon_pkg'
[0.259s] Level 1:colcon.colcon_core.package_identification:_identify(src/transformer_hw_actuators) by extensions ['colcon_meta']
[0.259s] Level 1:colcon.colcon_core.package_identification:_identify(src/transformer_hw_actuators) by extension 'colcon_meta'
[0.260s] Level 1:colcon.colcon_core.package_identification:_identify(src/transformer_hw_actuators) by extensions ['ros']
[0.260s] Level 1:colcon.colcon_core.package_identification:_identify(src/transformer_hw_actuators) by extension 'ros'
[0.260s] DEBUG:colcon.colcon_core.package_identification:Package 'src/transformer_hw_actuators' with type 'ros.ament_cmake' and name 'transformer_hw_actuators'
[0.260s] Level 1:colcon.colcon_core.package_identification:_identify(src/transformer_hw_servos) by extensions ['ignore', 'ignore_ament_install']
[0.260s] Level 1:colcon.colcon_core.package_identification:_identify(src/transformer_hw_servos) by extension 'ignore'
[0.260s] Level 1:colcon.colcon_core.package_identification:_identify(src/transformer_hw_servos) by extension 'ignore_ament_install'
[0.260s] Level 1:colcon.colcon_core.package_identification:_identify(src/transformer_hw_servos) by extensions ['colcon_pkg']
[0.261s] Level 1:colcon.colcon_core.package_identification:_identify(src/transformer_hw_servos) by extension 'colcon_pkg'
[0.261s] Level 1:colcon.colcon_core.package_identification:_identify(src/transformer_hw_servos) by extensions ['colcon_meta']
[0.261s] Level 1:colcon.colcon_core.package_identification:_identify(src/transformer_hw_servos) by extension 'colcon_meta'
[0.261s] Level 1:colcon.colcon_core.package_identification:_identify(src/transformer_hw_servos) by extensions ['ros']
[0.261s] Level 1:colcon.colcon_core.package_identification:_identify(src/transformer_hw_servos) by extension 'ros'
[0.261s] DEBUG:colcon.colcon_core.package_identification:Package 'src/transformer_hw_servos' with type 'ros.ament_cmake' and name 'transformer_hw_servos'
[0.261s] Level 1:colcon.colcon_core.package_identification:_identify(src/transformer_msp_bridge) by extensions ['ignore', 'ignore_ament_install']
[0.262s] Level 1:colcon.colcon_core.package_identification:_identify(src/transformer_msp_bridge) by extension 'ignore'
[0.262s] Level 1:colcon.colcon_core.package_identification:_identify(src/transformer_msp_bridge) by extension 'ignore_ament_install'
[0.262s] Level 1:colcon.colcon_core.package_identification:_identify(src/transformer_msp_bridge) by extensions ['colcon_pkg']
[0.262s] Level 1:colcon.colcon_core.package_identification:_identify(src/transformer_msp_bridge) by extension 'colcon_pkg'
[0.262s] Level 1:colcon.colcon_core.package_identification:_identify(src/transformer_msp_bridge) by extensions ['colcon_meta']
[0.262s] Level 1:colcon.colcon_core.package_identification:_identify(src/transformer_msp_bridge) by extension 'colcon_meta'
[0.262s] Level 1:colcon.colcon_core.package_identification:_identify(src/transformer_msp_bridge) by extensions ['ros']
[0.262s] Level 1:colcon.colcon_core.package_identification:_identify(src/transformer_msp_bridge) by extension 'ros'
[0.263s] DEBUG:colcon.colcon_core.package_identification:Package 'src/transformer_msp_bridge' with type 'ros.ament_cmake' and name 'transformer_msp_bridge'
[0.263s] Level 1:colcon.colcon_core.package_identification:_identify(src/transformer_rc_mode_switch) by extensions ['ignore', 'ignore_ament_install']
[0.263s] Level 1:colcon.colcon_core.package_identification:_identify(src/transformer_rc_mode_switch) by extension 'ignore'
[0.263s] Level 1:colcon.colcon_core.package_identification:_identify(src/transformer_rc_mode_switch) by extension 'ignore_ament_install'
[0.263s] Level 1:colcon.colcon_core.package_identification:_identify(src/transformer_rc_mode_switch) by extensions ['colcon_pkg']
[0.263s] Level 1:colcon.colcon_core.package_identification:_identify(src/transformer_rc_mode_switch) by extension 'colcon_pkg'
[0.263s] Level 1:colcon.colcon_core.package_identification:_identify(src/transformer_rc_mode_switch) by extensions ['colcon_meta']
[0.263s] Level 1:colcon.colcon_core.package_identification:_identify(src/transformer_rc_mode_switch) by extension 'colcon_meta'
[0.263s] Level 1:colcon.colcon_core.package_identification:_identify(src/transformer_rc_mode_switch) by extensions ['ros']
[0.263s] Level 1:colcon.colcon_core.package_identification:_identify(src/transformer_rc_mode_switch) by extension 'ros'
[0.264s] DEBUG:colcon.colcon_core.package_identification:Package 'src/transformer_rc_mode_switch' with type 'ros.ament_cmake' and name 'transformer_rc_mode_switch'
[0.264s] Level 1:colcon.colcon_core.package_discovery:discover_packages(recursive) using defaults
[0.264s] Level 1:colcon.colcon_core.package_discovery:discover_packages(ignore) discover
[0.264s] Level 1:colcon.colcon_core.package_discovery:discover_packages(ignore) using defaults
[0.264s] Level 1:colcon.colcon_core.package_discovery:discover_packages(path) discover
[0.264s] Level 1:colcon.colcon_core.package_discovery:discover_packages(path) using defaults
[0.290s] INFO:colcon.colcon_core.package_selection:Skipping package 'serial' in 'src/serial-ros2'
[0.290s] INFO:colcon.colcon_core.package_selection:Skipping package 'transformer_msp_bridge' in 'src/transformer_msp_bridge'
[0.290s] INFO:colcon.colcon_core.package_selection:Skipping package 'wheeltec_n100_imu' in 'src/ros2_wheeltec_n100_imu'
[0.291s] Level 1:colcon.colcon_core.package_discovery:discover_packages(prefix_path) check parameters
[0.291s] Level 1:colcon.colcon_core.package_discovery:discover_packages(prefix_path) discover
[0.294s] DEBUG:colcon.colcon_installed_package_information.package_discovery:Found 8 installed packages in /home/atvpi/ros2_ws/install
[0.295s] DEBUG:colcon.colcon_installed_package_information.package_discovery:Found 209 installed packages in /opt/ros/jazzy
[0.298s] Level 1:colcon.colcon_core.package_discovery:discover_packages(prefix_path) using defaults
[0.339s] Level 5:colcon.colcon_core.verb:set package 'transformer_hw_actuators' build argument 'cmake_args' from command line to 'None'
[0.340s] Level 5:colcon.colcon_core.verb:set package 'transformer_hw_actuators' build argument 'cmake_target' from command line to 'None'
[0.340s] Level 5:colcon.colcon_core.verb:set package 'transformer_hw_actuators' build argument 'cmake_target_skip_unavailable' from command line to 'False'
[0.340s] Level 5:colcon.colcon_core.verb:set package 'transformer_hw_actuators' build argument 'cmake_clean_cache' from command line to 'False'
[0.340s] Level 5:colcon.colcon_core.verb:set package 'transformer_hw_actuators' build argument 'cmake_clean_first' from command line to 'False'
[0.340s] Level 5:colcon.colcon_core.verb:set package 'transformer_hw_actuators' build argument 'cmake_force_configure' from command line to 'False'
[0.340s] Level 5:colcon.colcon_core.verb:set package 'transformer_hw_actuators' build argument 'ament_cmake_args' from command line to 'None'
[0.340s] Level 5:colcon.colcon_core.verb:set package 'transformer_hw_actuators' build argument 'catkin_cmake_args' from command line to 'None'
[0.340s] Level 5:colcon.colcon_core.verb:set package 'transformer_hw_actuators' build argument 'catkin_skip_building_tests' from command line to 'False'
[0.340s] DEBUG:colcon.colcon_core.verb:Building package 'transformer_hw_actuators' with the following arguments: {'ament_cmake_args': None, 'build_base': '/home/atvpi/ros2_ws/build/transformer_hw_actuators', 'catkin_cmake_args': None, 'catkin_skip_building_tests': False, 'cmake_args': None, 'cmake_clean_cache': False, 'cmake_clean_first': False, 'cmake_force_configure': False, 'cmake_target': None, 'cmake_target_skip_unavailable': False, 'install_base': '/home/atvpi/ros2_ws/install/transformer_hw_actuators', 'merge_install': False, 'path': '/home/atvpi/ros2_ws/src/transformer_hw_actuators', 'symlink_install': False, 'test_result_base': None}
[0.340s] Level 5:colcon.colcon_core.verb:set package 'transformer_hw_servos' build argument 'cmake_args' from command line to 'None'
[0.340s] Level 5:colcon.colcon_core.verb:set package 'transformer_hw_servos' build argument 'cmake_target' from command line to 'None'
[0.340s] Level 5:colcon.colcon_core.verb:set package 'transformer_hw_servos' build argument 'cmake_target_skip_unavailable' from command line to 'False'
[0.340s] Level 5:colcon.colcon_core.verb:set package 'transformer_hw_servos' build argument 'cmake_clean_cache' from command line to 'False'
[0.340s] Level 5:colcon.colcon_core.verb:set package 'transformer_hw_servos' build argument 'cmake_clean_first' from command line to 'False'
[0.340s] Level 5:colcon.colcon_core.verb:set package 'transformer_hw_servos' build argument 'cmake_force_configure' from command line to 'False'
[0.340s] Level 5:colcon.colcon_core.verb:set package 'transformer_hw_servos' build argument 'ament_cmake_args' from command line to 'None'
[0.340s] Level 5:colcon.colcon_core.verb:set package 'transformer_hw_servos' build argument 'catkin_cmake_args' from command line to 'None'
[0.340s] Level 5:colcon.colcon_core.verb:set package 'transformer_hw_servos' build argument 'catkin_skip_building_tests' from command line to 'False'
[0.341s] DEBUG:colcon.colcon_core.verb:Building package 'transformer_hw_servos' with the following arguments: {'ament_cmake_args': None, 'build_base': '/home/atvpi/ros2_ws/build/transformer_hw_servos', 'catkin_cmake_args': None, 'catkin_skip_building_tests': False, 'cmake_args': None, 'cmake_clean_cache': False, 'cmake_clean_first': False, 'cmake_force_configure': False, 'cmake_target': None, 'cmake_target_skip_unavailable': False, 'install_base': '/home/atvpi/ros2_ws/install/transformer_hw_servos', 'merge_install': False, 'path': '/home/atvpi/ros2_ws/src/transformer_hw_servos', 'symlink_install': False, 'test_result_base': None}
[0.341s] Level 5:colcon.colcon_core.verb:set package 'transformer_controller' build argument 'cmake_args' from command line to 'None'
[0.341s] Level 5:colcon.colcon_core.verb:set package 'transformer_controller' build argument 'cmake_target' from command line to 'None'
[0.341s] Level 5:colcon.colcon_core.verb:set package 'transformer_controller' build argument 'cmake_target_skip_unavailable' from command line to 'False'
[0.341s] Level 5:colcon.colcon_core.verb:set package 'transformer_controller' build argument 'cmake_clean_cache' from command line to 'False'
[0.341s] Level 5:colcon.colcon_core.verb:set package 'transformer_controller' build argument 'cmake_clean_first' from command line to 'False'
[0.341s] Level 5:colcon.colcon_core.verb:set package 'transformer_controller' build argument 'cmake_force_configure' from command line to 'False'
[0.341s] Level 5:colcon.colcon_core.verb:set package 'transformer_controller' build argument 'ament_cmake_args' from command line to 'None'
[0.341s] Level 5:colcon.colcon_core.verb:set package 'transformer_controller' build argument 'catkin_cmake_args' from command line to 'None'
[0.341s] Level 5:colcon.colcon_core.verb:set package 'transformer_controller' build argument 'catkin_skip_building_tests' from command line to 'False'
[0.341s] DEBUG:colcon.colcon_core.verb:Building package 'transformer_controller' with the following arguments: {'ament_cmake_args': None, 'build_base': '/home/atvpi/ros2_ws/build/transformer_controller', 'catkin_cmake_args': None, 'catkin_skip_building_tests': False, 'cmake_args': None, 'cmake_clean_cache': False, 'cmake_clean_first': False, 'cmake_force_configure': False, 'cmake_target': None, 'cmake_target_skip_unavailable': False, 'install_base': '/home/atvpi/ros2_ws/install/transformer_controller', 'merge_install': False, 'path': '/home/atvpi/ros2_ws/src/transformer_controller', 'symlink_install': False, 'test_result_base': None}
[0.341s] Level 5:colcon.colcon_core.verb:set package 'transformer_rc_mode_switch' build argument 'cmake_args' from command line to 'None'
[0.341s] Level 5:colcon.colcon_core.verb:set package 'transformer_rc_mode_switch' build argument 'cmake_target' from command line to 'None'
[0.341s] Level 5:colcon.colcon_core.verb:set package 'transformer_rc_mode_switch' build argument 'cmake_target_skip_unavailable' from command line to 'False'
[0.341s] Level 5:colcon.colcon_core.verb:set package 'transformer_rc_mode_switch' build argument 'cmake_clean_cache' from command line to 'False'
[0.342s] Level 5:colcon.colcon_core.verb:set package 'transformer_rc_mode_switch' build argument 'cmake_clean_first' from command line to 'False'
[0.342s] Level 5:colcon.colcon_core.verb:set package 'transformer_rc_mode_switch' build argument 'cmake_force_configure' from command line to 'False'
[0.342s] Level 5:colcon.colcon_core.verb:set package 'transformer_rc_mode_switch' build argument 'ament_cmake_args' from command line to 'None'
[0.342s] Level 5:colcon.colcon_core.verb:set package 'transformer_rc_mode_switch' build argument 'catkin_cmake_args' from command line to 'None'
[0.342s] Level 5:colcon.colcon_core.verb:set package 'transformer_rc_mode_switch' build argument 'catkin_skip_building_tests' from command line to 'False'
[0.342s] DEBUG:colcon.colcon_core.verb:Building package 'transformer_rc_mode_switch' with the following arguments: {'ament_cmake_args': None, 'build_base': '/home/atvpi/ros2_ws/build/transformer_rc_mode_switch', 'catkin_cmake_args': None, 'catkin_skip_building_tests': False, 'cmake_args': None, 'cmake_clean_cache': False, 'cmake_clean_first': False, 'cmake_force_configure': False, 'cmake_target': None, 'cmake_target_skip_unavailable': False, 'install_base': '/home/atvpi/ros2_ws/install/transformer_rc_mode_switch', 'merge_install': False, 'path': '/home/atvpi/ros2_ws/src/transformer_rc_mode_switch', 'symlink_install': False, 'test_result_base': None}
[0.342s] Level 5:colcon.colcon_core.verb:set package 'transformer_bringup' build argument 'cmake_args' from command line to 'None'
[0.342s] Level 5:colcon.colcon_core.verb:set package 'transformer_bringup' build argument 'cmake_target' from command line to 'None'
[0.342s] Level 5:colcon.colcon_core.verb:set package 'transformer_bringup' build argument 'cmake_target_skip_unavailable' from command line to 'False'
[0.342s] Level 5:colcon.colcon_core.verb:set package 'transformer_bringup' build argument 'cmake_clean_cache' from command line to 'False'
[0.342s] Level 5:colcon.colcon_core.verb:set package 'transformer_bringup' build argument 'cmake_clean_first' from command line to 'False'
[0.342s] Level 5:colcon.colcon_core.verb:set package 'transformer_bringup' build argument 'cmake_force_configure' from command line to 'False'
[0.342s] Level 5:colcon.colcon_core.verb:set package 'transformer_bringup' build argument 'ament_cmake_args' from command line to 'None'
[0.342s] Level 5:colcon.colcon_core.verb:set package 'transformer_bringup' build argument 'catkin_cmake_args' from command line to 'None'
[0.342s] Level 5:colcon.colcon_core.verb:set package 'transformer_bringup' build argument 'catkin_skip_building_tests' from command line to 'False'
[0.342s] DEBUG:colcon.colcon_core.verb:Building package 'transformer_bringup' with the following arguments: {'ament_cmake_args': None, 'build_base': '/home/atvpi/ros2_ws/build/transformer_bringup', 'catkin_cmake_args': None, 'catkin_skip_building_tests': False, 'cmake_args': None, 'cmake_clean_cache': False, 'cmake_clean_first': False, 'cmake_force_configure': False, 'cmake_target': None, 'cmake_target_skip_unavailable': False, 'install_base': '/home/atvpi/ros2_ws/install/transformer_bringup', 'merge_install': False, 'path': '/home/atvpi/ros2_ws/src/transformer_bringup', 'symlink_install': False, 'test_result_base': None}
[0.342s] INFO:colcon.colcon_core.executor:Executing jobs using 'parallel' executor
[0.344s] DEBUG:colcon.colcon_parallel_executor.executor.parallel:run_until_complete
[0.344s] INFO:colcon.colcon_ros.task.ament_cmake.build:Building ROS package in '/home/atvpi/ros2_ws/src/transformer_hw_actuators' with build type 'ament_cmake'
[0.344s] INFO:colcon.colcon_cmake.task.cmake.build:Building CMake package in '/home/atvpi/ros2_ws/src/transformer_hw_actuators'
[0.347s] INFO:colcon.colcon_core.plugin_system:Skipping extension 'colcon_core.shell.bat': Not used on non-Windows systems
[0.347s] INFO:colcon.colcon_core.shell:Skip shell extension 'powershell' for command environment: Not usable outside of PowerShell
[0.347s] DEBUG:colcon.colcon_core.shell:Skip shell extension 'dsv' for command environment
[0.393s] INFO:colcon.colcon_ros.task.ament_cmake.build:Building ROS package in '/home/atvpi/ros2_ws/src/transformer_hw_servos' with build type 'ament_cmake'
[0.393s] INFO:colcon.colcon_cmake.task.cmake.build:Building CMake package in '/home/atvpi/ros2_ws/src/transformer_hw_servos'
[0.393s] INFO:colcon.colcon_core.shell:Skip shell extension 'powershell' for command environment: Not usable outside of PowerShell
[0.393s] DEBUG:colcon.colcon_core.shell:Skip shell extension 'dsv' for command environment
[0.407s] DEBUG:colcon.colcon_core.event_handler.log_command:Invoking command in '/home/atvpi/ros2_ws/build/transformer_hw_actuators': CMAKE_PREFIX_PATH=${CMAKE_PREFIX_PATH}:/opt/ros/jazzy /usr/bin/cmake --build /home/atvpi/ros2_ws/build/transformer_hw_actuators -- -j4 -l4
[0.414s] DEBUG:colcon.colcon_core.event_handler.log_command:Invoking command in '/home/atvpi/ros2_ws/build/transformer_hw_servos': CMAKE_PREFIX_PATH=${CMAKE_PREFIX_PATH}:/opt/ros/jazzy /usr/bin/cmake --build /home/atvpi/ros2_ws/build/transformer_hw_servos -- -j4 -l4
[1.532s] DEBUG:colcon.colcon_core.event_handler.log_command:Invoked command in '/home/atvpi/ros2_ws/build/transformer_hw_actuators' returned '0': CMAKE_PREFIX_PATH=${CMAKE_PREFIX_PATH}:/opt/ros/jazzy /usr/bin/cmake --build /home/atvpi/ros2_ws/build/transformer_hw_actuators -- -j4 -l4
[1.555s] DEBUG:colcon.colcon_core.event_handler.log_command:Invoking command in '/home/atvpi/ros2_ws/build/transformer_hw_actuators': CMAKE_PREFIX_PATH=${CMAKE_PREFIX_PATH}:/opt/ros/jazzy /usr/bin/cmake --install /home/atvpi/ros2_ws/build/transformer_hw_actuators
[1.598s] DEBUG:colcon.colcon_core.event_handler.log_command:Invoked command in '/home/atvpi/ros2_ws/build/transformer_hw_servos' returned '0': CMAKE_PREFIX_PATH=${CMAKE_PREFIX_PATH}:/opt/ros/jazzy /usr/bin/cmake --build /home/atvpi/ros2_ws/build/transformer_hw_servos -- -j4 -l4
[1.603s] DEBUG:colcon.colcon_core.event_handler.log_command:Invoking command in '/home/atvpi/ros2_ws/build/transformer_hw_servos': CMAKE_PREFIX_PATH=${CMAKE_PREFIX_PATH}:/opt/ros/jazzy /usr/bin/cmake --install /home/atvpi/ros2_ws/build/transformer_hw_servos
[1.744s] Level 1:colcon.colcon_core.environment:create_environment_scripts_only(transformer_hw_actuators)
[1.755s] Level 1:colcon.colcon_core.environment:checking '/home/atvpi/ros2_ws/install/transformer_hw_actuators' for CMake module files
[1.756s] Level 1:colcon.colcon_core.environment:checking '/home/atvpi/ros2_ws/install/transformer_hw_actuators' for CMake config files
[1.757s] Level 1:colcon.colcon_core.shell:create_environment_hook('transformer_hw_actuators', 'cmake_prefix_path')
[1.757s] INFO:colcon.colcon_core.shell:Creating environment hook '/home/atvpi/ros2_ws/install/transformer_hw_actuators/share/transformer_hw_actuators/hook/cmake_prefix_path.ps1'
[1.759s] DEBUG:colcon.colcon_core.event_handler.log_command:Invoked command in '/home/atvpi/ros2_ws/build/transformer_hw_actuators' returned '0': CMAKE_PREFIX_PATH=${CMAKE_PREFIX_PATH}:/opt/ros/jazzy /usr/bin/cmake --install /home/atvpi/ros2_ws/build/transformer_hw_actuators
[1.762s] INFO:colcon.colcon_core.shell:Creating environment descriptor '/home/atvpi/ros2_ws/install/transformer_hw_actuators/share/transformer_hw_actuators/hook/cmake_prefix_path.dsv'
[1.763s] INFO:colcon.colcon_core.shell:Creating environment hook '/home/atvpi/ros2_ws/install/transformer_hw_actuators/share/transformer_hw_actuators/hook/cmake_prefix_path.sh'
[1.766s] Level 1:colcon.colcon_core.environment:checking '/home/atvpi/ros2_ws/install/transformer_hw_actuators/lib'
[1.769s] Level 1:colcon.colcon_core.shell:create_environment_hook('transformer_hw_actuators', 'ld_library_path_lib')
[1.770s] INFO:colcon.colcon_core.shell:Creating environment hook '/home/atvpi/ros2_ws/install/transformer_hw_actuators/share/transformer_hw_actuators/hook/ld_library_path_lib.ps1'
[1.772s] INFO:colcon.colcon_core.shell:Creating environment descriptor '/home/atvpi/ros2_ws/install/transformer_hw_actuators/share/transformer_hw_actuators/hook/ld_library_path_lib.dsv'
[1.774s] INFO:colcon.colcon_core.shell:Creating environment hook '/home/atvpi/ros2_ws/install/transformer_hw_actuators/share/transformer_hw_actuators/hook/ld_library_path_lib.sh'
[1.777s] Level 1:colcon.colcon_core.environment:checking '/home/atvpi/ros2_ws/install/transformer_hw_actuators/bin'
[1.777s] Level 1:colcon.colcon_core.environment:checking '/home/atvpi/ros2_ws/install/transformer_hw_actuators/lib/pkgconfig/transformer_hw_actuators.pc'
[1.778s] Level 1:colcon.colcon_core.environment:checking '/home/atvpi/ros2_ws/install/transformer_hw_actuators/lib/python3.12/site-packages'
[1.779s] Level 1:colcon.colcon_core.shell:create_environment_hook('transformer_hw_actuators', 'pythonpath')
[1.779s] INFO:colcon.colcon_core.shell:Creating environment hook '/home/atvpi/ros2_ws/install/transformer_hw_actuators/share/transformer_hw_actuators/hook/pythonpath.ps1'
[1.781s] INFO:colcon.colcon_core.shell:Creating environment descriptor '/home/atvpi/ros2_ws/install/transformer_hw_actuators/share/transformer_hw_actuators/hook/pythonpath.dsv'
[1.782s] INFO:colcon.colcon_core.shell:Creating environment hook '/home/atvpi/ros2_ws/install/transformer_hw_actuators/share/transformer_hw_actuators/hook/pythonpath.sh'
[1.784s] Level 1:colcon.colcon_core.environment:checking '/home/atvpi/ros2_ws/install/transformer_hw_actuators/bin'
[1.785s] INFO:colcon.colcon_core.shell:Creating package script '/home/atvpi/ros2_ws/install/transformer_hw_actuators/share/transformer_hw_actuators/package.ps1'
[1.789s] INFO:colcon.colcon_core.shell:Creating package descriptor '/home/atvpi/ros2_ws/install/transformer_hw_actuators/share/transformer_hw_actuators/package.dsv'
[1.800s] INFO:colcon.colcon_core.shell:Creating package script '/home/atvpi/ros2_ws/install/transformer_hw_actuators/share/transformer_hw_actuators/package.sh'
[1.810s] INFO:colcon.colcon_core.shell:Creating package script '/home/atvpi/ros2_ws/install/transformer_hw_actuators/share/transformer_hw_actuators/package.bash'
[1.811s] INFO:colcon.colcon_core.shell:Creating package script '/home/atvpi/ros2_ws/install/transformer_hw_actuators/share/transformer_hw_actuators/package.zsh'
[1.812s] Level 1:colcon.colcon_core.environment:create_file_with_runtime_dependencies(/home/atvpi/ros2_ws/install/transformer_hw_actuators/share/colcon-core/packages/transformer_hw_actuators)
[1.814s] Level 1:colcon.colcon_core.environment:create_environment_scripts_only(transformer_hw_actuators)
[1.814s] Level 1:colcon.colcon_core.environment:checking '/home/atvpi/ros2_ws/install/transformer_hw_actuators' for CMake module files
[1.815s] Level 1:colcon.colcon_core.environment:checking '/home/atvpi/ros2_ws/install/transformer_hw_actuators' for CMake config files
[1.815s] Level 1:colcon.colcon_core.shell:create_environment_hook('transformer_hw_actuators', 'cmake_prefix_path')
[1.816s] INFO:colcon.colcon_core.shell:Creating environment hook '/home/atvpi/ros2_ws/install/transformer_hw_actuators/share/transformer_hw_actuators/hook/cmake_prefix_path.ps1'
[1.816s] INFO:colcon.colcon_core.shell:Creating environment descriptor '/home/atvpi/ros2_ws/install/transformer_hw_actuators/share/transformer_hw_actuators/hook/cmake_prefix_path.dsv'
[1.818s] INFO:colcon.colcon_core.shell:Creating environment hook '/home/atvpi/ros2_ws/install/transformer_hw_actuators/share/transformer_hw_actuators/hook/cmake_prefix_path.sh'
[1.820s] Level 1:colcon.colcon_core.environment:checking '/home/atvpi/ros2_ws/install/transformer_hw_actuators/lib'
[1.820s] Level 1:colcon.colcon_core.shell:create_environment_hook('transformer_hw_actuators', 'ld_library_path_lib')
[1.820s] INFO:colcon.colcon_core.shell:Creating environment hook '/home/atvpi/ros2_ws/install/transformer_hw_actuators/share/transformer_hw_actuators/hook/ld_library_path_lib.ps1'
[1.821s] INFO:colcon.colcon_core.shell:Creating environment descriptor '/home/atvpi/ros2_ws/install/transformer_hw_actuators/share/transformer_hw_actuators/hook/ld_library_path_lib.dsv'
[1.824s] INFO:colcon.colcon_core.shell:Creating environment hook '/home/atvpi/ros2_ws/install/transformer_hw_actuators/share/transformer_hw_actuators/hook/ld_library_path_lib.sh'
[1.831s] Level 1:colcon.colcon_core.environment:checking '/home/atvpi/ros2_ws/install/transformer_hw_actuators/bin'
[1.831s] Level 1:colcon.colcon_core.environment:checking '/home/atvpi/ros2_ws/install/transformer_hw_actuators/lib/pkgconfig/transformer_hw_actuators.pc'
[1.832s] Level 1:colcon.colcon_core.environment:checking '/home/atvpi/ros2_ws/install/transformer_hw_actuators/lib/python3.12/site-packages'
[1.832s] Level 1:colcon.colcon_core.shell:create_environment_hook('transformer_hw_actuators', 'pythonpath')
[1.832s] INFO:colcon.colcon_core.shell:Creating environment hook '/home/atvpi/ros2_ws/install/transformer_hw_actuators/share/transformer_hw_actuators/hook/pythonpath.ps1'
[1.833s] INFO:colcon.colcon_core.shell:Creating environment descriptor '/home/atvpi/ros2_ws/install/transformer_hw_actuators/share/transformer_hw_actuators/hook/pythonpath.dsv'
[1.835s] INFO:colcon.colcon_core.shell:Creating environment hook '/home/atvpi/ros2_ws/install/transformer_hw_actuators/share/transformer_hw_actuators/hook/pythonpath.sh'
[1.836s] Level 1:colcon.colcon_core.environment:checking '/home/atvpi/ros2_ws/install/transformer_hw_actuators/bin'
[1.837s] INFO:colcon.colcon_core.shell:Creating package script '/home/atvpi/ros2_ws/install/transformer_hw_actuators/share/transformer_hw_actuators/package.ps1'
[1.838s] INFO:colcon.colcon_core.shell:Creating package descriptor '/home/atvpi/ros2_ws/install/transformer_hw_actuators/share/transformer_hw_actuators/package.dsv'
[1.838s] INFO:colcon.colcon_core.shell:Creating package script '/home/atvpi/ros2_ws/install/transformer_hw_actuators/share/transformer_hw_actuators/package.sh'
[1.839s] INFO:colcon.colcon_core.shell:Creating package script '/home/atvpi/ros2_ws/install/transformer_hw_actuators/share/transformer_hw_actuators/package.bash'
[1.840s] INFO:colcon.colcon_core.shell:Creating package script '/home/atvpi/ros2_ws/install/transformer_hw_actuators/share/transformer_hw_actuators/package.zsh'
[1.841s] Level 1:colcon.colcon_core.environment:create_file_with_runtime_dependencies(/home/atvpi/ros2_ws/install/transformer_hw_actuators/share/colcon-core/packages/transformer_hw_actuators)
[1.843s] Level 1:colcon.colcon_core.environment:create_environment_scripts_only(transformer_hw_servos)
[1.843s] Level 1:colcon.colcon_core.environment:checking '/home/atvpi/ros2_ws/install/transformer_hw_servos' for CMake module files
[1.844s] DEBUG:colcon.colcon_core.event_handler.log_command:Invoked command in '/home/atvpi/ros2_ws/build/transformer_hw_servos' returned '0': CMAKE_PREFIX_PATH=${CMAKE_PREFIX_PATH}:/opt/ros/jazzy /usr/bin/cmake --install /home/atvpi/ros2_ws/build/transformer_hw_servos
[1.845s] Level 1:colcon.colcon_core.environment:checking '/home/atvpi/ros2_ws/install/transformer_hw_servos' for CMake config files
[1.845s] Level 1:colcon.colcon_core.shell:create_environment_hook('transformer_hw_servos', 'cmake_prefix_path')
[1.846s] INFO:colcon.colcon_core.shell:Creating environment hook '/home/atvpi/ros2_ws/install/transformer_hw_servos/share/transformer_hw_servos/hook/cmake_prefix_path.ps1'
[1.846s] INFO:colcon.colcon_core.shell:Creating environment descriptor '/home/atvpi/ros2_ws/install/transformer_hw_servos/share/transformer_hw_servos/hook/cmake_prefix_path.dsv'
[1.848s] INFO:colcon.colcon_core.shell:Creating environment hook '/home/atvpi/ros2_ws/install/transformer_hw_servos/share/transformer_hw_servos/hook/cmake_prefix_path.sh'
[1.849s] Level 1:colcon.colcon_core.environment:checking '/home/atvpi/ros2_ws/install/transformer_hw_servos/lib'
[1.850s] Level 1:colcon.colcon_core.shell:create_environment_hook('transformer_hw_servos', 'ld_library_path_lib')
[1.850s] INFO:colcon.colcon_core.shell:Creating environment hook '/home/atvpi/ros2_ws/install/transformer_hw_servos/share/transformer_hw_servos/hook/ld_library_path_lib.ps1'
[1.851s] INFO:colcon.colcon_core.shell:Creating environment descriptor '/home/atvpi/ros2_ws/install/transformer_hw_servos/share/transformer_hw_servos/hook/ld_library_path_lib.dsv'
[1.854s] INFO:colcon.colcon_core.shell:Creating environment hook '/home/atvpi/ros2_ws/install/transformer_hw_servos/share/transformer_hw_servos/hook/ld_library_path_lib.sh'
[1.855s] Level 1:colcon.colcon_core.environment:checking '/home/atvpi/ros2_ws/install/transformer_hw_servos/bin'
[1.855s] Level 1:colcon.colcon_core.environment:checking '/home/atvpi/ros2_ws/install/transformer_hw_servos/lib/pkgconfig/transformer_hw_servos.pc'
[1.855s] Level 1:colcon.colcon_core.environment:checking '/home/atvpi/ros2_ws/install/transformer_hw_servos/lib/python3.12/site-packages'
[1.855s] Level 1:colcon.colcon_core.shell:create_environment_hook('transformer_hw_servos', 'pythonpath')
[1.856s] INFO:colcon.colcon_core.shell:Creating environment hook '/home/atvpi/ros2_ws/install/transformer_hw_servos/share/transformer_hw_servos/hook/pythonpath.ps1'
[1.856s] INFO:colcon.colcon_core.shell:Creating environment descriptor '/home/atvpi/ros2_ws/install/transformer_hw_servos/share/transformer_hw_servos/hook/pythonpath.dsv'
[1.858s] INFO:colcon.colcon_core.shell:Creating environment hook '/home/atvpi/ros2_ws/install/transformer_hw_servos/share/transformer_hw_servos/hook/pythonpath.sh'
[1.861s] Level 1:colcon.colcon_core.environment:checking '/home/atvpi/ros2_ws/install/transformer_hw_servos/bin'
[1.861s] INFO:colcon.colcon_core.shell:Creating package script '/home/atvpi/ros2_ws/install/transformer_hw_servos/share/transformer_hw_servos/package.ps1'
[1.862s] INFO:colcon.colcon_core.shell:Creating package descriptor '/home/atvpi/ros2_ws/install/transformer_hw_servos/share/transformer_hw_servos/package.dsv'
[1.864s] INFO:colcon.colcon_core.shell:Creating package script '/home/atvpi/ros2_ws/install/transformer_hw_servos/share/transformer_hw_servos/package.sh'
[1.865s] INFO:colcon.colcon_core.shell:Creating package script '/home/atvpi/ros2_ws/install/transformer_hw_servos/share/transformer_hw_servos/package.bash'
[1.868s] INFO:colcon.colcon_core.shell:Creating package script '/home/atvpi/ros2_ws/install/transformer_hw_servos/share/transformer_hw_servos/package.zsh'
[1.869s] Level 1:colcon.colcon_core.environment:create_file_with_runtime_dependencies(/home/atvpi/ros2_ws/install/transformer_hw_servos/share/colcon-core/packages/transformer_hw_servos)
[1.871s] Level 1:colcon.colcon_core.environment:create_environment_scripts_only(transformer_hw_servos)
[1.871s] Level 1:colcon.colcon_core.environment:checking '/home/atvpi/ros2_ws/install/transformer_hw_servos' for CMake module files
[1.872s] Level 1:colcon.colcon_core.environment:checking '/home/atvpi/ros2_ws/install/transformer_hw_servos' for CMake config files
[1.873s] Level 1:colcon.colcon_core.shell:create_environment_hook('transformer_hw_servos', 'cmake_prefix_path')
[1.873s] INFO:colcon.colcon_core.shell:Creating environment hook '/home/atvpi/ros2_ws/install/transformer_hw_servos/share/transformer_hw_servos/hook/cmake_prefix_path.ps1'
[1.874s] INFO:colcon.colcon_core.shell:Creating environment descriptor '/home/atvpi/ros2_ws/install/transformer_hw_servos/share/transformer_hw_servos/hook/cmake_prefix_path.dsv'
[1.876s] INFO:colcon.colcon_core.shell:Creating environment hook '/home/atvpi/ros2_ws/install/transformer_hw_servos/share/transformer_hw_servos/hook/cmake_prefix_path.sh'
[1.878s] Level 1:colcon.colcon_core.environment:checking '/home/atvpi/ros2_ws/install/transformer_hw_servos/lib'
[1.878s] Level 1:colcon.colcon_core.shell:create_environment_hook('transformer_hw_servos', 'ld_library_path_lib')
[1.878s] INFO:colcon.colcon_core.shell:Creating environment hook '/home/atvpi/ros2_ws/install/transformer_hw_servos/share/transformer_hw_servos/hook/ld_library_path_lib.ps1'
[1.879s] INFO:colcon.colcon_core.shell:Creating environment descriptor '/home/atvpi/ros2_ws/install/transformer_hw_servos/share/transformer_hw_servos/hook/ld_library_path_lib.dsv'
[1.881s] INFO:colcon.colcon_core.shell:Creating environment hook '/home/atvpi/ros2_ws/install/transformer_hw_servos/share/transformer_hw_servos/hook/ld_library_path_lib.sh'
[1.882s] Level 1:colcon.colcon_core.environment:checking '/home/atvpi/ros2_ws/install/transformer_hw_servos/bin'
[1.882s] Level 1:colcon.colcon_core.environment:checking '/home/atvpi/ros2_ws/install/transformer_hw_servos/lib/pkgconfig/transformer_hw_servos.pc'
[1.883s] Level 1:colcon.colcon_core.environment:checking '/home/atvpi/ros2_ws/install/transformer_hw_servos/lib/python3.12/site-packages'
[1.883s] Level 1:colcon.colcon_core.shell:create_environment_hook('transformer_hw_servos', 'pythonpath')
[1.883s] INFO:colcon.colcon_core.shell:Creating environment hook '/home/atvpi/ros2_ws/install/transformer_hw_servos/share/transformer_hw_servos/hook/pythonpath.ps1'
[1.884s] INFO:colcon.colcon_core.shell:Creating environment descriptor '/home/atvpi/ros2_ws/install/transformer_hw_servos/share/transformer_hw_servos/hook/pythonpath.dsv'
[1.885s] INFO:colcon.colcon_core.shell:Creating environment hook '/home/atvpi/ros2_ws/install/transformer_hw_servos/share/transformer_hw_servos/hook/pythonpath.sh'
[1.887s] Level 1:colcon.colcon_core.environment:checking '/home/atvpi/ros2_ws/install/transformer_hw_servos/bin'
[1.888s] INFO:colcon.colcon_core.shell:Creating package script '/home/atvpi/ros2_ws/install/transformer_hw_servos/share/transformer_hw_servos/package.ps1'
[1.889s] INFO:colcon.colcon_core.shell:Creating package descriptor '/home/atvpi/ros2_ws/install/transformer_hw_servos/share/transformer_hw_servos/package.dsv'
[1.890s] INFO:colcon.colcon_core.shell:Creating package script '/home/atvpi/ros2_ws/install/transformer_hw_servos/share/transformer_hw_servos/package.sh'
[1.892s] INFO:colcon.colcon_core.shell:Creating package script '/home/atvpi/ros2_ws/install/transformer_hw_servos/share/transformer_hw_servos/package.bash'
[1.893s] INFO:colcon.colcon_core.shell:Creating package script '/home/atvpi/ros2_ws/install/transformer_hw_servos/share/transformer_hw_servos/package.zsh'
[1.895s] Level 1:colcon.colcon_core.environment:create_file_with_runtime_dependencies(/home/atvpi/ros2_ws/install/transformer_hw_servos/share/colcon-core/packages/transformer_hw_servos)
[1.897s] INFO:colcon.colcon_ros.task.ament_cmake.build:Building ROS package in '/home/atvpi/ros2_ws/src/transformer_controller' with build type 'ament_cmake'
[1.897s] INFO:colcon.colcon_cmake.task.cmake.build:Building CMake package in '/home/atvpi/ros2_ws/src/transformer_controller'
[1.897s] INFO:colcon.colcon_core.shell:Skip shell extension 'powershell' for command environment: Not usable outside of PowerShell
[1.897s] DEBUG:colcon.colcon_core.shell:Skip shell extension 'dsv' for command environment
[1.918s] DEBUG:colcon.colcon_core.event_handler.log_command:Invoking command in '/home/atvpi/ros2_ws/build/transformer_controller': CMAKE_PREFIX_PATH=/home/atvpi/ros2_ws/install/transformer_hw_servos:/home/atvpi/ros2_ws/install/transformer_hw_actuators:/home/atvpi/ros2_ws/install/wheeltec_n100_imu:/home/atvpi/ros2_ws/install/transformer_bringup:/home/atvpi/ros2_ws/install/transformer_rc_mode_switch:/home/atvpi/ros2_ws/install/transformer_msp_bridge:/home/atvpi/ros2_ws/install/transformer_controller:/home/atvpi/ros2_ws/install/serial:/opt/ros/jazzy LD_LIBRARY_PATH=/home/atvpi/ros2_ws/install/transformer_hw_servos/lib:/home/atvpi/ros2_ws/install/transformer_hw_actuators/lib:/home/atvpi/ros2_ws/install/transformer_msp_bridge/lib:/home/atvpi/ros2_ws/install/transformer_controller/lib:/home/atvpi/ros2_ws/install/serial/lib:/opt/ros/jazzy/lib/aarch64-linux-gnu:/opt/ros/jazzy/lib PYTHONPATH=/home/atvpi/ros2_ws/install/transformer_hw_servos/lib/python3.12/site-packages:/home/atvpi/ros2_ws/install/transformer_hw_actuators/lib/python3.12/site-packages:/home/atvpi/ros2_ws/install/transformer_msp_bridge/lib/python3.12/site-packages:/home/atvpi/ros2_ws/install/transformer_controller/lib/python3.12/site-packages:/opt/ros/jazzy/lib/python3.12/site-packages /usr/bin/cmake --build /home/atvpi/ros2_ws/build/transformer_controller -- -j4 -l4
[2.848s] DEBUG:colcon.colcon_core.event_handler.log_command:Invoked command in '/home/atvpi/ros2_ws/build/transformer_controller' returned '0': CMAKE_PREFIX_PATH=/home/atvpi/ros2_ws/install/transformer_hw_servos:/home/atvpi/ros2_ws/install/transformer_hw_actuators:/home/atvpi/ros2_ws/install/wheeltec_n100_imu:/home/atvpi/ros2_ws/install/transformer_bringup:/home/atvpi/ros2_ws/install/transformer_rc_mode_switch:/home/atvpi/ros2_ws/install/transformer_msp_bridge:/home/atvpi/ros2_ws/install/transformer_controller:/home/atvpi/ros2_ws/install/serial:/opt/ros/jazzy LD_LIBRARY_PATH=/home/atvpi/ros2_ws/install/transformer_hw_servos/lib:/home/atvpi/ros2_ws/install/transformer_hw_actuators/lib:/home/atvpi/ros2_ws/install/transformer_msp_bridge/lib:/home/atvpi/ros2_ws/install/transformer_controller/lib:/home/atvpi/ros2_ws/install/serial/lib:/opt/ros/jazzy/lib/aarch64-linux-gnu:/opt/ros/jazzy/lib PYTHONPATH=/home/atvpi/ros2_ws/install/transformer_hw_servos/lib/python3.12/site-packages:/home/atvpi/ros2_ws/install/transformer_hw_actuators/lib/python3.12/site-packages:/home/atvpi/ros2_ws/install/transformer_msp_bridge/lib/python3.12/site-packages:/home/atvpi/ros2_ws/install/transformer_controller/lib/python3.12/site-packages:/opt/ros/jazzy/lib/python3.12/site-packages /usr/bin/cmake --build /home/atvpi/ros2_ws/build/transformer_controller -- -j4 -l4
[2.850s] DEBUG:colcon.colcon_core.event_handler.log_command:Invoking command in '/home/atvpi/ros2_ws/build/transformer_controller': CMAKE_PREFIX_PATH=/home/atvpi/ros2_ws/install/transformer_hw_servos:/home/atvpi/ros2_ws/install/transformer_hw_actuators:/home/atvpi/ros2_ws/install/wheeltec_n100_imu:/home/atvpi/ros2_ws/install/transformer_bringup:/home/atvpi/ros2_ws/install/transformer_rc_mode_switch:/home/atvpi/ros2_ws/install/transformer_msp_bridge:/home/atvpi/ros2_ws/install/transformer_controller:/home/atvpi/ros2_ws/install/serial:/opt/ros/jazzy LD_LIBRARY_PATH=/home/atvpi/ros2_ws/install/transformer_hw_servos/lib:/home/atvpi/ros2_ws/install/transformer_hw_actuators/lib:/home/atvpi/ros2_ws/install/transformer_msp_bridge/lib:/home/atvpi/ros2_ws/install/transformer_controller/lib:/home/atvpi/ros2_ws/install/serial/lib:/opt/ros/jazzy/lib/aarch64-linux-gnu:/opt/ros/jazzy/lib PYTHONPATH=/home/atvpi/ros2_ws/install/transformer_hw_servos/lib/python3.12/site-packages:/home/atvpi/ros2_ws/install/transformer_hw_actuators/lib/python3.12/site-packages:/home/atvpi/ros2_ws/install/transformer_msp_bridge/lib/python3.12/site-packages:/home/atvpi/ros2_ws/install/transformer_controller/lib/python3.12/site-packages:/opt/ros/jazzy/lib/python3.12/site-packages /usr/bin/cmake --install /home/atvpi/ros2_ws/build/transformer_controller
[2.993s] Level 1:colcon.colcon_core.environment:create_environment_scripts_only(transformer_controller)
[2.994s] Level 1:colcon.colcon_core.environment:checking '/home/atvpi/ros2_ws/install/transformer_controller' for CMake module files
[2.995s] DEBUG:colcon.colcon_core.event_handler.log_command:Invoked command in '/home/atvpi/ros2_ws/build/transformer_controller' returned '0': CMAKE_PREFIX_PATH=/home/atvpi/ros2_ws/install/transformer_hw_servos:/home/atvpi/ros2_ws/install/transformer_hw_actuators:/home/atvpi/ros2_ws/install/wheeltec_n100_imu:/home/atvpi/ros2_ws/install/transformer_bringup:/home/atvpi/ros2_ws/install/transformer_rc_mode_switch:/home/atvpi/ros2_ws/install/transformer_msp_bridge:/home/atvpi/ros2_ws/install/transformer_controller:/home/atvpi/ros2_ws/install/serial:/opt/ros/jazzy LD_LIBRARY_PATH=/home/atvpi/ros2_ws/install/transformer_hw_servos/lib:/home/atvpi/ros2_ws/install/transformer_hw_actuators/lib:/home/atvpi/ros2_ws/install/transformer_msp_bridge/lib:/home/atvpi/ros2_ws/install/transformer_controller/lib:/home/atvpi/ros2_ws/install/serial/lib:/opt/ros/jazzy/lib/aarch64-linux-gnu:/opt/ros/jazzy/lib PYTHONPATH=/home/atvpi/ros2_ws/install/transformer_hw_servos/lib/python3.12/site-packages:/home/atvpi/ros2_ws/install/transformer_hw_actuators/lib/python3.12/site-packages:/home/atvpi/ros2_ws/install/transformer_msp_bridge/lib/python3.12/site-packages:/home/atvpi/ros2_ws/install/transformer_controller/lib/python3.12/site-packages:/opt/ros/jazzy/lib/python3.12/site-packages /usr/bin/cmake --install /home/atvpi/ros2_ws/build/transformer_controller
[2.996s] Level 1:colcon.colcon_core.environment:checking '/home/atvpi/ros2_ws/install/transformer_controller' for CMake config files
[2.997s] Level 1:colcon.colcon_core.shell:create_environment_hook('transformer_controller', 'cmake_prefix_path')
[2.997s] INFO:colcon.colcon_core.shell:Creating environment hook '/home/atvpi/ros2_ws/install/transformer_controller/share/transformer_controller/hook/cmake_prefix_path.ps1'
[2.998s] INFO:colcon.colcon_core.shell:Creating environment descriptor '/home/atvpi/ros2_ws/install/transformer_controller/share/transformer_controller/hook/cmake_prefix_path.dsv'
[2.999s] INFO:colcon.colcon_core.shell:Creating environment hook '/home/atvpi/ros2_ws/install/transformer_controller/share/transformer_controller/hook/cmake_prefix_path.sh'
[3.001s] Level 1:colcon.colcon_core.environment:checking '/home/atvpi/ros2_ws/install/transformer_controller/lib'
[3.001s] Level 1:colcon.colcon_core.shell:create_environment_hook('transformer_controller', 'ld_library_path_lib')
[3.002s] INFO:colcon.colcon_core.shell:Creating environment hook '/home/atvpi/ros2_ws/install/transformer_controller/share/transformer_controller/hook/ld_library_path_lib.ps1'
[3.002s] INFO:colcon.colcon_core.shell:Creating environment descriptor '/home/atvpi/ros2_ws/install/transformer_controller/share/transformer_controller/hook/ld_library_path_lib.dsv'
[3.004s] INFO:colcon.colcon_core.shell:Creating environment hook '/home/atvpi/ros2_ws/install/transformer_controller/share/transformer_controller/hook/ld_library_path_lib.sh'
[3.005s] Level 1:colcon.colcon_core.environment:checking '/home/atvpi/ros2_ws/install/transformer_controller/bin'
[3.006s] Level 1:colcon.colcon_core.environment:checking '/home/atvpi/ros2_ws/install/transformer_controller/lib/pkgconfig/transformer_controller.pc'
[3.006s] Level 1:colcon.colcon_core.environment:checking '/home/atvpi/ros2_ws/install/transformer_controller/lib/python3.12/site-packages'
[3.006s] Level 1:colcon.colcon_core.shell:create_environment_hook('transformer_controller', 'pythonpath')
[3.006s] INFO:colcon.colcon_core.shell:Creating environment hook '/home/atvpi/ros2_ws/install/transformer_controller/share/transformer_controller/hook/pythonpath.ps1'
[3.007s] INFO:colcon.colcon_core.shell:Creating environment descriptor '/home/atvpi/ros2_ws/install/transformer_controller/share/transformer_controller/hook/pythonpath.dsv'
[3.009s] INFO:colcon.colcon_core.shell:Creating environment hook '/home/atvpi/ros2_ws/install/transformer_controller/share/transformer_controller/hook/pythonpath.sh'
[3.010s] Level 1:colcon.colcon_core.environment:checking '/home/atvpi/ros2_ws/install/transformer_controller/bin'
[3.011s] INFO:colcon.colcon_core.shell:Creating package script '/home/atvpi/ros2_ws/install/transformer_controller/share/transformer_controller/package.ps1'
[3.012s] INFO:colcon.colcon_core.shell:Creating package descriptor '/home/atvpi/ros2_ws/install/transformer_controller/share/transformer_controller/package.dsv'
[3.013s] INFO:colcon.colcon_core.shell:Creating package script '/home/atvpi/ros2_ws/install/transformer_controller/share/transformer_controller/package.sh'
[3.015s] INFO:colcon.colcon_core.shell:Creating package script '/home/atvpi/ros2_ws/install/transformer_controller/share/transformer_controller/package.bash'
[3.016s] INFO:colcon.colcon_core.shell:Creating package script '/home/atvpi/ros2_ws/install/transformer_controller/share/transformer_controller/package.zsh'
[3.018s] Level 1:colcon.colcon_core.environment:create_file_with_runtime_dependencies(/home/atvpi/ros2_ws/install/transformer_controller/share/colcon-core/packages/transformer_controller)
[3.020s] Level 1:colcon.colcon_core.environment:create_environment_scripts_only(transformer_controller)
[3.020s] Level 1:colcon.colcon_core.environment:checking '/home/atvpi/ros2_ws/install/transformer_controller' for CMake module files
[3.021s] Level 1:colcon.colcon_core.environment:checking '/home/atvpi/ros2_ws/install/transformer_controller' for CMake config files
[3.023s] Level 1:colcon.colcon_core.shell:create_environment_hook('transformer_controller', 'cmake_prefix_path')
[3.024s] INFO:colcon.colcon_core.shell:Creating environment hook '/home/atvpi/ros2_ws/install/transformer_controller/share/transformer_controller/hook/cmake_prefix_path.ps1'
[3.025s] INFO:colcon.colcon_core.shell:Creating environment descriptor '/home/atvpi/ros2_ws/install/transformer_controller/share/transformer_controller/hook/cmake_prefix_path.dsv'
[3.028s] INFO:colcon.colcon_core.shell:Creating environment hook '/home/atvpi/ros2_ws/install/transformer_controller/share/transformer_controller/hook/cmake_prefix_path.sh'
[3.034s] Level 1:colcon.colcon_core.environment:checking '/home/atvpi/ros2_ws/install/transformer_controller/lib'
[3.035s] Level 1:colcon.colcon_core.shell:create_environment_hook('transformer_controller', 'ld_library_path_lib')
[3.036s] INFO:colcon.colcon_core.shell:Creating environment hook '/home/atvpi/ros2_ws/install/transformer_controller/share/transformer_controller/hook/ld_library_path_lib.ps1'
[3.039s] INFO:colcon.colcon_core.shell:Creating environment descriptor '/home/atvpi/ros2_ws/install/transformer_controller/share/transformer_controller/hook/ld_library_path_lib.dsv'
[3.041s] INFO:colcon.colcon_core.shell:Creating environment hook '/home/atvpi/ros2_ws/install/transformer_controller/share/transformer_controller/hook/ld_library_path_lib.sh'
[3.042s] Level 1:colcon.colcon_core.environment:checking '/home/atvpi/ros2_ws/install/transformer_controller/bin'
[3.043s] Level 1:colcon.colcon_core.environment:checking '/home/atvpi/ros2_ws/install/transformer_controller/lib/pkgconfig/transformer_controller.pc'
[3.043s] Level 1:colcon.colcon_core.environment:checking '/home/atvpi/ros2_ws/install/transformer_controller/lib/python3.12/site-packages'
[3.044s] Level 1:colcon.colcon_core.shell:create_environment_hook('transformer_controller', 'pythonpath')
[3.044s] INFO:colcon.colcon_core.shell:Creating environment hook '/home/atvpi/ros2_ws/install/transformer_controller/share/transformer_controller/hook/pythonpath.ps1'
[3.046s] INFO:colcon.colcon_core.shell:Creating environment descriptor '/home/atvpi/ros2_ws/install/transformer_controller/share/transformer_controller/hook/pythonpath.dsv'
[3.047s] INFO:colcon.colcon_core.shell:Creating environment hook '/home/atvpi/ros2_ws/install/transformer_controller/share/transformer_controller/hook/pythonpath.sh'
[3.048s] Level 1:colcon.colcon_core.environment:checking '/home/atvpi/ros2_ws/install/transformer_controller/bin'
[3.049s] INFO:colcon.colcon_core.shell:Creating package script '/home/atvpi/ros2_ws/install/transformer_controller/share/transformer_controller/package.ps1'
[3.051s] INFO:colcon.colcon_core.shell:Creating package descriptor '/home/atvpi/ros2_ws/install/transformer_controller/share/transformer_controller/package.dsv'
[3.053s] INFO:colcon.colcon_core.shell:Creating package script '/home/atvpi/ros2_ws/install/transformer_controller/share/transformer_controller/package.sh'
[3.055s] INFO:colcon.colcon_core.shell:Creating package script '/home/atvpi/ros2_ws/install/transformer_controller/share/transformer_controller/package.bash'
[3.057s] INFO:colcon.colcon_core.shell:Creating package script '/home/atvpi/ros2_ws/install/transformer_controller/share/transformer_controller/package.zsh'
[3.059s] Level 1:colcon.colcon_core.environment:create_file_with_runtime_dependencies(/home/atvpi/ros2_ws/install/transformer_controller/share/colcon-core/packages/transformer_controller)
[3.061s] INFO:colcon.colcon_ros.task.ament_cmake.build:Building ROS package in '/home/atvpi/ros2_ws/src/transformer_rc_mode_switch' with build type 'ament_cmake'
[3.062s] INFO:colcon.colcon_cmake.task.cmake.build:Building CMake package in '/home/atvpi/ros2_ws/src/transformer_rc_mode_switch'
[3.062s] INFO:colcon.colcon_core.shell:Skip shell extension 'powershell' for command environment: Not usable outside of PowerShell
[3.063s] DEBUG:colcon.colcon_core.shell:Skip shell extension 'dsv' for command environment
[3.094s] DEBUG:colcon.colcon_core.event_handler.log_command:Invoking command in '/home/atvpi/ros2_ws/build/transformer_rc_mode_switch': CMAKE_PREFIX_PATH=/home/atvpi/ros2_ws/install/transformer_controller:/home/atvpi/ros2_ws/install/transformer_hw_servos:/home/atvpi/ros2_ws/install/transformer_hw_actuators:/home/atvpi/ros2_ws/install/wheeltec_n100_imu:/home/atvpi/ros2_ws/install/transformer_bringup:/home/atvpi/ros2_ws/install/transformer_rc_mode_switch:/home/atvpi/ros2_ws/install/transformer_msp_bridge:/home/atvpi/ros2_ws/install/serial:/opt/ros/jazzy LD_LIBRARY_PATH=/home/atvpi/ros2_ws/install/transformer_controller/lib:/home/atvpi/ros2_ws/install/transformer_hw_servos/lib:/home/atvpi/ros2_ws/install/transformer_hw_actuators/lib:/home/atvpi/ros2_ws/install/transformer_msp_bridge/lib:/home/atvpi/ros2_ws/install/serial/lib:/opt/ros/jazzy/lib/aarch64-linux-gnu:/opt/ros/jazzy/lib PYTHONPATH=/home/atvpi/ros2_ws/install/transformer_controller/lib/python3.12/site-packages:/home/atvpi/ros2_ws/install/transformer_hw_servos/lib/python3.12/site-packages:/home/atvpi/ros2_ws/install/transformer_hw_actuators/lib/python3.12/site-packages:/home/atvpi/ros2_ws/install/transformer_msp_bridge/lib/python3.12/site-packages:/opt/ros/jazzy/lib/python3.12/site-packages /usr/bin/cmake --build /home/atvpi/ros2_ws/build/transformer_rc_mode_switch -- -j4 -l4
[3.241s] DEBUG:colcon.colcon_core.event_handler.log_command:Invoked command in '/home/atvpi/ros2_ws/build/transformer_rc_mode_switch' returned '0': CMAKE_PREFIX_PATH=/home/atvpi/ros2_ws/install/transformer_controller:/home/atvpi/ros2_ws/install/transformer_hw_servos:/home/atvpi/ros2_ws/install/transformer_hw_actuators:/home/atvpi/ros2_ws/install/wheeltec_n100_imu:/home/atvpi/ros2_ws/install/transformer_bringup:/home/atvpi/ros2_ws/install/transformer_rc_mode_switch:/home/atvpi/ros2_ws/install/transformer_msp_bridge:/home/atvpi/ros2_ws/install/serial:/opt/ros/jazzy LD_LIBRARY_PATH=/home/atvpi/ros2_ws/install/transformer_controller/lib:/home/atvpi/ros2_ws/install/transformer_hw_servos/lib:/home/atvpi/ros2_ws/install/transformer_hw_actuators/lib:/home/atvpi/ros2_ws/install/transformer_msp_bridge/lib:/home/atvpi/ros2_ws/install/serial/lib:/opt/ros/jazzy/lib/aarch64-linux-gnu:/opt/ros/jazzy/lib PYTHONPATH=/home/atvpi/ros2_ws/install/transformer_controller/lib/python3.12/site-packages:/home/atvpi/ros2_ws/install/transformer_hw_servos/lib/python3.12/site-packages:/home/atvpi/ros2_ws/install/transformer_hw_actuators/lib/python3.12/site-packages:/home/atvpi/ros2_ws/install/transformer_msp_bridge/lib/python3.12/site-packages:/opt/ros/jazzy/lib/python3.12/site-packages /usr/bin/cmake --build /home/atvpi/ros2_ws/build/transformer_rc_mode_switch -- -j4 -l4
[3.242s] DEBUG:colcon.colcon_core.event_handler.log_command:Invoking command in '/home/atvpi/ros2_ws/build/transformer_rc_mode_switch': CMAKE_PREFIX_PATH=/home/atvpi/ros2_ws/install/transformer_controller:/home/atvpi/ros2_ws/install/transformer_hw_servos:/home/atvpi/ros2_ws/install/transformer_hw_actuators:/home/atvpi/ros2_ws/install/wheeltec_n100_imu:/home/atvpi/ros2_ws/install/transformer_bringup:/home/atvpi/ros2_ws/install/transformer_rc_mode_switch:/home/atvpi/ros2_ws/install/transformer_msp_bridge:/home/atvpi/ros2_ws/install/serial:/opt/ros/jazzy LD_LIBRARY_PATH=/home/atvpi/ros2_ws/install/transformer_controller/lib:/home/atvpi/ros2_ws/install/transformer_hw_servos/lib:/home/atvpi/ros2_ws/install/transformer_hw_actuators/lib:/home/atvpi/ros2_ws/install/transformer_msp_bridge/lib:/home/atvpi/ros2_ws/install/serial/lib:/opt/ros/jazzy/lib/aarch64-linux-gnu:/opt/ros/jazzy/lib PYTHONPATH=/home/atvpi/ros2_ws/install/transformer_controller/lib/python3.12/site-packages:/home/atvpi/ros2_ws/install/transformer_hw_servos/lib/python3.12/site-packages:/home/atvpi/ros2_ws/install/transformer_hw_actuators/lib/python3.12/site-packages:/home/atvpi/ros2_ws/install/transformer_msp_bridge/lib/python3.12/site-packages:/opt/ros/jazzy/lib/python3.12/site-packages /usr/bin/cmake --install /home/atvpi/ros2_ws/build/transformer_rc_mode_switch
[3.270s] Level 1:colcon.colcon_core.environment:create_environment_scripts_only(transformer_rc_mode_switch)
[3.271s] Level 1:colcon.colcon_core.environment:checking '/home/atvpi/ros2_ws/install/transformer_rc_mode_switch' for CMake module files
[3.272s] DEBUG:colcon.colcon_core.event_handler.log_command:Invoked command in '/home/atvpi/ros2_ws/build/transformer_rc_mode_switch' returned '0': CMAKE_PREFIX_PATH=/home/atvpi/ros2_ws/install/transformer_controller:/home/atvpi/ros2_ws/install/transformer_hw_servos:/home/atvpi/ros2_ws/install/transformer_hw_actuators:/home/atvpi/ros2_ws/install/wheeltec_n100_imu:/home/atvpi/ros2_ws/install/transformer_bringup:/home/atvpi/ros2_ws/install/transformer_rc_mode_switch:/home/atvpi/ros2_ws/install/transformer_msp_bridge:/home/atvpi/ros2_ws/install/serial:/opt/ros/jazzy LD_LIBRARY_PATH=/home/atvpi/ros2_ws/install/transformer_controller/lib:/home/atvpi/ros2_ws/install/transformer_hw_servos/lib:/home/atvpi/ros2_ws/install/transformer_hw_actuators/lib:/home/atvpi/ros2_ws/install/transformer_msp_bridge/lib:/home/atvpi/ros2_ws/install/serial/lib:/opt/ros/jazzy/lib/aarch64-linux-gnu:/opt/ros/jazzy/lib PYTHONPATH=/home/atvpi/ros2_ws/install/transformer_controller/lib/python3.12/site-packages:/home/atvpi/ros2_ws/install/transformer_hw_servos/lib/python3.12/site-packages:/home/atvpi/ros2_ws/install/transformer_hw_actuators/lib/python3.12/site-packages:/home/atvpi/ros2_ws/install/transformer_msp_bridge/lib/python3.12/site-packages:/opt/ros/jazzy/lib/python3.12/site-packages /usr/bin/cmake --install /home/atvpi/ros2_ws/build/transformer_rc_mode_switch
[3.273s] Level 1:colcon.colcon_core.environment:checking '/home/atvpi/ros2_ws/install/transformer_rc_mode_switch' for CMake config files
[3.273s] Level 1:colcon.colcon_core.shell:create_environment_hook('transformer_rc_mode_switch', 'cmake_prefix_path')
[3.274s] INFO:colcon.colcon_core.shell:Creating environment hook '/home/atvpi/ros2_ws/install/transformer_rc_mode_switch/share/transformer_rc_mode_switch/hook/cmake_prefix_path.ps1'
[3.275s] INFO:colcon.colcon_core.shell:Creating environment descriptor '/home/atvpi/ros2_ws/install/transformer_rc_mode_switch/share/transformer_rc_mode_switch/hook/cmake_prefix_path.dsv'
[3.276s] INFO:colcon.colcon_core.shell:Creating environment hook '/home/atvpi/ros2_ws/install/transformer_rc_mode_switch/share/transformer_rc_mode_switch/hook/cmake_prefix_path.sh'
[3.277s] Level 1:colcon.colcon_core.environment:checking '/home/atvpi/ros2_ws/install/transformer_rc_mode_switch/lib'
[3.277s] Level 1:colcon.colcon_core.environment:checking '/home/atvpi/ros2_ws/install/transformer_rc_mode_switch/bin'
[3.277s] Level 1:colcon.colcon_core.environment:checking '/home/atvpi/ros2_ws/install/transformer_rc_mode_switch/lib/pkgconfig/transformer_rc_mode_switch.pc'
[3.278s] Level 1:colcon.colcon_core.environment:checking '/home/atvpi/ros2_ws/install/transformer_rc_mode_switch/lib/python3.12/site-packages'
[3.278s] Level 1:colcon.colcon_core.environment:checking '/home/atvpi/ros2_ws/install/transformer_rc_mode_switch/bin'
[3.279s] INFO:colcon.colcon_core.shell:Creating package script '/home/atvpi/ros2_ws/install/transformer_rc_mode_switch/share/transformer_rc_mode_switch/package.ps1'
[3.283s] INFO:colcon.colcon_core.shell:Creating package descriptor '/home/atvpi/ros2_ws/install/transformer_rc_mode_switch/share/transformer_rc_mode_switch/package.dsv'
[3.285s] INFO:colcon.colcon_core.shell:Creating package script '/home/atvpi/ros2_ws/install/transformer_rc_mode_switch/share/transformer_rc_mode_switch/package.sh'
[3.286s] INFO:colcon.colcon_core.shell:Creating package script '/home/atvpi/ros2_ws/install/transformer_rc_mode_switch/share/transformer_rc_mode_switch/package.bash'
[3.287s] INFO:colcon.colcon_core.shell:Creating package script '/home/atvpi/ros2_ws/install/transformer_rc_mode_switch/share/transformer_rc_mode_switch/package.zsh'
[3.288s] Level 1:colcon.colcon_core.environment:create_file_with_runtime_dependencies(/home/atvpi/ros2_ws/install/transformer_rc_mode_switch/share/colcon-core/packages/transformer_rc_mode_switch)
[3.291s] Level 1:colcon.colcon_core.environment:create_environment_scripts_only(transformer_rc_mode_switch)
[3.291s] Level 1:colcon.colcon_core.environment:checking '/home/atvpi/ros2_ws/install/transformer_rc_mode_switch' for CMake module files
[3.292s] Level 1:colcon.colcon_core.environment:checking '/home/atvpi/ros2_ws/install/transformer_rc_mode_switch' for CMake config files
[3.293s] Level 1:colcon.colcon_core.shell:create_environment_hook('transformer_rc_mode_switch', 'cmake_prefix_path')
[3.293s] INFO:colcon.colcon_core.shell:Creating environment hook '/home/atvpi/ros2_ws/install/transformer_rc_mode_switch/share/transformer_rc_mode_switch/hook/cmake_prefix_path.ps1'
[3.294s] INFO:colcon.colcon_core.shell:Creating environment descriptor '/home/atvpi/ros2_ws/install/transformer_rc_mode_switch/share/transformer_rc_mode_switch/hook/cmake_prefix_path.dsv'
[3.297s] INFO:colcon.colcon_core.shell:Creating environment hook '/home/atvpi/ros2_ws/install/transformer_rc_mode_switch/share/transformer_rc_mode_switch/hook/cmake_prefix_path.sh'
[3.301s] Level 1:colcon.colcon_core.environment:checking '/home/atvpi/ros2_ws/install/transformer_rc_mode_switch/lib'
[3.301s] Level 1:colcon.colcon_core.environment:checking '/home/atvpi/ros2_ws/install/transformer_rc_mode_switch/bin'
[3.302s] Level 1:colcon.colcon_core.environment:checking '/home/atvpi/ros2_ws/install/transformer_rc_mode_switch/lib/pkgconfig/transformer_rc_mode_switch.pc'
[3.302s] Level 1:colcon.colcon_core.environment:checking '/home/atvpi/ros2_ws/install/transformer_rc_mode_switch/lib/python3.12/site-packages'
[3.303s] Level 1:colcon.colcon_core.environment:checking '/home/atvpi/ros2_ws/install/transformer_rc_mode_switch/bin'
[3.303s] INFO:colcon.colcon_core.shell:Creating package script '/home/atvpi/ros2_ws/install/transformer_rc_mode_switch/share/transformer_rc_mode_switch/package.ps1'
[3.305s] INFO:colcon.colcon_core.shell:Creating package descriptor '/home/atvpi/ros2_ws/install/transformer_rc_mode_switch/share/transformer_rc_mode_switch/package.dsv'
[3.306s] INFO:colcon.colcon_core.shell:Creating package script '/home/atvpi/ros2_ws/install/transformer_rc_mode_switch/share/transformer_rc_mode_switch/package.sh'
[3.308s] INFO:colcon.colcon_core.shell:Creating package script '/home/atvpi/ros2_ws/install/transformer_rc_mode_switch/share/transformer_rc_mode_switch/package.bash'
[3.310s] INFO:colcon.colcon_core.shell:Creating package script '/home/atvpi/ros2_ws/install/transformer_rc_mode_switch/share/transformer_rc_mode_switch/package.zsh'
[3.311s] Level 1:colcon.colcon_core.environment:create_file_with_runtime_dependencies(/home/atvpi/ros2_ws/install/transformer_rc_mode_switch/share/colcon-core/packages/transformer_rc_mode_switch)
[3.314s] INFO:colcon.colcon_ros.task.ament_cmake.build:Building ROS package in '/home/atvpi/ros2_ws/src/transformer_bringup' with build type 'ament_cmake'
[3.314s] INFO:colcon.colcon_cmake.task.cmake.build:Building CMake package in '/home/atvpi/ros2_ws/src/transformer_bringup'
[3.314s] INFO:colcon.colcon_core.shell:Skip shell extension 'powershell' for command environment: Not usable outside of PowerShell
[3.315s] DEBUG:colcon.colcon_core.shell:Skip shell extension 'dsv' for command environment
[3.368s] DEBUG:colcon.colcon_core.event_handler.log_command:Invoking command in '/home/atvpi/ros2_ws/build/transformer_bringup': CMAKE_PREFIX_PATH=/home/atvpi/ros2_ws/install/transformer_rc_mode_switch:/home/atvpi/ros2_ws/install/transformer_controller:/home/atvpi/ros2_ws/install/transformer_msp_bridge:/home/atvpi/ros2_ws/install/transformer_hw_servos:/home/atvpi/ros2_ws/install/transformer_hw_actuators:/home/atvpi/ros2_ws/install/wheeltec_n100_imu:/home/atvpi/ros2_ws/install/transformer_bringup:/home/atvpi/ros2_ws/install/serial:/opt/ros/jazzy LD_LIBRARY_PATH=/home/atvpi/ros2_ws/install/transformer_controller/lib:/home/atvpi/ros2_ws/install/transformer_msp_bridge/lib:/home/atvpi/ros2_ws/install/transformer_hw_servos/lib:/home/atvpi/ros2_ws/install/transformer_hw_actuators/lib:/home/atvpi/ros2_ws/install/serial/lib:/opt/ros/jazzy/lib/aarch64-linux-gnu:/opt/ros/jazzy/lib PYTHONPATH=/home/atvpi/ros2_ws/install/transformer_controller/lib/python3.12/site-packages:/home/atvpi/ros2_ws/install/transformer_msp_bridge/lib/python3.12/site-packages:/home/atvpi/ros2_ws/install/transformer_hw_servos/lib/python3.12/site-packages:/home/atvpi/ros2_ws/install/transformer_hw_actuators/lib/python3.12/site-packages:/opt/ros/jazzy/lib/python3.12/site-packages /usr/bin/cmake --build /home/atvpi/ros2_ws/build/transformer_bringup -- -j4 -l4
[3.460s] DEBUG:colcon.colcon_core.event_handler.log_command:Invoked command in '/home/atvpi/ros2_ws/build/transformer_bringup' returned '0': CMAKE_PREFIX_PATH=/home/atvpi/ros2_ws/install/transformer_rc_mode_switch:/home/atvpi/ros2_ws/install/transformer_controller:/home/atvpi/ros2_ws/install/transformer_msp_bridge:/home/atvpi/ros2_ws/install/transformer_hw_servos:/home/atvpi/ros2_ws/install/transformer_hw_actuators:/home/atvpi/ros2_ws/install/wheeltec_n100_imu:/home/atvpi/ros2_ws/install/transformer_bringup:/home/atvpi/ros2_ws/install/serial:/opt/ros/jazzy LD_LIBRARY_PATH=/home/atvpi/ros2_ws/install/transformer_controller/lib:/home/atvpi/ros2_ws/install/transformer_msp_bridge/lib:/home/atvpi/ros2_ws/install/transformer_hw_servos/lib:/home/atvpi/ros2_ws/install/transformer_hw_actuators/lib:/home/atvpi/ros2_ws/install/serial/lib:/opt/ros/jazzy/lib/aarch64-linux-gnu:/opt/ros/jazzy/lib PYTHONPATH=/home/atvpi/ros2_ws/install/transformer_controller/lib/python3.12/site-packages:/home/atvpi/ros2_ws/install/transformer_msp_bridge/lib/python3.12/site-packages:/home/atvpi/ros2_ws/install/transformer_hw_servos/lib/python3.12/site-packages:/home/atvpi/ros2_ws/install/transformer_hw_actuators/lib/python3.12/site-packages:/opt/ros/jazzy/lib/python3.12/site-packages /usr/bin/cmake --build /home/atvpi/ros2_ws/build/transformer_bringup -- -j4 -l4
[3.460s] DEBUG:colcon.colcon_core.event_handler.log_command:Invoking command in '/home/atvpi/ros2_ws/build/transformer_bringup': CMAKE_PREFIX_PATH=/home/atvpi/ros2_ws/install/transformer_rc_mode_switch:/home/atvpi/ros2_ws/install/transformer_controller:/home/atvpi/ros2_ws/install/transformer_msp_bridge:/home/atvpi/ros2_ws/install/transformer_hw_servos:/home/atvpi/ros2_ws/install/transformer_hw_actuators:/home/atvpi/ros2_ws/install/wheeltec_n100_imu:/home/atvpi/ros2_ws/install/transformer_bringup:/home/atvpi/ros2_ws/install/serial:/opt/ros/jazzy LD_LIBRARY_PATH=/home/atvpi/ros2_ws/install/transformer_controller/lib:/home/atvpi/ros2_ws/install/transformer_msp_bridge/lib:/home/atvpi/ros2_ws/install/transformer_hw_servos/lib:/home/atvpi/ros2_ws/install/transformer_hw_actuators/lib:/home/atvpi/ros2_ws/install/serial/lib:/opt/ros/jazzy/lib/aarch64-linux-gnu:/opt/ros/jazzy/lib PYTHONPATH=/home/atvpi/ros2_ws/install/transformer_controller/lib/python3.12/site-packages:/home/atvpi/ros2_ws/install/transformer_msp_bridge/lib/python3.12/site-packages:/home/atvpi/ros2_ws/install/transformer_hw_servos/lib/python3.12/site-packages:/home/atvpi/ros2_ws/install/transformer_hw_actuators/lib/python3.12/site-packages:/opt/ros/jazzy/lib/python3.12/site-packages /usr/bin/cmake --install /home/atvpi/ros2_ws/build/transformer_bringup
[3.485s] Level 1:colcon.colcon_core.environment:create_environment_scripts_only(transformer_bringup)
[3.486s] Level 1:colcon.colcon_core.environment:checking '/home/atvpi/ros2_ws/install/transformer_bringup' for CMake module files
[3.487s] Level 1:colcon.colcon_core.environment:checking '/home/atvpi/ros2_ws/install/transformer_bringup' for CMake config files
[3.487s] Level 1:colcon.colcon_core.shell:create_environment_hook('transformer_bringup', 'cmake_prefix_path')
[3.487s] INFO:colcon.colcon_core.shell:Creating environment hook '/home/atvpi/ros2_ws/install/transformer_bringup/share/transformer_bringup/hook/cmake_prefix_path.ps1'
[3.488s] DEBUG:colcon.colcon_core.event_handler.log_command:Invoked command in '/home/atvpi/ros2_ws/build/transformer_bringup' returned '0': CMAKE_PREFIX_PATH=/home/atvpi/ros2_ws/install/transformer_rc_mode_switch:/home/atvpi/ros2_ws/install/transformer_controller:/home/atvpi/ros2_ws/install/transformer_msp_bridge:/home/atvpi/ros2_ws/install/transformer_hw_servos:/home/atvpi/ros2_ws/install/transformer_hw_actuators:/home/atvpi/ros2_ws/install/wheeltec_n100_imu:/home/atvpi/ros2_ws/install/transformer_bringup:/home/atvpi/ros2_ws/install/serial:/opt/ros/jazzy LD_LIBRARY_PATH=/home/atvpi/ros2_ws/install/transformer_controller/lib:/home/atvpi/ros2_ws/install/transformer_msp_bridge/lib:/home/atvpi/ros2_ws/install/transformer_hw_servos/lib:/home/atvpi/ros2_ws/install/transformer_hw_actuators/lib:/home/atvpi/ros2_ws/install/serial/lib:/opt/ros/jazzy/lib/aarch64-linux-gnu:/opt/ros/jazzy/lib PYTHONPATH=/home/atvpi/ros2_ws/install/transformer_controller/lib/python3.12/site-packages:/home/atvpi/ros2_ws/install/transformer_msp_bridge/lib/python3.12/site-packages:/home/atvpi/ros2_ws/install/transformer_hw_servos/lib/python3.12/site-packages:/home/atvpi/ros2_ws/install/transformer_hw_actuators/lib/python3.12/site-packages:/opt/ros/jazzy/lib/python3.12/site-packages /usr/bin/cmake --install /home/atvpi/ros2_ws/build/transformer_bringup
[3.489s] INFO:colcon.colcon_core.shell:Creating environment descriptor '/home/atvpi/ros2_ws/install/transformer_bringup/share/transformer_bringup/hook/cmake_prefix_path.dsv'
[3.490s] INFO:colcon.colcon_core.shell:Creating environment hook '/home/atvpi/ros2_ws/install/transformer_bringup/share/transformer_bringup/hook/cmake_prefix_path.sh'
[3.492s] Level 1:colcon.colcon_core.environment:checking '/home/atvpi/ros2_ws/install/transformer_bringup/bin'
[3.493s] Level 1:colcon.colcon_core.environment:checking '/home/atvpi/ros2_ws/install/transformer_bringup/lib/pkgconfig/transformer_bringup.pc'
[3.493s] Level 1:colcon.colcon_core.environment:checking '/home/atvpi/ros2_ws/install/transformer_bringup/lib/python3.12/site-packages'
[3.493s] Level 1:colcon.colcon_core.environment:checking '/home/atvpi/ros2_ws/install/transformer_bringup/bin'
[3.494s] INFO:colcon.colcon_core.shell:Creating package script '/home/atvpi/ros2_ws/install/transformer_bringup/share/transformer_bringup/package.ps1'
[3.496s] INFO:colcon.colcon_core.shell:Creating package descriptor '/home/atvpi/ros2_ws/install/transformer_bringup/share/transformer_bringup/package.dsv'
[3.497s] INFO:colcon.colcon_core.shell:Creating package script '/home/atvpi/ros2_ws/install/transformer_bringup/share/transformer_bringup/package.sh'
[3.499s] INFO:colcon.colcon_core.shell:Creating package script '/home/atvpi/ros2_ws/install/transformer_bringup/share/transformer_bringup/package.bash'
[3.501s] INFO:colcon.colcon_core.shell:Creating package script '/home/atvpi/ros2_ws/install/transformer_bringup/share/transformer_bringup/package.zsh'
[3.504s] Level 1:colcon.colcon_core.environment:create_file_with_runtime_dependencies(/home/atvpi/ros2_ws/install/transformer_bringup/share/colcon-core/packages/transformer_bringup)
[3.506s] Level 1:colcon.colcon_core.environment:create_environment_scripts_only(transformer_bringup)
[3.506s] Level 1:colcon.colcon_core.environment:checking '/home/atvpi/ros2_ws/install/transformer_bringup' for CMake module files
[3.507s] Level 1:colcon.colcon_core.environment:checking '/home/atvpi/ros2_ws/install/transformer_bringup' for CMake config files
[3.508s] Level 1:colcon.colcon_core.shell:create_environment_hook('transformer_bringup', 'cmake_prefix_path')
[3.508s] INFO:colcon.colcon_core.shell:Creating environment hook '/home/atvpi/ros2_ws/install/transformer_bringup/share/transformer_bringup/hook/cmake_prefix_path.ps1'
[3.509s] INFO:colcon.colcon_core.shell:Creating environment descriptor '/home/atvpi/ros2_ws/install/transformer_bringup/share/transformer_bringup/hook/cmake_prefix_path.dsv'
[3.511s] INFO:colcon.colcon_core.shell:Creating environment hook '/home/atvpi/ros2_ws/install/transformer_bringup/share/transformer_bringup/hook/cmake_prefix_path.sh'
[3.514s] Level 1:colcon.colcon_core.environment:checking '/home/atvpi/ros2_ws/install/transformer_bringup/bin'
[3.514s] Level 1:colcon.colcon_core.environment:checking '/home/atvpi/ros2_ws/install/transformer_bringup/lib/pkgconfig/transformer_bringup.pc'
[3.515s] Level 1:colcon.colcon_core.environment:checking '/home/atvpi/ros2_ws/install/transformer_bringup/lib/python3.12/site-packages'
[3.515s] Level 1:colcon.colcon_core.environment:checking '/home/atvpi/ros2_ws/install/transformer_bringup/bin'
[3.516s] INFO:colcon.colcon_core.shell:Creating package script '/home/atvpi/ros2_ws/install/transformer_bringup/share/transformer_bringup/package.ps1'
[3.517s] INFO:colcon.colcon_core.shell:Creating package descriptor '/home/atvpi/ros2_ws/install/transformer_bringup/share/transformer_bringup/package.dsv'
[3.519s] INFO:colcon.colcon_core.shell:Creating package script '/home/atvpi/ros2_ws/install/transformer_bringup/share/transformer_bringup/package.sh'
[3.520s] INFO:colcon.colcon_core.shell:Creating package script '/home/atvpi/ros2_ws/install/transformer_bringup/share/transformer_bringup/package.bash'
[3.523s] INFO:colcon.colcon_core.shell:Creating package script '/home/atvpi/ros2_ws/install/transformer_bringup/share/transformer_bringup/package.zsh'
[3.525s] Level 1:colcon.colcon_core.environment:create_file_with_runtime_dependencies(/home/atvpi/ros2_ws/install/transformer_bringup/share/colcon-core/packages/transformer_bringup)
[3.528s] DEBUG:colcon.colcon_parallel_executor.executor.parallel:closing loop
[3.528s] DEBUG:colcon.colcon_parallel_executor.executor.parallel:loop closed
[3.528s] DEBUG:colcon.colcon_parallel_executor.executor.parallel:run_until_complete finished with '0'
[3.528s] DEBUG:colcon.colcon_core.event_reactor:joining thread
[3.541s] INFO:colcon.colcon_core.plugin_system:Skipping extension 'colcon_notification.desktop_notification.notify_send': Could not find 'notify-send'
[3.541s] INFO:colcon.colcon_core.plugin_system:Skipping extension 'colcon_notification.desktop_notification.terminal_notifier': Not used on non-Darwin systems
[3.541s] INFO:colcon.colcon_core.plugin_system:Skipping extension 'colcon_notification.desktop_notification.win32': Not used on non-Windows systems
[3.541s] INFO:colcon.colcon_notification.desktop_notification:Sending desktop notification using 'notify2'
[3.546s] DEBUG:colcon.colcon_notification.desktop_notification.notify2:Failed to initialize notify2: org.freedesktop.DBus.Error.ServiceUnknown: The name org.freedesktop.Notifications was not provided by any .service files
[3.546s] DEBUG:colcon.colcon_core.event_reactor:joined thread
[3.547s] INFO:colcon.colcon_core.shell:Creating prefix script '/home/atvpi/ros2_ws/install/local_setup.ps1'
[3.549s] INFO:colcon.colcon_core.shell:Creating prefix util module '/home/atvpi/ros2_ws/install/_local_setup_util_ps1.py'
[3.554s] INFO:colcon.colcon_core.shell:Creating prefix chain script '/home/atvpi/ros2_ws/install/setup.ps1'
[3.558s] INFO:colcon.colcon_core.shell:Creating prefix script '/home/atvpi/ros2_ws/install/local_setup.sh'
[3.560s] INFO:colcon.colcon_core.shell:Creating prefix util module '/home/atvpi/ros2_ws/install/_local_setup_util_sh.py'
[3.563s] INFO:colcon.colcon_core.shell:Creating prefix chain script '/home/atvpi/ros2_ws/install/setup.sh'
[3.566s] INFO:colcon.colcon_core.shell:Creating prefix script '/home/atvpi/ros2_ws/install/local_setup.bash'
[3.568s] INFO:colcon.colcon_core.shell:Creating prefix chain script '/home/atvpi/ros2_ws/install/setup.bash'
[3.571s] INFO:colcon.colcon_core.shell:Creating prefix script '/home/atvpi/ros2_ws/install/local_setup.zsh'
[3.573s] INFO:colcon.colcon_core.shell:Creating prefix chain script '/home/atvpi/ros2_ws/install/setup.zsh'
