[0.015s] Invoking command in '/home/atvpi/ros2_ws/build/transformer_msp_bridge': CMAKE_PREFIX_PATH=${CMAKE_PREFIX_PATH}:/opt/ros/jazzy /usr/bin/cmake --build /home/atvpi/ros2_ws/build/transformer_msp_bridge -- -j4 -l4
[0.125s] [  2%] Built target serial_port
[0.126s] [  3%] Built target transformer_msp_bridge__rosidl_generator_type_description
[0.126s] [ 10%] Built target msp_protocol
[0.145s] [ 10%] Built target ament_cmake_python_copy_transformer_msp_bridge
[0.177s] [ 12%] Built target gtest_main
[0.180s] [ 13%] Built target transformer_msp_bridge__cpp
[0.182s] [ 15%] Built target gtest
[0.199s] [ 20%] Built target transformer_msp_bridge__rosidl_generator_c
[0.232s] [ 22%] Built target test_msp_parser
[0.250s] [ 24%] Built target msp_probe
[0.261s] [ 26%] Built target test_msp_parser_fuzz
[0.289s] [ 28%] Built target test_msp_parser_hardening
[0.318s] [ 30%] Built target test_crc
[0.320s] [ 32%] Built target test_msp_registry
[0.360s] [ 34%] Built target test_decoder_coverage
[0.376s] [ 36%] Built target test_msp_probe
[0.414s] [ 39%] Built target transformer_msp_bridge__rosidl_typesupport_cpp
[0.417s] [ 42%] Built target transformer_msp_bridge__rosidl_typesupport_fastrtps_c
[0.437s] [ 45%] Built target transformer_msp_bridge__rosidl_typesupport_fastrtps_cpp
[0.463s] [ 48%] Built target transformer_msp_bridge__rosidl_typesupport_introspection_c
[0.470s] [ 51%] Built target transformer_msp_bridge__rosidl_typesupport_c
[0.495s] [ 54%] Built target transformer_msp_bridge__rosidl_typesupport_introspection_cpp
[0.550s] [ 54%] Built target transformer_msp_bridge
[0.556s] [ 66%] Built target transformer_msp_bridge_decoders
[0.624s] [ 67%] Built target transformer_msp_bridge__py
[0.630s] [ 69%] Built target transformer_msp_bridge_node
[0.659s] [ 71%] Built target test_battery_decoder
[0.730s] running egg_info
[0.762s] [ 73%] Built target test_system_decoder
[0.763s] [ 76%] Built target test_attitude_decoder
[0.765s] [ 77%] Built target test_imu_decoder
[0.780s] writing transformer_msp_bridge.egg-info/PKG-INFO
[0.781s] writing dependency_links to transformer_msp_bridge.egg-info/dependency_links.txt
[0.786s] writing top-level names to transformer_msp_bridge.egg-info/top_level.txt
[0.851s] [ 79%] Built target test_altitude_decoder
[0.863s] [ 81%] Built target test_rc_decoder
[0.878s] [ 83%] Built target test_gps_decoder
[0.962s] [ 85%] Built target test_inav_status_decoder
[0.971s] [ 87%] Built target test_servo_motor_decoder
[1.005s] reading manifest file 'transformer_msp_bridge.egg-info/SOURCES.txt'
[1.006s] writing manifest file 'transformer_msp_bridge.egg-info/SOURCES.txt'
[1.011s] [ 89%] Built target test_sensor_decoder
[1.061s] [ 91%] Built target transformer_msp_bridge__rosidl_generator_py
[1.102s] [ 93%] Built target test_system_decoder_extended
[1.172s] [ 95%] Built target transformer_msp_bridge_s__rosidl_typesupport_introspection_c
[1.190s] [ 97%] Built target transformer_msp_bridge_s__rosidl_typesupport_fastrtps_c
[1.207s] [100%] Built target transformer_msp_bridge_s__rosidl_typesupport_c
[1.250s] [100%] Built target ament_cmake_python_build_transformer_msp_bridge_egg
[1.315s] Invoked command in '/home/atvpi/ros2_ws/build/transformer_msp_bridge' returned '0': CMAKE_PREFIX_PATH=${CMAKE_PREFIX_PATH}:/opt/ros/jazzy /usr/bin/cmake --build /home/atvpi/ros2_ws/build/transformer_msp_bridge -- -j4 -l4
[1.359s] Invoking command in '/home/atvpi/ros2_ws/build/transformer_msp_bridge': CMAKE_PREFIX_PATH=${CMAKE_PREFIX_PATH}:/opt/ros/jazzy /usr/bin/cmake --install /home/atvpi/ros2_ws/build/transformer_msp_bridge
[1.396s] -- Install configuration: "RelWithDebInfo"
[1.400s] -- Up-to-date: /home/atvpi/ros2_ws/install/transformer_msp_bridge/share/ament_index/resource_index/rosidl_interfaces/transformer_msp_bridge
[1.402s] -- Up-to-date: /home/atvpi/ros2_ws/install/transformer_msp_bridge/share/transformer_msp_bridge/msg/MspInavStatus.json
[1.404s] -- Up-to-date: /home/atvpi/ros2_ws/install/transformer_msp_bridge/include/transformer_msp_bridge/transformer_msp_bridge
[1.407s] -- Up-to-date: /home/atvpi/ros2_ws/install/transformer_msp_bridge/include/transformer_msp_bridge/transformer_msp_bridge/msg
[1.414s] -- Up-to-date: /home/atvpi/ros2_ws/install/transformer_msp_bridge/include/transformer_msp_bridge/transformer_msp_bridge/msg/rosidl_generator_c__visibility_control.h
[1.414s] -- Up-to-date: /home/atvpi/ros2_ws/install/transformer_msp_bridge/include/transformer_msp_bridge/transformer_msp_bridge/msg/msp_inav_status.h
[1.415s] -- Up-to-date: /home/atvpi/ros2_ws/install/transformer_msp_bridge/include/transformer_msp_bridge/transformer_msp_bridge/msg/detail
[1.415s] -- Up-to-date: /home/atvpi/ros2_ws/install/transformer_msp_bridge/include/transformer_msp_bridge/transformer_msp_bridge/msg/detail/msp_inav_status__functions.c
[1.416s] -- Up-to-date: /home/atvpi/ros2_ws/install/transformer_msp_bridge/include/transformer_msp_bridge/transformer_msp_bridge/msg/detail/msp_inav_status__description.c
[1.418s] -- Up-to-date: /home/atvpi/ros2_ws/install/transformer_msp_bridge/include/transformer_msp_bridge/transformer_msp_bridge/msg/detail/msp_inav_status__type_support.h
[1.422s] -- Installing: /home/atvpi/ros2_ws/install/transformer_msp_bridge/include/transformer_msp_bridge/transformer_msp_bridge/msg/detail/msp_inav_status__type_support.c
[1.422s] -- Up-to-date: /home/atvpi/ros2_ws/install/transformer_msp_bridge/include/transformer_msp_bridge/transformer_msp_bridge/msg/detail/msp_inav_status__functions.h
[1.422s] -- Up-to-date: /home/atvpi/ros2_ws/install/transformer_msp_bridge/include/transformer_msp_bridge/transformer_msp_bridge/msg/detail/msp_inav_status__struct.h
[1.422s] -- Up-to-date: /home/atvpi/ros2_ws/install/transformer_msp_bridge/share/transformer_msp_bridge/environment/library_path.sh
[1.422s] -- Up-to-date: /home/atvpi/ros2_ws/install/transformer_msp_bridge/share/transformer_msp_bridge/environment/library_path.dsv
[1.423s] -- Up-to-date: /home/atvpi/ros2_ws/install/transformer_msp_bridge/lib/libtransformer_msp_bridge__rosidl_generator_c.so
[1.423s] -- Up-to-date: /home/atvpi/ros2_ws/install/transformer_msp_bridge/include/transformer_msp_bridge/transformer_msp_bridge
[1.423s] -- Up-to-date: /home/atvpi/ros2_ws/install/transformer_msp_bridge/include/transformer_msp_bridge/transformer_msp_bridge/msg
[1.423s] -- Up-to-date: /home/atvpi/ros2_ws/install/transformer_msp_bridge/include/transformer_msp_bridge/transformer_msp_bridge/msg/rosidl_typesupport_fastrtps_c__visibility_control.h
[1.423s] -- Up-to-date: /home/atvpi/ros2_ws/install/transformer_msp_bridge/include/transformer_msp_bridge/transformer_msp_bridge/msg/detail
[1.424s] -- Up-to-date: /home/atvpi/ros2_ws/install/transformer_msp_bridge/include/transformer_msp_bridge/transformer_msp_bridge/msg/detail/msp_inav_status__rosidl_typesupport_fastrtps_c.h
[1.424s] -- Up-to-date: /home/atvpi/ros2_ws/install/transformer_msp_bridge/lib/libtransformer_msp_bridge__rosidl_typesupport_fastrtps_c.so
[1.425s] -- Up-to-date: /home/atvpi/ros2_ws/install/transformer_msp_bridge/include/transformer_msp_bridge/transformer_msp_bridge
[1.425s] -- Up-to-date: /home/atvpi/ros2_ws/install/transformer_msp_bridge/include/transformer_msp_bridge/transformer_msp_bridge/msg
[1.429s] -- Up-to-date: /home/atvpi/ros2_ws/install/transformer_msp_bridge/include/transformer_msp_bridge/transformer_msp_bridge/msg/rosidl_generator_cpp__visibility_control.hpp
[1.429s] -- Up-to-date: /home/atvpi/ros2_ws/install/transformer_msp_bridge/include/transformer_msp_bridge/transformer_msp_bridge/msg/detail
[1.429s] -- Up-to-date: /home/atvpi/ros2_ws/install/transformer_msp_bridge/include/transformer_msp_bridge/transformer_msp_bridge/msg/detail/msp_inav_status__builder.hpp
[1.429s] -- Up-to-date: /home/atvpi/ros2_ws/install/transformer_msp_bridge/include/transformer_msp_bridge/transformer_msp_bridge/msg/detail/msp_inav_status__type_support.hpp
[1.430s] -- Up-to-date: /home/atvpi/ros2_ws/install/transformer_msp_bridge/include/transformer_msp_bridge/transformer_msp_bridge/msg/detail/msp_inav_status__traits.hpp
[1.431s] -- Up-to-date: /home/atvpi/ros2_ws/install/transformer_msp_bridge/include/transformer_msp_bridge/transformer_msp_bridge/msg/detail/msp_inav_status__struct.hpp
[1.431s] -- Up-to-date: /home/atvpi/ros2_ws/install/transformer_msp_bridge/include/transformer_msp_bridge/transformer_msp_bridge/msg/msp_inav_status.hpp
[1.432s] -- Up-to-date: /home/atvpi/ros2_ws/install/transformer_msp_bridge/include/transformer_msp_bridge/transformer_msp_bridge
[1.433s] -- Up-to-date: /home/atvpi/ros2_ws/install/transformer_msp_bridge/include/transformer_msp_bridge/transformer_msp_bridge/msg
[1.438s] -- Up-to-date: /home/atvpi/ros2_ws/install/transformer_msp_bridge/include/transformer_msp_bridge/transformer_msp_bridge/msg/rosidl_typesupport_fastrtps_cpp__visibility_control.h
[1.438s] -- Up-to-date: /home/atvpi/ros2_ws/install/transformer_msp_bridge/include/transformer_msp_bridge/transformer_msp_bridge/msg/detail
[1.440s] -- Up-to-date: /home/atvpi/ros2_ws/install/transformer_msp_bridge/include/transformer_msp_bridge/transformer_msp_bridge/msg/detail/msp_inav_status__rosidl_typesupport_fastrtps_cpp.hpp
[1.441s] -- Up-to-date: /home/atvpi/ros2_ws/install/transformer_msp_bridge/include/transformer_msp_bridge/transformer_msp_bridge/msg/detail/dds_fastrtps
[1.441s] -- Up-to-date: /home/atvpi/ros2_ws/install/transformer_msp_bridge/lib/libtransformer_msp_bridge__rosidl_typesupport_fastrtps_cpp.so
[1.443s] -- Up-to-date: /home/atvpi/ros2_ws/install/transformer_msp_bridge/include/transformer_msp_bridge/transformer_msp_bridge
[1.444s] -- Up-to-date: /home/atvpi/ros2_ws/install/transformer_msp_bridge/include/transformer_msp_bridge/transformer_msp_bridge/msg
[1.444s] -- Up-to-date: /home/atvpi/ros2_ws/install/transformer_msp_bridge/include/transformer_msp_bridge/transformer_msp_bridge/msg/detail
[1.447s] -- Installing: /home/atvpi/ros2_ws/install/transformer_msp_bridge/include/transformer_msp_bridge/transformer_msp_bridge/msg/detail/msp_inav_status__type_support.c
[1.449s] -- Up-to-date: /home/atvpi/ros2_ws/install/transformer_msp_bridge/include/transformer_msp_bridge/transformer_msp_bridge/msg/detail/msp_inav_status__rosidl_typesupport_introspection_c.h
[1.451s] -- Up-to-date: /home/atvpi/ros2_ws/install/transformer_msp_bridge/include/transformer_msp_bridge/transformer_msp_bridge/msg/rosidl_typesupport_introspection_c__visibility_control.h
[1.451s] -- Up-to-date: /home/atvpi/ros2_ws/install/transformer_msp_bridge/lib/libtransformer_msp_bridge__rosidl_typesupport_introspection_c.so
[1.451s] -- Up-to-date: /home/atvpi/ros2_ws/install/transformer_msp_bridge/lib/libtransformer_msp_bridge__rosidl_typesupport_c.so
[1.452s] -- Up-to-date: /home/atvpi/ros2_ws/install/transformer_msp_bridge/include/transformer_msp_bridge/transformer_msp_bridge
[1.452s] -- Up-to-date: /home/atvpi/ros2_ws/install/transformer_msp_bridge/include/transformer_msp_bridge/transformer_msp_bridge/msg
[1.456s] -- Up-to-date: /home/atvpi/ros2_ws/install/transformer_msp_bridge/include/transformer_msp_bridge/transformer_msp_bridge/msg/detail
[1.456s] -- Up-to-date: /home/atvpi/ros2_ws/install/transformer_msp_bridge/include/transformer_msp_bridge/transformer_msp_bridge/msg/detail/msp_inav_status__rosidl_typesupport_introspection_cpp.hpp
[1.456s] -- Up-to-date: /home/atvpi/ros2_ws/install/transformer_msp_bridge/include/transformer_msp_bridge/transformer_msp_bridge/msg/detail/msp_inav_status__type_support.cpp
[1.457s] -- Up-to-date: /home/atvpi/ros2_ws/install/transformer_msp_bridge/lib/libtransformer_msp_bridge__rosidl_typesupport_introspection_cpp.so
[1.458s] -- Up-to-date: /home/atvpi/ros2_ws/install/transformer_msp_bridge/lib/libtransformer_msp_bridge__rosidl_typesupport_cpp.so
[1.459s] -- Up-to-date: /home/atvpi/ros2_ws/install/transformer_msp_bridge/share/transformer_msp_bridge/environment/pythonpath.sh
[1.459s] -- Up-to-date: /home/atvpi/ros2_ws/install/transformer_msp_bridge/share/transformer_msp_bridge/environment/pythonpath.dsv
[1.463s] -- Up-to-date: /home/atvpi/ros2_ws/install/transformer_msp_bridge/lib/python3.12/site-packages/transformer_msp_bridge-0.0.1-py3.12.egg-info
[1.463s] -- Installing: /home/atvpi/ros2_ws/install/transformer_msp_bridge/lib/python3.12/site-packages/transformer_msp_bridge-0.0.1-py3.12.egg-info/SOURCES.txt
[1.463s] -- Installing: /home/atvpi/ros2_ws/install/transformer_msp_bridge/lib/python3.12/site-packages/transformer_msp_bridge-0.0.1-py3.12.egg-info/top_level.txt
[1.464s] -- Installing: /home/atvpi/ros2_ws/install/transformer_msp_bridge/lib/python3.12/site-packages/transformer_msp_bridge-0.0.1-py3.12.egg-info/PKG-INFO
[1.464s] -- Installing: /home/atvpi/ros2_ws/install/transformer_msp_bridge/lib/python3.12/site-packages/transformer_msp_bridge-0.0.1-py3.12.egg-info/dependency_links.txt
[1.464s] -- Up-to-date: /home/atvpi/ros2_ws/install/transformer_msp_bridge/lib/python3.12/site-packages/transformer_msp_bridge
[1.464s] -- Up-to-date: /home/atvpi/ros2_ws/install/transformer_msp_bridge/lib/python3.12/site-packages/transformer_msp_bridge/transformer_msp_bridge_s__rosidl_typesupport_c.so
[1.465s] -- Up-to-date: /home/atvpi/ros2_ws/install/transformer_msp_bridge/lib/python3.12/site-packages/transformer_msp_bridge/transformer_msp_bridge_s__rosidl_typesupport_fastrtps_c.so
[1.467s] -- Up-to-date: /home/atvpi/ros2_ws/install/transformer_msp_bridge/lib/python3.12/site-packages/transformer_msp_bridge/msg
[1.467s] -- Up-to-date: /home/atvpi/ros2_ws/install/transformer_msp_bridge/lib/python3.12/site-packages/transformer_msp_bridge/msg/__init__.py
[1.471s] -- Up-to-date: /home/atvpi/ros2_ws/install/transformer_msp_bridge/lib/python3.12/site-packages/transformer_msp_bridge/msg/_msp_inav_status_s.c
[1.471s] -- Up-to-date: /home/atvpi/ros2_ws/install/transformer_msp_bridge/lib/python3.12/site-packages/transformer_msp_bridge/msg/_msp_inav_status.py
[1.471s] -- Up-to-date: /home/atvpi/ros2_ws/install/transformer_msp_bridge/lib/python3.12/site-packages/transformer_msp_bridge/transformer_msp_bridge_s__rosidl_typesupport_introspection_c.so
[1.471s] -- Up-to-date: /home/atvpi/ros2_ws/install/transformer_msp_bridge/lib/python3.12/site-packages/transformer_msp_bridge/_transformer_msp_bridge_s.ep.rosidl_typesupport_fastrtps_c.c
[1.471s] -- Up-to-date: /home/atvpi/ros2_ws/install/transformer_msp_bridge/lib/python3.12/site-packages/transformer_msp_bridge/_transformer_msp_bridge_s.ep.rosidl_typesupport_c.c
[1.472s] -- Up-to-date: /home/atvpi/ros2_ws/install/transformer_msp_bridge/lib/python3.12/site-packages/transformer_msp_bridge/_transformer_msp_bridge_s.ep.rosidl_typesupport_introspection_c.c
[1.473s] -- Up-to-date: /home/atvpi/ros2_ws/install/transformer_msp_bridge/lib/python3.12/site-packages/transformer_msp_bridge/__init__.py
[1.513s] Listing '/home/atvpi/ros2_ws/install/transformer_msp_bridge/lib/python3.12/site-packages/transformer_msp_bridge'...
[1.514s] Listing '/home/atvpi/ros2_ws/install/transformer_msp_bridge/lib/python3.12/site-packages/transformer_msp_bridge/msg'...
[1.535s] -- Up-to-date: /home/atvpi/ros2_ws/install/transformer_msp_bridge/lib/python3.12/site-packages/transformer_msp_bridge/transformer_msp_bridge_s__rosidl_typesupport_fastrtps_c.so
[1.536s] -- Up-to-date: /home/atvpi/ros2_ws/install/transformer_msp_bridge/lib/python3.12/site-packages/transformer_msp_bridge/transformer_msp_bridge_s__rosidl_typesupport_introspection_c.so
[1.538s] -- Up-to-date: /home/atvpi/ros2_ws/install/transformer_msp_bridge/lib/python3.12/site-packages/transformer_msp_bridge/transformer_msp_bridge_s__rosidl_typesupport_c.so
[1.539s] -- Up-to-date: /home/atvpi/ros2_ws/install/transformer_msp_bridge/lib/libtransformer_msp_bridge__rosidl_generator_py.so
[1.542s] -- Up-to-date: /home/atvpi/ros2_ws/install/transformer_msp_bridge/share/transformer_msp_bridge/msg/MspInavStatus.idl
[1.544s] -- Up-to-date: /home/atvpi/ros2_ws/install/transformer_msp_bridge/share/transformer_msp_bridge/msg/MspInavStatus.msg
[1.549s] -- Installing: /home/atvpi/ros2_ws/install/transformer_msp_bridge/lib/transformer_msp_bridge/joystick_tank_to_rc.py
[1.550s] -- Up-to-date: /home/atvpi/ros2_ws/install/transformer_msp_bridge/lib/transformer_msp_bridge/keyboard_to_joy.py
[1.550s] -- Up-to-date: /home/atvpi/ros2_ws/install/transformer_msp_bridge/lib/libmsp_protocol.so
[1.551s] -- Up-to-date: /home/atvpi/ros2_ws/install/transformer_msp_bridge/lib/libserial_port.so
[1.553s] -- Up-to-date: /home/atvpi/ros2_ws/install/transformer_msp_bridge/lib/libtransformer_msp_bridge_decoders.so
[1.553s] -- Up-to-date: /home/atvpi/ros2_ws/install/transformer_msp_bridge/lib/transformer_msp_bridge/transformer_msp_bridge_node
[1.554s] -- Up-to-date: /home/atvpi/ros2_ws/install/transformer_msp_bridge/lib/transformer_msp_bridge/msp_probe
[1.554s] -- Up-to-date: /home/atvpi/ros2_ws/install/transformer_msp_bridge/include/transformer_msp_bridge
[1.554s] -- Up-to-date: /home/atvpi/ros2_ws/install/transformer_msp_bridge/include/transformer_msp_bridge/msp_parser.hpp
[1.559s] -- Up-to-date: /home/atvpi/ros2_ws/install/transformer_msp_bridge/include/transformer_msp_bridge/crc.hpp
[1.559s] -- Up-to-date: /home/atvpi/ros2_ws/install/transformer_msp_bridge/include/transformer_msp_bridge/msp_utils.hpp
[1.559s] -- Up-to-date: /home/atvpi/ros2_ws/install/transformer_msp_bridge/include/transformer_msp_bridge/registry_loader.hpp
[1.559s] -- Up-to-date: /home/atvpi/ros2_ws/install/transformer_msp_bridge/include/transformer_msp_bridge/msp_registry.hpp
[1.559s] -- Up-to-date: /home/atvpi/ros2_ws/install/transformer_msp_bridge/include/transformer_msp_bridge/decoders
[1.559s] -- Up-to-date: /home/atvpi/ros2_ws/install/transformer_msp_bridge/include/transformer_msp_bridge/decoders/system_decoder.hpp
[1.560s] -- Up-to-date: /home/atvpi/ros2_ws/install/transformer_msp_bridge/include/transformer_msp_bridge/decoders/altitude_decoder.hpp
[1.560s] -- Up-to-date: /home/atvpi/ros2_ws/install/transformer_msp_bridge/include/transformer_msp_bridge/decoders/sensor_decoder.hpp
[1.562s] -- Up-to-date: /home/atvpi/ros2_ws/install/transformer_msp_bridge/include/transformer_msp_bridge/decoders/battery_decoder.hpp
[1.562s] -- Up-to-date: /home/atvpi/ros2_ws/install/transformer_msp_bridge/include/transformer_msp_bridge/decoders/imu_decoder.hpp
[1.562s] -- Up-to-date: /home/atvpi/ros2_ws/install/transformer_msp_bridge/include/transformer_msp_bridge/decoders/rc_decoder.hpp
[1.562s] -- Up-to-date: /home/atvpi/ros2_ws/install/transformer_msp_bridge/include/transformer_msp_bridge/decoders/gps_decoder.hpp
[1.563s] -- Up-to-date: /home/atvpi/ros2_ws/install/transformer_msp_bridge/include/transformer_msp_bridge/decoders/inav_generic_decoder.hpp
[1.566s] -- Up-to-date: /home/atvpi/ros2_ws/install/transformer_msp_bridge/include/transformer_msp_bridge/decoders/inav_status_decoder.hpp
[1.567s] -- Up-to-date: /home/atvpi/ros2_ws/install/transformer_msp_bridge/include/transformer_msp_bridge/decoders/attitude_decoder.hpp
[1.567s] -- Up-to-date: /home/atvpi/ros2_ws/install/transformer_msp_bridge/include/transformer_msp_bridge/decoders/servo_motor_decoder.hpp
[1.567s] -- Up-to-date: /home/atvpi/ros2_ws/install/transformer_msp_bridge/include/transformer_msp_bridge/serial_port.hpp
[1.567s] -- Up-to-date: /home/atvpi/ros2_ws/install/transformer_msp_bridge/include/transformer_msp_bridge/decoder_base.hpp
[1.567s] -- Up-to-date: /home/atvpi/ros2_ws/install/transformer_msp_bridge/include/transformer_msp_bridge/decoder_registry.hpp
[1.570s] -- Up-to-date: /home/atvpi/ros2_ws/install/transformer_msp_bridge/include/transformer_msp_bridge/msp_builders.hpp
[1.570s] -- Up-to-date: /home/atvpi/ros2_ws/install/transformer_msp_bridge/share/transformer_msp_bridge/msg
[1.574s] -- Up-to-date: /home/atvpi/ros2_ws/install/transformer_msp_bridge/share/transformer_msp_bridge/msg/MspInavStatus.msg
[1.574s] -- Up-to-date: /home/atvpi/ros2_ws/install/transformer_msp_bridge/share/transformer_msp_bridge/config
[1.574s] -- Up-to-date: /home/atvpi/ros2_ws/install/transformer_msp_bridge/share/transformer_msp_bridge/config/registry.yaml
[1.575s] -- Up-to-date: /home/atvpi/ros2_ws/install/transformer_msp_bridge/share/transformer_msp_bridge/config/msp_bridge.yaml
[1.575s] -- Up-to-date: /home/atvpi/ros2_ws/install/transformer_msp_bridge/share/ament_index/resource_index/package_run_dependencies/transformer_msp_bridge
[1.575s] -- Up-to-date: /home/atvpi/ros2_ws/install/transformer_msp_bridge/share/ament_index/resource_index/parent_prefix_path/transformer_msp_bridge
[1.583s] -- Up-to-date: /home/atvpi/ros2_ws/install/transformer_msp_bridge/share/transformer_msp_bridge/environment/ament_prefix_path.sh
[1.583s] -- Up-to-date: /home/atvpi/ros2_ws/install/transformer_msp_bridge/share/transformer_msp_bridge/environment/ament_prefix_path.dsv
[1.583s] -- Up-to-date: /home/atvpi/ros2_ws/install/transformer_msp_bridge/share/transformer_msp_bridge/environment/path.sh
[1.584s] -- Up-to-date: /home/atvpi/ros2_ws/install/transformer_msp_bridge/share/transformer_msp_bridge/environment/path.dsv
[1.586s] -- Up-to-date: /home/atvpi/ros2_ws/install/transformer_msp_bridge/share/transformer_msp_bridge/local_setup.bash
[1.591s] -- Up-to-date: /home/atvpi/ros2_ws/install/transformer_msp_bridge/share/transformer_msp_bridge/local_setup.sh
[1.602s] -- Up-to-date: /home/atvpi/ros2_ws/install/transformer_msp_bridge/share/transformer_msp_bridge/local_setup.zsh
[1.602s] -- Up-to-date: /home/atvpi/ros2_ws/install/transformer_msp_bridge/share/transformer_msp_bridge/local_setup.dsv
[1.603s] -- Installing: /home/atvpi/ros2_ws/install/transformer_msp_bridge/share/transformer_msp_bridge/package.dsv
[1.603s] -- Up-to-date: /home/atvpi/ros2_ws/install/transformer_msp_bridge/share/ament_index/resource_index/packages/transformer_msp_bridge
[1.606s] -- Up-to-date: /home/atvpi/ros2_ws/install/transformer_msp_bridge/share/transformer_msp_bridge/cmake/export_transformer_msp_bridge__rosidl_generator_cExport.cmake
[1.606s] -- Up-to-date: /home/atvpi/ros2_ws/install/transformer_msp_bridge/share/transformer_msp_bridge/cmake/export_transformer_msp_bridge__rosidl_generator_cExport-relwithdebinfo.cmake
[1.612s] -- Up-to-date: /home/atvpi/ros2_ws/install/transformer_msp_bridge/share/transformer_msp_bridge/cmake/export_transformer_msp_bridge__rosidl_typesupport_fastrtps_cExport.cmake
[1.612s] -- Up-to-date: /home/atvpi/ros2_ws/install/transformer_msp_bridge/share/transformer_msp_bridge/cmake/export_transformer_msp_bridge__rosidl_typesupport_fastrtps_cExport-relwithdebinfo.cmake
[1.616s] -- Up-to-date: /home/atvpi/ros2_ws/install/transformer_msp_bridge/share/transformer_msp_bridge/cmake/export_transformer_msp_bridge__rosidl_generator_cppExport.cmake
[1.622s] -- Up-to-date: /home/atvpi/ros2_ws/install/transformer_msp_bridge/share/transformer_msp_bridge/cmake/export_transformer_msp_bridge__rosidl_typesupport_fastrtps_cppExport.cmake
[1.622s] -- Up-to-date: /home/atvpi/ros2_ws/install/transformer_msp_bridge/share/transformer_msp_bridge/cmake/export_transformer_msp_bridge__rosidl_typesupport_fastrtps_cppExport-relwithdebinfo.cmake
[1.624s] -- Up-to-date: /home/atvpi/ros2_ws/install/transformer_msp_bridge/share/transformer_msp_bridge/cmake/transformer_msp_bridge__rosidl_typesupport_introspection_cExport.cmake
[1.626s] -- Up-to-date: /home/atvpi/ros2_ws/install/transformer_msp_bridge/share/transformer_msp_bridge/cmake/transformer_msp_bridge__rosidl_typesupport_introspection_cExport-relwithdebinfo.cmake
[1.626s] -- Up-to-date: /home/atvpi/ros2_ws/install/transformer_msp_bridge/share/transformer_msp_bridge/cmake/transformer_msp_bridge__rosidl_typesupport_cExport.cmake
[1.627s] -- Up-to-date: /home/atvpi/ros2_ws/install/transformer_msp_bridge/share/transformer_msp_bridge/cmake/transformer_msp_bridge__rosidl_typesupport_cExport-relwithdebinfo.cmake
[1.628s] -- Up-to-date: /home/atvpi/ros2_ws/install/transformer_msp_bridge/share/transformer_msp_bridge/cmake/transformer_msp_bridge__rosidl_typesupport_introspection_cppExport.cmake
[1.631s] -- Up-to-date: /home/atvpi/ros2_ws/install/transformer_msp_bridge/share/transformer_msp_bridge/cmake/transformer_msp_bridge__rosidl_typesupport_introspection_cppExport-relwithdebinfo.cmake
[1.635s] -- Up-to-date: /home/atvpi/ros2_ws/install/transformer_msp_bridge/share/transformer_msp_bridge/cmake/transformer_msp_bridge__rosidl_typesupport_cppExport.cmake
[1.635s] -- Up-to-date: /home/atvpi/ros2_ws/install/transformer_msp_bridge/share/transformer_msp_bridge/cmake/transformer_msp_bridge__rosidl_typesupport_cppExport-relwithdebinfo.cmake
[1.638s] -- Up-to-date: /home/atvpi/ros2_ws/install/transformer_msp_bridge/share/transformer_msp_bridge/cmake/export_transformer_msp_bridge__rosidl_generator_pyExport.cmake
[1.639s] -- Up-to-date: /home/atvpi/ros2_ws/install/transformer_msp_bridge/share/transformer_msp_bridge/cmake/export_transformer_msp_bridge__rosidl_generator_pyExport-relwithdebinfo.cmake
[1.642s] -- Up-to-date: /home/atvpi/ros2_ws/install/transformer_msp_bridge/share/transformer_msp_bridge/cmake/rosidl_cmake-extras.cmake
[1.642s] -- Up-to-date: /home/atvpi/ros2_ws/install/transformer_msp_bridge/share/transformer_msp_bridge/cmake/ament_cmake_export_dependencies-extras.cmake
[1.643s] -- Up-to-date: /home/atvpi/ros2_ws/install/transformer_msp_bridge/share/transformer_msp_bridge/cmake/ament_cmake_export_include_directories-extras.cmake
[1.646s] -- Up-to-date: /home/atvpi/ros2_ws/install/transformer_msp_bridge/share/transformer_msp_bridge/cmake/ament_cmake_export_libraries-extras.cmake
[1.647s] -- Up-to-date: /home/atvpi/ros2_ws/install/transformer_msp_bridge/share/transformer_msp_bridge/cmake/ament_cmake_export_targets-extras.cmake
[1.649s] -- Up-to-date: /home/atvpi/ros2_ws/install/transformer_msp_bridge/share/transformer_msp_bridge/cmake/rosidl_cmake_export_typesupport_targets-extras.cmake
[1.652s] -- Up-to-date: /home/atvpi/ros2_ws/install/transformer_msp_bridge/share/transformer_msp_bridge/cmake/rosidl_cmake_export_typesupport_libraries-extras.cmake
[1.652s] -- Up-to-date: /home/atvpi/ros2_ws/install/transformer_msp_bridge/share/transformer_msp_bridge/cmake/transformer_msp_bridgeConfig.cmake
[1.653s] -- Up-to-date: /home/atvpi/ros2_ws/install/transformer_msp_bridge/share/transformer_msp_bridge/cmake/transformer_msp_bridgeConfig-version.cmake
[1.657s] -- Up-to-date: /home/atvpi/ros2_ws/install/transformer_msp_bridge/share/transformer_msp_bridge/package.xml
[1.657s] Invoked command in '/home/atvpi/ros2_ws/build/transformer_msp_bridge' returned '0': CMAKE_PREFIX_PATH=${CMAKE_PREFIX_PATH}:/opt/ros/jazzy /usr/bin/cmake --install /home/atvpi/ros2_ws/build/transformer_msp_bridge
