[0.016s] Invoking command in '/home/atvpi/ros2_ws/build/transformer_msp_bridge': CMAKE_PREFIX_PATH=${CMAKE_PREFIX_PATH}:/opt/ros/jazzy /usr/bin/cmake --build /home/atvpi/ros2_ws/build/transformer_msp_bridge -- -j4 -l4
[0.115s] [  1%] Built target transformer_msp_bridge__rosidl_generator_type_description
[0.120s] [  3%] Built target serial_port
[0.134s] [ 10%] Built target msp_protocol
[0.144s] [ 10%] Built target ament_cmake_python_copy_transformer_msp_bridge
[0.171s] [ 12%] Built target gtest_main
[0.176s] [ 14%] Built target gtest
[0.192s] [ 15%] Built target transformer_msp_bridge__cpp
[0.202s] [ 20%] Built target transformer_msp_bridge__rosidl_generator_c
[0.225s] [ 22%] Built target msp_probe
[0.252s] [ 24%] Built target test_msp_parser_fuzz
[0.263s] [ 26%] Built target test_msp_parser
[0.293s] [ 28%] Built target test_msp_parser_hardening
[0.310s] [ 30%] Built target test_crc
[0.363s] [ 32%] Built target test_decoder_coverage
[0.364s] [ 34%] Built target test_msp_registry
[0.382s] [ 36%] Built target test_msp_probe
[0.423s] [ 39%] Built target transformer_msp_bridge__rosidl_typesupport_fastrtps_c
[0.433s] [ 42%] Built target transformer_msp_bridge__rosidl_typesupport_cpp
[0.447s] [ 45%] Built target transformer_msp_bridge__rosidl_typesupport_fastrtps_cpp
[0.470s] [ 48%] Built target transformer_msp_bridge__rosidl_typesupport_introspection_c
[0.479s] [ 51%] Built target transformer_msp_bridge__rosidl_typesupport_c
[0.497s] [ 54%] Built target transformer_msp_bridge__rosidl_typesupport_introspection_cpp
[0.538s] [ 54%] Built target transformer_msp_bridge
[0.554s] [ 66%] Built target transformer_msp_bridge_decoders
[0.584s] [ 67%] Built target transformer_msp_bridge__py
[0.604s] running egg_info
[0.610s] [ 69%] Built target test_battery_decoder
[0.611s] [ 71%] Built target transformer_msp_bridge_node
[0.645s] [ 73%] Built target test_system_decoder
[0.646s] writing transformer_msp_bridge.egg-info/PKG-INFO
[0.647s] writing dependency_links to transformer_msp_bridge.egg-info/dependency_links.txt
[0.648s] writing top-level names to transformer_msp_bridge.egg-info/top_level.txt
[0.666s] [ 75%] Built target test_imu_decoder
[0.666s] [ 77%] Built target test_attitude_decoder
[0.702s] [ 79%] Built target test_gps_decoder
[0.723s] [ 82%] Built target test_rc_decoder
[0.726s] [ 83%] Built target test_altitude_decoder
[0.764s] reading manifest file 'transformer_msp_bridge.egg-info/SOURCES.txt'
[0.766s] writing manifest file 'transformer_msp_bridge.egg-info/SOURCES.txt'
[0.788s] [ 85%] Built target test_inav_status_decoder
[0.827s] [ 87%] Built target test_sensor_decoder
[0.827s] [ 89%] Built target test_servo_motor_decoder
[0.875s] [ 90%] Built target ament_cmake_python_build_transformer_msp_bridge_egg
[0.875s] [ 91%] Built target test_system_decoder_extended
[0.883s] [ 93%] Built target transformer_msp_bridge__rosidl_generator_py
[0.929s] [ 95%] Built target transformer_msp_bridge_s__rosidl_typesupport_c
[0.931s] [ 97%] Built target transformer_msp_bridge_s__rosidl_typesupport_introspection_c
[0.932s] [100%] Built target transformer_msp_bridge_s__rosidl_typesupport_fastrtps_c
[0.955s] Invoked command in '/home/atvpi/ros2_ws/build/transformer_msp_bridge' returned '0': CMAKE_PREFIX_PATH=${CMAKE_PREFIX_PATH}:/opt/ros/jazzy /usr/bin/cmake --build /home/atvpi/ros2_ws/build/transformer_msp_bridge -- -j4 -l4
[0.974s] Invoking command in '/home/atvpi/ros2_ws/build/transformer_msp_bridge': CMAKE_PREFIX_PATH=${CMAKE_PREFIX_PATH}:/opt/ros/jazzy /usr/bin/cmake --install /home/atvpi/ros2_ws/build/transformer_msp_bridge
[1.006s] -- Install configuration: "RelWithDebInfo"
[1.007s] -- Up-to-date: /home/atvpi/ros2_ws/install/transformer_msp_bridge/share/ament_index/resource_index/rosidl_interfaces/transformer_msp_bridge
[1.008s] -- Up-to-date: /home/atvpi/ros2_ws/install/transformer_msp_bridge/share/transformer_msp_bridge/msg/MspInavStatus.json
[1.009s] -- Up-to-date: /home/atvpi/ros2_ws/install/transformer_msp_bridge/include/transformer_msp_bridge/transformer_msp_bridge
[1.010s] -- Up-to-date: /home/atvpi/ros2_ws/install/transformer_msp_bridge/include/transformer_msp_bridge/transformer_msp_bridge/msg
[1.011s] -- Up-to-date: /home/atvpi/ros2_ws/install/transformer_msp_bridge/include/transformer_msp_bridge/transformer_msp_bridge/msg/rosidl_generator_c__visibility_control.h
[1.011s] -- Up-to-date: /home/atvpi/ros2_ws/install/transformer_msp_bridge/include/transformer_msp_bridge/transformer_msp_bridge/msg/msp_inav_status.h
[1.017s] -- Up-to-date: /home/atvpi/ros2_ws/install/transformer_msp_bridge/include/transformer_msp_bridge/transformer_msp_bridge/msg/detail
[1.018s] -- Up-to-date: /home/atvpi/ros2_ws/install/transformer_msp_bridge/include/transformer_msp_bridge/transformer_msp_bridge/msg/detail/msp_inav_status__functions.c
[1.018s] -- Up-to-date: /home/atvpi/ros2_ws/install/transformer_msp_bridge/include/transformer_msp_bridge/transformer_msp_bridge/msg/detail/msp_inav_status__description.c
[1.018s] -- Up-to-date: /home/atvpi/ros2_ws/install/transformer_msp_bridge/include/transformer_msp_bridge/transformer_msp_bridge/msg/detail/msp_inav_status__type_support.h
[1.018s] -- Installing: /home/atvpi/ros2_ws/install/transformer_msp_bridge/include/transformer_msp_bridge/transformer_msp_bridge/msg/detail/msp_inav_status__type_support.c
[1.019s] -- Up-to-date: /home/atvpi/ros2_ws/install/transformer_msp_bridge/include/transformer_msp_bridge/transformer_msp_bridge/msg/detail/msp_inav_status__functions.h
[1.019s] -- Up-to-date: /home/atvpi/ros2_ws/install/transformer_msp_bridge/include/transformer_msp_bridge/transformer_msp_bridge/msg/detail/msp_inav_status__struct.h
[1.019s] -- Up-to-date: /home/atvpi/ros2_ws/install/transformer_msp_bridge/share/transformer_msp_bridge/environment/library_path.sh
[1.019s] -- Up-to-date: /home/atvpi/ros2_ws/install/transformer_msp_bridge/share/transformer_msp_bridge/environment/library_path.dsv
[1.019s] -- Up-to-date: /home/atvpi/ros2_ws/install/transformer_msp_bridge/lib/libtransformer_msp_bridge__rosidl_generator_c.so
[1.020s] -- Up-to-date: /home/atvpi/ros2_ws/install/transformer_msp_bridge/include/transformer_msp_bridge/transformer_msp_bridge
[1.021s] -- Up-to-date: /home/atvpi/ros2_ws/install/transformer_msp_bridge/include/transformer_msp_bridge/transformer_msp_bridge/msg
[1.023s] -- Up-to-date: /home/atvpi/ros2_ws/install/transformer_msp_bridge/include/transformer_msp_bridge/transformer_msp_bridge/msg/rosidl_typesupport_fastrtps_c__visibility_control.h
[1.024s] -- Up-to-date: /home/atvpi/ros2_ws/install/transformer_msp_bridge/include/transformer_msp_bridge/transformer_msp_bridge/msg/detail
[1.027s] -- Up-to-date: /home/atvpi/ros2_ws/install/transformer_msp_bridge/include/transformer_msp_bridge/transformer_msp_bridge/msg/detail/msp_inav_status__rosidl_typesupport_fastrtps_c.h
[1.027s] -- Up-to-date: /home/atvpi/ros2_ws/install/transformer_msp_bridge/lib/libtransformer_msp_bridge__rosidl_typesupport_fastrtps_c.so
[1.028s] -- Up-to-date: /home/atvpi/ros2_ws/install/transformer_msp_bridge/include/transformer_msp_bridge/transformer_msp_bridge
[1.028s] -- Up-to-date: /home/atvpi/ros2_ws/install/transformer_msp_bridge/include/transformer_msp_bridge/transformer_msp_bridge/msg
[1.028s] -- Up-to-date: /home/atvpi/ros2_ws/install/transformer_msp_bridge/include/transformer_msp_bridge/transformer_msp_bridge/msg/rosidl_generator_cpp__visibility_control.hpp
[1.028s] -- Up-to-date: /home/atvpi/ros2_ws/install/transformer_msp_bridge/include/transformer_msp_bridge/transformer_msp_bridge/msg/detail
[1.029s] -- Up-to-date: /home/atvpi/ros2_ws/install/transformer_msp_bridge/include/transformer_msp_bridge/transformer_msp_bridge/msg/detail/msp_inav_status__builder.hpp
[1.029s] -- Up-to-date: /home/atvpi/ros2_ws/install/transformer_msp_bridge/include/transformer_msp_bridge/transformer_msp_bridge/msg/detail/msp_inav_status__type_support.hpp
[1.029s] -- Up-to-date: /home/atvpi/ros2_ws/install/transformer_msp_bridge/include/transformer_msp_bridge/transformer_msp_bridge/msg/detail/msp_inav_status__traits.hpp
[1.029s] -- Up-to-date: /home/atvpi/ros2_ws/install/transformer_msp_bridge/include/transformer_msp_bridge/transformer_msp_bridge/msg/detail/msp_inav_status__struct.hpp
[1.029s] -- Up-to-date: /home/atvpi/ros2_ws/install/transformer_msp_bridge/include/transformer_msp_bridge/transformer_msp_bridge/msg/msp_inav_status.hpp
[1.030s] -- Up-to-date: /home/atvpi/ros2_ws/install/transformer_msp_bridge/include/transformer_msp_bridge/transformer_msp_bridge
[1.030s] -- Up-to-date: /home/atvpi/ros2_ws/install/transformer_msp_bridge/include/transformer_msp_bridge/transformer_msp_bridge/msg
[1.030s] -- Up-to-date: /home/atvpi/ros2_ws/install/transformer_msp_bridge/include/transformer_msp_bridge/transformer_msp_bridge/msg/rosidl_typesupport_fastrtps_cpp__visibility_control.h
[1.034s] -- Up-to-date: /home/atvpi/ros2_ws/install/transformer_msp_bridge/include/transformer_msp_bridge/transformer_msp_bridge/msg/detail
[1.035s] -- Up-to-date: /home/atvpi/ros2_ws/install/transformer_msp_bridge/include/transformer_msp_bridge/transformer_msp_bridge/msg/detail/msp_inav_status__rosidl_typesupport_fastrtps_cpp.hpp
[1.035s] -- Up-to-date: /home/atvpi/ros2_ws/install/transformer_msp_bridge/include/transformer_msp_bridge/transformer_msp_bridge/msg/detail/dds_fastrtps
[1.035s] -- Up-to-date: /home/atvpi/ros2_ws/install/transformer_msp_bridge/lib/libtransformer_msp_bridge__rosidl_typesupport_fastrtps_cpp.so
[1.035s] -- Up-to-date: /home/atvpi/ros2_ws/install/transformer_msp_bridge/include/transformer_msp_bridge/transformer_msp_bridge
[1.035s] -- Up-to-date: /home/atvpi/ros2_ws/install/transformer_msp_bridge/include/transformer_msp_bridge/transformer_msp_bridge/msg
[1.036s] -- Up-to-date: /home/atvpi/ros2_ws/install/transformer_msp_bridge/include/transformer_msp_bridge/transformer_msp_bridge/msg/detail
[1.036s] -- Installing: /home/atvpi/ros2_ws/install/transformer_msp_bridge/include/transformer_msp_bridge/transformer_msp_bridge/msg/detail/msp_inav_status__type_support.c
[1.036s] -- Up-to-date: /home/atvpi/ros2_ws/install/transformer_msp_bridge/include/transformer_msp_bridge/transformer_msp_bridge/msg/detail/msp_inav_status__rosidl_typesupport_introspection_c.h
[1.036s] -- Up-to-date: /home/atvpi/ros2_ws/install/transformer_msp_bridge/include/transformer_msp_bridge/transformer_msp_bridge/msg/rosidl_typesupport_introspection_c__visibility_control.h
[1.036s] -- Up-to-date: /home/atvpi/ros2_ws/install/transformer_msp_bridge/lib/libtransformer_msp_bridge__rosidl_typesupport_introspection_c.so
[1.039s] -- Up-to-date: /home/atvpi/ros2_ws/install/transformer_msp_bridge/lib/libtransformer_msp_bridge__rosidl_typesupport_c.so
[1.039s] -- Up-to-date: /home/atvpi/ros2_ws/install/transformer_msp_bridge/include/transformer_msp_bridge/transformer_msp_bridge
[1.039s] -- Up-to-date: /home/atvpi/ros2_ws/install/transformer_msp_bridge/include/transformer_msp_bridge/transformer_msp_bridge/msg
[1.039s] -- Up-to-date: /home/atvpi/ros2_ws/install/transformer_msp_bridge/include/transformer_msp_bridge/transformer_msp_bridge/msg/detail
[1.039s] -- Up-to-date: /home/atvpi/ros2_ws/install/transformer_msp_bridge/include/transformer_msp_bridge/transformer_msp_bridge/msg/detail/msp_inav_status__rosidl_typesupport_introspection_cpp.hpp
[1.040s] -- Up-to-date: /home/atvpi/ros2_ws/install/transformer_msp_bridge/include/transformer_msp_bridge/transformer_msp_bridge/msg/detail/msp_inav_status__type_support.cpp
[1.040s] -- Up-to-date: /home/atvpi/ros2_ws/install/transformer_msp_bridge/lib/libtransformer_msp_bridge__rosidl_typesupport_introspection_cpp.so
[1.040s] -- Up-to-date: /home/atvpi/ros2_ws/install/transformer_msp_bridge/lib/libtransformer_msp_bridge__rosidl_typesupport_cpp.so
[1.040s] -- Up-to-date: /home/atvpi/ros2_ws/install/transformer_msp_bridge/share/transformer_msp_bridge/environment/pythonpath.sh
[1.040s] -- Up-to-date: /home/atvpi/ros2_ws/install/transformer_msp_bridge/share/transformer_msp_bridge/environment/pythonpath.dsv
[1.040s] -- Up-to-date: /home/atvpi/ros2_ws/install/transformer_msp_bridge/lib/python3.12/site-packages/transformer_msp_bridge-0.0.1-py3.12.egg-info
[1.040s] -- Installing: /home/atvpi/ros2_ws/install/transformer_msp_bridge/lib/python3.12/site-packages/transformer_msp_bridge-0.0.1-py3.12.egg-info/SOURCES.txt
[1.041s] -- Installing: /home/atvpi/ros2_ws/install/transformer_msp_bridge/lib/python3.12/site-packages/transformer_msp_bridge-0.0.1-py3.12.egg-info/top_level.txt
[1.041s] -- Installing: /home/atvpi/ros2_ws/install/transformer_msp_bridge/lib/python3.12/site-packages/transformer_msp_bridge-0.0.1-py3.12.egg-info/PKG-INFO
[1.043s] -- Installing: /home/atvpi/ros2_ws/install/transformer_msp_bridge/lib/python3.12/site-packages/transformer_msp_bridge-0.0.1-py3.12.egg-info/dependency_links.txt
[1.046s] -- Up-to-date: /home/atvpi/ros2_ws/install/transformer_msp_bridge/lib/python3.12/site-packages/transformer_msp_bridge
[1.047s] -- Up-to-date: /home/atvpi/ros2_ws/install/transformer_msp_bridge/lib/python3.12/site-packages/transformer_msp_bridge/transformer_msp_bridge_s__rosidl_typesupport_c.so
[1.047s] -- Up-to-date: /home/atvpi/ros2_ws/install/transformer_msp_bridge/lib/python3.12/site-packages/transformer_msp_bridge/transformer_msp_bridge_s__rosidl_typesupport_fastrtps_c.so
[1.047s] -- Up-to-date: /home/atvpi/ros2_ws/install/transformer_msp_bridge/lib/python3.12/site-packages/transformer_msp_bridge/msg
[1.047s] -- Up-to-date: /home/atvpi/ros2_ws/install/transformer_msp_bridge/lib/python3.12/site-packages/transformer_msp_bridge/msg/__init__.py
[1.047s] -- Up-to-date: /home/atvpi/ros2_ws/install/transformer_msp_bridge/lib/python3.12/site-packages/transformer_msp_bridge/msg/_msp_inav_status_s.c
[1.048s] -- Up-to-date: /home/atvpi/ros2_ws/install/transformer_msp_bridge/lib/python3.12/site-packages/transformer_msp_bridge/msg/_msp_inav_status.py
[1.048s] -- Up-to-date: /home/atvpi/ros2_ws/install/transformer_msp_bridge/lib/python3.12/site-packages/transformer_msp_bridge/transformer_msp_bridge_s__rosidl_typesupport_introspection_c.so
[1.049s] -- Up-to-date: /home/atvpi/ros2_ws/install/transformer_msp_bridge/lib/python3.12/site-packages/transformer_msp_bridge/_transformer_msp_bridge_s.ep.rosidl_typesupport_fastrtps_c.c
[1.049s] -- Up-to-date: /home/atvpi/ros2_ws/install/transformer_msp_bridge/lib/python3.12/site-packages/transformer_msp_bridge/_transformer_msp_bridge_s.ep.rosidl_typesupport_c.c
[1.049s] -- Up-to-date: /home/atvpi/ros2_ws/install/transformer_msp_bridge/lib/python3.12/site-packages/transformer_msp_bridge/_transformer_msp_bridge_s.ep.rosidl_typesupport_introspection_c.c
[1.049s] -- Up-to-date: /home/atvpi/ros2_ws/install/transformer_msp_bridge/lib/python3.12/site-packages/transformer_msp_bridge/__init__.py
[1.088s] Listing '/home/atvpi/ros2_ws/install/transformer_msp_bridge/lib/python3.12/site-packages/transformer_msp_bridge'...
[1.088s] Listing '/home/atvpi/ros2_ws/install/transformer_msp_bridge/lib/python3.12/site-packages/transformer_msp_bridge/msg'...
[1.102s] -- Up-to-date: /home/atvpi/ros2_ws/install/transformer_msp_bridge/lib/python3.12/site-packages/transformer_msp_bridge/transformer_msp_bridge_s__rosidl_typesupport_fastrtps_c.so
[1.104s] -- Up-to-date: /home/atvpi/ros2_ws/install/transformer_msp_bridge/lib/python3.12/site-packages/transformer_msp_bridge/transformer_msp_bridge_s__rosidl_typesupport_introspection_c.so
[1.105s] -- Up-to-date: /home/atvpi/ros2_ws/install/transformer_msp_bridge/lib/python3.12/site-packages/transformer_msp_bridge/transformer_msp_bridge_s__rosidl_typesupport_c.so
[1.105s] -- Up-to-date: /home/atvpi/ros2_ws/install/transformer_msp_bridge/lib/libtransformer_msp_bridge__rosidl_generator_py.so
[1.105s] -- Up-to-date: /home/atvpi/ros2_ws/install/transformer_msp_bridge/share/transformer_msp_bridge/msg/MspInavStatus.idl
[1.105s] -- Up-to-date: /home/atvpi/ros2_ws/install/transformer_msp_bridge/share/transformer_msp_bridge/msg/MspInavStatus.msg
[1.106s] -- Up-to-date: /home/atvpi/ros2_ws/install/transformer_msp_bridge/lib/transformer_msp_bridge/joystick_tank_to_rc.py
[1.108s] -- Up-to-date: /home/atvpi/ros2_ws/install/transformer_msp_bridge/lib/transformer_msp_bridge/keyboard_to_joy_mix.py
[1.108s] -- Up-to-date: /home/atvpi/ros2_ws/install/transformer_msp_bridge/lib/libmsp_protocol.so
[1.109s] -- Up-to-date: /home/atvpi/ros2_ws/install/transformer_msp_bridge/lib/libserial_port.so
[1.109s] -- Up-to-date: /home/atvpi/ros2_ws/install/transformer_msp_bridge/lib/libtransformer_msp_bridge_decoders.so
[1.109s] -- Up-to-date: /home/atvpi/ros2_ws/install/transformer_msp_bridge/lib/transformer_msp_bridge/transformer_msp_bridge_node
[1.109s] -- Up-to-date: /home/atvpi/ros2_ws/install/transformer_msp_bridge/lib/transformer_msp_bridge/msp_probe
[1.112s] -- Up-to-date: /home/atvpi/ros2_ws/install/transformer_msp_bridge/include/transformer_msp_bridge
[1.112s] -- Up-to-date: /home/atvpi/ros2_ws/install/transformer_msp_bridge/include/transformer_msp_bridge/msp_parser.hpp
[1.112s] -- Up-to-date: /home/atvpi/ros2_ws/install/transformer_msp_bridge/include/transformer_msp_bridge/crc.hpp
[1.112s] -- Up-to-date: /home/atvpi/ros2_ws/install/transformer_msp_bridge/include/transformer_msp_bridge/msp_utils.hpp
[1.112s] -- Up-to-date: /home/atvpi/ros2_ws/install/transformer_msp_bridge/include/transformer_msp_bridge/registry_loader.hpp
[1.112s] -- Up-to-date: /home/atvpi/ros2_ws/install/transformer_msp_bridge/include/transformer_msp_bridge/msp_registry.hpp
[1.112s] -- Up-to-date: /home/atvpi/ros2_ws/install/transformer_msp_bridge/include/transformer_msp_bridge/decoders
[1.112s] -- Up-to-date: /home/atvpi/ros2_ws/install/transformer_msp_bridge/include/transformer_msp_bridge/decoders/system_decoder.hpp
[1.113s] -- Up-to-date: /home/atvpi/ros2_ws/install/transformer_msp_bridge/include/transformer_msp_bridge/decoders/altitude_decoder.hpp
[1.113s] -- Up-to-date: /home/atvpi/ros2_ws/install/transformer_msp_bridge/include/transformer_msp_bridge/decoders/sensor_decoder.hpp
[1.113s] -- Up-to-date: /home/atvpi/ros2_ws/install/transformer_msp_bridge/include/transformer_msp_bridge/decoders/battery_decoder.hpp
[1.113s] -- Up-to-date: /home/atvpi/ros2_ws/install/transformer_msp_bridge/include/transformer_msp_bridge/decoders/imu_decoder.hpp
[1.113s] -- Up-to-date: /home/atvpi/ros2_ws/install/transformer_msp_bridge/include/transformer_msp_bridge/decoders/rc_decoder.hpp
[1.113s] -- Up-to-date: /home/atvpi/ros2_ws/install/transformer_msp_bridge/include/transformer_msp_bridge/decoders/gps_decoder.hpp
[1.113s] -- Up-to-date: /home/atvpi/ros2_ws/install/transformer_msp_bridge/include/transformer_msp_bridge/decoders/inav_generic_decoder.hpp
[1.113s] -- Up-to-date: /home/atvpi/ros2_ws/install/transformer_msp_bridge/include/transformer_msp_bridge/decoders/inav_status_decoder.hpp
[1.114s] -- Up-to-date: /home/atvpi/ros2_ws/install/transformer_msp_bridge/include/transformer_msp_bridge/decoders/attitude_decoder.hpp
[1.114s] -- Up-to-date: /home/atvpi/ros2_ws/install/transformer_msp_bridge/include/transformer_msp_bridge/decoders/servo_motor_decoder.hpp
[1.114s] -- Up-to-date: /home/atvpi/ros2_ws/install/transformer_msp_bridge/include/transformer_msp_bridge/serial_port.hpp
[1.114s] -- Up-to-date: /home/atvpi/ros2_ws/install/transformer_msp_bridge/include/transformer_msp_bridge/decoder_base.hpp
[1.114s] -- Up-to-date: /home/atvpi/ros2_ws/install/transformer_msp_bridge/include/transformer_msp_bridge/decoder_registry.hpp
[1.115s] -- Up-to-date: /home/atvpi/ros2_ws/install/transformer_msp_bridge/include/transformer_msp_bridge/msp_builders.hpp
[1.115s] -- Up-to-date: /home/atvpi/ros2_ws/install/transformer_msp_bridge/share/transformer_msp_bridge/msg
[1.115s] -- Up-to-date: /home/atvpi/ros2_ws/install/transformer_msp_bridge/share/transformer_msp_bridge/msg/MspInavStatus.msg
[1.115s] -- Up-to-date: /home/atvpi/ros2_ws/install/transformer_msp_bridge/share/transformer_msp_bridge/config
[1.115s] -- Up-to-date: /home/atvpi/ros2_ws/install/transformer_msp_bridge/share/transformer_msp_bridge/config/registry.yaml
[1.116s] -- Up-to-date: /home/atvpi/ros2_ws/install/transformer_msp_bridge/share/transformer_msp_bridge/config/msp_bridge.yaml
[1.116s] -- Up-to-date: /home/atvpi/ros2_ws/install/transformer_msp_bridge/share/ament_index/resource_index/package_run_dependencies/transformer_msp_bridge
[1.116s] -- Up-to-date: /home/atvpi/ros2_ws/install/transformer_msp_bridge/share/ament_index/resource_index/parent_prefix_path/transformer_msp_bridge
[1.116s] -- Up-to-date: /home/atvpi/ros2_ws/install/transformer_msp_bridge/share/transformer_msp_bridge/environment/ament_prefix_path.sh
[1.116s] -- Up-to-date: /home/atvpi/ros2_ws/install/transformer_msp_bridge/share/transformer_msp_bridge/environment/ament_prefix_path.dsv
[1.116s] -- Up-to-date: /home/atvpi/ros2_ws/install/transformer_msp_bridge/share/transformer_msp_bridge/environment/path.sh
[1.116s] -- Up-to-date: /home/atvpi/ros2_ws/install/transformer_msp_bridge/share/transformer_msp_bridge/environment/path.dsv
[1.116s] -- Up-to-date: /home/atvpi/ros2_ws/install/transformer_msp_bridge/share/transformer_msp_bridge/local_setup.bash
[1.116s] -- Up-to-date: /home/atvpi/ros2_ws/install/transformer_msp_bridge/share/transformer_msp_bridge/local_setup.sh
[1.117s] -- Up-to-date: /home/atvpi/ros2_ws/install/transformer_msp_bridge/share/transformer_msp_bridge/local_setup.zsh
[1.117s] -- Up-to-date: /home/atvpi/ros2_ws/install/transformer_msp_bridge/share/transformer_msp_bridge/local_setup.dsv
[1.117s] -- Installing: /home/atvpi/ros2_ws/install/transformer_msp_bridge/share/transformer_msp_bridge/package.dsv
[1.117s] -- Up-to-date: /home/atvpi/ros2_ws/install/transformer_msp_bridge/share/ament_index/resource_index/packages/transformer_msp_bridge
[1.117s] -- Up-to-date: /home/atvpi/ros2_ws/install/transformer_msp_bridge/share/transformer_msp_bridge/cmake/export_transformer_msp_bridge__rosidl_generator_cExport.cmake
[1.118s] -- Up-to-date: /home/atvpi/ros2_ws/install/transformer_msp_bridge/share/transformer_msp_bridge/cmake/export_transformer_msp_bridge__rosidl_generator_cExport-relwithdebinfo.cmake
[1.119s] -- Up-to-date: /home/atvpi/ros2_ws/install/transformer_msp_bridge/share/transformer_msp_bridge/cmake/export_transformer_msp_bridge__rosidl_typesupport_fastrtps_cExport.cmake
[1.120s] -- Up-to-date: /home/atvpi/ros2_ws/install/transformer_msp_bridge/share/transformer_msp_bridge/cmake/export_transformer_msp_bridge__rosidl_typesupport_fastrtps_cExport-relwithdebinfo.cmake
[1.120s] -- Up-to-date: /home/atvpi/ros2_ws/install/transformer_msp_bridge/share/transformer_msp_bridge/cmake/export_transformer_msp_bridge__rosidl_generator_cppExport.cmake
[1.120s] -- Up-to-date: /home/atvpi/ros2_ws/install/transformer_msp_bridge/share/transformer_msp_bridge/cmake/export_transformer_msp_bridge__rosidl_typesupport_fastrtps_cppExport.cmake
[1.121s] -- Up-to-date: /home/atvpi/ros2_ws/install/transformer_msp_bridge/share/transformer_msp_bridge/cmake/export_transformer_msp_bridge__rosidl_typesupport_fastrtps_cppExport-relwithdebinfo.cmake
[1.124s] -- Up-to-date: /home/atvpi/ros2_ws/install/transformer_msp_bridge/share/transformer_msp_bridge/cmake/transformer_msp_bridge__rosidl_typesupport_introspection_cExport.cmake
[1.125s] -- Up-to-date: /home/atvpi/ros2_ws/install/transformer_msp_bridge/share/transformer_msp_bridge/cmake/transformer_msp_bridge__rosidl_typesupport_introspection_cExport-relwithdebinfo.cmake
[1.125s] -- Up-to-date: /home/atvpi/ros2_ws/install/transformer_msp_bridge/share/transformer_msp_bridge/cmake/transformer_msp_bridge__rosidl_typesupport_cExport.cmake
[1.125s] -- Up-to-date: /home/atvpi/ros2_ws/install/transformer_msp_bridge/share/transformer_msp_bridge/cmake/transformer_msp_bridge__rosidl_typesupport_cExport-relwithdebinfo.cmake
[1.125s] -- Up-to-date: /home/atvpi/ros2_ws/install/transformer_msp_bridge/share/transformer_msp_bridge/cmake/transformer_msp_bridge__rosidl_typesupport_introspection_cppExport.cmake
[1.125s] -- Up-to-date: /home/atvpi/ros2_ws/install/transformer_msp_bridge/share/transformer_msp_bridge/cmake/transformer_msp_bridge__rosidl_typesupport_introspection_cppExport-relwithdebinfo.cmake
[1.125s] -- Up-to-date: /home/atvpi/ros2_ws/install/transformer_msp_bridge/share/transformer_msp_bridge/cmake/transformer_msp_bridge__rosidl_typesupport_cppExport.cmake
[1.125s] -- Up-to-date: /home/atvpi/ros2_ws/install/transformer_msp_bridge/share/transformer_msp_bridge/cmake/transformer_msp_bridge__rosidl_typesupport_cppExport-relwithdebinfo.cmake
[1.126s] -- Up-to-date: /home/atvpi/ros2_ws/install/transformer_msp_bridge/share/transformer_msp_bridge/cmake/export_transformer_msp_bridge__rosidl_generator_pyExport.cmake
[1.126s] -- Up-to-date: /home/atvpi/ros2_ws/install/transformer_msp_bridge/share/transformer_msp_bridge/cmake/export_transformer_msp_bridge__rosidl_generator_pyExport-relwithdebinfo.cmake
[1.126s] -- Up-to-date: /home/atvpi/ros2_ws/install/transformer_msp_bridge/share/transformer_msp_bridge/cmake/rosidl_cmake-extras.cmake
[1.126s] -- Up-to-date: /home/atvpi/ros2_ws/install/transformer_msp_bridge/share/transformer_msp_bridge/cmake/ament_cmake_export_dependencies-extras.cmake
[1.126s] -- Up-to-date: /home/atvpi/ros2_ws/install/transformer_msp_bridge/share/transformer_msp_bridge/cmake/ament_cmake_export_include_directories-extras.cmake
[1.126s] -- Up-to-date: /home/atvpi/ros2_ws/install/transformer_msp_bridge/share/transformer_msp_bridge/cmake/ament_cmake_export_libraries-extras.cmake
[1.126s] -- Up-to-date: /home/atvpi/ros2_ws/install/transformer_msp_bridge/share/transformer_msp_bridge/cmake/ament_cmake_export_targets-extras.cmake
[1.126s] -- Up-to-date: /home/atvpi/ros2_ws/install/transformer_msp_bridge/share/transformer_msp_bridge/cmake/rosidl_cmake_export_typesupport_targets-extras.cmake
[1.127s] -- Up-to-date: /home/atvpi/ros2_ws/install/transformer_msp_bridge/share/transformer_msp_bridge/cmake/rosidl_cmake_export_typesupport_libraries-extras.cmake
[1.127s] -- Up-to-date: /home/atvpi/ros2_ws/install/transformer_msp_bridge/share/transformer_msp_bridge/cmake/transformer_msp_bridgeConfig.cmake
[1.127s] -- Up-to-date: /home/atvpi/ros2_ws/install/transformer_msp_bridge/share/transformer_msp_bridge/cmake/transformer_msp_bridgeConfig-version.cmake
[1.127s] -- Up-to-date: /home/atvpi/ros2_ws/install/transformer_msp_bridge/share/transformer_msp_bridge/package.xml
[1.127s] Invoked command in '/home/atvpi/ros2_ws/build/transformer_msp_bridge' returned '0': CMAKE_PREFIX_PATH=${CMAKE_PREFIX_PATH}:/opt/ros/jazzy /usr/bin/cmake --install /home/atvpi/ros2_ws/build/transformer_msp_bridge
