[0.032s] Invoking command in '/home/atvpi/ros2_ws/build/transformer_bringup': CMAKE_PREFIX_PATH=/opt/ros/jazzy:/home/atvpi/ros2_ws/install/transformer_rc_mode_switch:/home/atvpi/ros2_ws/install/transformer_controller:/home/atvpi/ros2_ws/install/transformer_msp_bridge:/home/atvpi/ros2_ws/install/transformer_hw_servos:/home/atvpi/ros2_ws/install/transformer_hw_actuators:/home/atvpi/ros2_ws/install/wheeltec_n100_imu:/home/atvpi/ros2_ws/install/transformer_bringup:/home/atvpi/ros2_ws/install/serial LD_LIBRARY_PATH=/home/atvpi/ros2_ws/install/transformer_controller/lib:/home/atvpi/ros2_ws/install/transformer_msp_bridge/lib:/home/atvpi/ros2_ws/install/transformer_hw_servos/lib:/home/atvpi/ros2_ws/install/transformer_hw_actuators/lib:/home/atvpi/ros2_ws/install/serial/lib:/opt/ros/jazzy/lib/aarch64-linux-gnu:/opt/ros/jazzy/lib PYTHONPATH=/home/atvpi/ros2_ws/install/transformer_controller/lib/python3.12/site-packages:/home/atvpi/ros2_ws/install/transformer_msp_bridge/lib/python3.12/site-packages:/home/atvpi/ros2_ws/install/transformer_hw_servos/lib/python3.12/site-packages:/home/atvpi/ros2_ws/install/transformer_hw_actuators/lib/python3.12/site-packages:/opt/ros/jazzy/lib/python3.12/site-packages /usr/bin/cmake --build /home/atvpi/ros2_ws/build/transformer_bringup -- -j4 -l4
[0.073s] -- Found ament_cmake: 2.5.4 (/opt/ros/jazzy/share/ament_cmake/cmake)
[0.603s] -- Configuring done (0.5s)
[0.618s] -- Generating done (0.0s)
[0.632s] -- Build files have been written to: /home/atvpi/ros2_ws/build/transformer_bringup
[0.673s] Invoked command in '/home/atvpi/ros2_ws/build/transformer_bringup' returned '0': CMAKE_PREFIX_PATH=/opt/ros/jazzy:/home/atvpi/ros2_ws/install/transformer_rc_mode_switch:/home/atvpi/ros2_ws/install/transformer_controller:/home/atvpi/ros2_ws/install/transformer_msp_bridge:/home/atvpi/ros2_ws/install/transformer_hw_servos:/home/atvpi/ros2_ws/install/transformer_hw_actuators:/home/atvpi/ros2_ws/install/wheeltec_n100_imu:/home/atvpi/ros2_ws/install/transformer_bringup:/home/atvpi/ros2_ws/install/serial LD_LIBRARY_PATH=/home/atvpi/ros2_ws/install/transformer_controller/lib:/home/atvpi/ros2_ws/install/transformer_msp_bridge/lib:/home/atvpi/ros2_ws/install/transformer_hw_servos/lib:/home/atvpi/ros2_ws/install/transformer_hw_actuators/lib:/home/atvpi/ros2_ws/install/serial/lib:/opt/ros/jazzy/lib/aarch64-linux-gnu:/opt/ros/jazzy/lib PYTHONPATH=/home/atvpi/ros2_ws/install/transformer_controller/lib/python3.12/site-packages:/home/atvpi/ros2_ws/install/transformer_msp_bridge/lib/python3.12/site-packages:/home/atvpi/ros2_ws/install/transformer_hw_servos/lib/python3.12/site-packages:/home/atvpi/ros2_ws/install/transformer_hw_actuators/lib/python3.12/site-packages:/opt/ros/jazzy/lib/python3.12/site-packages /usr/bin/cmake --build /home/atvpi/ros2_ws/build/transformer_bringup -- -j4 -l4
[0.690s] Invoking command in '/home/atvpi/ros2_ws/build/transformer_bringup': CMAKE_PREFIX_PATH=/opt/ros/jazzy:/home/atvpi/ros2_ws/install/transformer_rc_mode_switch:/home/atvpi/ros2_ws/install/transformer_controller:/home/atvpi/ros2_ws/install/transformer_msp_bridge:/home/atvpi/ros2_ws/install/transformer_hw_servos:/home/atvpi/ros2_ws/install/transformer_hw_actuators:/home/atvpi/ros2_ws/install/wheeltec_n100_imu:/home/atvpi/ros2_ws/install/transformer_bringup:/home/atvpi/ros2_ws/install/serial LD_LIBRARY_PATH=/home/atvpi/ros2_ws/install/transformer_controller/lib:/home/atvpi/ros2_ws/install/transformer_msp_bridge/lib:/home/atvpi/ros2_ws/install/transformer_hw_servos/lib:/home/atvpi/ros2_ws/install/transformer_hw_actuators/lib:/home/atvpi/ros2_ws/install/serial/lib:/opt/ros/jazzy/lib/aarch64-linux-gnu:/opt/ros/jazzy/lib PYTHONPATH=/home/atvpi/ros2_ws/install/transformer_controller/lib/python3.12/site-packages:/home/atvpi/ros2_ws/install/transformer_msp_bridge/lib/python3.12/site-packages:/home/atvpi/ros2_ws/install/transformer_hw_servos/lib/python3.12/site-packages:/home/atvpi/ros2_ws/install/transformer_hw_actuators/lib/python3.12/site-packages:/opt/ros/jazzy/lib/python3.12/site-packages /usr/bin/cmake --install /home/atvpi/ros2_ws/build/transformer_bringup
[0.704s] -- Install configuration: ""
[0.704s] -- Up-to-date: /home/atvpi/ros2_ws/install/transformer_bringup/share/transformer_bringup/launch
[0.704s] -- Up-to-date: /home/atvpi/ros2_ws/install/transformer_bringup/share/transformer_bringup/launch/transformer_bringup.launch.py
[0.704s] -- Installing: /home/atvpi/ros2_ws/install/transformer_bringup/share/ament_index/resource_index/package_run_dependencies/transformer_bringup
[0.705s] -- Installing: /home/atvpi/ros2_ws/install/transformer_bringup/share/ament_index/resource_index/parent_prefix_path/transformer_bringup
[0.705s] -- Up-to-date: /home/atvpi/ros2_ws/install/transformer_bringup/share/transformer_bringup/environment/ament_prefix_path.sh
[0.705s] -- Up-to-date: /home/atvpi/ros2_ws/install/transformer_bringup/share/transformer_bringup/environment/ament_prefix_path.dsv
[0.705s] -- Up-to-date: /home/atvpi/ros2_ws/install/transformer_bringup/share/transformer_bringup/environment/path.sh
[0.705s] -- Up-to-date: /home/atvpi/ros2_ws/install/transformer_bringup/share/transformer_bringup/environment/path.dsv
[0.705s] -- Up-to-date: /home/atvpi/ros2_ws/install/transformer_bringup/share/transformer_bringup/local_setup.bash
[0.705s] -- Up-to-date: /home/atvpi/ros2_ws/install/transformer_bringup/share/transformer_bringup/local_setup.sh
[0.706s] -- Up-to-date: /home/atvpi/ros2_ws/install/transformer_bringup/share/transformer_bringup/local_setup.zsh
[0.706s] -- Up-to-date: /home/atvpi/ros2_ws/install/transformer_bringup/share/transformer_bringup/local_setup.dsv
[0.706s] -- Installing: /home/atvpi/ros2_ws/install/transformer_bringup/share/transformer_bringup/package.dsv
[0.706s] -- Up-to-date: /home/atvpi/ros2_ws/install/transformer_bringup/share/ament_index/resource_index/packages/transformer_bringup
[0.706s] -- Up-to-date: /home/atvpi/ros2_ws/install/transformer_bringup/share/transformer_bringup/cmake/transformer_bringupConfig.cmake
[0.706s] -- Up-to-date: /home/atvpi/ros2_ws/install/transformer_bringup/share/transformer_bringup/cmake/transformer_bringupConfig-version.cmake
[0.706s] -- Installing: /home/atvpi/ros2_ws/install/transformer_bringup/share/transformer_bringup/package.xml
[0.709s] Invoked command in '/home/atvpi/ros2_ws/build/transformer_bringup' returned '0': CMAKE_PREFIX_PATH=/opt/ros/jazzy:/home/atvpi/ros2_ws/install/transformer_rc_mode_switch:/home/atvpi/ros2_ws/install/transformer_controller:/home/atvpi/ros2_ws/install/transformer_msp_bridge:/home/atvpi/ros2_ws/install/transformer_hw_servos:/home/atvpi/ros2_ws/install/transformer_hw_actuators:/home/atvpi/ros2_ws/install/wheeltec_n100_imu:/home/atvpi/ros2_ws/install/transformer_bringup:/home/atvpi/ros2_ws/install/serial LD_LIBRARY_PATH=/home/atvpi/ros2_ws/install/transformer_controller/lib:/home/atvpi/ros2_ws/install/transformer_msp_bridge/lib:/home/atvpi/ros2_ws/install/transformer_hw_servos/lib:/home/atvpi/ros2_ws/install/transformer_hw_actuators/lib:/home/atvpi/ros2_ws/install/serial/lib:/opt/ros/jazzy/lib/aarch64-linux-gnu:/opt/ros/jazzy/lib PYTHONPATH=/home/atvpi/ros2_ws/install/transformer_controller/lib/python3.12/site-packages:/home/atvpi/ros2_ws/install/transformer_msp_bridge/lib/python3.12/site-packages:/home/atvpi/ros2_ws/install/transformer_hw_servos/lib/python3.12/site-packages:/home/atvpi/ros2_ws/install/transformer_hw_actuators/lib/python3.12/site-packages:/opt/ros/jazzy/lib/python3.12/site-packages /usr/bin/cmake --install /home/atvpi/ros2_ws/build/transformer_bringup
