[0.142s] DEBUG:colcon:Command line arguments: ['/usr/bin/colcon', 'build', '--packages-select', 'transformer_hw_servos', '--allow-overriding', 'transformer_hw_servos']
[0.142s] DEBUG:colcon:Parsed command line arguments: Namespace(log_base=None, log_level=None, verb_name='build', build_base='build', install_base='install', merge_install=False, symlink_install=False, test_result_base=None, continue_on_error=False, executor='parallel', parallel_workers=4, event_handlers=None, ignore_user_meta=False, metas=['./colcon.meta'], base_paths=['.'], packages_ignore=None, packages_ignore_regex=None, paths=None, packages_up_to=None, packages_up_to_regex=None, packages_above=None, packages_above_and_dependencies=None, packages_above_depth=None, packages_select_by_dep=None, packages_skip_by_dep=None, packages_skip_up_to=None, packages_select_build_failed=False, packages_skip_build_finished=False, packages_select_test_failures=False, packages_skip_test_passed=False, packages_select=['transformer_hw_servos'], packages_skip=None, packages_select_regex=None, packages_skip_regex=None, packages_start=None, packages_end=None, allow_overriding=['transformer_hw_servos'], cmake_args=None, cmake_target=None, cmake_target_skip_unavailable=False, cmake_clean_cache=False, cmake_clean_first=False, cmake_force_configure=False, ament_cmake_args=None, catkin_cmake_args=None, catkin_skip_building_tests=False, mixin_files=None, mixin=None, verb_parser=<colcon_mixin.mixin.mixin_argument.MixinArgumentDecorator object at 0xffffbc7d0440>, verb_extension=<colcon_core.verb.build.BuildVerb object at 0xffffbc980380>, main=<bound method BuildVerb.main of <colcon_core.verb.build.BuildVerb object at 0xffffbc980380>>, mixin_verb=('build',))
[0.198s] Level 1:colcon.colcon_core.package_discovery:discover_packages(colcon_meta) check parameters
[0.198s] Level 1:colcon.colcon_core.package_discovery:discover_packages(recursive) check parameters
[0.198s] Level 1:colcon.colcon_core.package_discovery:discover_packages(ignore) check parameters
[0.198s] Level 1:colcon.colcon_core.package_discovery:discover_packages(path) check parameters
[0.198s] Level 1:colcon.colcon_core.package_discovery:discover_packages(colcon_meta) discover
[0.198s] Level 1:colcon.colcon_core.package_discovery:discover_packages(recursive) discover
[0.198s] INFO:colcon.colcon_core.package_discovery:Crawling recursively for packages in '/home/atvpi/ros2_ws'
[0.198s] Level 1:colcon.colcon_core.package_identification:_identify(.) by extensions ['ignore', 'ignore_ament_install']
[0.198s] Level 1:colcon.colcon_core.package_identification:_identify(.) by extension 'ignore'
[0.199s] Level 1:colcon.colcon_core.package_identification:_identify(.) by extension 'ignore_ament_install'
[0.199s] Level 1:colcon.colcon_core.package_identification:_identify(.) by extensions ['colcon_pkg']
[0.199s] Level 1:colcon.colcon_core.package_identification:_identify(.) by extension 'colcon_pkg'
[0.199s] Level 1:colcon.colcon_core.package_identification:_identify(.) by extensions ['colcon_meta']
[0.199s] Level 1:colcon.colcon_core.package_identification:_identify(.) by extension 'colcon_meta'
[0.199s] Level 1:colcon.colcon_core.package_identification:_identify(.) by extensions ['ros']
[0.199s] Level 1:colcon.colcon_core.package_identification:_identify(.) by extension 'ros'
[0.237s] Level 1:colcon.colcon_core.package_identification:_identify(.) by extensions ['cmake', 'python']
[0.237s] Level 1:colcon.colcon_core.package_identification:_identify(.) by extension 'cmake'
[0.237s] Level 1:colcon.colcon_core.package_identification:_identify(.) by extension 'python'
[0.237s] Level 1:colcon.colcon_core.package_identification:_identify(.) by extensions ['python_setup_py']
[0.238s] Level 1:colcon.colcon_core.package_identification:_identify(.) by extension 'python_setup_py'
[0.238s] Level 1:colcon.colcon_core.package_identification:_identify(Testing) by extensions ['ignore', 'ignore_ament_install']
[0.238s] Level 1:colcon.colcon_core.package_identification:_identify(Testing) by extension 'ignore'
[0.238s] Level 1:colcon.colcon_core.package_identification:_identify(Testing) by extension 'ignore_ament_install'
[0.238s] Level 1:colcon.colcon_core.package_identification:_identify(Testing) by extensions ['colcon_pkg']
[0.238s] Level 1:colcon.colcon_core.package_identification:_identify(Testing) by extension 'colcon_pkg'
[0.238s] Level 1:colcon.colcon_core.package_identification:_identify(Testing) by extensions ['colcon_meta']
[0.238s] Level 1:colcon.colcon_core.package_identification:_identify(Testing) by extension 'colcon_meta'
[0.238s] Level 1:colcon.colcon_core.package_identification:_identify(Testing) by extensions ['ros']
[0.238s] Level 1:colcon.colcon_core.package_identification:_identify(Testing) by extension 'ros'
[0.238s] Level 1:colcon.colcon_core.package_identification:_identify(Testing) by extensions ['cmake', 'python']
[0.238s] Level 1:colcon.colcon_core.package_identification:_identify(Testing) by extension 'cmake'
[0.238s] Level 1:colcon.colcon_core.package_identification:_identify(Testing) by extension 'python'
[0.239s] Level 1:colcon.colcon_core.package_identification:_identify(Testing) by extensions ['python_setup_py']
[0.239s] Level 1:colcon.colcon_core.package_identification:_identify(Testing) by extension 'python_setup_py'
[0.239s] Level 1:colcon.colcon_core.package_identification:_identify(Testing/Temporary) by extensions ['ignore', 'ignore_ament_install']
[0.239s] Level 1:colcon.colcon_core.package_identification:_identify(Testing/Temporary) by extension 'ignore'
[0.239s] Level 1:colcon.colcon_core.package_identification:_identify(Testing/Temporary) by extension 'ignore_ament_install'
[0.239s] Level 1:colcon.colcon_core.package_identification:_identify(Testing/Temporary) by extensions ['colcon_pkg']
[0.239s] Level 1:colcon.colcon_core.package_identification:_identify(Testing/Temporary) by extension 'colcon_pkg'
[0.239s] Level 1:colcon.colcon_core.package_identification:_identify(Testing/Temporary) by extensions ['colcon_meta']
[0.239s] Level 1:colcon.colcon_core.package_identification:_identify(Testing/Temporary) by extension 'colcon_meta'
[0.239s] Level 1:colcon.colcon_core.package_identification:_identify(Testing/Temporary) by extensions ['ros']
[0.239s] Level 1:colcon.colcon_core.package_identification:_identify(Testing/Temporary) by extension 'ros'
[0.239s] Level 1:colcon.colcon_core.package_identification:_identify(Testing/Temporary) by extensions ['cmake', 'python']
[0.239s] Level 1:colcon.colcon_core.package_identification:_identify(Testing/Temporary) by extension 'cmake'
[0.239s] Level 1:colcon.colcon_core.package_identification:_identify(Testing/Temporary) by extension 'python'
[0.239s] Level 1:colcon.colcon_core.package_identification:_identify(Testing/Temporary) by extensions ['python_setup_py']
[0.239s] Level 1:colcon.colcon_core.package_identification:_identify(Testing/Temporary) by extension 'python_setup_py'
[0.239s] Level 1:colcon.colcon_core.package_identification:_identify(build) by extensions ['ignore', 'ignore_ament_install']
[0.240s] Level 1:colcon.colcon_core.package_identification:_identify(build) by extension 'ignore'
[0.240s] Level 1:colcon.colcon_core.package_identification:_identify(build) ignored
[0.240s] Level 1:colcon.colcon_core.package_identification:_identify(install) by extensions ['ignore', 'ignore_ament_install']
[0.240s] Level 1:colcon.colcon_core.package_identification:_identify(install) by extension 'ignore'
[0.240s] Level 1:colcon.colcon_core.package_identification:_identify(install) ignored
[0.240s] Level 1:colcon.colcon_core.package_identification:_identify(log) by extensions ['ignore', 'ignore_ament_install']
[0.240s] Level 1:colcon.colcon_core.package_identification:_identify(log) by extension 'ignore'
[0.240s] Level 1:colcon.colcon_core.package_identification:_identify(log) ignored
[0.240s] Level 1:colcon.colcon_core.package_identification:_identify(src) by extensions ['ignore', 'ignore_ament_install']
[0.240s] Level 1:colcon.colcon_core.package_identification:_identify(src) by extension 'ignore'
[0.240s] Level 1:colcon.colcon_core.package_identification:_identify(src) by extension 'ignore_ament_install'
[0.241s] Level 1:colcon.colcon_core.package_identification:_identify(src) by extensions ['colcon_pkg']
[0.241s] Level 1:colcon.colcon_core.package_identification:_identify(src) by extension 'colcon_pkg'
[0.241s] Level 1:colcon.colcon_core.package_identification:_identify(src) by extensions ['colcon_meta']
[0.241s] Level 1:colcon.colcon_core.package_identification:_identify(src) by extension 'colcon_meta'
[0.241s] Level 1:colcon.colcon_core.package_identification:_identify(src) by extensions ['ros']
[0.241s] Level 1:colcon.colcon_core.package_identification:_identify(src) by extension 'ros'
[0.241s] Level 1:colcon.colcon_core.package_identification:_identify(src) by extensions ['cmake', 'python']
[0.241s] Level 1:colcon.colcon_core.package_identification:_identify(src) by extension 'cmake'
[0.241s] Level 1:colcon.colcon_core.package_identification:_identify(src) by extension 'python'
[0.241s] Level 1:colcon.colcon_core.package_identification:_identify(src) by extensions ['python_setup_py']
[0.241s] Level 1:colcon.colcon_core.package_identification:_identify(src) by extension 'python_setup_py'
[0.241s] Level 1:colcon.colcon_core.package_identification:_identify(src/external) by extensions ['ignore', 'ignore_ament_install']
[0.241s] Level 1:colcon.colcon_core.package_identification:_identify(src/external) by extension 'ignore'
[0.241s] Level 1:colcon.colcon_core.package_identification:_identify(src/external) by extension 'ignore_ament_install'
[0.241s] Level 1:colcon.colcon_core.package_identification:_identify(src/external) by extensions ['colcon_pkg']
[0.241s] Level 1:colcon.colcon_core.package_identification:_identify(src/external) by extension 'colcon_pkg'
[0.241s] Level 1:colcon.colcon_core.package_identification:_identify(src/external) by extensions ['colcon_meta']
[0.241s] Level 1:colcon.colcon_core.package_identification:_identify(src/external) by extension 'colcon_meta'
[0.241s] Level 1:colcon.colcon_core.package_identification:_identify(src/external) by extensions ['ros']
[0.241s] Level 1:colcon.colcon_core.package_identification:_identify(src/external) by extension 'ros'
[0.242s] Level 1:colcon.colcon_core.package_identification:_identify(src/external) by extensions ['cmake', 'python']
[0.242s] Level 1:colcon.colcon_core.package_identification:_identify(src/external) by extension 'cmake'
[0.242s] Level 1:colcon.colcon_core.package_identification:_identify(src/external) by extension 'python'
[0.242s] Level 1:colcon.colcon_core.package_identification:_identify(src/external) by extensions ['python_setup_py']
[0.242s] Level 1:colcon.colcon_core.package_identification:_identify(src/external) by extension 'python_setup_py'
[0.242s] Level 1:colcon.colcon_core.package_identification:_identify(src/external/inav) by extensions ['ignore', 'ignore_ament_install']
[0.242s] Level 1:colcon.colcon_core.package_identification:_identify(src/external/inav) by extension 'ignore'
[0.242s] Level 1:colcon.colcon_core.package_identification:_identify(src/external/inav) by extension 'ignore_ament_install'
[0.242s] Level 1:colcon.colcon_core.package_identification:_identify(src/external/inav) by extensions ['colcon_pkg']
[0.242s] Level 1:colcon.colcon_core.package_identification:_identify(src/external/inav) by extension 'colcon_pkg'
[0.242s] Level 1:colcon.colcon_core.package_identification:_identify(src/external/inav) by extensions ['colcon_meta']
[0.242s] Level 1:colcon.colcon_core.package_identification:_identify(src/external/inav) by extension 'colcon_meta'
[0.242s] Level 1:colcon.colcon_core.package_identification:_identify(src/external/inav) by extensions ['ros']
[0.242s] Level 1:colcon.colcon_core.package_identification:_identify(src/external/inav) by extension 'ros'
[0.242s] Level 1:colcon.colcon_core.package_identification:_identify(src/external/inav) by extensions ['cmake', 'python']
[0.243s] Level 1:colcon.colcon_core.package_identification:_identify(src/external/inav) by extension 'cmake'
[0.243s] Level 1:colcon.colcon_core.package_identification:_identify(src/external/inav) by extension 'python'
[0.243s] Level 1:colcon.colcon_core.package_identification:_identify(src/external/inav) by extensions ['python_setup_py']
[0.243s] Level 1:colcon.colcon_core.package_identification:_identify(src/external/inav) by extension 'python_setup_py'
[0.243s] Level 1:colcon.colcon_core.package_identification:_identify(src/external/inav/src) by extensions ['ignore', 'ignore_ament_install']
[0.243s] Level 1:colcon.colcon_core.package_identification:_identify(src/external/inav/src) by extension 'ignore'
[0.243s] Level 1:colcon.colcon_core.package_identification:_identify(src/external/inav/src) by extension 'ignore_ament_install'
[0.243s] Level 1:colcon.colcon_core.package_identification:_identify(src/external/inav/src) by extensions ['colcon_pkg']
[0.243s] Level 1:colcon.colcon_core.package_identification:_identify(src/external/inav/src) by extension 'colcon_pkg'
[0.243s] Level 1:colcon.colcon_core.package_identification:_identify(src/external/inav/src) by extensions ['colcon_meta']
[0.243s] Level 1:colcon.colcon_core.package_identification:_identify(src/external/inav/src) by extension 'colcon_meta'
[0.243s] Level 1:colcon.colcon_core.package_identification:_identify(src/external/inav/src) by extensions ['ros']
[0.243s] Level 1:colcon.colcon_core.package_identification:_identify(src/external/inav/src) by extension 'ros'
[0.244s] Level 1:colcon.colcon_core.package_identification:_identify(src/external/inav/src) by extensions ['cmake', 'python']
[0.244s] Level 1:colcon.colcon_core.package_identification:_identify(src/external/inav/src) by extension 'cmake'
[0.244s] Level 1:colcon.colcon_core.package_identification:_identify(src/external/inav/src) by extension 'python'
[0.244s] Level 1:colcon.colcon_core.package_identification:_identify(src/external/inav/src) by extensions ['python_setup_py']
[0.244s] Level 1:colcon.colcon_core.package_identification:_identify(src/external/inav/src) by extension 'python_setup_py'
[0.244s] Level 1:colcon.colcon_core.package_identification:_identify(src/external/inav/src/main) by extensions ['ignore', 'ignore_ament_install']
[0.244s] Level 1:colcon.colcon_core.package_identification:_identify(src/external/inav/src/main) by extension 'ignore'
[0.244s] Level 1:colcon.colcon_core.package_identification:_identify(src/external/inav/src/main) by extension 'ignore_ament_install'
[0.244s] Level 1:colcon.colcon_core.package_identification:_identify(src/external/inav/src/main) by extensions ['colcon_pkg']
[0.244s] Level 1:colcon.colcon_core.package_identification:_identify(src/external/inav/src/main) by extension 'colcon_pkg'
[0.244s] Level 1:colcon.colcon_core.package_identification:_identify(src/external/inav/src/main) by extensions ['colcon_meta']
[0.244s] Level 1:colcon.colcon_core.package_identification:_identify(src/external/inav/src/main) by extension 'colcon_meta'
[0.244s] Level 1:colcon.colcon_core.package_identification:_identify(src/external/inav/src/main) by extensions ['ros']
[0.244s] Level 1:colcon.colcon_core.package_identification:_identify(src/external/inav/src/main) by extension 'ros'
[0.244s] Level 1:colcon.colcon_core.package_identification:_identify(src/external/inav/src/main) by extensions ['cmake', 'python']
[0.244s] Level 1:colcon.colcon_core.package_identification:_identify(src/external/inav/src/main) by extension 'cmake'
[0.245s] Level 1:colcon.colcon_core.package_identification:_identify(src/external/inav/src/main) by extension 'python'
[0.245s] Level 1:colcon.colcon_core.package_identification:_identify(src/external/inav/src/main) by extensions ['python_setup_py']
[0.245s] Level 1:colcon.colcon_core.package_identification:_identify(src/external/inav/src/main) by extension 'python_setup_py'
[0.245s] Level 1:colcon.colcon_core.package_identification:_identify(src/external/inav/src/main/msp) by extensions ['ignore', 'ignore_ament_install']
[0.245s] Level 1:colcon.colcon_core.package_identification:_identify(src/external/inav/src/main/msp) by extension 'ignore'
[0.245s] Level 1:colcon.colcon_core.package_identification:_identify(src/external/inav/src/main/msp) by extension 'ignore_ament_install'
[0.245s] Level 1:colcon.colcon_core.package_identification:_identify(src/external/inav/src/main/msp) by extensions ['colcon_pkg']
[0.245s] Level 1:colcon.colcon_core.package_identification:_identify(src/external/inav/src/main/msp) by extension 'colcon_pkg'
[0.245s] Level 1:colcon.colcon_core.package_identification:_identify(src/external/inav/src/main/msp) by extensions ['colcon_meta']
[0.245s] Level 1:colcon.colcon_core.package_identification:_identify(src/external/inav/src/main/msp) by extension 'colcon_meta'
[0.245s] Level 1:colcon.colcon_core.package_identification:_identify(src/external/inav/src/main/msp) by extensions ['ros']
[0.245s] Level 1:colcon.colcon_core.package_identification:_identify(src/external/inav/src/main/msp) by extension 'ros'
[0.245s] Level 1:colcon.colcon_core.package_identification:_identify(src/external/inav/src/main/msp) by extensions ['cmake', 'python']
[0.245s] Level 1:colcon.colcon_core.package_identification:_identify(src/external/inav/src/main/msp) by extension 'cmake'
[0.245s] Level 1:colcon.colcon_core.package_identification:_identify(src/external/inav/src/main/msp) by extension 'python'
[0.245s] Level 1:colcon.colcon_core.package_identification:_identify(src/external/inav/src/main/msp) by extensions ['python_setup_py']
[0.245s] Level 1:colcon.colcon_core.package_identification:_identify(src/external/inav/src/main/msp) by extension 'python_setup_py'
[0.246s] Level 1:colcon.colcon_core.package_identification:_identify(src/ros2_wheeltec_n100_imu) by extensions ['ignore', 'ignore_ament_install']
[0.246s] Level 1:colcon.colcon_core.package_identification:_identify(src/ros2_wheeltec_n100_imu) by extension 'ignore'
[0.246s] Level 1:colcon.colcon_core.package_identification:_identify(src/ros2_wheeltec_n100_imu) by extension 'ignore_ament_install'
[0.246s] Level 1:colcon.colcon_core.package_identification:_identify(src/ros2_wheeltec_n100_imu) by extensions ['colcon_pkg']
[0.246s] Level 1:colcon.colcon_core.package_identification:_identify(src/ros2_wheeltec_n100_imu) by extension 'colcon_pkg'
[0.246s] Level 1:colcon.colcon_core.package_identification:_identify(src/ros2_wheeltec_n100_imu) by extensions ['colcon_meta']
[0.246s] Level 1:colcon.colcon_core.package_identification:_identify(src/ros2_wheeltec_n100_imu) by extension 'colcon_meta'
[0.246s] Level 1:colcon.colcon_core.package_identification:_identify(src/ros2_wheeltec_n100_imu) by extensions ['ros']
[0.246s] Level 1:colcon.colcon_core.package_identification:_identify(src/ros2_wheeltec_n100_imu) by extension 'ros'
[0.250s] DEBUG:colcon.colcon_core.package_identification:Package 'src/ros2_wheeltec_n100_imu' with type 'ros.ament_cmake' and name 'wheeltec_n100_imu'
[0.250s] Level 1:colcon.colcon_core.package_identification:_identify(src/serial-ros2) by extensions ['ignore', 'ignore_ament_install']
[0.250s] Level 1:colcon.colcon_core.package_identification:_identify(src/serial-ros2) by extension 'ignore'
[0.250s] Level 1:colcon.colcon_core.package_identification:_identify(src/serial-ros2) by extension 'ignore_ament_install'
[0.250s] Level 1:colcon.colcon_core.package_identification:_identify(src/serial-ros2) by extensions ['colcon_pkg']
[0.250s] Level 1:colcon.colcon_core.package_identification:_identify(src/serial-ros2) by extension 'colcon_pkg'
[0.250s] Level 1:colcon.colcon_core.package_identification:_identify(src/serial-ros2) by extensions ['colcon_meta']
[0.250s] Level 1:colcon.colcon_core.package_identification:_identify(src/serial-ros2) by extension 'colcon_meta'
[0.250s] Level 1:colcon.colcon_core.package_identification:_identify(src/serial-ros2) by extensions ['ros']
[0.251s] Level 1:colcon.colcon_core.package_identification:_identify(src/serial-ros2) by extension 'ros'
[0.251s] DEBUG:colcon.colcon_core.package_identification:Package 'src/serial-ros2' with type 'ros.ament_cmake' and name 'serial'
[0.251s] Level 1:colcon.colcon_core.package_identification:_identify(src/transformer_bringup) by extensions ['ignore', 'ignore_ament_install']
[0.252s] Level 1:colcon.colcon_core.package_identification:_identify(src/transformer_bringup) by extension 'ignore'
[0.252s] Level 1:colcon.colcon_core.package_identification:_identify(src/transformer_bringup) by extension 'ignore_ament_install'
[0.252s] Level 1:colcon.colcon_core.package_identification:_identify(src/transformer_bringup) by extensions ['colcon_pkg']
[0.252s] Level 1:colcon.colcon_core.package_identification:_identify(src/transformer_bringup) by extension 'colcon_pkg'
[0.252s] Level 1:colcon.colcon_core.package_identification:_identify(src/transformer_bringup) by extensions ['colcon_meta']
[0.252s] Level 1:colcon.colcon_core.package_identification:_identify(src/transformer_bringup) by extension 'colcon_meta'
[0.252s] Level 1:colcon.colcon_core.package_identification:_identify(src/transformer_bringup) by extensions ['ros']
[0.252s] Level 1:colcon.colcon_core.package_identification:_identify(src/transformer_bringup) by extension 'ros'
[0.253s] DEBUG:colcon.colcon_core.package_identification:Package 'src/transformer_bringup' with type 'ros.ament_cmake' and name 'transformer_bringup'
[0.253s] Level 1:colcon.colcon_core.package_identification:_identify(src/transformer_controller) by extensions ['ignore', 'ignore_ament_install']
[0.253s] Level 1:colcon.colcon_core.package_identification:_identify(src/transformer_controller) by extension 'ignore'
[0.253s] Level 1:colcon.colcon_core.package_identification:_identify(src/transformer_controller) by extension 'ignore_ament_install'
[0.253s] Level 1:colcon.colcon_core.package_identification:_identify(src/transformer_controller) by extensions ['colcon_pkg']
[0.253s] Level 1:colcon.colcon_core.package_identification:_identify(src/transformer_controller) by extension 'colcon_pkg'
[0.253s] Level 1:colcon.colcon_core.package_identification:_identify(src/transformer_controller) by extensions ['colcon_meta']
[0.253s] Level 1:colcon.colcon_core.package_identification:_identify(src/transformer_controller) by extension 'colcon_meta'
[0.253s] Level 1:colcon.colcon_core.package_identification:_identify(src/transformer_controller) by extensions ['ros']
[0.253s] Level 1:colcon.colcon_core.package_identification:_identify(src/transformer_controller) by extension 'ros'
[0.255s] DEBUG:colcon.colcon_core.package_identification:Package 'src/transformer_controller' with type 'ros.ament_cmake' and name 'transformer_controller'
[0.255s] Level 1:colcon.colcon_core.package_identification:_identify(src/transformer_hw_actuators) by extensions ['ignore', 'ignore_ament_install']
[0.255s] Level 1:colcon.colcon_core.package_identification:_identify(src/transformer_hw_actuators) by extension 'ignore'
[0.255s] Level 1:colcon.colcon_core.package_identification:_identify(src/transformer_hw_actuators) by extension 'ignore_ament_install'
[0.255s] Level 1:colcon.colcon_core.package_identification:_identify(src/transformer_hw_actuators) by extensions ['colcon_pkg']
[0.255s] Level 1:colcon.colcon_core.package_identification:_identify(src/transformer_hw_actuators) by extension 'colcon_pkg'
[0.255s] Level 1:colcon.colcon_core.package_identification:_identify(src/transformer_hw_actuators) by extensions ['colcon_meta']
[0.255s] Level 1:colcon.colcon_core.package_identification:_identify(src/transformer_hw_actuators) by extension 'colcon_meta'
[0.255s] Level 1:colcon.colcon_core.package_identification:_identify(src/transformer_hw_actuators) by extensions ['ros']
[0.255s] Level 1:colcon.colcon_core.package_identification:_identify(src/transformer_hw_actuators) by extension 'ros'
[0.256s] DEBUG:colcon.colcon_core.package_identification:Package 'src/transformer_hw_actuators' with type 'ros.ament_cmake' and name 'transformer_hw_actuators'
[0.256s] Level 1:colcon.colcon_core.package_identification:_identify(src/transformer_hw_servos) by extensions ['ignore', 'ignore_ament_install']
[0.257s] Level 1:colcon.colcon_core.package_identification:_identify(src/transformer_hw_servos) by extension 'ignore'
[0.257s] Level 1:colcon.colcon_core.package_identification:_identify(src/transformer_hw_servos) by extension 'ignore_ament_install'
[0.257s] Level 1:colcon.colcon_core.package_identification:_identify(src/transformer_hw_servos) by extensions ['colcon_pkg']
[0.257s] Level 1:colcon.colcon_core.package_identification:_identify(src/transformer_hw_servos) by extension 'colcon_pkg'
[0.257s] Level 1:colcon.colcon_core.package_identification:_identify(src/transformer_hw_servos) by extensions ['colcon_meta']
[0.257s] Level 1:colcon.colcon_core.package_identification:_identify(src/transformer_hw_servos) by extension 'colcon_meta'
[0.257s] Level 1:colcon.colcon_core.package_identification:_identify(src/transformer_hw_servos) by extensions ['ros']
[0.257s] Level 1:colcon.colcon_core.package_identification:_identify(src/transformer_hw_servos) by extension 'ros'
[0.258s] DEBUG:colcon.colcon_core.package_identification:Package 'src/transformer_hw_servos' with type 'ros.ament_cmake' and name 'transformer_hw_servos'
[0.258s] Level 1:colcon.colcon_core.package_identification:_identify(src/transformer_msp_bridge) by extensions ['ignore', 'ignore_ament_install']
[0.258s] Level 1:colcon.colcon_core.package_identification:_identify(src/transformer_msp_bridge) by extension 'ignore'
[0.258s] Level 1:colcon.colcon_core.package_identification:_identify(src/transformer_msp_bridge) by extension 'ignore_ament_install'
[0.258s] Level 1:colcon.colcon_core.package_identification:_identify(src/transformer_msp_bridge) by extensions ['colcon_pkg']
[0.258s] Level 1:colcon.colcon_core.package_identification:_identify(src/transformer_msp_bridge) by extension 'colcon_pkg'
[0.258s] Level 1:colcon.colcon_core.package_identification:_identify(src/transformer_msp_bridge) by extensions ['colcon_meta']
[0.258s] Level 1:colcon.colcon_core.package_identification:_identify(src/transformer_msp_bridge) by extension 'colcon_meta'
[0.258s] Level 1:colcon.colcon_core.package_identification:_identify(src/transformer_msp_bridge) by extensions ['ros']
[0.258s] Level 1:colcon.colcon_core.package_identification:_identify(src/transformer_msp_bridge) by extension 'ros'
[0.260s] DEBUG:colcon.colcon_core.package_identification:Package 'src/transformer_msp_bridge' with type 'ros.ament_cmake' and name 'transformer_msp_bridge'
[0.260s] Level 1:colcon.colcon_core.package_discovery:discover_packages(recursive) using defaults
[0.260s] Level 1:colcon.colcon_core.package_discovery:discover_packages(ignore) discover
[0.260s] Level 1:colcon.colcon_core.package_discovery:discover_packages(ignore) using defaults
[0.260s] Level 1:colcon.colcon_core.package_discovery:discover_packages(path) discover
[0.260s] Level 1:colcon.colcon_core.package_discovery:discover_packages(path) using defaults
[0.284s] INFO:colcon.colcon_core.package_selection:Skipping not selected package 'serial' in 'src/serial-ros2'
[0.284s] INFO:colcon.colcon_core.package_selection:Skipping not selected package 'transformer_hw_actuators' in 'src/transformer_hw_actuators'
[0.285s] INFO:colcon.colcon_core.package_selection:Skipping not selected package 'transformer_msp_bridge' in 'src/transformer_msp_bridge'
[0.285s] INFO:colcon.colcon_core.package_selection:Skipping not selected package 'transformer_controller' in 'src/transformer_controller'
[0.285s] INFO:colcon.colcon_core.package_selection:Skipping not selected package 'wheeltec_n100_imu' in 'src/ros2_wheeltec_n100_imu'
[0.285s] INFO:colcon.colcon_core.package_selection:Skipping not selected package 'transformer_bringup' in 'src/transformer_bringup'
[0.285s] Level 1:colcon.colcon_core.package_discovery:discover_packages(prefix_path) check parameters
[0.285s] Level 1:colcon.colcon_core.package_discovery:discover_packages(prefix_path) discover
[0.288s] DEBUG:colcon.colcon_installed_package_information.package_discovery:Found 7 installed packages in /home/atvpi/ros2_ws/install
[0.289s] DEBUG:colcon.colcon_installed_package_information.package_discovery:Found 209 installed packages in /opt/ros/jazzy
[0.291s] Level 1:colcon.colcon_core.package_discovery:discover_packages(prefix_path) using defaults
[0.333s] Level 5:colcon.colcon_core.verb:set package 'transformer_hw_servos' build argument 'cmake_args' from command line to 'None'
[0.333s] Level 5:colcon.colcon_core.verb:set package 'transformer_hw_servos' build argument 'cmake_target' from command line to 'None'
[0.333s] Level 5:colcon.colcon_core.verb:set package 'transformer_hw_servos' build argument 'cmake_target_skip_unavailable' from command line to 'False'
[0.333s] Level 5:colcon.colcon_core.verb:set package 'transformer_hw_servos' build argument 'cmake_clean_cache' from command line to 'False'
[0.333s] Level 5:colcon.colcon_core.verb:set package 'transformer_hw_servos' build argument 'cmake_clean_first' from command line to 'False'
[0.333s] Level 5:colcon.colcon_core.verb:set package 'transformer_hw_servos' build argument 'cmake_force_configure' from command line to 'False'
[0.333s] Level 5:colcon.colcon_core.verb:set package 'transformer_hw_servos' build argument 'ament_cmake_args' from command line to 'None'
[0.333s] Level 5:colcon.colcon_core.verb:set package 'transformer_hw_servos' build argument 'catkin_cmake_args' from command line to 'None'
[0.333s] Level 5:colcon.colcon_core.verb:set package 'transformer_hw_servos' build argument 'catkin_skip_building_tests' from command line to 'False'
[0.333s] DEBUG:colcon.colcon_core.verb:Building package 'transformer_hw_servos' with the following arguments: {'ament_cmake_args': None, 'build_base': '/home/atvpi/ros2_ws/build/transformer_hw_servos', 'catkin_cmake_args': None, 'catkin_skip_building_tests': False, 'cmake_args': None, 'cmake_clean_cache': False, 'cmake_clean_first': False, 'cmake_force_configure': False, 'cmake_target': None, 'cmake_target_skip_unavailable': False, 'install_base': '/home/atvpi/ros2_ws/install/transformer_hw_servos', 'merge_install': False, 'path': '/home/atvpi/ros2_ws/src/transformer_hw_servos', 'symlink_install': False, 'test_result_base': None}
[0.334s] INFO:colcon.colcon_core.executor:Executing jobs using 'parallel' executor
[0.335s] DEBUG:colcon.colcon_parallel_executor.executor.parallel:run_until_complete
[0.335s] INFO:colcon.colcon_ros.task.ament_cmake.build:Building ROS package in '/home/atvpi/ros2_ws/src/transformer_hw_servos' with build type 'ament_cmake'
[0.335s] INFO:colcon.colcon_cmake.task.cmake.build:Building CMake package in '/home/atvpi/ros2_ws/src/transformer_hw_servos'
[0.338s] INFO:colcon.colcon_core.plugin_system:Skipping extension 'colcon_core.shell.bat': Not used on non-Windows systems
[0.338s] INFO:colcon.colcon_core.shell:Skip shell extension 'powershell' for command environment: Not usable outside of PowerShell
[0.338s] DEBUG:colcon.colcon_core.shell:Skip shell extension 'dsv' for command environment
[0.351s] DEBUG:colcon.colcon_core.event_handler.log_command:Invoking command in '/home/atvpi/ros2_ws/build/transformer_hw_servos': CMAKE_PREFIX_PATH=${CMAKE_PREFIX_PATH}:/opt/ros/jazzy /usr/bin/cmake --build /home/atvpi/ros2_ws/build/transformer_hw_servos -- -j4 -l4
[8.228s] DEBUG:colcon.colcon_core.event_handler.log_command:Invoked command in '/home/atvpi/ros2_ws/build/transformer_hw_servos' returned '0': CMAKE_PREFIX_PATH=${CMAKE_PREFIX_PATH}:/opt/ros/jazzy /usr/bin/cmake --build /home/atvpi/ros2_ws/build/transformer_hw_servos -- -j4 -l4
[8.247s] DEBUG:colcon.colcon_core.event_handler.log_command:Invoking command in '/home/atvpi/ros2_ws/build/transformer_hw_servos': CMAKE_PREFIX_PATH=${CMAKE_PREFIX_PATH}:/opt/ros/jazzy /usr/bin/cmake --install /home/atvpi/ros2_ws/build/transformer_hw_servos
[8.344s] Level 1:colcon.colcon_core.environment:create_environment_scripts_only(transformer_hw_servos)
[8.344s] DEBUG:colcon.colcon_core.event_handler.log_command:Invoked command in '/home/atvpi/ros2_ws/build/transformer_hw_servos' returned '0': CMAKE_PREFIX_PATH=${CMAKE_PREFIX_PATH}:/opt/ros/jazzy /usr/bin/cmake --install /home/atvpi/ros2_ws/build/transformer_hw_servos
[8.347s] Level 1:colcon.colcon_core.environment:checking '/home/atvpi/ros2_ws/install/transformer_hw_servos' for CMake module files
[8.348s] Level 1:colcon.colcon_core.environment:checking '/home/atvpi/ros2_ws/install/transformer_hw_servos' for CMake config files
[8.348s] Level 1:colcon.colcon_core.shell:create_environment_hook('transformer_hw_servos', 'cmake_prefix_path')
[8.349s] INFO:colcon.colcon_core.shell:Creating environment hook '/home/atvpi/ros2_ws/install/transformer_hw_servos/share/transformer_hw_servos/hook/cmake_prefix_path.ps1'
[8.350s] INFO:colcon.colcon_core.shell:Creating environment descriptor '/home/atvpi/ros2_ws/install/transformer_hw_servos/share/transformer_hw_servos/hook/cmake_prefix_path.dsv'
[8.350s] INFO:colcon.colcon_core.shell:Creating environment hook '/home/atvpi/ros2_ws/install/transformer_hw_servos/share/transformer_hw_servos/hook/cmake_prefix_path.sh'
[8.351s] Level 1:colcon.colcon_core.environment:checking '/home/atvpi/ros2_ws/install/transformer_hw_servos/lib'
[8.352s] Level 1:colcon.colcon_core.shell:create_environment_hook('transformer_hw_servos', 'ld_library_path_lib')
[8.352s] INFO:colcon.colcon_core.shell:Creating environment hook '/home/atvpi/ros2_ws/install/transformer_hw_servos/share/transformer_hw_servos/hook/ld_library_path_lib.ps1'
[8.352s] INFO:colcon.colcon_core.shell:Creating environment descriptor '/home/atvpi/ros2_ws/install/transformer_hw_servos/share/transformer_hw_servos/hook/ld_library_path_lib.dsv'
[8.353s] INFO:colcon.colcon_core.shell:Creating environment hook '/home/atvpi/ros2_ws/install/transformer_hw_servos/share/transformer_hw_servos/hook/ld_library_path_lib.sh'
[8.354s] Level 1:colcon.colcon_core.environment:checking '/home/atvpi/ros2_ws/install/transformer_hw_servos/bin'
[8.354s] Level 1:colcon.colcon_core.environment:checking '/home/atvpi/ros2_ws/install/transformer_hw_servos/lib/pkgconfig/transformer_hw_servos.pc'
[8.354s] Level 1:colcon.colcon_core.environment:checking '/home/atvpi/ros2_ws/install/transformer_hw_servos/lib/python3.12/site-packages'
[8.355s] Level 1:colcon.colcon_core.shell:create_environment_hook('transformer_hw_servos', 'pythonpath')
[8.355s] INFO:colcon.colcon_core.shell:Creating environment hook '/home/atvpi/ros2_ws/install/transformer_hw_servos/share/transformer_hw_servos/hook/pythonpath.ps1'
[8.355s] INFO:colcon.colcon_core.shell:Creating environment descriptor '/home/atvpi/ros2_ws/install/transformer_hw_servos/share/transformer_hw_servos/hook/pythonpath.dsv'
[8.356s] INFO:colcon.colcon_core.shell:Creating environment hook '/home/atvpi/ros2_ws/install/transformer_hw_servos/share/transformer_hw_servos/hook/pythonpath.sh'
[8.357s] Level 1:colcon.colcon_core.environment:checking '/home/atvpi/ros2_ws/install/transformer_hw_servos/bin'
[8.357s] INFO:colcon.colcon_core.shell:Creating package script '/home/atvpi/ros2_ws/install/transformer_hw_servos/share/transformer_hw_servos/package.ps1'
[8.358s] INFO:colcon.colcon_core.shell:Creating package descriptor '/home/atvpi/ros2_ws/install/transformer_hw_servos/share/transformer_hw_servos/package.dsv'
[8.361s] INFO:colcon.colcon_core.shell:Creating package script '/home/atvpi/ros2_ws/install/transformer_hw_servos/share/transformer_hw_servos/package.sh'
[8.363s] INFO:colcon.colcon_core.shell:Creating package script '/home/atvpi/ros2_ws/install/transformer_hw_servos/share/transformer_hw_servos/package.bash'
[8.364s] INFO:colcon.colcon_core.shell:Creating package script '/home/atvpi/ros2_ws/install/transformer_hw_servos/share/transformer_hw_servos/package.zsh'
[8.366s] Level 1:colcon.colcon_core.environment:create_file_with_runtime_dependencies(/home/atvpi/ros2_ws/install/transformer_hw_servos/share/colcon-core/packages/transformer_hw_servos)
[8.369s] Level 1:colcon.colcon_core.environment:create_environment_scripts_only(transformer_hw_servos)
[8.369s] Level 1:colcon.colcon_core.environment:checking '/home/atvpi/ros2_ws/install/transformer_hw_servos' for CMake module files
[8.370s] Level 1:colcon.colcon_core.environment:checking '/home/atvpi/ros2_ws/install/transformer_hw_servos' for CMake config files
[8.371s] Level 1:colcon.colcon_core.shell:create_environment_hook('transformer_hw_servos', 'cmake_prefix_path')
[8.371s] INFO:colcon.colcon_core.shell:Creating environment hook '/home/atvpi/ros2_ws/install/transformer_hw_servos/share/transformer_hw_servos/hook/cmake_prefix_path.ps1'
[8.372s] INFO:colcon.colcon_core.shell:Creating environment descriptor '/home/atvpi/ros2_ws/install/transformer_hw_servos/share/transformer_hw_servos/hook/cmake_prefix_path.dsv'
[8.373s] INFO:colcon.colcon_core.shell:Creating environment hook '/home/atvpi/ros2_ws/install/transformer_hw_servos/share/transformer_hw_servos/hook/cmake_prefix_path.sh'
[8.375s] Level 1:colcon.colcon_core.environment:checking '/home/atvpi/ros2_ws/install/transformer_hw_servos/lib'
[8.376s] Level 1:colcon.colcon_core.shell:create_environment_hook('transformer_hw_servos', 'ld_library_path_lib')
[8.376s] INFO:colcon.colcon_core.shell:Creating environment hook '/home/atvpi/ros2_ws/install/transformer_hw_servos/share/transformer_hw_servos/hook/ld_library_path_lib.ps1'
[8.378s] INFO:colcon.colcon_core.shell:Creating environment descriptor '/home/atvpi/ros2_ws/install/transformer_hw_servos/share/transformer_hw_servos/hook/ld_library_path_lib.dsv'
[8.379s] INFO:colcon.colcon_core.shell:Creating environment hook '/home/atvpi/ros2_ws/install/transformer_hw_servos/share/transformer_hw_servos/hook/ld_library_path_lib.sh'
[8.380s] Level 1:colcon.colcon_core.environment:checking '/home/atvpi/ros2_ws/install/transformer_hw_servos/bin'
[8.380s] Level 1:colcon.colcon_core.environment:checking '/home/atvpi/ros2_ws/install/transformer_hw_servos/lib/pkgconfig/transformer_hw_servos.pc'
[8.381s] Level 1:colcon.colcon_core.environment:checking '/home/atvpi/ros2_ws/install/transformer_hw_servos/lib/python3.12/site-packages'
[8.381s] Level 1:colcon.colcon_core.shell:create_environment_hook('transformer_hw_servos', 'pythonpath')
[8.381s] INFO:colcon.colcon_core.shell:Creating environment hook '/home/atvpi/ros2_ws/install/transformer_hw_servos/share/transformer_hw_servos/hook/pythonpath.ps1'
[8.382s] INFO:colcon.colcon_core.shell:Creating environment descriptor '/home/atvpi/ros2_ws/install/transformer_hw_servos/share/transformer_hw_servos/hook/pythonpath.dsv'
[8.384s] INFO:colcon.colcon_core.shell:Creating environment hook '/home/atvpi/ros2_ws/install/transformer_hw_servos/share/transformer_hw_servos/hook/pythonpath.sh'
[8.386s] Level 1:colcon.colcon_core.environment:checking '/home/atvpi/ros2_ws/install/transformer_hw_servos/bin'
[8.386s] INFO:colcon.colcon_core.shell:Creating package script '/home/atvpi/ros2_ws/install/transformer_hw_servos/share/transformer_hw_servos/package.ps1'
[8.387s] INFO:colcon.colcon_core.shell:Creating package descriptor '/home/atvpi/ros2_ws/install/transformer_hw_servos/share/transformer_hw_servos/package.dsv'
[8.389s] INFO:colcon.colcon_core.shell:Creating package script '/home/atvpi/ros2_ws/install/transformer_hw_servos/share/transformer_hw_servos/package.sh'
[8.390s] INFO:colcon.colcon_core.shell:Creating package script '/home/atvpi/ros2_ws/install/transformer_hw_servos/share/transformer_hw_servos/package.bash'
[8.390s] INFO:colcon.colcon_core.shell:Creating package script '/home/atvpi/ros2_ws/install/transformer_hw_servos/share/transformer_hw_servos/package.zsh'
[8.391s] Level 1:colcon.colcon_core.environment:create_file_with_runtime_dependencies(/home/atvpi/ros2_ws/install/transformer_hw_servos/share/colcon-core/packages/transformer_hw_servos)
[8.392s] DEBUG:colcon.colcon_parallel_executor.executor.parallel:closing loop
[8.393s] DEBUG:colcon.colcon_parallel_executor.executor.parallel:loop closed
[8.393s] DEBUG:colcon.colcon_parallel_executor.executor.parallel:run_until_complete finished with '0'
[8.393s] DEBUG:colcon.colcon_core.event_reactor:joining thread
[8.402s] INFO:colcon.colcon_core.plugin_system:Skipping extension 'colcon_notification.desktop_notification.notify_send': Could not find 'notify-send'
[8.402s] INFO:colcon.colcon_core.plugin_system:Skipping extension 'colcon_notification.desktop_notification.terminal_notifier': Not used on non-Darwin systems
[8.402s] INFO:colcon.colcon_core.plugin_system:Skipping extension 'colcon_notification.desktop_notification.win32': Not used on non-Windows systems
[8.402s] INFO:colcon.colcon_notification.desktop_notification:Sending desktop notification using 'notify2'
[8.404s] DEBUG:colcon.colcon_notification.desktop_notification.notify2:Failed to initialize notify2: org.freedesktop.DBus.Error.ServiceUnknown: The name org.freedesktop.Notifications was not provided by any .service files
[8.404s] DEBUG:colcon.colcon_core.event_reactor:joined thread
[8.404s] INFO:colcon.colcon_core.shell:Creating prefix script '/home/atvpi/ros2_ws/install/local_setup.ps1'
[8.405s] INFO:colcon.colcon_core.shell:Creating prefix util module '/home/atvpi/ros2_ws/install/_local_setup_util_ps1.py'
[8.407s] INFO:colcon.colcon_core.shell:Creating prefix chain script '/home/atvpi/ros2_ws/install/setup.ps1'
[8.408s] INFO:colcon.colcon_core.shell:Creating prefix script '/home/atvpi/ros2_ws/install/local_setup.sh'
[8.410s] INFO:colcon.colcon_core.shell:Creating prefix util module '/home/atvpi/ros2_ws/install/_local_setup_util_sh.py'
[8.412s] INFO:colcon.colcon_core.shell:Creating prefix chain script '/home/atvpi/ros2_ws/install/setup.sh'
[8.414s] INFO:colcon.colcon_core.shell:Creating prefix script '/home/atvpi/ros2_ws/install/local_setup.bash'
[8.415s] INFO:colcon.colcon_core.shell:Creating prefix chain script '/home/atvpi/ros2_ws/install/setup.bash'
[8.417s] INFO:colcon.colcon_core.shell:Creating prefix script '/home/atvpi/ros2_ws/install/local_setup.zsh'
[8.419s] INFO:colcon.colcon_core.shell:Creating prefix chain script '/home/atvpi/ros2_ws/install/setup.zsh'
