[0.018s] Invoking command in '/home/atvpi/ros2_ws/build/transformer_hw_servos': CMAKE_PREFIX_PATH=${CMAKE_PREFIX_PATH}:/opt/ros/jazzy /usr/bin/cmake --build /home/atvpi/ros2_ws/build/transformer_hw_servos -- -j4 -l4
[0.113s] [  2%] Built target transformer_hw_servos__rosidl_generator_type_description
[0.165s] [  2%] Built target ament_cmake_python_copy_transformer_hw_servos
[0.182s] [  5%] Built target transformer_hw_servos__cpp
[0.202s] [ 18%] Built target transformer_hw_servos__rosidl_generator_c
[0.303s] [ 26%] Built target transformer_hw_servos__rosidl_typesupport_cpp
[0.316s] [ 34%] Built target transformer_hw_servos__rosidl_typesupport_fastrtps_cpp
[0.331s] [ 42%] Built target transformer_hw_servos__rosidl_typesupport_fastrtps_c
[0.392s] [ 50%] Built target transformer_hw_servos__rosidl_typesupport_introspection_c
[0.460s] [ 57%] Built target transformer_hw_servos__rosidl_typesupport_c
[0.484s] [ 65%] Built target transformer_hw_servos__rosidl_typesupport_introspection_cpp
[0.573s] [ 76%] Built target servos_node
[0.615s] [ 76%] Built target transformer_hw_servos
[0.688s] [ 78%] Built target transformer_hw_servos__py
[0.757s] [ 84%] Built target transformer_hw_servos__rosidl_generator_py
[0.918s] [ 89%] Built target transformer_hw_servos_s__rosidl_typesupport_fastrtps_c
[0.950s] [ 94%] Built target transformer_hw_servos_s__rosidl_typesupport_introspection_c
[0.968s] [100%] Built target transformer_hw_servos_s__rosidl_typesupport_c
[1.183s] running egg_info
[1.232s] writing transformer_hw_servos.egg-info/PKG-INFO
[1.233s] writing dependency_links to transformer_hw_servos.egg-info/dependency_links.txt
[1.236s] writing top-level names to transformer_hw_servos.egg-info/top_level.txt
[1.338s] reading manifest file 'transformer_hw_servos.egg-info/SOURCES.txt'
[1.339s] writing manifest file 'transformer_hw_servos.egg-info/SOURCES.txt'
[1.465s] [100%] Built target ament_cmake_python_build_transformer_hw_servos_egg
[1.509s] Invoked command in '/home/atvpi/ros2_ws/build/transformer_hw_servos' returned '0': CMAKE_PREFIX_PATH=${CMAKE_PREFIX_PATH}:/opt/ros/jazzy /usr/bin/cmake --build /home/atvpi/ros2_ws/build/transformer_hw_servos -- -j4 -l4
[1.510s] Invoking command in '/home/atvpi/ros2_ws/build/transformer_hw_servos': CMAKE_PREFIX_PATH=${CMAKE_PREFIX_PATH}:/opt/ros/jazzy /usr/bin/cmake --install /home/atvpi/ros2_ws/build/transformer_hw_servos
[1.596s] -- Install configuration: ""
[1.596s] -- Up-to-date: /home/atvpi/ros2_ws/install/transformer_hw_servos/share/ament_index/resource_index/rosidl_interfaces/transformer_hw_servos
[1.598s] -- Up-to-date: /home/atvpi/ros2_ws/install/transformer_hw_servos/share/transformer_hw_servos/action/MoveServo.json
[1.598s] -- Up-to-date: /home/atvpi/ros2_ws/install/transformer_hw_servos/include/transformer_hw_servos/transformer_hw_servos
[1.598s] -- Up-to-date: /home/atvpi/ros2_ws/install/transformer_hw_servos/include/transformer_hw_servos/transformer_hw_servos/msg
[1.598s] -- Up-to-date: /home/atvpi/ros2_ws/install/transformer_hw_servos/include/transformer_hw_servos/transformer_hw_servos/msg/rosidl_generator_c__visibility_control.h
[1.598s] -- Up-to-date: /home/atvpi/ros2_ws/install/transformer_hw_servos/include/transformer_hw_servos/transformer_hw_servos/action
[1.598s] -- Up-to-date: /home/atvpi/ros2_ws/install/transformer_hw_servos/include/transformer_hw_servos/transformer_hw_servos/action/move_servo.h
[1.598s] -- Up-to-date: /home/atvpi/ros2_ws/install/transformer_hw_servos/include/transformer_hw_servos/transformer_hw_servos/action/detail
[1.599s] -- Up-to-date: /home/atvpi/ros2_ws/install/transformer_hw_servos/include/transformer_hw_servos/transformer_hw_servos/action/detail/move_servo__functions.c
[1.599s] -- Up-to-date: /home/atvpi/ros2_ws/install/transformer_hw_servos/include/transformer_hw_servos/transformer_hw_servos/action/detail/move_servo__type_support.h
[1.599s] -- Installing: /home/atvpi/ros2_ws/install/transformer_hw_servos/include/transformer_hw_servos/transformer_hw_servos/action/detail/move_servo__type_support.c
[1.599s] -- Up-to-date: /home/atvpi/ros2_ws/install/transformer_hw_servos/include/transformer_hw_servos/transformer_hw_servos/action/detail/move_servo__struct.h
[1.599s] -- Up-to-date: /home/atvpi/ros2_ws/install/transformer_hw_servos/include/transformer_hw_servos/transformer_hw_servos/action/detail/move_servo__description.c
[1.599s] -- Up-to-date: /home/atvpi/ros2_ws/install/transformer_hw_servos/include/transformer_hw_servos/transformer_hw_servos/action/detail/move_servo__functions.h
[1.599s] -- Up-to-date: /home/atvpi/ros2_ws/install/transformer_hw_servos/share/transformer_hw_servos/environment/library_path.sh
[1.599s] -- Up-to-date: /home/atvpi/ros2_ws/install/transformer_hw_servos/share/transformer_hw_servos/environment/library_path.dsv
[1.600s] -- Up-to-date: /home/atvpi/ros2_ws/install/transformer_hw_servos/lib/libtransformer_hw_servos__rosidl_generator_c.so
[1.600s] -- Up-to-date: /home/atvpi/ros2_ws/install/transformer_hw_servos/include/transformer_hw_servos/transformer_hw_servos
[1.600s] -- Up-to-date: /home/atvpi/ros2_ws/install/transformer_hw_servos/include/transformer_hw_servos/transformer_hw_servos/msg
[1.600s] -- Up-to-date: /home/atvpi/ros2_ws/install/transformer_hw_servos/include/transformer_hw_servos/transformer_hw_servos/msg/rosidl_typesupport_fastrtps_c__visibility_control.h
[1.600s] -- Up-to-date: /home/atvpi/ros2_ws/install/transformer_hw_servos/include/transformer_hw_servos/transformer_hw_servos/action
[1.600s] -- Up-to-date: /home/atvpi/ros2_ws/install/transformer_hw_servos/include/transformer_hw_servos/transformer_hw_servos/action/detail
[1.600s] -- Up-to-date: /home/atvpi/ros2_ws/install/transformer_hw_servos/include/transformer_hw_servos/transformer_hw_servos/action/detail/move_servo__rosidl_typesupport_fastrtps_c.h
[1.603s] -- Up-to-date: /home/atvpi/ros2_ws/install/transformer_hw_servos/lib/libtransformer_hw_servos__rosidl_typesupport_fastrtps_c.so
[1.603s] -- Up-to-date: /home/atvpi/ros2_ws/install/transformer_hw_servos/include/transformer_hw_servos/transformer_hw_servos
[1.603s] -- Up-to-date: /home/atvpi/ros2_ws/install/transformer_hw_servos/include/transformer_hw_servos/transformer_hw_servos/msg
[1.603s] -- Up-to-date: /home/atvpi/ros2_ws/install/transformer_hw_servos/include/transformer_hw_servos/transformer_hw_servos/msg/rosidl_generator_cpp__visibility_control.hpp
[1.603s] -- Up-to-date: /home/atvpi/ros2_ws/install/transformer_hw_servos/include/transformer_hw_servos/transformer_hw_servos/action
[1.606s] -- Up-to-date: /home/atvpi/ros2_ws/install/transformer_hw_servos/include/transformer_hw_servos/transformer_hw_servos/action/move_servo.hpp
[1.606s] -- Up-to-date: /home/atvpi/ros2_ws/install/transformer_hw_servos/include/transformer_hw_servos/transformer_hw_servos/action/detail
[1.606s] -- Up-to-date: /home/atvpi/ros2_ws/install/transformer_hw_servos/include/transformer_hw_servos/transformer_hw_servos/action/detail/move_servo__struct.hpp
[1.606s] -- Up-to-date: /home/atvpi/ros2_ws/install/transformer_hw_servos/include/transformer_hw_servos/transformer_hw_servos/action/detail/move_servo__builder.hpp
[1.606s] -- Up-to-date: /home/atvpi/ros2_ws/install/transformer_hw_servos/include/transformer_hw_servos/transformer_hw_servos/action/detail/move_servo__traits.hpp
[1.606s] -- Up-to-date: /home/atvpi/ros2_ws/install/transformer_hw_servos/include/transformer_hw_servos/transformer_hw_servos/action/detail/move_servo__type_support.hpp
[1.607s] -- Up-to-date: /home/atvpi/ros2_ws/install/transformer_hw_servos/include/transformer_hw_servos/transformer_hw_servos
[1.607s] -- Up-to-date: /home/atvpi/ros2_ws/install/transformer_hw_servos/include/transformer_hw_servos/transformer_hw_servos/msg
[1.607s] -- Up-to-date: /home/atvpi/ros2_ws/install/transformer_hw_servos/include/transformer_hw_servos/transformer_hw_servos/msg/rosidl_typesupport_fastrtps_cpp__visibility_control.h
[1.607s] -- Up-to-date: /home/atvpi/ros2_ws/install/transformer_hw_servos/include/transformer_hw_servos/transformer_hw_servos/action
[1.607s] -- Up-to-date: /home/atvpi/ros2_ws/install/transformer_hw_servos/include/transformer_hw_servos/transformer_hw_servos/action/detail
[1.607s] -- Up-to-date: /home/atvpi/ros2_ws/install/transformer_hw_servos/include/transformer_hw_servos/transformer_hw_servos/action/detail/move_servo__rosidl_typesupport_fastrtps_cpp.hpp
[1.607s] -- Up-to-date: /home/atvpi/ros2_ws/install/transformer_hw_servos/include/transformer_hw_servos/transformer_hw_servos/action/detail/dds_fastrtps
[1.607s] -- Up-to-date: /home/atvpi/ros2_ws/install/transformer_hw_servos/lib/libtransformer_hw_servos__rosidl_typesupport_fastrtps_cpp.so
[1.608s] -- Up-to-date: /home/atvpi/ros2_ws/install/transformer_hw_servos/include/transformer_hw_servos/transformer_hw_servos
[1.608s] -- Up-to-date: /home/atvpi/ros2_ws/install/transformer_hw_servos/include/transformer_hw_servos/transformer_hw_servos/msg
[1.608s] -- Up-to-date: /home/atvpi/ros2_ws/install/transformer_hw_servos/include/transformer_hw_servos/transformer_hw_servos/msg/rosidl_typesupport_introspection_c__visibility_control.h
[1.608s] -- Up-to-date: /home/atvpi/ros2_ws/install/transformer_hw_servos/include/transformer_hw_servos/transformer_hw_servos/action
[1.608s] -- Up-to-date: /home/atvpi/ros2_ws/install/transformer_hw_servos/include/transformer_hw_servos/transformer_hw_servos/action/detail
[1.608s] -- Installing: /home/atvpi/ros2_ws/install/transformer_hw_servos/include/transformer_hw_servos/transformer_hw_servos/action/detail/move_servo__type_support.c
[1.608s] -- Up-to-date: /home/atvpi/ros2_ws/install/transformer_hw_servos/include/transformer_hw_servos/transformer_hw_servos/action/detail/move_servo__rosidl_typesupport_introspection_c.h
[1.608s] -- Up-to-date: /home/atvpi/ros2_ws/install/transformer_hw_servos/lib/libtransformer_hw_servos__rosidl_typesupport_introspection_c.so
[1.609s] -- Up-to-date: /home/atvpi/ros2_ws/install/transformer_hw_servos/lib/libtransformer_hw_servos__rosidl_typesupport_c.so
[1.609s] -- Up-to-date: /home/atvpi/ros2_ws/install/transformer_hw_servos/include/transformer_hw_servos/transformer_hw_servos
[1.609s] -- Up-to-date: /home/atvpi/ros2_ws/install/transformer_hw_servos/include/transformer_hw_servos/transformer_hw_servos/action
[1.609s] -- Up-to-date: /home/atvpi/ros2_ws/install/transformer_hw_servos/include/transformer_hw_servos/transformer_hw_servos/action/detail
[1.609s] -- Up-to-date: /home/atvpi/ros2_ws/install/transformer_hw_servos/include/transformer_hw_servos/transformer_hw_servos/action/detail/move_servo__rosidl_typesupport_introspection_cpp.hpp
[1.609s] -- Up-to-date: /home/atvpi/ros2_ws/install/transformer_hw_servos/include/transformer_hw_servos/transformer_hw_servos/action/detail/move_servo__type_support.cpp
[1.609s] -- Up-to-date: /home/atvpi/ros2_ws/install/transformer_hw_servos/lib/libtransformer_hw_servos__rosidl_typesupport_introspection_cpp.so
[1.609s] -- Up-to-date: /home/atvpi/ros2_ws/install/transformer_hw_servos/lib/libtransformer_hw_servos__rosidl_typesupport_cpp.so
[1.609s] -- Up-to-date: /home/atvpi/ros2_ws/install/transformer_hw_servos/share/transformer_hw_servos/environment/pythonpath.sh
[1.609s] -- Up-to-date: /home/atvpi/ros2_ws/install/transformer_hw_servos/share/transformer_hw_servos/environment/pythonpath.dsv
[1.610s] -- Up-to-date: /home/atvpi/ros2_ws/install/transformer_hw_servos/lib/python3.12/site-packages/transformer_hw_servos-0.1.0-py3.12.egg-info
[1.610s] -- Installing: /home/atvpi/ros2_ws/install/transformer_hw_servos/lib/python3.12/site-packages/transformer_hw_servos-0.1.0-py3.12.egg-info/SOURCES.txt
[1.610s] -- Installing: /home/atvpi/ros2_ws/install/transformer_hw_servos/lib/python3.12/site-packages/transformer_hw_servos-0.1.0-py3.12.egg-info/top_level.txt
[1.610s] -- Installing: /home/atvpi/ros2_ws/install/transformer_hw_servos/lib/python3.12/site-packages/transformer_hw_servos-0.1.0-py3.12.egg-info/PKG-INFO
[1.610s] -- Installing: /home/atvpi/ros2_ws/install/transformer_hw_servos/lib/python3.12/site-packages/transformer_hw_servos-0.1.0-py3.12.egg-info/dependency_links.txt
[1.610s] -- Up-to-date: /home/atvpi/ros2_ws/install/transformer_hw_servos/lib/python3.12/site-packages/transformer_hw_servos
[1.610s] -- Up-to-date: /home/atvpi/ros2_ws/install/transformer_hw_servos/lib/python3.12/site-packages/transformer_hw_servos/transformer_hw_servos_s__rosidl_typesupport_fastrtps_c.so
[1.610s] -- Up-to-date: /home/atvpi/ros2_ws/install/transformer_hw_servos/lib/python3.12/site-packages/transformer_hw_servos/_transformer_hw_servos_s.ep.rosidl_typesupport_introspection_c.c
[1.610s] -- Up-to-date: /home/atvpi/ros2_ws/install/transformer_hw_servos/lib/python3.12/site-packages/transformer_hw_servos/__init__.py
[1.610s] -- Up-to-date: /home/atvpi/ros2_ws/install/transformer_hw_servos/lib/python3.12/site-packages/transformer_hw_servos/_transformer_hw_servos_s.ep.rosidl_typesupport_fastrtps_c.c
[1.611s] -- Up-to-date: /home/atvpi/ros2_ws/install/transformer_hw_servos/lib/python3.12/site-packages/transformer_hw_servos/action
[1.612s] -- Up-to-date: /home/atvpi/ros2_ws/install/transformer_hw_servos/lib/python3.12/site-packages/transformer_hw_servos/action/_move_servo.py
[1.612s] -- Up-to-date: /home/atvpi/ros2_ws/install/transformer_hw_servos/lib/python3.12/site-packages/transformer_hw_servos/action/__init__.py
[1.612s] -- Up-to-date: /home/atvpi/ros2_ws/install/transformer_hw_servos/lib/python3.12/site-packages/transformer_hw_servos/action/_move_servo_s.c
[1.612s] -- Up-to-date: /home/atvpi/ros2_ws/install/transformer_hw_servos/lib/python3.12/site-packages/transformer_hw_servos/_transformer_hw_servos_s.ep.rosidl_typesupport_c.c
[1.612s] -- Up-to-date: /home/atvpi/ros2_ws/install/transformer_hw_servos/lib/python3.12/site-packages/transformer_hw_servos/transformer_hw_servos_s__rosidl_typesupport_introspection_c.so
[1.612s] -- Up-to-date: /home/atvpi/ros2_ws/install/transformer_hw_servos/lib/python3.12/site-packages/transformer_hw_servos/transformer_hw_servos_s__rosidl_typesupport_c.so
[1.617s] Listing '/home/atvpi/ros2_ws/install/transformer_hw_servos/lib/python3.12/site-packages/transformer_hw_servos'...
[1.618s] Listing '/home/atvpi/ros2_ws/install/transformer_hw_servos/lib/python3.12/site-packages/transformer_hw_servos/action'...
[1.640s] -- Up-to-date: /home/atvpi/ros2_ws/install/transformer_hw_servos/lib/python3.12/site-packages/transformer_hw_servos/transformer_hw_servos_s__rosidl_typesupport_fastrtps_c.so
[1.641s] -- Up-to-date: /home/atvpi/ros2_ws/install/transformer_hw_servos/lib/python3.12/site-packages/transformer_hw_servos/transformer_hw_servos_s__rosidl_typesupport_introspection_c.so
[1.642s] -- Up-to-date: /home/atvpi/ros2_ws/install/transformer_hw_servos/lib/python3.12/site-packages/transformer_hw_servos/transformer_hw_servos_s__rosidl_typesupport_c.so
[1.643s] -- Up-to-date: /home/atvpi/ros2_ws/install/transformer_hw_servos/lib/libtransformer_hw_servos__rosidl_generator_py.so
[1.643s] -- Up-to-date: /home/atvpi/ros2_ws/install/transformer_hw_servos/share/transformer_hw_servos/action/MoveServo.idl
[1.644s] -- Up-to-date: /home/atvpi/ros2_ws/install/transformer_hw_servos/share/transformer_hw_servos/action/MoveServo.action
[1.645s] -- Up-to-date: /home/atvpi/ros2_ws/install/transformer_hw_servos/lib/transformer_hw_servos/servos_node
[1.646s] -- Up-to-date: /home/atvpi/ros2_ws/install/transformer_hw_servos/share/transformer_hw_servos/launch
[1.646s] -- Up-to-date: /home/atvpi/ros2_ws/install/transformer_hw_servos/share/transformer_hw_servos/launch/servos.launch.py
[1.646s] -- Up-to-date: /home/atvpi/ros2_ws/install/transformer_hw_servos/share/transformer_hw_servos/config
[1.647s] -- Installing: /home/atvpi/ros2_ws/install/transformer_hw_servos/share/transformer_hw_servos/config/servos.yaml
[1.647s] -- Up-to-date: /home/atvpi/ros2_ws/install/transformer_hw_servos/share/ament_index/resource_index/package_run_dependencies/transformer_hw_servos
[1.648s] -- Up-to-date: /home/atvpi/ros2_ws/install/transformer_hw_servos/share/ament_index/resource_index/parent_prefix_path/transformer_hw_servos
[1.648s] -- Up-to-date: /home/atvpi/ros2_ws/install/transformer_hw_servos/share/transformer_hw_servos/environment/ament_prefix_path.sh
[1.649s] -- Up-to-date: /home/atvpi/ros2_ws/install/transformer_hw_servos/share/transformer_hw_servos/environment/ament_prefix_path.dsv
[1.650s] -- Up-to-date: /home/atvpi/ros2_ws/install/transformer_hw_servos/share/transformer_hw_servos/environment/path.sh
[1.650s] -- Up-to-date: /home/atvpi/ros2_ws/install/transformer_hw_servos/share/transformer_hw_servos/environment/path.dsv
[1.650s] -- Up-to-date: /home/atvpi/ros2_ws/install/transformer_hw_servos/share/transformer_hw_servos/local_setup.bash
[1.651s] -- Up-to-date: /home/atvpi/ros2_ws/install/transformer_hw_servos/share/transformer_hw_servos/local_setup.sh
[1.651s] -- Up-to-date: /home/atvpi/ros2_ws/install/transformer_hw_servos/share/transformer_hw_servos/local_setup.zsh
[1.651s] -- Up-to-date: /home/atvpi/ros2_ws/install/transformer_hw_servos/share/transformer_hw_servos/local_setup.dsv
[1.651s] -- Installing: /home/atvpi/ros2_ws/install/transformer_hw_servos/share/transformer_hw_servos/package.dsv
[1.652s] -- Up-to-date: /home/atvpi/ros2_ws/install/transformer_hw_servos/share/ament_index/resource_index/packages/transformer_hw_servos
[1.652s] -- Up-to-date: /home/atvpi/ros2_ws/install/transformer_hw_servos/share/transformer_hw_servos/cmake/export_transformer_hw_servos__rosidl_generator_cExport.cmake
[1.652s] -- Up-to-date: /home/atvpi/ros2_ws/install/transformer_hw_servos/share/transformer_hw_servos/cmake/export_transformer_hw_servos__rosidl_generator_cExport-noconfig.cmake
[1.652s] -- Up-to-date: /home/atvpi/ros2_ws/install/transformer_hw_servos/share/transformer_hw_servos/cmake/export_transformer_hw_servos__rosidl_typesupport_fastrtps_cExport.cmake
[1.652s] -- Up-to-date: /home/atvpi/ros2_ws/install/transformer_hw_servos/share/transformer_hw_servos/cmake/export_transformer_hw_servos__rosidl_typesupport_fastrtps_cExport-noconfig.cmake
[1.652s] -- Up-to-date: /home/atvpi/ros2_ws/install/transformer_hw_servos/share/transformer_hw_servos/cmake/export_transformer_hw_servos__rosidl_generator_cppExport.cmake
[1.653s] -- Up-to-date: /home/atvpi/ros2_ws/install/transformer_hw_servos/share/transformer_hw_servos/cmake/export_transformer_hw_servos__rosidl_typesupport_fastrtps_cppExport.cmake
[1.653s] -- Up-to-date: /home/atvpi/ros2_ws/install/transformer_hw_servos/share/transformer_hw_servos/cmake/export_transformer_hw_servos__rosidl_typesupport_fastrtps_cppExport-noconfig.cmake
[1.653s] -- Up-to-date: /home/atvpi/ros2_ws/install/transformer_hw_servos/share/transformer_hw_servos/cmake/transformer_hw_servos__rosidl_typesupport_introspection_cExport.cmake
[1.653s] -- Up-to-date: /home/atvpi/ros2_ws/install/transformer_hw_servos/share/transformer_hw_servos/cmake/transformer_hw_servos__rosidl_typesupport_introspection_cExport-noconfig.cmake
[1.653s] -- Up-to-date: /home/atvpi/ros2_ws/install/transformer_hw_servos/share/transformer_hw_servos/cmake/transformer_hw_servos__rosidl_typesupport_cExport.cmake
[1.654s] -- Up-to-date: /home/atvpi/ros2_ws/install/transformer_hw_servos/share/transformer_hw_servos/cmake/transformer_hw_servos__rosidl_typesupport_cExport-noconfig.cmake
[1.654s] -- Up-to-date: /home/atvpi/ros2_ws/install/transformer_hw_servos/share/transformer_hw_servos/cmake/transformer_hw_servos__rosidl_typesupport_introspection_cppExport.cmake
[1.654s] -- Up-to-date: /home/atvpi/ros2_ws/install/transformer_hw_servos/share/transformer_hw_servos/cmake/transformer_hw_servos__rosidl_typesupport_introspection_cppExport-noconfig.cmake
[1.654s] -- Up-to-date: /home/atvpi/ros2_ws/install/transformer_hw_servos/share/transformer_hw_servos/cmake/transformer_hw_servos__rosidl_typesupport_cppExport.cmake
[1.655s] -- Up-to-date: /home/atvpi/ros2_ws/install/transformer_hw_servos/share/transformer_hw_servos/cmake/transformer_hw_servos__rosidl_typesupport_cppExport-noconfig.cmake
[1.655s] -- Up-to-date: /home/atvpi/ros2_ws/install/transformer_hw_servos/share/transformer_hw_servos/cmake/export_transformer_hw_servos__rosidl_generator_pyExport.cmake
[1.655s] -- Up-to-date: /home/atvpi/ros2_ws/install/transformer_hw_servos/share/transformer_hw_servos/cmake/export_transformer_hw_servos__rosidl_generator_pyExport-noconfig.cmake
[1.655s] -- Up-to-date: /home/atvpi/ros2_ws/install/transformer_hw_servos/share/transformer_hw_servos/cmake/rosidl_cmake-extras.cmake
[1.655s] -- Up-to-date: /home/atvpi/ros2_ws/install/transformer_hw_servos/share/transformer_hw_servos/cmake/ament_cmake_export_dependencies-extras.cmake
[1.655s] -- Up-to-date: /home/atvpi/ros2_ws/install/transformer_hw_servos/share/transformer_hw_servos/cmake/ament_cmake_export_include_directories-extras.cmake
[1.655s] -- Up-to-date: /home/atvpi/ros2_ws/install/transformer_hw_servos/share/transformer_hw_servos/cmake/ament_cmake_export_libraries-extras.cmake
[1.655s] -- Up-to-date: /home/atvpi/ros2_ws/install/transformer_hw_servos/share/transformer_hw_servos/cmake/ament_cmake_export_targets-extras.cmake
[1.655s] -- Up-to-date: /home/atvpi/ros2_ws/install/transformer_hw_servos/share/transformer_hw_servos/cmake/rosidl_cmake_export_typesupport_targets-extras.cmake
[1.656s] -- Up-to-date: /home/atvpi/ros2_ws/install/transformer_hw_servos/share/transformer_hw_servos/cmake/rosidl_cmake_export_typesupport_libraries-extras.cmake
[1.656s] -- Up-to-date: /home/atvpi/ros2_ws/install/transformer_hw_servos/share/transformer_hw_servos/cmake/transformer_hw_servosConfig.cmake
[1.656s] -- Up-to-date: /home/atvpi/ros2_ws/install/transformer_hw_servos/share/transformer_hw_servos/cmake/transformer_hw_servosConfig-version.cmake
[1.656s] -- Up-to-date: /home/atvpi/ros2_ws/install/transformer_hw_servos/share/transformer_hw_servos/package.xml
[1.659s] Invoked command in '/home/atvpi/ros2_ws/build/transformer_hw_servos' returned '0': CMAKE_PREFIX_PATH=${CMAKE_PREFIX_PATH}:/opt/ros/jazzy /usr/bin/cmake --install /home/atvpi/ros2_ws/build/transformer_hw_servos
