[0.039s] Invoking command in '/home/atvpi/ros2_ws/build/transformer_controller': CMAKE_PREFIX_PATH=/home/atvpi/ros2_ws/install/transformer_hw_servos:/home/atvpi/ros2_ws/install/transformer_hw_actuators:/home/atvpi/ros2_ws/install/wheeltec_n100_imu:/home/atvpi/ros2_ws/install/transformer_bringup:/home/atvpi/ros2_ws/install/transformer_rc_mode_switch:/home/atvpi/ros2_ws/install/transformer_msp_bridge:/home/atvpi/ros2_ws/install/transformer_controller:/home/atvpi/ros2_ws/install/serial:/opt/ros/jazzy LD_LIBRARY_PATH=/home/atvpi/ros2_ws/install/transformer_hw_servos/lib:/home/atvpi/ros2_ws/install/transformer_hw_actuators/lib:/home/atvpi/ros2_ws/install/transformer_msp_bridge/lib:/home/atvpi/ros2_ws/install/transformer_controller/lib:/home/atvpi/ros2_ws/install/serial/lib:/opt/ros/jazzy/lib/aarch64-linux-gnu:/opt/ros/jazzy/lib PYTHONPATH=/home/atvpi/ros2_ws/install/transformer_hw_servos/lib/python3.12/site-packages:/home/atvpi/ros2_ws/install/transformer_hw_actuators/lib/python3.12/site-packages:/home/atvpi/ros2_ws/install/transformer_msp_bridge/lib/python3.12/site-packages:/home/atvpi/ros2_ws/install/transformer_controller/lib/python3.12/site-packages:/opt/ros/jazzy/lib/python3.12/site-packages /usr/bin/cmake --build /home/atvpi/ros2_ws/build/transformer_controller -- -j4 -l4
[0.221s] [  2%] Built target transformer_controller__rosidl_generator_type_description
[0.254s] [  2%] Built target ament_cmake_python_copy_transformer_controller
[0.271s] [  5%] Built target transformer_controller__cpp
[0.281s] [ 19%] Built target transformer_controller__rosidl_generator_c
[0.338s] [ 36%] Built target transformer_controller__rosidl_typesupport_fastrtps_c
[0.338s] [ 38%] Built target transformer_controller__rosidl_typesupport_fastrtps_cpp
[0.340s] [ 44%] Built target transformer_controller__rosidl_typesupport_cpp
[0.396s] [ 52%] Built target transformer_controller__rosidl_typesupport_introspection_c
[0.399s] [ 69%] Built target transformer_controller__rosidl_typesupport_c
[0.399s] [ 69%] Built target transformer_controller__rosidl_typesupport_introspection_cpp
[0.443s] [ 69%] Built target transformer_controller
[0.501s] [ 72%] Built target transformer_controller__py
[0.536s] [ 75%] [32mBuilding CXX object CMakeFiles/transformer_controller_node.dir/src/transformer_controller_node.cpp.o[0m
[0.575s] [ 80%] Built target transformer_controller__rosidl_generator_py
[0.647s] [ 86%] Built target transformer_controller_s__rosidl_typesupport_introspection_c
[0.658s] [ 91%] Built target transformer_controller_s__rosidl_typesupport_fastrtps_c
[0.711s] [ 97%] Built target transformer_controller_s__rosidl_typesupport_c
[0.729s] running egg_info
[0.764s] writing transformer_controller.egg-info/PKG-INFO
[0.766s] writing dependency_links to transformer_controller.egg-info/dependency_links.txt
[0.767s] writing top-level names to transformer_controller.egg-info/top_level.txt
[0.900s] reading manifest file 'transformer_controller.egg-info/SOURCES.txt'
[0.902s] writing manifest file 'transformer_controller.egg-info/SOURCES.txt'
[1.022s] [ 97%] Built target ament_cmake_python_build_transformer_controller_egg
[10.705s] [100%] [32m[1mLinking CXX executable transformer_controller_node[0m
[11.384s] [100%] Built target transformer_controller_node
[11.406s] Invoked command in '/home/atvpi/ros2_ws/build/transformer_controller' returned '0': CMAKE_PREFIX_PATH=/home/atvpi/ros2_ws/install/transformer_hw_servos:/home/atvpi/ros2_ws/install/transformer_hw_actuators:/home/atvpi/ros2_ws/install/wheeltec_n100_imu:/home/atvpi/ros2_ws/install/transformer_bringup:/home/atvpi/ros2_ws/install/transformer_rc_mode_switch:/home/atvpi/ros2_ws/install/transformer_msp_bridge:/home/atvpi/ros2_ws/install/transformer_controller:/home/atvpi/ros2_ws/install/serial:/opt/ros/jazzy LD_LIBRARY_PATH=/home/atvpi/ros2_ws/install/transformer_hw_servos/lib:/home/atvpi/ros2_ws/install/transformer_hw_actuators/lib:/home/atvpi/ros2_ws/install/transformer_msp_bridge/lib:/home/atvpi/ros2_ws/install/transformer_controller/lib:/home/atvpi/ros2_ws/install/serial/lib:/opt/ros/jazzy/lib/aarch64-linux-gnu:/opt/ros/jazzy/lib PYTHONPATH=/home/atvpi/ros2_ws/install/transformer_hw_servos/lib/python3.12/site-packages:/home/atvpi/ros2_ws/install/transformer_hw_actuators/lib/python3.12/site-packages:/home/atvpi/ros2_ws/install/transformer_msp_bridge/lib/python3.12/site-packages:/home/atvpi/ros2_ws/install/transformer_controller/lib/python3.12/site-packages:/opt/ros/jazzy/lib/python3.12/site-packages /usr/bin/cmake --build /home/atvpi/ros2_ws/build/transformer_controller -- -j4 -l4
[11.426s] Invoking command in '/home/atvpi/ros2_ws/build/transformer_controller': CMAKE_PREFIX_PATH=/home/atvpi/ros2_ws/install/transformer_hw_servos:/home/atvpi/ros2_ws/install/transformer_hw_actuators:/home/atvpi/ros2_ws/install/wheeltec_n100_imu:/home/atvpi/ros2_ws/install/transformer_bringup:/home/atvpi/ros2_ws/install/transformer_rc_mode_switch:/home/atvpi/ros2_ws/install/transformer_msp_bridge:/home/atvpi/ros2_ws/install/transformer_controller:/home/atvpi/ros2_ws/install/serial:/opt/ros/jazzy LD_LIBRARY_PATH=/home/atvpi/ros2_ws/install/transformer_hw_servos/lib:/home/atvpi/ros2_ws/install/transformer_hw_actuators/lib:/home/atvpi/ros2_ws/install/transformer_msp_bridge/lib:/home/atvpi/ros2_ws/install/transformer_controller/lib:/home/atvpi/ros2_ws/install/serial/lib:/opt/ros/jazzy/lib/aarch64-linux-gnu:/opt/ros/jazzy/lib PYTHONPATH=/home/atvpi/ros2_ws/install/transformer_hw_servos/lib/python3.12/site-packages:/home/atvpi/ros2_ws/install/transformer_hw_actuators/lib/python3.12/site-packages:/home/atvpi/ros2_ws/install/transformer_msp_bridge/lib/python3.12/site-packages:/home/atvpi/ros2_ws/install/transformer_controller/lib/python3.12/site-packages:/opt/ros/jazzy/lib/python3.12/site-packages /usr/bin/cmake --install /home/atvpi/ros2_ws/build/transformer_controller
[11.442s] -- Install configuration: ""
[11.442s] -- Up-to-date: /home/atvpi/ros2_ws/install/transformer_controller/share/ament_index/resource_index/rosidl_interfaces/transformer_controller
[11.442s] -- Up-to-date: /home/atvpi/ros2_ws/install/transformer_controller/share/transformer_controller/action/TransformMode.json
[11.442s] -- Up-to-date: /home/atvpi/ros2_ws/install/transformer_controller/include/transformer_controller/transformer_controller
[11.442s] -- Up-to-date: /home/atvpi/ros2_ws/install/transformer_controller/include/transformer_controller/transformer_controller/msg
[11.443s] -- Up-to-date: /home/atvpi/ros2_ws/install/transformer_controller/include/transformer_controller/transformer_controller/msg/rosidl_generator_c__visibility_control.h
[11.443s] -- Up-to-date: /home/atvpi/ros2_ws/install/transformer_controller/include/transformer_controller/transformer_controller/action
[11.443s] -- Up-to-date: /home/atvpi/ros2_ws/install/transformer_controller/include/transformer_controller/transformer_controller/action/transform_mode.h
[11.443s] -- Up-to-date: /home/atvpi/ros2_ws/install/transformer_controller/include/transformer_controller/transformer_controller/action/detail
[11.443s] -- Up-to-date: /home/atvpi/ros2_ws/install/transformer_controller/include/transformer_controller/transformer_controller/action/detail/transform_mode__functions.h
[11.443s] -- Up-to-date: /home/atvpi/ros2_ws/install/transformer_controller/include/transformer_controller/transformer_controller/action/detail/transform_mode__struct.h
[11.443s] -- Up-to-date: /home/atvpi/ros2_ws/install/transformer_controller/include/transformer_controller/transformer_controller/action/detail/transform_mode__functions.c
[11.443s] -- Up-to-date: /home/atvpi/ros2_ws/install/transformer_controller/include/transformer_controller/transformer_controller/action/detail/transform_mode__type_support.c
[11.443s] -- Up-to-date: /home/atvpi/ros2_ws/install/transformer_controller/include/transformer_controller/transformer_controller/action/detail/transform_mode__description.c
[11.443s] -- Up-to-date: /home/atvpi/ros2_ws/install/transformer_controller/include/transformer_controller/transformer_controller/action/detail/transform_mode__type_support.h
[11.444s] -- Up-to-date: /home/atvpi/ros2_ws/install/transformer_controller/share/transformer_controller/environment/library_path.sh
[11.444s] -- Up-to-date: /home/atvpi/ros2_ws/install/transformer_controller/share/transformer_controller/environment/library_path.dsv
[11.446s] -- Up-to-date: /home/atvpi/ros2_ws/install/transformer_controller/lib/libtransformer_controller__rosidl_generator_c.so
[11.446s] -- Up-to-date: /home/atvpi/ros2_ws/install/transformer_controller/include/transformer_controller/transformer_controller
[11.446s] -- Up-to-date: /home/atvpi/ros2_ws/install/transformer_controller/include/transformer_controller/transformer_controller/msg
[11.446s] -- Up-to-date: /home/atvpi/ros2_ws/install/transformer_controller/include/transformer_controller/transformer_controller/msg/rosidl_typesupport_fastrtps_c__visibility_control.h
[11.447s] -- Up-to-date: /home/atvpi/ros2_ws/install/transformer_controller/include/transformer_controller/transformer_controller/action
[11.447s] -- Up-to-date: /home/atvpi/ros2_ws/install/transformer_controller/include/transformer_controller/transformer_controller/action/detail
[11.447s] -- Up-to-date: /home/atvpi/ros2_ws/install/transformer_controller/include/transformer_controller/transformer_controller/action/detail/transform_mode__rosidl_typesupport_fastrtps_c.h
[11.448s] -- Up-to-date: /home/atvpi/ros2_ws/install/transformer_controller/lib/libtransformer_controller__rosidl_typesupport_fastrtps_c.so
[11.448s] -- Up-to-date: /home/atvpi/ros2_ws/install/transformer_controller/include/transformer_controller/transformer_controller
[11.449s] -- Up-to-date: /home/atvpi/ros2_ws/install/transformer_controller/include/transformer_controller/transformer_controller/msg
[11.449s] -- Up-to-date: /home/atvpi/ros2_ws/install/transformer_controller/include/transformer_controller/transformer_controller/msg/rosidl_generator_cpp__visibility_control.hpp
[11.449s] -- Up-to-date: /home/atvpi/ros2_ws/install/transformer_controller/include/transformer_controller/transformer_controller/action
[11.449s] -- Up-to-date: /home/atvpi/ros2_ws/install/transformer_controller/include/transformer_controller/transformer_controller/action/transform_mode.hpp
[11.449s] -- Up-to-date: /home/atvpi/ros2_ws/install/transformer_controller/include/transformer_controller/transformer_controller/action/detail
[11.449s] -- Up-to-date: /home/atvpi/ros2_ws/install/transformer_controller/include/transformer_controller/transformer_controller/action/detail/transform_mode__traits.hpp
[11.450s] -- Up-to-date: /home/atvpi/ros2_ws/install/transformer_controller/include/transformer_controller/transformer_controller/action/detail/transform_mode__type_support.hpp
[11.450s] -- Up-to-date: /home/atvpi/ros2_ws/install/transformer_controller/include/transformer_controller/transformer_controller/action/detail/transform_mode__builder.hpp
[11.450s] -- Up-to-date: /home/atvpi/ros2_ws/install/transformer_controller/include/transformer_controller/transformer_controller/action/detail/transform_mode__struct.hpp
[11.450s] -- Up-to-date: /home/atvpi/ros2_ws/install/transformer_controller/include/transformer_controller/transformer_controller
[11.450s] -- Up-to-date: /home/atvpi/ros2_ws/install/transformer_controller/include/transformer_controller/transformer_controller/msg
[11.450s] -- Up-to-date: /home/atvpi/ros2_ws/install/transformer_controller/include/transformer_controller/transformer_controller/msg/rosidl_typesupport_fastrtps_cpp__visibility_control.h
[11.451s] -- Up-to-date: /home/atvpi/ros2_ws/install/transformer_controller/include/transformer_controller/transformer_controller/action
[11.451s] -- Up-to-date: /home/atvpi/ros2_ws/install/transformer_controller/include/transformer_controller/transformer_controller/action/detail
[11.451s] -- Up-to-date: /home/atvpi/ros2_ws/install/transformer_controller/include/transformer_controller/transformer_controller/action/detail/dds_fastrtps
[11.451s] -- Up-to-date: /home/atvpi/ros2_ws/install/transformer_controller/include/transformer_controller/transformer_controller/action/detail/transform_mode__rosidl_typesupport_fastrtps_cpp.hpp
[11.451s] -- Up-to-date: /home/atvpi/ros2_ws/install/transformer_controller/lib/libtransformer_controller__rosidl_typesupport_fastrtps_cpp.so
[11.451s] -- Up-to-date: /home/atvpi/ros2_ws/install/transformer_controller/include/transformer_controller/transformer_controller
[11.451s] -- Up-to-date: /home/atvpi/ros2_ws/install/transformer_controller/include/transformer_controller/transformer_controller/msg
[11.451s] -- Up-to-date: /home/atvpi/ros2_ws/install/transformer_controller/include/transformer_controller/transformer_controller/msg/rosidl_typesupport_introspection_c__visibility_control.h
[11.451s] -- Up-to-date: /home/atvpi/ros2_ws/install/transformer_controller/include/transformer_controller/transformer_controller/action
[11.452s] -- Up-to-date: /home/atvpi/ros2_ws/install/transformer_controller/include/transformer_controller/transformer_controller/action/detail
[11.452s] -- Up-to-date: /home/atvpi/ros2_ws/install/transformer_controller/include/transformer_controller/transformer_controller/action/detail/transform_mode__rosidl_typesupport_introspection_c.h
[11.452s] -- Up-to-date: /home/atvpi/ros2_ws/install/transformer_controller/include/transformer_controller/transformer_controller/action/detail/transform_mode__type_support.c
[11.452s] -- Up-to-date: /home/atvpi/ros2_ws/install/transformer_controller/lib/libtransformer_controller__rosidl_typesupport_introspection_c.so
[11.454s] -- Up-to-date: /home/atvpi/ros2_ws/install/transformer_controller/lib/libtransformer_controller__rosidl_typesupport_c.so
[11.454s] -- Up-to-date: /home/atvpi/ros2_ws/install/transformer_controller/include/transformer_controller/transformer_controller
[11.454s] -- Up-to-date: /home/atvpi/ros2_ws/install/transformer_controller/include/transformer_controller/transformer_controller/action
[11.454s] -- Up-to-date: /home/atvpi/ros2_ws/install/transformer_controller/include/transformer_controller/transformer_controller/action/detail
[11.454s] -- Up-to-date: /home/atvpi/ros2_ws/install/transformer_controller/include/transformer_controller/transformer_controller/action/detail/transform_mode__type_support.cpp
[11.454s] -- Up-to-date: /home/atvpi/ros2_ws/install/transformer_controller/include/transformer_controller/transformer_controller/action/detail/transform_mode__rosidl_typesupport_introspection_cpp.hpp
[11.455s] -- Up-to-date: /home/atvpi/ros2_ws/install/transformer_controller/lib/libtransformer_controller__rosidl_typesupport_introspection_cpp.so
[11.455s] -- Up-to-date: /home/atvpi/ros2_ws/install/transformer_controller/lib/libtransformer_controller__rosidl_typesupport_cpp.so
[11.455s] -- Up-to-date: /home/atvpi/ros2_ws/install/transformer_controller/share/transformer_controller/environment/pythonpath.sh
[11.455s] -- Up-to-date: /home/atvpi/ros2_ws/install/transformer_controller/share/transformer_controller/environment/pythonpath.dsv
[11.455s] -- Up-to-date: /home/atvpi/ros2_ws/install/transformer_controller/lib/python3.12/site-packages/transformer_controller-0.0.1-py3.12.egg-info
[11.456s] -- Installing: /home/atvpi/ros2_ws/install/transformer_controller/lib/python3.12/site-packages/transformer_controller-0.0.1-py3.12.egg-info/SOURCES.txt
[11.456s] -- Installing: /home/atvpi/ros2_ws/install/transformer_controller/lib/python3.12/site-packages/transformer_controller-0.0.1-py3.12.egg-info/top_level.txt
[11.456s] -- Installing: /home/atvpi/ros2_ws/install/transformer_controller/lib/python3.12/site-packages/transformer_controller-0.0.1-py3.12.egg-info/PKG-INFO
[11.456s] -- Installing: /home/atvpi/ros2_ws/install/transformer_controller/lib/python3.12/site-packages/transformer_controller-0.0.1-py3.12.egg-info/dependency_links.txt
[11.456s] -- Up-to-date: /home/atvpi/ros2_ws/install/transformer_controller/lib/python3.12/site-packages/transformer_controller
[11.457s] -- Up-to-date: /home/atvpi/ros2_ws/install/transformer_controller/lib/python3.12/site-packages/transformer_controller/_transformer_controller_s.ep.rosidl_typesupport_introspection_c.c
[11.457s] -- Up-to-date: /home/atvpi/ros2_ws/install/transformer_controller/lib/python3.12/site-packages/transformer_controller/transformer_controller_s__rosidl_typesupport_c.so
[11.457s] -- Up-to-date: /home/atvpi/ros2_ws/install/transformer_controller/lib/python3.12/site-packages/transformer_controller/_transformer_controller_s.ep.rosidl_typesupport_c.c
[11.457s] -- Up-to-date: /home/atvpi/ros2_ws/install/transformer_controller/lib/python3.12/site-packages/transformer_controller/transformer_controller_s__rosidl_typesupport_fastrtps_c.so
[11.457s] -- Up-to-date: /home/atvpi/ros2_ws/install/transformer_controller/lib/python3.12/site-packages/transformer_controller/_transformer_controller_s.ep.rosidl_typesupport_fastrtps_c.c
[11.457s] -- Up-to-date: /home/atvpi/ros2_ws/install/transformer_controller/lib/python3.12/site-packages/transformer_controller/__init__.py
[11.457s] -- Up-to-date: /home/atvpi/ros2_ws/install/transformer_controller/lib/python3.12/site-packages/transformer_controller/action
[11.457s] -- Up-to-date: /home/atvpi/ros2_ws/install/transformer_controller/lib/python3.12/site-packages/transformer_controller/action/_transform_mode_s.c
[11.457s] -- Up-to-date: /home/atvpi/ros2_ws/install/transformer_controller/lib/python3.12/site-packages/transformer_controller/action/__init__.py
[11.458s] -- Up-to-date: /home/atvpi/ros2_ws/install/transformer_controller/lib/python3.12/site-packages/transformer_controller/action/_transform_mode.py
[11.458s] -- Up-to-date: /home/atvpi/ros2_ws/install/transformer_controller/lib/python3.12/site-packages/transformer_controller/transformer_controller_s__rosidl_typesupport_introspection_c.so
[11.515s] Listing '/home/atvpi/ros2_ws/install/transformer_controller/lib/python3.12/site-packages/transformer_controller'...
[11.515s] Listing '/home/atvpi/ros2_ws/install/transformer_controller/lib/python3.12/site-packages/transformer_controller/action'...
[11.529s] -- Up-to-date: /home/atvpi/ros2_ws/install/transformer_controller/lib/python3.12/site-packages/transformer_controller/transformer_controller_s__rosidl_typesupport_fastrtps_c.so
[11.530s] -- Up-to-date: /home/atvpi/ros2_ws/install/transformer_controller/lib/python3.12/site-packages/transformer_controller/transformer_controller_s__rosidl_typesupport_introspection_c.so
[11.532s] -- Up-to-date: /home/atvpi/ros2_ws/install/transformer_controller/lib/python3.12/site-packages/transformer_controller/transformer_controller_s__rosidl_typesupport_c.so
[11.534s] -- Up-to-date: /home/atvpi/ros2_ws/install/transformer_controller/lib/libtransformer_controller__rosidl_generator_py.so
[11.534s] -- Up-to-date: /home/atvpi/ros2_ws/install/transformer_controller/share/transformer_controller/action/TransformMode.idl
[11.534s] -- Up-to-date: /home/atvpi/ros2_ws/install/transformer_controller/share/transformer_controller/action/TransformMode.action
[11.534s] -- Installing: /home/atvpi/ros2_ws/install/transformer_controller/lib/transformer_controller/transformer_controller_node
[11.542s] -- Set non-toolchain portion of runtime path of "/home/atvpi/ros2_ws/install/transformer_controller/lib/transformer_controller/transformer_controller_node" to ""
[11.542s] -- Up-to-date: /home/atvpi/ros2_ws/install/transformer_controller/share/transformer_controller/action
[11.542s] -- Up-to-date: /home/atvpi/ros2_ws/install/transformer_controller/share/transformer_controller/action/TransformMode.action
[11.542s] -- Up-to-date: /home/atvpi/ros2_ws/install/transformer_controller/share/transformer_controller/launch
[11.542s] -- Up-to-date: /home/atvpi/ros2_ws/install/transformer_controller/share/transformer_controller/launch/transformer_controller.launch.py
[11.542s] -- Up-to-date: /home/atvpi/ros2_ws/install/transformer_controller/share/ament_index/resource_index/package_run_dependencies/transformer_controller
[11.543s] -- Up-to-date: /home/atvpi/ros2_ws/install/transformer_controller/share/ament_index/resource_index/parent_prefix_path/transformer_controller
[11.543s] -- Up-to-date: /home/atvpi/ros2_ws/install/transformer_controller/share/transformer_controller/environment/ament_prefix_path.sh
[11.543s] -- Up-to-date: /home/atvpi/ros2_ws/install/transformer_controller/share/transformer_controller/environment/ament_prefix_path.dsv
[11.543s] -- Up-to-date: /home/atvpi/ros2_ws/install/transformer_controller/share/transformer_controller/environment/path.sh
[11.543s] -- Up-to-date: /home/atvpi/ros2_ws/install/transformer_controller/share/transformer_controller/environment/path.dsv
[11.543s] -- Up-to-date: /home/atvpi/ros2_ws/install/transformer_controller/share/transformer_controller/local_setup.bash
[11.543s] -- Up-to-date: /home/atvpi/ros2_ws/install/transformer_controller/share/transformer_controller/local_setup.sh
[11.543s] -- Up-to-date: /home/atvpi/ros2_ws/install/transformer_controller/share/transformer_controller/local_setup.zsh
[11.543s] -- Up-to-date: /home/atvpi/ros2_ws/install/transformer_controller/share/transformer_controller/local_setup.dsv
[11.543s] -- Installing: /home/atvpi/ros2_ws/install/transformer_controller/share/transformer_controller/package.dsv
[11.544s] -- Up-to-date: /home/atvpi/ros2_ws/install/transformer_controller/share/ament_index/resource_index/packages/transformer_controller
[11.547s] -- Up-to-date: /home/atvpi/ros2_ws/install/transformer_controller/share/transformer_controller/cmake/export_transformer_controller__rosidl_generator_cExport.cmake
[11.548s] -- Up-to-date: /home/atvpi/ros2_ws/install/transformer_controller/share/transformer_controller/cmake/export_transformer_controller__rosidl_generator_cExport-noconfig.cmake
[11.548s] -- Up-to-date: /home/atvpi/ros2_ws/install/transformer_controller/share/transformer_controller/cmake/export_transformer_controller__rosidl_typesupport_fastrtps_cExport.cmake
[11.549s] -- Up-to-date: /home/atvpi/ros2_ws/install/transformer_controller/share/transformer_controller/cmake/export_transformer_controller__rosidl_typesupport_fastrtps_cExport-noconfig.cmake
[11.549s] -- Up-to-date: /home/atvpi/ros2_ws/install/transformer_controller/share/transformer_controller/cmake/export_transformer_controller__rosidl_generator_cppExport.cmake
[11.550s] -- Up-to-date: /home/atvpi/ros2_ws/install/transformer_controller/share/transformer_controller/cmake/export_transformer_controller__rosidl_typesupport_fastrtps_cppExport.cmake
[11.551s] -- Up-to-date: /home/atvpi/ros2_ws/install/transformer_controller/share/transformer_controller/cmake/export_transformer_controller__rosidl_typesupport_fastrtps_cppExport-noconfig.cmake
[11.551s] -- Up-to-date: /home/atvpi/ros2_ws/install/transformer_controller/share/transformer_controller/cmake/transformer_controller__rosidl_typesupport_introspection_cExport.cmake
[11.551s] -- Up-to-date: /home/atvpi/ros2_ws/install/transformer_controller/share/transformer_controller/cmake/transformer_controller__rosidl_typesupport_introspection_cExport-noconfig.cmake
[11.552s] -- Up-to-date: /home/atvpi/ros2_ws/install/transformer_controller/share/transformer_controller/cmake/transformer_controller__rosidl_typesupport_cExport.cmake
[11.552s] -- Up-to-date: /home/atvpi/ros2_ws/install/transformer_controller/share/transformer_controller/cmake/transformer_controller__rosidl_typesupport_cExport-noconfig.cmake
[11.553s] -- Up-to-date: /home/atvpi/ros2_ws/install/transformer_controller/share/transformer_controller/cmake/transformer_controller__rosidl_typesupport_introspection_cppExport.cmake
[11.553s] -- Up-to-date: /home/atvpi/ros2_ws/install/transformer_controller/share/transformer_controller/cmake/transformer_controller__rosidl_typesupport_introspection_cppExport-noconfig.cmake
[11.554s] -- Up-to-date: /home/atvpi/ros2_ws/install/transformer_controller/share/transformer_controller/cmake/transformer_controller__rosidl_typesupport_cppExport.cmake
[11.554s] -- Up-to-date: /home/atvpi/ros2_ws/install/transformer_controller/share/transformer_controller/cmake/transformer_controller__rosidl_typesupport_cppExport-noconfig.cmake
[11.555s] -- Up-to-date: /home/atvpi/ros2_ws/install/transformer_controller/share/transformer_controller/cmake/export_transformer_controller__rosidl_generator_pyExport.cmake
[11.555s] -- Up-to-date: /home/atvpi/ros2_ws/install/transformer_controller/share/transformer_controller/cmake/export_transformer_controller__rosidl_generator_pyExport-noconfig.cmake
[11.555s] -- Up-to-date: /home/atvpi/ros2_ws/install/transformer_controller/share/transformer_controller/cmake/rosidl_cmake-extras.cmake
[11.555s] -- Up-to-date: /home/atvpi/ros2_ws/install/transformer_controller/share/transformer_controller/cmake/ament_cmake_export_dependencies-extras.cmake
[11.556s] -- Up-to-date: /home/atvpi/ros2_ws/install/transformer_controller/share/transformer_controller/cmake/ament_cmake_export_include_directories-extras.cmake
[11.556s] -- Up-to-date: /home/atvpi/ros2_ws/install/transformer_controller/share/transformer_controller/cmake/ament_cmake_export_libraries-extras.cmake
[11.556s] -- Up-to-date: /home/atvpi/ros2_ws/install/transformer_controller/share/transformer_controller/cmake/ament_cmake_export_targets-extras.cmake
[11.556s] -- Up-to-date: /home/atvpi/ros2_ws/install/transformer_controller/share/transformer_controller/cmake/rosidl_cmake_export_typesupport_targets-extras.cmake
[11.556s] -- Up-to-date: /home/atvpi/ros2_ws/install/transformer_controller/share/transformer_controller/cmake/rosidl_cmake_export_typesupport_libraries-extras.cmake
[11.556s] -- Up-to-date: /home/atvpi/ros2_ws/install/transformer_controller/share/transformer_controller/cmake/transformer_controllerConfig.cmake
[11.556s] -- Up-to-date: /home/atvpi/ros2_ws/install/transformer_controller/share/transformer_controller/cmake/transformer_controllerConfig-version.cmake
[11.556s] -- Up-to-date: /home/atvpi/ros2_ws/install/transformer_controller/share/transformer_controller/package.xml
[11.560s] Invoked command in '/home/atvpi/ros2_ws/build/transformer_controller' returned '0': CMAKE_PREFIX_PATH=/home/atvpi/ros2_ws/install/transformer_hw_servos:/home/atvpi/ros2_ws/install/transformer_hw_actuators:/home/atvpi/ros2_ws/install/wheeltec_n100_imu:/home/atvpi/ros2_ws/install/transformer_bringup:/home/atvpi/ros2_ws/install/transformer_rc_mode_switch:/home/atvpi/ros2_ws/install/transformer_msp_bridge:/home/atvpi/ros2_ws/install/transformer_controller:/home/atvpi/ros2_ws/install/serial:/opt/ros/jazzy LD_LIBRARY_PATH=/home/atvpi/ros2_ws/install/transformer_hw_servos/lib:/home/atvpi/ros2_ws/install/transformer_hw_actuators/lib:/home/atvpi/ros2_ws/install/transformer_msp_bridge/lib:/home/atvpi/ros2_ws/install/transformer_controller/lib:/home/atvpi/ros2_ws/install/serial/lib:/opt/ros/jazzy/lib/aarch64-linux-gnu:/opt/ros/jazzy/lib PYTHONPATH=/home/atvpi/ros2_ws/install/transformer_hw_servos/lib/python3.12/site-packages:/home/atvpi/ros2_ws/install/transformer_hw_actuators/lib/python3.12/site-packages:/home/atvpi/ros2_ws/install/transformer_msp_bridge/lib/python3.12/site-packages:/home/atvpi/ros2_ws/install/transformer_controller/lib/python3.12/site-packages:/opt/ros/jazzy/lib/python3.12/site-packages /usr/bin/cmake --install /home/atvpi/ros2_ws/build/transformer_controller
