[0.028s] Invoking command in '/home/atvpi/ros2_ws/build/transformer_controller': CMAKE_PREFIX_PATH=/home/atvpi/ros2_ws/install/transformer_hw_servos:/home/atvpi/ros2_ws/install/transformer_hw_actuators:/home/atvpi/ros2_ws/install/wheeltec_n100_imu:/home/atvpi/ros2_ws/install/transformer_bringup:/home/atvpi/ros2_ws/install/transformer_rc_mode_switch:/home/atvpi/ros2_ws/install/transformer_msp_bridge:/home/atvpi/ros2_ws/install/transformer_controller:/home/atvpi/ros2_ws/install/serial:/opt/ros/jazzy LD_LIBRARY_PATH=/home/atvpi/ros2_ws/install/transformer_hw_servos/lib:/home/atvpi/ros2_ws/install/transformer_hw_actuators/lib:/home/atvpi/ros2_ws/install/transformer_msp_bridge/lib:/home/atvpi/ros2_ws/install/transformer_controller/lib:/home/atvpi/ros2_ws/install/serial/lib:/opt/ros/jazzy/lib/aarch64-linux-gnu:/opt/ros/jazzy/lib PYTHONPATH=/home/atvpi/ros2_ws/install/transformer_hw_servos/lib/python3.12/site-packages:/home/atvpi/ros2_ws/install/transformer_hw_actuators/lib/python3.12/site-packages:/home/atvpi/ros2_ws/install/transformer_msp_bridge/lib/python3.12/site-packages:/home/atvpi/ros2_ws/install/transformer_controller/lib/python3.12/site-packages:/opt/ros/jazzy/lib/python3.12/site-packages /usr/bin/cmake --build /home/atvpi/ros2_ws/build/transformer_controller -- -j4 -l4
[0.206s] [  2%] Built target transformer_controller__rosidl_generator_type_description
[0.242s] [  2%] Built target ament_cmake_python_copy_transformer_controller
[0.296s] [  5%] Built target transformer_controller__cpp
[0.300s] [ 19%] Built target transformer_controller__rosidl_generator_c
[0.359s] [ 27%] Built target transformer_controller__rosidl_typesupport_cpp
[0.380s] [ 36%] Built target transformer_controller__rosidl_typesupport_fastrtps_c
[0.389s] [ 44%] Built target transformer_controller__rosidl_typesupport_fastrtps_cpp
[0.436s] [ 52%] Built target transformer_controller__rosidl_typesupport_introspection_c
[0.452s] [ 61%] Built target transformer_controller__rosidl_typesupport_introspection_cpp
[0.460s] [ 69%] Built target transformer_controller__rosidl_typesupport_c
[0.499s] [ 69%] Built target transformer_controller
[0.547s] [ 72%] Built target transformer_controller__py
[0.560s] [ 77%] Built target transformer_controller_node
[0.595s] [ 83%] Built target transformer_controller__rosidl_generator_py
[0.651s] [ 88%] Built target transformer_controller_s__rosidl_typesupport_fastrtps_c
[0.656s] [ 94%] Built target transformer_controller_s__rosidl_typesupport_c
[0.664s] [100%] Built target transformer_controller_s__rosidl_typesupport_introspection_c
[0.704s] running egg_info
[0.734s] writing transformer_controller.egg-info/PKG-INFO
[0.734s] writing dependency_links to transformer_controller.egg-info/dependency_links.txt
[0.735s] writing top-level names to transformer_controller.egg-info/top_level.txt
[0.818s] reading manifest file 'transformer_controller.egg-info/SOURCES.txt'
[0.819s] writing manifest file 'transformer_controller.egg-info/SOURCES.txt'
[0.912s] [100%] Built target ament_cmake_python_build_transformer_controller_egg
[0.935s] Invoked command in '/home/atvpi/ros2_ws/build/transformer_controller' returned '0': CMAKE_PREFIX_PATH=/home/atvpi/ros2_ws/install/transformer_hw_servos:/home/atvpi/ros2_ws/install/transformer_hw_actuators:/home/atvpi/ros2_ws/install/wheeltec_n100_imu:/home/atvpi/ros2_ws/install/transformer_bringup:/home/atvpi/ros2_ws/install/transformer_rc_mode_switch:/home/atvpi/ros2_ws/install/transformer_msp_bridge:/home/atvpi/ros2_ws/install/transformer_controller:/home/atvpi/ros2_ws/install/serial:/opt/ros/jazzy LD_LIBRARY_PATH=/home/atvpi/ros2_ws/install/transformer_hw_servos/lib:/home/atvpi/ros2_ws/install/transformer_hw_actuators/lib:/home/atvpi/ros2_ws/install/transformer_msp_bridge/lib:/home/atvpi/ros2_ws/install/transformer_controller/lib:/home/atvpi/ros2_ws/install/serial/lib:/opt/ros/jazzy/lib/aarch64-linux-gnu:/opt/ros/jazzy/lib PYTHONPATH=/home/atvpi/ros2_ws/install/transformer_hw_servos/lib/python3.12/site-packages:/home/atvpi/ros2_ws/install/transformer_hw_actuators/lib/python3.12/site-packages:/home/atvpi/ros2_ws/install/transformer_msp_bridge/lib/python3.12/site-packages:/home/atvpi/ros2_ws/install/transformer_controller/lib/python3.12/site-packages:/opt/ros/jazzy/lib/python3.12/site-packages /usr/bin/cmake --build /home/atvpi/ros2_ws/build/transformer_controller -- -j4 -l4
[0.938s] Invoking command in '/home/atvpi/ros2_ws/build/transformer_controller': CMAKE_PREFIX_PATH=/home/atvpi/ros2_ws/install/transformer_hw_servos:/home/atvpi/ros2_ws/install/transformer_hw_actuators:/home/atvpi/ros2_ws/install/wheeltec_n100_imu:/home/atvpi/ros2_ws/install/transformer_bringup:/home/atvpi/ros2_ws/install/transformer_rc_mode_switch:/home/atvpi/ros2_ws/install/transformer_msp_bridge:/home/atvpi/ros2_ws/install/transformer_controller:/home/atvpi/ros2_ws/install/serial:/opt/ros/jazzy LD_LIBRARY_PATH=/home/atvpi/ros2_ws/install/transformer_hw_servos/lib:/home/atvpi/ros2_ws/install/transformer_hw_actuators/lib:/home/atvpi/ros2_ws/install/transformer_msp_bridge/lib:/home/atvpi/ros2_ws/install/transformer_controller/lib:/home/atvpi/ros2_ws/install/serial/lib:/opt/ros/jazzy/lib/aarch64-linux-gnu:/opt/ros/jazzy/lib PYTHONPATH=/home/atvpi/ros2_ws/install/transformer_hw_servos/lib/python3.12/site-packages:/home/atvpi/ros2_ws/install/transformer_hw_actuators/lib/python3.12/site-packages:/home/atvpi/ros2_ws/install/transformer_msp_bridge/lib/python3.12/site-packages:/home/atvpi/ros2_ws/install/transformer_controller/lib/python3.12/site-packages:/opt/ros/jazzy/lib/python3.12/site-packages /usr/bin/cmake --install /home/atvpi/ros2_ws/build/transformer_controller
[0.956s] -- Install configuration: ""
[0.959s] -- Up-to-date: /home/atvpi/ros2_ws/install/transformer_controller/share/ament_index/resource_index/rosidl_interfaces/transformer_controller
[0.960s] -- Up-to-date: /home/atvpi/ros2_ws/install/transformer_controller/share/transformer_controller/action/TransformMode.json
[0.961s] -- Up-to-date: /home/atvpi/ros2_ws/install/transformer_controller/include/transformer_controller/transformer_controller
[0.962s] -- Up-to-date: /home/atvpi/ros2_ws/install/transformer_controller/include/transformer_controller/transformer_controller/msg
[0.963s] -- Up-to-date: /home/atvpi/ros2_ws/install/transformer_controller/include/transformer_controller/transformer_controller/msg/rosidl_generator_c__visibility_control.h
[0.963s] -- Up-to-date: /home/atvpi/ros2_ws/install/transformer_controller/include/transformer_controller/transformer_controller/action
[0.964s] -- Up-to-date: /home/atvpi/ros2_ws/install/transformer_controller/include/transformer_controller/transformer_controller/action/transform_mode.h
[0.965s] -- Up-to-date: /home/atvpi/ros2_ws/install/transformer_controller/include/transformer_controller/transformer_controller/action/detail
[0.965s] -- Up-to-date: /home/atvpi/ros2_ws/install/transformer_controller/include/transformer_controller/transformer_controller/action/detail/transform_mode__functions.h
[0.966s] -- Up-to-date: /home/atvpi/ros2_ws/install/transformer_controller/include/transformer_controller/transformer_controller/action/detail/transform_mode__struct.h
[0.966s] -- Up-to-date: /home/atvpi/ros2_ws/install/transformer_controller/include/transformer_controller/transformer_controller/action/detail/transform_mode__functions.c
[0.967s] -- Up-to-date: /home/atvpi/ros2_ws/install/transformer_controller/include/transformer_controller/transformer_controller/action/detail/transform_mode__type_support.c
[0.967s] -- Up-to-date: /home/atvpi/ros2_ws/install/transformer_controller/include/transformer_controller/transformer_controller/action/detail/transform_mode__description.c
[0.968s] -- Up-to-date: /home/atvpi/ros2_ws/install/transformer_controller/include/transformer_controller/transformer_controller/action/detail/transform_mode__type_support.h
[0.968s] -- Up-to-date: /home/atvpi/ros2_ws/install/transformer_controller/share/transformer_controller/environment/library_path.sh
[0.968s] -- Up-to-date: /home/atvpi/ros2_ws/install/transformer_controller/share/transformer_controller/environment/library_path.dsv
[0.968s] -- Up-to-date: /home/atvpi/ros2_ws/install/transformer_controller/lib/libtransformer_controller__rosidl_generator_c.so
[0.968s] -- Up-to-date: /home/atvpi/ros2_ws/install/transformer_controller/include/transformer_controller/transformer_controller
[0.970s] -- Up-to-date: /home/atvpi/ros2_ws/install/transformer_controller/include/transformer_controller/transformer_controller/msg
[0.970s] -- Up-to-date: /home/atvpi/ros2_ws/install/transformer_controller/include/transformer_controller/transformer_controller/msg/rosidl_typesupport_fastrtps_c__visibility_control.h
[0.970s] -- Up-to-date: /home/atvpi/ros2_ws/install/transformer_controller/include/transformer_controller/transformer_controller/action
[0.971s] -- Up-to-date: /home/atvpi/ros2_ws/install/transformer_controller/include/transformer_controller/transformer_controller/action/detail
[0.972s] -- Up-to-date: /home/atvpi/ros2_ws/install/transformer_controller/include/transformer_controller/transformer_controller/action/detail/transform_mode__rosidl_typesupport_fastrtps_c.h
[0.972s] -- Up-to-date: /home/atvpi/ros2_ws/install/transformer_controller/lib/libtransformer_controller__rosidl_typesupport_fastrtps_c.so
[0.972s] -- Up-to-date: /home/atvpi/ros2_ws/install/transformer_controller/include/transformer_controller/transformer_controller
[0.972s] -- Up-to-date: /home/atvpi/ros2_ws/install/transformer_controller/include/transformer_controller/transformer_controller/msg
[0.975s] -- Up-to-date: /home/atvpi/ros2_ws/install/transformer_controller/include/transformer_controller/transformer_controller/msg/rosidl_generator_cpp__visibility_control.hpp
[0.975s] -- Up-to-date: /home/atvpi/ros2_ws/install/transformer_controller/include/transformer_controller/transformer_controller/action
[0.975s] -- Up-to-date: /home/atvpi/ros2_ws/install/transformer_controller/include/transformer_controller/transformer_controller/action/transform_mode.hpp
[0.975s] -- Up-to-date: /home/atvpi/ros2_ws/install/transformer_controller/include/transformer_controller/transformer_controller/action/detail
[0.975s] -- Up-to-date: /home/atvpi/ros2_ws/install/transformer_controller/include/transformer_controller/transformer_controller/action/detail/transform_mode__traits.hpp
[0.975s] -- Up-to-date: /home/atvpi/ros2_ws/install/transformer_controller/include/transformer_controller/transformer_controller/action/detail/transform_mode__type_support.hpp
[0.975s] -- Up-to-date: /home/atvpi/ros2_ws/install/transformer_controller/include/transformer_controller/transformer_controller/action/detail/transform_mode__builder.hpp
[0.975s] -- Up-to-date: /home/atvpi/ros2_ws/install/transformer_controller/include/transformer_controller/transformer_controller/action/detail/transform_mode__struct.hpp
[0.976s] -- Up-to-date: /home/atvpi/ros2_ws/install/transformer_controller/include/transformer_controller/transformer_controller
[0.976s] -- Up-to-date: /home/atvpi/ros2_ws/install/transformer_controller/include/transformer_controller/transformer_controller/msg
[0.976s] -- Up-to-date: /home/atvpi/ros2_ws/install/transformer_controller/include/transformer_controller/transformer_controller/msg/rosidl_typesupport_fastrtps_cpp__visibility_control.h
[0.976s] -- Up-to-date: /home/atvpi/ros2_ws/install/transformer_controller/include/transformer_controller/transformer_controller/action
[0.976s] -- Up-to-date: /home/atvpi/ros2_ws/install/transformer_controller/include/transformer_controller/transformer_controller/action/detail
[0.976s] -- Up-to-date: /home/atvpi/ros2_ws/install/transformer_controller/include/transformer_controller/transformer_controller/action/detail/dds_fastrtps
[0.979s] -- Up-to-date: /home/atvpi/ros2_ws/install/transformer_controller/include/transformer_controller/transformer_controller/action/detail/transform_mode__rosidl_typesupport_fastrtps_cpp.hpp
[0.980s] -- Up-to-date: /home/atvpi/ros2_ws/install/transformer_controller/lib/libtransformer_controller__rosidl_typesupport_fastrtps_cpp.so
[0.980s] -- Up-to-date: /home/atvpi/ros2_ws/install/transformer_controller/include/transformer_controller/transformer_controller
[0.980s] -- Up-to-date: /home/atvpi/ros2_ws/install/transformer_controller/include/transformer_controller/transformer_controller/msg
[0.980s] -- Up-to-date: /home/atvpi/ros2_ws/install/transformer_controller/include/transformer_controller/transformer_controller/msg/rosidl_typesupport_introspection_c__visibility_control.h
[0.980s] -- Up-to-date: /home/atvpi/ros2_ws/install/transformer_controller/include/transformer_controller/transformer_controller/action
[0.980s] -- Up-to-date: /home/atvpi/ros2_ws/install/transformer_controller/include/transformer_controller/transformer_controller/action/detail
[0.981s] -- Up-to-date: /home/atvpi/ros2_ws/install/transformer_controller/include/transformer_controller/transformer_controller/action/detail/transform_mode__rosidl_typesupport_introspection_c.h
[0.981s] -- Up-to-date: /home/atvpi/ros2_ws/install/transformer_controller/include/transformer_controller/transformer_controller/action/detail/transform_mode__type_support.c
[0.981s] -- Up-to-date: /home/atvpi/ros2_ws/install/transformer_controller/lib/libtransformer_controller__rosidl_typesupport_introspection_c.so
[0.981s] -- Up-to-date: /home/atvpi/ros2_ws/install/transformer_controller/lib/libtransformer_controller__rosidl_typesupport_c.so
[0.981s] -- Up-to-date: /home/atvpi/ros2_ws/install/transformer_controller/include/transformer_controller/transformer_controller
[0.981s] -- Up-to-date: /home/atvpi/ros2_ws/install/transformer_controller/include/transformer_controller/transformer_controller/action
[0.981s] -- Up-to-date: /home/atvpi/ros2_ws/install/transformer_controller/include/transformer_controller/transformer_controller/action/detail
[0.981s] -- Up-to-date: /home/atvpi/ros2_ws/install/transformer_controller/include/transformer_controller/transformer_controller/action/detail/transform_mode__type_support.cpp
[0.984s] -- Up-to-date: /home/atvpi/ros2_ws/install/transformer_controller/include/transformer_controller/transformer_controller/action/detail/transform_mode__rosidl_typesupport_introspection_cpp.hpp
[0.985s] -- Up-to-date: /home/atvpi/ros2_ws/install/transformer_controller/lib/libtransformer_controller__rosidl_typesupport_introspection_cpp.so
[0.985s] -- Up-to-date: /home/atvpi/ros2_ws/install/transformer_controller/lib/libtransformer_controller__rosidl_typesupport_cpp.so
[0.985s] -- Up-to-date: /home/atvpi/ros2_ws/install/transformer_controller/share/transformer_controller/environment/pythonpath.sh
[0.985s] -- Up-to-date: /home/atvpi/ros2_ws/install/transformer_controller/share/transformer_controller/environment/pythonpath.dsv
[0.985s] -- Up-to-date: /home/atvpi/ros2_ws/install/transformer_controller/lib/python3.12/site-packages/transformer_controller-0.0.1-py3.12.egg-info
[0.985s] -- Installing: /home/atvpi/ros2_ws/install/transformer_controller/lib/python3.12/site-packages/transformer_controller-0.0.1-py3.12.egg-info/SOURCES.txt
[0.985s] -- Installing: /home/atvpi/ros2_ws/install/transformer_controller/lib/python3.12/site-packages/transformer_controller-0.0.1-py3.12.egg-info/top_level.txt
[0.986s] -- Installing: /home/atvpi/ros2_ws/install/transformer_controller/lib/python3.12/site-packages/transformer_controller-0.0.1-py3.12.egg-info/PKG-INFO
[0.987s] -- Installing: /home/atvpi/ros2_ws/install/transformer_controller/lib/python3.12/site-packages/transformer_controller-0.0.1-py3.12.egg-info/dependency_links.txt
[0.988s] -- Up-to-date: /home/atvpi/ros2_ws/install/transformer_controller/lib/python3.12/site-packages/transformer_controller
[0.988s] -- Up-to-date: /home/atvpi/ros2_ws/install/transformer_controller/lib/python3.12/site-packages/transformer_controller/_transformer_controller_s.ep.rosidl_typesupport_introspection_c.c
[0.988s] -- Up-to-date: /home/atvpi/ros2_ws/install/transformer_controller/lib/python3.12/site-packages/transformer_controller/transformer_controller_s__rosidl_typesupport_c.so
[0.988s] -- Up-to-date: /home/atvpi/ros2_ws/install/transformer_controller/lib/python3.12/site-packages/transformer_controller/_transformer_controller_s.ep.rosidl_typesupport_c.c
[0.988s] -- Up-to-date: /home/atvpi/ros2_ws/install/transformer_controller/lib/python3.12/site-packages/transformer_controller/transformer_controller_s__rosidl_typesupport_fastrtps_c.so
[0.988s] -- Up-to-date: /home/atvpi/ros2_ws/install/transformer_controller/lib/python3.12/site-packages/transformer_controller/_transformer_controller_s.ep.rosidl_typesupport_fastrtps_c.c
[0.988s] -- Up-to-date: /home/atvpi/ros2_ws/install/transformer_controller/lib/python3.12/site-packages/transformer_controller/__init__.py
[0.988s] -- Up-to-date: /home/atvpi/ros2_ws/install/transformer_controller/lib/python3.12/site-packages/transformer_controller/action
[0.988s] -- Up-to-date: /home/atvpi/ros2_ws/install/transformer_controller/lib/python3.12/site-packages/transformer_controller/action/_transform_mode_s.c
[0.989s] -- Up-to-date: /home/atvpi/ros2_ws/install/transformer_controller/lib/python3.12/site-packages/transformer_controller/action/__init__.py
[0.989s] -- Up-to-date: /home/atvpi/ros2_ws/install/transformer_controller/lib/python3.12/site-packages/transformer_controller/action/_transform_mode.py
[0.989s] -- Up-to-date: /home/atvpi/ros2_ws/install/transformer_controller/lib/python3.12/site-packages/transformer_controller/transformer_controller_s__rosidl_typesupport_introspection_c.so
[1.033s] Listing '/home/atvpi/ros2_ws/install/transformer_controller/lib/python3.12/site-packages/transformer_controller'...
[1.033s] Listing '/home/atvpi/ros2_ws/install/transformer_controller/lib/python3.12/site-packages/transformer_controller/action'...
[1.052s] -- Up-to-date: /home/atvpi/ros2_ws/install/transformer_controller/lib/python3.12/site-packages/transformer_controller/transformer_controller_s__rosidl_typesupport_fastrtps_c.so
[1.054s] -- Up-to-date: /home/atvpi/ros2_ws/install/transformer_controller/lib/python3.12/site-packages/transformer_controller/transformer_controller_s__rosidl_typesupport_introspection_c.so
[1.055s] -- Up-to-date: /home/atvpi/ros2_ws/install/transformer_controller/lib/python3.12/site-packages/transformer_controller/transformer_controller_s__rosidl_typesupport_c.so
[1.055s] -- Up-to-date: /home/atvpi/ros2_ws/install/transformer_controller/lib/libtransformer_controller__rosidl_generator_py.so
[1.056s] -- Up-to-date: /home/atvpi/ros2_ws/install/transformer_controller/share/transformer_controller/action/TransformMode.idl
[1.057s] -- Up-to-date: /home/atvpi/ros2_ws/install/transformer_controller/share/transformer_controller/action/TransformMode.action
[1.062s] -- Up-to-date: /home/atvpi/ros2_ws/install/transformer_controller/lib/transformer_controller/transformer_controller_node
[1.062s] -- Up-to-date: /home/atvpi/ros2_ws/install/transformer_controller/share/transformer_controller/action
[1.062s] -- Up-to-date: /home/atvpi/ros2_ws/install/transformer_controller/share/transformer_controller/action/TransformMode.action
[1.062s] -- Up-to-date: /home/atvpi/ros2_ws/install/transformer_controller/share/transformer_controller/launch
[1.062s] -- Up-to-date: /home/atvpi/ros2_ws/install/transformer_controller/share/transformer_controller/launch/transformer_controller.launch.py
[1.062s] -- Up-to-date: /home/atvpi/ros2_ws/install/transformer_controller/share/ament_index/resource_index/package_run_dependencies/transformer_controller
[1.062s] -- Up-to-date: /home/atvpi/ros2_ws/install/transformer_controller/share/ament_index/resource_index/parent_prefix_path/transformer_controller
[1.062s] -- Up-to-date: /home/atvpi/ros2_ws/install/transformer_controller/share/transformer_controller/environment/ament_prefix_path.sh
[1.063s] -- Up-to-date: /home/atvpi/ros2_ws/install/transformer_controller/share/transformer_controller/environment/ament_prefix_path.dsv
[1.063s] -- Up-to-date: /home/atvpi/ros2_ws/install/transformer_controller/share/transformer_controller/environment/path.sh
[1.063s] -- Up-to-date: /home/atvpi/ros2_ws/install/transformer_controller/share/transformer_controller/environment/path.dsv
[1.063s] -- Up-to-date: /home/atvpi/ros2_ws/install/transformer_controller/share/transformer_controller/local_setup.bash
[1.063s] -- Up-to-date: /home/atvpi/ros2_ws/install/transformer_controller/share/transformer_controller/local_setup.sh
[1.063s] -- Up-to-date: /home/atvpi/ros2_ws/install/transformer_controller/share/transformer_controller/local_setup.zsh
[1.063s] -- Up-to-date: /home/atvpi/ros2_ws/install/transformer_controller/share/transformer_controller/local_setup.dsv
[1.063s] -- Installing: /home/atvpi/ros2_ws/install/transformer_controller/share/transformer_controller/package.dsv
[1.063s] -- Up-to-date: /home/atvpi/ros2_ws/install/transformer_controller/share/ament_index/resource_index/packages/transformer_controller
[1.064s] -- Up-to-date: /home/atvpi/ros2_ws/install/transformer_controller/share/transformer_controller/cmake/export_transformer_controller__rosidl_generator_cExport.cmake
[1.064s] -- Up-to-date: /home/atvpi/ros2_ws/install/transformer_controller/share/transformer_controller/cmake/export_transformer_controller__rosidl_generator_cExport-noconfig.cmake
[1.064s] -- Up-to-date: /home/atvpi/ros2_ws/install/transformer_controller/share/transformer_controller/cmake/export_transformer_controller__rosidl_typesupport_fastrtps_cExport.cmake
[1.064s] -- Up-to-date: /home/atvpi/ros2_ws/install/transformer_controller/share/transformer_controller/cmake/export_transformer_controller__rosidl_typesupport_fastrtps_cExport-noconfig.cmake
[1.064s] -- Up-to-date: /home/atvpi/ros2_ws/install/transformer_controller/share/transformer_controller/cmake/export_transformer_controller__rosidl_generator_cppExport.cmake
[1.066s] -- Up-to-date: /home/atvpi/ros2_ws/install/transformer_controller/share/transformer_controller/cmake/export_transformer_controller__rosidl_typesupport_fastrtps_cppExport.cmake
[1.066s] -- Up-to-date: /home/atvpi/ros2_ws/install/transformer_controller/share/transformer_controller/cmake/export_transformer_controller__rosidl_typesupport_fastrtps_cppExport-noconfig.cmake
[1.066s] -- Up-to-date: /home/atvpi/ros2_ws/install/transformer_controller/share/transformer_controller/cmake/transformer_controller__rosidl_typesupport_introspection_cExport.cmake
[1.066s] -- Up-to-date: /home/atvpi/ros2_ws/install/transformer_controller/share/transformer_controller/cmake/transformer_controller__rosidl_typesupport_introspection_cExport-noconfig.cmake
[1.066s] -- Up-to-date: /home/atvpi/ros2_ws/install/transformer_controller/share/transformer_controller/cmake/transformer_controller__rosidl_typesupport_cExport.cmake
[1.067s] -- Up-to-date: /home/atvpi/ros2_ws/install/transformer_controller/share/transformer_controller/cmake/transformer_controller__rosidl_typesupport_cExport-noconfig.cmake
[1.067s] -- Up-to-date: /home/atvpi/ros2_ws/install/transformer_controller/share/transformer_controller/cmake/transformer_controller__rosidl_typesupport_introspection_cppExport.cmake
[1.067s] -- Up-to-date: /home/atvpi/ros2_ws/install/transformer_controller/share/transformer_controller/cmake/transformer_controller__rosidl_typesupport_introspection_cppExport-noconfig.cmake
[1.069s] -- Up-to-date: /home/atvpi/ros2_ws/install/transformer_controller/share/transformer_controller/cmake/transformer_controller__rosidl_typesupport_cppExport.cmake
[1.069s] -- Up-to-date: /home/atvpi/ros2_ws/install/transformer_controller/share/transformer_controller/cmake/transformer_controller__rosidl_typesupport_cppExport-noconfig.cmake
[1.069s] -- Up-to-date: /home/atvpi/ros2_ws/install/transformer_controller/share/transformer_controller/cmake/export_transformer_controller__rosidl_generator_pyExport.cmake
[1.069s] -- Up-to-date: /home/atvpi/ros2_ws/install/transformer_controller/share/transformer_controller/cmake/export_transformer_controller__rosidl_generator_pyExport-noconfig.cmake
[1.069s] -- Up-to-date: /home/atvpi/ros2_ws/install/transformer_controller/share/transformer_controller/cmake/rosidl_cmake-extras.cmake
[1.069s] -- Up-to-date: /home/atvpi/ros2_ws/install/transformer_controller/share/transformer_controller/cmake/ament_cmake_export_dependencies-extras.cmake
[1.069s] -- Up-to-date: /home/atvpi/ros2_ws/install/transformer_controller/share/transformer_controller/cmake/ament_cmake_export_include_directories-extras.cmake
[1.069s] -- Up-to-date: /home/atvpi/ros2_ws/install/transformer_controller/share/transformer_controller/cmake/ament_cmake_export_libraries-extras.cmake
[1.069s] -- Up-to-date: /home/atvpi/ros2_ws/install/transformer_controller/share/transformer_controller/cmake/ament_cmake_export_targets-extras.cmake
[1.070s] -- Up-to-date: /home/atvpi/ros2_ws/install/transformer_controller/share/transformer_controller/cmake/rosidl_cmake_export_typesupport_targets-extras.cmake
[1.070s] -- Up-to-date: /home/atvpi/ros2_ws/install/transformer_controller/share/transformer_controller/cmake/rosidl_cmake_export_typesupport_libraries-extras.cmake
[1.070s] -- Up-to-date: /home/atvpi/ros2_ws/install/transformer_controller/share/transformer_controller/cmake/transformer_controllerConfig.cmake
[1.070s] -- Up-to-date: /home/atvpi/ros2_ws/install/transformer_controller/share/transformer_controller/cmake/transformer_controllerConfig-version.cmake
[1.070s] -- Up-to-date: /home/atvpi/ros2_ws/install/transformer_controller/share/transformer_controller/package.xml
[1.071s] Invoked command in '/home/atvpi/ros2_ws/build/transformer_controller' returned '0': CMAKE_PREFIX_PATH=/home/atvpi/ros2_ws/install/transformer_hw_servos:/home/atvpi/ros2_ws/install/transformer_hw_actuators:/home/atvpi/ros2_ws/install/wheeltec_n100_imu:/home/atvpi/ros2_ws/install/transformer_bringup:/home/atvpi/ros2_ws/install/transformer_rc_mode_switch:/home/atvpi/ros2_ws/install/transformer_msp_bridge:/home/atvpi/ros2_ws/install/transformer_controller:/home/atvpi/ros2_ws/install/serial:/opt/ros/jazzy LD_LIBRARY_PATH=/home/atvpi/ros2_ws/install/transformer_hw_servos/lib:/home/atvpi/ros2_ws/install/transformer_hw_actuators/lib:/home/atvpi/ros2_ws/install/transformer_msp_bridge/lib:/home/atvpi/ros2_ws/install/transformer_controller/lib:/home/atvpi/ros2_ws/install/serial/lib:/opt/ros/jazzy/lib/aarch64-linux-gnu:/opt/ros/jazzy/lib PYTHONPATH=/home/atvpi/ros2_ws/install/transformer_hw_servos/lib/python3.12/site-packages:/home/atvpi/ros2_ws/install/transformer_hw_actuators/lib/python3.12/site-packages:/home/atvpi/ros2_ws/install/transformer_msp_bridge/lib/python3.12/site-packages:/home/atvpi/ros2_ws/install/transformer_controller/lib/python3.12/site-packages:/opt/ros/jazzy/lib/python3.12/site-packages /usr/bin/cmake --install /home/atvpi/ros2_ws/build/transformer_controller
