[0.024s] Invoking command in '/home/atvpi/ros2_ws/build/transformer_controller': CMAKE_PREFIX_PATH=/home/atvpi/ros2_ws/install/transformer_hw_servos:/home/atvpi/ros2_ws/install/transformer_hw_actuators:/home/atvpi/ros2_ws/install/wheeltec_n100_imu:/home/atvpi/ros2_ws/install/transformer_bringup:/home/atvpi/ros2_ws/install/transformer_rc_mode_switch:/home/atvpi/ros2_ws/install/transformer_msp_bridge:/home/atvpi/ros2_ws/install/transformer_controller:/home/atvpi/ros2_ws/install/serial:/opt/ros/jazzy LD_LIBRARY_PATH=/home/atvpi/ros2_ws/install/transformer_hw_servos/lib:/home/atvpi/ros2_ws/install/transformer_hw_actuators/lib:/home/atvpi/ros2_ws/install/transformer_msp_bridge/lib:/home/atvpi/ros2_ws/install/transformer_controller/lib:/home/atvpi/ros2_ws/install/serial/lib:/opt/ros/jazzy/lib/aarch64-linux-gnu:/opt/ros/jazzy/lib PYTHONPATH=/home/atvpi/ros2_ws/install/transformer_hw_servos/lib/python3.12/site-packages:/home/atvpi/ros2_ws/install/transformer_hw_actuators/lib/python3.12/site-packages:/home/atvpi/ros2_ws/install/transformer_msp_bridge/lib/python3.12/site-packages:/home/atvpi/ros2_ws/install/transformer_controller/lib/python3.12/site-packages:/opt/ros/jazzy/lib/python3.12/site-packages /usr/bin/cmake --build /home/atvpi/ros2_ws/build/transformer_controller -- -j4 -l4
[0.118s] [  2%] Built target transformer_controller__rosidl_generator_type_description
[0.141s] [  2%] Built target ament_cmake_python_copy_transformer_controller
[0.164s] [  5%] Built target transformer_controller__cpp
[0.166s] [ 19%] Built target transformer_controller__rosidl_generator_c
[0.225s] [ 27%] Built target transformer_controller__rosidl_typesupport_fastrtps_c
[0.225s] [ 36%] Built target transformer_controller__rosidl_typesupport_cpp
[0.245s] [ 44%] Built target transformer_controller__rosidl_typesupport_fastrtps_cpp
[0.273s] [ 52%] Built target transformer_controller__rosidl_typesupport_introspection_c
[0.280s] [ 61%] Built target transformer_controller__rosidl_typesupport_c
[0.297s] [ 69%] Built target transformer_controller__rosidl_typesupport_introspection_cpp
[0.335s] [ 69%] Built target transformer_controller
[0.384s] [ 72%] Built target transformer_controller__py
[0.402s] [ 77%] Built target transformer_controller_node
[0.432s] [ 83%] Built target transformer_controller__rosidl_generator_py
[0.481s] [ 91%] Built target transformer_controller_s__rosidl_typesupport_introspection_c
[0.482s] [ 94%] Built target transformer_controller_s__rosidl_typesupport_c
[0.482s] [100%] Built target transformer_controller_s__rosidl_typesupport_fastrtps_c
[0.539s] running egg_info
[0.563s] writing transformer_controller.egg-info/PKG-INFO
[0.563s] writing dependency_links to transformer_controller.egg-info/dependency_links.txt
[0.564s] writing top-level names to transformer_controller.egg-info/top_level.txt
[0.628s] reading manifest file 'transformer_controller.egg-info/SOURCES.txt'
[0.628s] writing manifest file 'transformer_controller.egg-info/SOURCES.txt'
[0.696s] [100%] Built target ament_cmake_python_build_transformer_controller_egg
[0.722s] Invoked command in '/home/atvpi/ros2_ws/build/transformer_controller' returned '0': CMAKE_PREFIX_PATH=/home/atvpi/ros2_ws/install/transformer_hw_servos:/home/atvpi/ros2_ws/install/transformer_hw_actuators:/home/atvpi/ros2_ws/install/wheeltec_n100_imu:/home/atvpi/ros2_ws/install/transformer_bringup:/home/atvpi/ros2_ws/install/transformer_rc_mode_switch:/home/atvpi/ros2_ws/install/transformer_msp_bridge:/home/atvpi/ros2_ws/install/transformer_controller:/home/atvpi/ros2_ws/install/serial:/opt/ros/jazzy LD_LIBRARY_PATH=/home/atvpi/ros2_ws/install/transformer_hw_servos/lib:/home/atvpi/ros2_ws/install/transformer_hw_actuators/lib:/home/atvpi/ros2_ws/install/transformer_msp_bridge/lib:/home/atvpi/ros2_ws/install/transformer_controller/lib:/home/atvpi/ros2_ws/install/serial/lib:/opt/ros/jazzy/lib/aarch64-linux-gnu:/opt/ros/jazzy/lib PYTHONPATH=/home/atvpi/ros2_ws/install/transformer_hw_servos/lib/python3.12/site-packages:/home/atvpi/ros2_ws/install/transformer_hw_actuators/lib/python3.12/site-packages:/home/atvpi/ros2_ws/install/transformer_msp_bridge/lib/python3.12/site-packages:/home/atvpi/ros2_ws/install/transformer_controller/lib/python3.12/site-packages:/opt/ros/jazzy/lib/python3.12/site-packages /usr/bin/cmake --build /home/atvpi/ros2_ws/build/transformer_controller -- -j4 -l4
[0.744s] Invoking command in '/home/atvpi/ros2_ws/build/transformer_controller': CMAKE_PREFIX_PATH=/home/atvpi/ros2_ws/install/transformer_hw_servos:/home/atvpi/ros2_ws/install/transformer_hw_actuators:/home/atvpi/ros2_ws/install/wheeltec_n100_imu:/home/atvpi/ros2_ws/install/transformer_bringup:/home/atvpi/ros2_ws/install/transformer_rc_mode_switch:/home/atvpi/ros2_ws/install/transformer_msp_bridge:/home/atvpi/ros2_ws/install/transformer_controller:/home/atvpi/ros2_ws/install/serial:/opt/ros/jazzy LD_LIBRARY_PATH=/home/atvpi/ros2_ws/install/transformer_hw_servos/lib:/home/atvpi/ros2_ws/install/transformer_hw_actuators/lib:/home/atvpi/ros2_ws/install/transformer_msp_bridge/lib:/home/atvpi/ros2_ws/install/transformer_controller/lib:/home/atvpi/ros2_ws/install/serial/lib:/opt/ros/jazzy/lib/aarch64-linux-gnu:/opt/ros/jazzy/lib PYTHONPATH=/home/atvpi/ros2_ws/install/transformer_hw_servos/lib/python3.12/site-packages:/home/atvpi/ros2_ws/install/transformer_hw_actuators/lib/python3.12/site-packages:/home/atvpi/ros2_ws/install/transformer_msp_bridge/lib/python3.12/site-packages:/home/atvpi/ros2_ws/install/transformer_controller/lib/python3.12/site-packages:/opt/ros/jazzy/lib/python3.12/site-packages /usr/bin/cmake --install /home/atvpi/ros2_ws/build/transformer_controller
[0.760s] -- Install configuration: ""
[0.761s] -- Up-to-date: /home/atvpi/ros2_ws/install/transformer_controller/share/ament_index/resource_index/rosidl_interfaces/transformer_controller
[0.761s] -- Up-to-date: /home/atvpi/ros2_ws/install/transformer_controller/share/transformer_controller/action/TransformMode.json
[0.761s] -- Up-to-date: /home/atvpi/ros2_ws/install/transformer_controller/include/transformer_controller/transformer_controller
[0.761s] -- Up-to-date: /home/atvpi/ros2_ws/install/transformer_controller/include/transformer_controller/transformer_controller/msg
[0.761s] -- Up-to-date: /home/atvpi/ros2_ws/install/transformer_controller/include/transformer_controller/transformer_controller/msg/rosidl_generator_c__visibility_control.h
[0.761s] -- Up-to-date: /home/atvpi/ros2_ws/install/transformer_controller/include/transformer_controller/transformer_controller/action
[0.762s] -- Up-to-date: /home/atvpi/ros2_ws/install/transformer_controller/include/transformer_controller/transformer_controller/action/transform_mode.h
[0.762s] -- Up-to-date: /home/atvpi/ros2_ws/install/transformer_controller/include/transformer_controller/transformer_controller/action/detail
[0.762s] -- Up-to-date: /home/atvpi/ros2_ws/install/transformer_controller/include/transformer_controller/transformer_controller/action/detail/transform_mode__functions.h
[0.762s] -- Up-to-date: /home/atvpi/ros2_ws/install/transformer_controller/include/transformer_controller/transformer_controller/action/detail/transform_mode__struct.h
[0.762s] -- Up-to-date: /home/atvpi/ros2_ws/install/transformer_controller/include/transformer_controller/transformer_controller/action/detail/transform_mode__functions.c
[0.763s] -- Up-to-date: /home/atvpi/ros2_ws/install/transformer_controller/include/transformer_controller/transformer_controller/action/detail/transform_mode__type_support.c
[0.763s] -- Up-to-date: /home/atvpi/ros2_ws/install/transformer_controller/include/transformer_controller/transformer_controller/action/detail/transform_mode__description.c
[0.763s] -- Up-to-date: /home/atvpi/ros2_ws/install/transformer_controller/include/transformer_controller/transformer_controller/action/detail/transform_mode__type_support.h
[0.763s] -- Up-to-date: /home/atvpi/ros2_ws/install/transformer_controller/share/transformer_controller/environment/library_path.sh
[0.763s] -- Up-to-date: /home/atvpi/ros2_ws/install/transformer_controller/share/transformer_controller/environment/library_path.dsv
[0.764s] -- Up-to-date: /home/atvpi/ros2_ws/install/transformer_controller/lib/libtransformer_controller__rosidl_generator_c.so
[0.764s] -- Up-to-date: /home/atvpi/ros2_ws/install/transformer_controller/include/transformer_controller/transformer_controller
[0.764s] -- Up-to-date: /home/atvpi/ros2_ws/install/transformer_controller/include/transformer_controller/transformer_controller/msg
[0.764s] -- Up-to-date: /home/atvpi/ros2_ws/install/transformer_controller/include/transformer_controller/transformer_controller/msg/rosidl_typesupport_fastrtps_c__visibility_control.h
[0.764s] -- Up-to-date: /home/atvpi/ros2_ws/install/transformer_controller/include/transformer_controller/transformer_controller/action
[0.764s] -- Up-to-date: /home/atvpi/ros2_ws/install/transformer_controller/include/transformer_controller/transformer_controller/action/detail
[0.765s] -- Up-to-date: /home/atvpi/ros2_ws/install/transformer_controller/include/transformer_controller/transformer_controller/action/detail/transform_mode__rosidl_typesupport_fastrtps_c.h
[0.765s] -- Up-to-date: /home/atvpi/ros2_ws/install/transformer_controller/lib/libtransformer_controller__rosidl_typesupport_fastrtps_c.so
[0.765s] -- Up-to-date: /home/atvpi/ros2_ws/install/transformer_controller/include/transformer_controller/transformer_controller
[0.765s] -- Up-to-date: /home/atvpi/ros2_ws/install/transformer_controller/include/transformer_controller/transformer_controller/msg
[0.765s] -- Up-to-date: /home/atvpi/ros2_ws/install/transformer_controller/include/transformer_controller/transformer_controller/msg/rosidl_generator_cpp__visibility_control.hpp
[0.765s] -- Up-to-date: /home/atvpi/ros2_ws/install/transformer_controller/include/transformer_controller/transformer_controller/action
[0.765s] -- Up-to-date: /home/atvpi/ros2_ws/install/transformer_controller/include/transformer_controller/transformer_controller/action/transform_mode.hpp
[0.766s] -- Up-to-date: /home/atvpi/ros2_ws/install/transformer_controller/include/transformer_controller/transformer_controller/action/detail
[0.766s] -- Up-to-date: /home/atvpi/ros2_ws/install/transformer_controller/include/transformer_controller/transformer_controller/action/detail/transform_mode__traits.hpp
[0.766s] -- Up-to-date: /home/atvpi/ros2_ws/install/transformer_controller/include/transformer_controller/transformer_controller/action/detail/transform_mode__type_support.hpp
[0.766s] -- Up-to-date: /home/atvpi/ros2_ws/install/transformer_controller/include/transformer_controller/transformer_controller/action/detail/transform_mode__builder.hpp
[0.766s] -- Up-to-date: /home/atvpi/ros2_ws/install/transformer_controller/include/transformer_controller/transformer_controller/action/detail/transform_mode__struct.hpp
[0.766s] -- Up-to-date: /home/atvpi/ros2_ws/install/transformer_controller/include/transformer_controller/transformer_controller
[0.766s] -- Up-to-date: /home/atvpi/ros2_ws/install/transformer_controller/include/transformer_controller/transformer_controller/msg
[0.766s] -- Up-to-date: /home/atvpi/ros2_ws/install/transformer_controller/include/transformer_controller/transformer_controller/msg/rosidl_typesupport_fastrtps_cpp__visibility_control.h
[0.767s] -- Up-to-date: /home/atvpi/ros2_ws/install/transformer_controller/include/transformer_controller/transformer_controller/action
[0.767s] -- Up-to-date: /home/atvpi/ros2_ws/install/transformer_controller/include/transformer_controller/transformer_controller/action/detail
[0.767s] -- Up-to-date: /home/atvpi/ros2_ws/install/transformer_controller/include/transformer_controller/transformer_controller/action/detail/dds_fastrtps
[0.767s] -- Up-to-date: /home/atvpi/ros2_ws/install/transformer_controller/include/transformer_controller/transformer_controller/action/detail/transform_mode__rosidl_typesupport_fastrtps_cpp.hpp
[0.768s] -- Up-to-date: /home/atvpi/ros2_ws/install/transformer_controller/lib/libtransformer_controller__rosidl_typesupport_fastrtps_cpp.so
[0.768s] -- Up-to-date: /home/atvpi/ros2_ws/install/transformer_controller/include/transformer_controller/transformer_controller
[0.768s] -- Up-to-date: /home/atvpi/ros2_ws/install/transformer_controller/include/transformer_controller/transformer_controller/msg
[0.768s] -- Up-to-date: /home/atvpi/ros2_ws/install/transformer_controller/include/transformer_controller/transformer_controller/msg/rosidl_typesupport_introspection_c__visibility_control.h
[0.768s] -- Up-to-date: /home/atvpi/ros2_ws/install/transformer_controller/include/transformer_controller/transformer_controller/action
[0.768s] -- Up-to-date: /home/atvpi/ros2_ws/install/transformer_controller/include/transformer_controller/transformer_controller/action/detail
[0.769s] -- Up-to-date: /home/atvpi/ros2_ws/install/transformer_controller/include/transformer_controller/transformer_controller/action/detail/transform_mode__rosidl_typesupport_introspection_c.h
[0.769s] -- Up-to-date: /home/atvpi/ros2_ws/install/transformer_controller/include/transformer_controller/transformer_controller/action/detail/transform_mode__type_support.c
[0.769s] -- Up-to-date: /home/atvpi/ros2_ws/install/transformer_controller/lib/libtransformer_controller__rosidl_typesupport_introspection_c.so
[0.769s] -- Up-to-date: /home/atvpi/ros2_ws/install/transformer_controller/lib/libtransformer_controller__rosidl_typesupport_c.so
[0.769s] -- Up-to-date: /home/atvpi/ros2_ws/install/transformer_controller/include/transformer_controller/transformer_controller
[0.769s] -- Up-to-date: /home/atvpi/ros2_ws/install/transformer_controller/include/transformer_controller/transformer_controller/action
[0.769s] -- Up-to-date: /home/atvpi/ros2_ws/install/transformer_controller/include/transformer_controller/transformer_controller/action/detail
[0.769s] -- Up-to-date: /home/atvpi/ros2_ws/install/transformer_controller/include/transformer_controller/transformer_controller/action/detail/transform_mode__type_support.cpp
[0.769s] -- Up-to-date: /home/atvpi/ros2_ws/install/transformer_controller/include/transformer_controller/transformer_controller/action/detail/transform_mode__rosidl_typesupport_introspection_cpp.hpp
[0.769s] -- Up-to-date: /home/atvpi/ros2_ws/install/transformer_controller/lib/libtransformer_controller__rosidl_typesupport_introspection_cpp.so
[0.770s] -- Up-to-date: /home/atvpi/ros2_ws/install/transformer_controller/lib/libtransformer_controller__rosidl_typesupport_cpp.so
[0.770s] -- Up-to-date: /home/atvpi/ros2_ws/install/transformer_controller/share/transformer_controller/environment/pythonpath.sh
[0.770s] -- Up-to-date: /home/atvpi/ros2_ws/install/transformer_controller/share/transformer_controller/environment/pythonpath.dsv
[0.770s] -- Up-to-date: /home/atvpi/ros2_ws/install/transformer_controller/lib/python3.12/site-packages/transformer_controller-0.0.1-py3.12.egg-info
[0.770s] -- Installing: /home/atvpi/ros2_ws/install/transformer_controller/lib/python3.12/site-packages/transformer_controller-0.0.1-py3.12.egg-info/SOURCES.txt
[0.770s] -- Installing: /home/atvpi/ros2_ws/install/transformer_controller/lib/python3.12/site-packages/transformer_controller-0.0.1-py3.12.egg-info/top_level.txt
[0.770s] -- Installing: /home/atvpi/ros2_ws/install/transformer_controller/lib/python3.12/site-packages/transformer_controller-0.0.1-py3.12.egg-info/PKG-INFO
[0.770s] -- Installing: /home/atvpi/ros2_ws/install/transformer_controller/lib/python3.12/site-packages/transformer_controller-0.0.1-py3.12.egg-info/dependency_links.txt
[0.770s] -- Up-to-date: /home/atvpi/ros2_ws/install/transformer_controller/lib/python3.12/site-packages/transformer_controller
[0.771s] -- Up-to-date: /home/atvpi/ros2_ws/install/transformer_controller/lib/python3.12/site-packages/transformer_controller/_transformer_controller_s.ep.rosidl_typesupport_introspection_c.c
[0.771s] -- Up-to-date: /home/atvpi/ros2_ws/install/transformer_controller/lib/python3.12/site-packages/transformer_controller/transformer_controller_s__rosidl_typesupport_c.so
[0.771s] -- Up-to-date: /home/atvpi/ros2_ws/install/transformer_controller/lib/python3.12/site-packages/transformer_controller/_transformer_controller_s.ep.rosidl_typesupport_c.c
[0.771s] -- Up-to-date: /home/atvpi/ros2_ws/install/transformer_controller/lib/python3.12/site-packages/transformer_controller/transformer_controller_s__rosidl_typesupport_fastrtps_c.so
[0.771s] -- Up-to-date: /home/atvpi/ros2_ws/install/transformer_controller/lib/python3.12/site-packages/transformer_controller/_transformer_controller_s.ep.rosidl_typesupport_fastrtps_c.c
[0.771s] -- Up-to-date: /home/atvpi/ros2_ws/install/transformer_controller/lib/python3.12/site-packages/transformer_controller/__init__.py
[0.771s] -- Up-to-date: /home/atvpi/ros2_ws/install/transformer_controller/lib/python3.12/site-packages/transformer_controller/action
[0.771s] -- Up-to-date: /home/atvpi/ros2_ws/install/transformer_controller/lib/python3.12/site-packages/transformer_controller/action/_transform_mode_s.c
[0.771s] -- Up-to-date: /home/atvpi/ros2_ws/install/transformer_controller/lib/python3.12/site-packages/transformer_controller/action/__init__.py
[0.772s] -- Up-to-date: /home/atvpi/ros2_ws/install/transformer_controller/lib/python3.12/site-packages/transformer_controller/action/_transform_mode.py
[0.772s] -- Up-to-date: /home/atvpi/ros2_ws/install/transformer_controller/lib/python3.12/site-packages/transformer_controller/transformer_controller_s__rosidl_typesupport_introspection_c.so
[0.832s] Listing '/home/atvpi/ros2_ws/install/transformer_controller/lib/python3.12/site-packages/transformer_controller'...
[0.833s] Listing '/home/atvpi/ros2_ws/install/transformer_controller/lib/python3.12/site-packages/transformer_controller/action'...
[0.847s] -- Up-to-date: /home/atvpi/ros2_ws/install/transformer_controller/lib/python3.12/site-packages/transformer_controller/transformer_controller_s__rosidl_typesupport_fastrtps_c.so
[0.847s] -- Up-to-date: /home/atvpi/ros2_ws/install/transformer_controller/lib/python3.12/site-packages/transformer_controller/transformer_controller_s__rosidl_typesupport_introspection_c.so
[0.848s] -- Up-to-date: /home/atvpi/ros2_ws/install/transformer_controller/lib/python3.12/site-packages/transformer_controller/transformer_controller_s__rosidl_typesupport_c.so
[0.848s] -- Up-to-date: /home/atvpi/ros2_ws/install/transformer_controller/lib/libtransformer_controller__rosidl_generator_py.so
[0.848s] -- Up-to-date: /home/atvpi/ros2_ws/install/transformer_controller/share/transformer_controller/action/TransformMode.idl
[0.849s] -- Up-to-date: /home/atvpi/ros2_ws/install/transformer_controller/share/transformer_controller/action/TransformMode.action
[0.849s] -- Up-to-date: /home/atvpi/ros2_ws/install/transformer_controller/lib/transformer_controller/transformer_controller_node
[0.849s] -- Up-to-date: /home/atvpi/ros2_ws/install/transformer_controller/share/transformer_controller/action
[0.849s] -- Up-to-date: /home/atvpi/ros2_ws/install/transformer_controller/share/transformer_controller/action/TransformMode.action
[0.850s] -- Up-to-date: /home/atvpi/ros2_ws/install/transformer_controller/share/transformer_controller/launch
[0.850s] -- Up-to-date: /home/atvpi/ros2_ws/install/transformer_controller/share/transformer_controller/launch/transformer_controller.launch.py
[0.850s] -- Up-to-date: /home/atvpi/ros2_ws/install/transformer_controller/share/ament_index/resource_index/package_run_dependencies/transformer_controller
[0.850s] -- Up-to-date: /home/atvpi/ros2_ws/install/transformer_controller/share/ament_index/resource_index/parent_prefix_path/transformer_controller
[0.850s] -- Up-to-date: /home/atvpi/ros2_ws/install/transformer_controller/share/transformer_controller/environment/ament_prefix_path.sh
[0.851s] -- Up-to-date: /home/atvpi/ros2_ws/install/transformer_controller/share/transformer_controller/environment/ament_prefix_path.dsv
[0.851s] -- Up-to-date: /home/atvpi/ros2_ws/install/transformer_controller/share/transformer_controller/environment/path.sh
[0.851s] -- Up-to-date: /home/atvpi/ros2_ws/install/transformer_controller/share/transformer_controller/environment/path.dsv
[0.851s] -- Up-to-date: /home/atvpi/ros2_ws/install/transformer_controller/share/transformer_controller/local_setup.bash
[0.851s] -- Up-to-date: /home/atvpi/ros2_ws/install/transformer_controller/share/transformer_controller/local_setup.sh
[0.852s] -- Up-to-date: /home/atvpi/ros2_ws/install/transformer_controller/share/transformer_controller/local_setup.zsh
[0.852s] -- Up-to-date: /home/atvpi/ros2_ws/install/transformer_controller/share/transformer_controller/local_setup.dsv
[0.852s] -- Installing: /home/atvpi/ros2_ws/install/transformer_controller/share/transformer_controller/package.dsv
[0.852s] -- Up-to-date: /home/atvpi/ros2_ws/install/transformer_controller/share/ament_index/resource_index/packages/transformer_controller
[0.852s] -- Up-to-date: /home/atvpi/ros2_ws/install/transformer_controller/share/transformer_controller/cmake/export_transformer_controller__rosidl_generator_cExport.cmake
[0.853s] -- Up-to-date: /home/atvpi/ros2_ws/install/transformer_controller/share/transformer_controller/cmake/export_transformer_controller__rosidl_generator_cExport-noconfig.cmake
[0.853s] -- Up-to-date: /home/atvpi/ros2_ws/install/transformer_controller/share/transformer_controller/cmake/export_transformer_controller__rosidl_typesupport_fastrtps_cExport.cmake
[0.853s] -- Up-to-date: /home/atvpi/ros2_ws/install/transformer_controller/share/transformer_controller/cmake/export_transformer_controller__rosidl_typesupport_fastrtps_cExport-noconfig.cmake
[0.853s] -- Up-to-date: /home/atvpi/ros2_ws/install/transformer_controller/share/transformer_controller/cmake/export_transformer_controller__rosidl_generator_cppExport.cmake
[0.853s] -- Up-to-date: /home/atvpi/ros2_ws/install/transformer_controller/share/transformer_controller/cmake/export_transformer_controller__rosidl_typesupport_fastrtps_cppExport.cmake
[0.854s] -- Up-to-date: /home/atvpi/ros2_ws/install/transformer_controller/share/transformer_controller/cmake/export_transformer_controller__rosidl_typesupport_fastrtps_cppExport-noconfig.cmake
[0.854s] -- Up-to-date: /home/atvpi/ros2_ws/install/transformer_controller/share/transformer_controller/cmake/transformer_controller__rosidl_typesupport_introspection_cExport.cmake
[0.854s] -- Up-to-date: /home/atvpi/ros2_ws/install/transformer_controller/share/transformer_controller/cmake/transformer_controller__rosidl_typesupport_introspection_cExport-noconfig.cmake
[0.854s] -- Up-to-date: /home/atvpi/ros2_ws/install/transformer_controller/share/transformer_controller/cmake/transformer_controller__rosidl_typesupport_cExport.cmake
[0.854s] -- Up-to-date: /home/atvpi/ros2_ws/install/transformer_controller/share/transformer_controller/cmake/transformer_controller__rosidl_typesupport_cExport-noconfig.cmake
[0.854s] -- Up-to-date: /home/atvpi/ros2_ws/install/transformer_controller/share/transformer_controller/cmake/transformer_controller__rosidl_typesupport_introspection_cppExport.cmake
[0.855s] -- Up-to-date: /home/atvpi/ros2_ws/install/transformer_controller/share/transformer_controller/cmake/transformer_controller__rosidl_typesupport_introspection_cppExport-noconfig.cmake
[0.855s] -- Up-to-date: /home/atvpi/ros2_ws/install/transformer_controller/share/transformer_controller/cmake/transformer_controller__rosidl_typesupport_cppExport.cmake
[0.855s] -- Up-to-date: /home/atvpi/ros2_ws/install/transformer_controller/share/transformer_controller/cmake/transformer_controller__rosidl_typesupport_cppExport-noconfig.cmake
[0.855s] -- Up-to-date: /home/atvpi/ros2_ws/install/transformer_controller/share/transformer_controller/cmake/export_transformer_controller__rosidl_generator_pyExport.cmake
[0.855s] -- Up-to-date: /home/atvpi/ros2_ws/install/transformer_controller/share/transformer_controller/cmake/export_transformer_controller__rosidl_generator_pyExport-noconfig.cmake
[0.855s] -- Up-to-date: /home/atvpi/ros2_ws/install/transformer_controller/share/transformer_controller/cmake/rosidl_cmake-extras.cmake
[0.855s] -- Up-to-date: /home/atvpi/ros2_ws/install/transformer_controller/share/transformer_controller/cmake/ament_cmake_export_dependencies-extras.cmake
[0.856s] -- Up-to-date: /home/atvpi/ros2_ws/install/transformer_controller/share/transformer_controller/cmake/ament_cmake_export_include_directories-extras.cmake
[0.856s] -- Up-to-date: /home/atvpi/ros2_ws/install/transformer_controller/share/transformer_controller/cmake/ament_cmake_export_libraries-extras.cmake
[0.856s] -- Up-to-date: /home/atvpi/ros2_ws/install/transformer_controller/share/transformer_controller/cmake/ament_cmake_export_targets-extras.cmake
[0.856s] -- Up-to-date: /home/atvpi/ros2_ws/install/transformer_controller/share/transformer_controller/cmake/rosidl_cmake_export_typesupport_targets-extras.cmake
[0.856s] -- Up-to-date: /home/atvpi/ros2_ws/install/transformer_controller/share/transformer_controller/cmake/rosidl_cmake_export_typesupport_libraries-extras.cmake
[0.856s] -- Up-to-date: /home/atvpi/ros2_ws/install/transformer_controller/share/transformer_controller/cmake/transformer_controllerConfig.cmake
[0.856s] -- Up-to-date: /home/atvpi/ros2_ws/install/transformer_controller/share/transformer_controller/cmake/transformer_controllerConfig-version.cmake
[0.856s] -- Up-to-date: /home/atvpi/ros2_ws/install/transformer_controller/share/transformer_controller/package.xml
[0.860s] Invoked command in '/home/atvpi/ros2_ws/build/transformer_controller' returned '0': CMAKE_PREFIX_PATH=/home/atvpi/ros2_ws/install/transformer_hw_servos:/home/atvpi/ros2_ws/install/transformer_hw_actuators:/home/atvpi/ros2_ws/install/wheeltec_n100_imu:/home/atvpi/ros2_ws/install/transformer_bringup:/home/atvpi/ros2_ws/install/transformer_rc_mode_switch:/home/atvpi/ros2_ws/install/transformer_msp_bridge:/home/atvpi/ros2_ws/install/transformer_controller:/home/atvpi/ros2_ws/install/serial:/opt/ros/jazzy LD_LIBRARY_PATH=/home/atvpi/ros2_ws/install/transformer_hw_servos/lib:/home/atvpi/ros2_ws/install/transformer_hw_actuators/lib:/home/atvpi/ros2_ws/install/transformer_msp_bridge/lib:/home/atvpi/ros2_ws/install/transformer_controller/lib:/home/atvpi/ros2_ws/install/serial/lib:/opt/ros/jazzy/lib/aarch64-linux-gnu:/opt/ros/jazzy/lib PYTHONPATH=/home/atvpi/ros2_ws/install/transformer_hw_servos/lib/python3.12/site-packages:/home/atvpi/ros2_ws/install/transformer_hw_actuators/lib/python3.12/site-packages:/home/atvpi/ros2_ws/install/transformer_msp_bridge/lib/python3.12/site-packages:/home/atvpi/ros2_ws/install/transformer_controller/lib/python3.12/site-packages:/opt/ros/jazzy/lib/python3.12/site-packages /usr/bin/cmake --install /home/atvpi/ros2_ws/build/transformer_controller
