[0.028s] Invoking command in '/home/atvpi/ros2_ws/build/transformer_msp_bridge': CMAKE_PREFIX_PATH=${CMAKE_PREFIX_PATH}:/opt/ros/jazzy /usr/bin/cmake /home/atvpi/ros2_ws/src/transformer_msp_bridge -DCMAKE_INSTALL_PREFIX=/home/atvpi/ros2_ws/install/transformer_msp_bridge
[0.218s] -- The C compiler identification is GNU 13.3.0
[0.382s] -- The CXX compiler identification is GNU 13.3.0
[0.416s] -- Detecting C compiler ABI info
[0.777s] -- Detecting C compiler ABI info - done
[0.802s] -- Check for working C compiler: /usr/bin/cc - skipped
[0.802s] -- Detecting C compile features
[0.803s] -- Detecting C compile features - done
[0.826s] -- Detecting CXX compiler ABI info
[1.192s] -- Detecting CXX compiler ABI info - done
[1.216s] -- Check for working CXX compiler: /usr/bin/c++ - skipped
[1.216s] -- Detecting CXX compile features
[1.219s] -- Detecting CXX compile features - done
[1.219s] -- Found ament_cmake: 2.5.4 (/opt/ros/jazzy/share/ament_cmake/cmake)
[1.726s] -- Found Python3: /usr/bin/python3 (found version "3.12.3") found components: Interpreter 
[2.141s] -- Found rclcpp: 28.1.12 (/opt/ros/jazzy/share/rclcpp/cmake)
[2.198s] -- Found rosidl_generator_c: 4.6.6 (/opt/ros/jazzy/share/rosidl_generator_c/cmake)
[2.219s] -- Found rosidl_generator_cpp: 4.6.6 (/opt/ros/jazzy/share/rosidl_generator_cpp/cmake)
[2.249s] -- Using all available rosidl_typesupport_c: rosidl_typesupport_fastrtps_c;rosidl_typesupport_introspection_c
[2.280s] -- Using all available rosidl_typesupport_cpp: rosidl_typesupport_fastrtps_cpp;rosidl_typesupport_introspection_cpp
[2.619s] -- Found rmw_implementation_cmake: 7.3.2 (/opt/ros/jazzy/share/rmw_implementation_cmake/cmake)
[2.626s] -- Found rmw_fastrtps_cpp: 8.4.3 (/opt/ros/jazzy/share/rmw_fastrtps_cpp/cmake)
[2.948s] -- Found OpenSSL: /usr/lib/aarch64-linux-gnu/libcrypto.so (found version "3.0.13")  
[2.983s] -- Found FastRTPS: /opt/ros/jazzy/include (Required is at least version "2.13") 
[3.055s] -- Using RMW implementation 'rmw_fastrtps_cpp' as default
[3.254s] -- Found std_msgs: 5.3.6 (/opt/ros/jazzy/share/std_msgs/cmake)
[3.334s] -- Found geometry_msgs: 5.3.6 (/opt/ros/jazzy/share/geometry_msgs/cmake)
[3.445s] -- Found sensor_msgs: 5.3.6 (/opt/ros/jazzy/share/sensor_msgs/cmake)
[3.606s] -- Found diagnostic_msgs: 5.3.6 (/opt/ros/jazzy/share/diagnostic_msgs/cmake)
[3.727s] -- Found rosidl_default_generators: 1.6.0 (/opt/ros/jazzy/share/rosidl_default_generators/cmake)
[3.787s] -- Found rosidl_adapter: 4.6.6 (/opt/ros/jazzy/share/rosidl_adapter/cmake)
[5.954s] -- Found ament_cmake_ros: 0.12.0 (/opt/ros/jazzy/share/ament_cmake_ros/cmake)
[8.188s] -- Using all available rosidl_typesupport_c: rosidl_typesupport_fastrtps_c;rosidl_typesupport_introspection_c
[9.118s] -- Using all available rosidl_typesupport_cpp: rosidl_typesupport_fastrtps_cpp;rosidl_typesupport_introspection_cpp
[9.130s] -- Found python_cmake_module: 0.11.1 (/opt/ros/jazzy/share/python_cmake_module/cmake)
[9.547s] -- Found PythonExtra: /usr/bin/python3  
[10.997s] -- Found Python3: /usr/bin/python3 (found version "3.12.3") found components: Interpreter Development NumPy Development.Module Development.Embed 
[11.223s] -- Found gtest sources under '/opt/ros/jazzy/src/gtest_vendor': C++ tests using 'Google Test' will be built
[11.245s] -- Performing Test CMAKE_HAVE_LIBC_PTHREAD
[11.830s] -- Performing Test CMAKE_HAVE_LIBC_PTHREAD - Success
[11.843s] -- Found Threads: TRUE  
[12.317s] -- Configuring done (12.3s)
[13.741s] -- Generating done (1.2s)
[14.248s] -- Build files have been written to: /home/atvpi/ros2_ws/build/transformer_msp_bridge
[14.428s] Invoked command in '/home/atvpi/ros2_ws/build/transformer_msp_bridge' returned '0': CMAKE_PREFIX_PATH=${CMAKE_PREFIX_PATH}:/opt/ros/jazzy /usr/bin/cmake /home/atvpi/ros2_ws/src/transformer_msp_bridge -DCMAKE_INSTALL_PREFIX=/home/atvpi/ros2_ws/install/transformer_msp_bridge
[14.429s] Invoking command in '/home/atvpi/ros2_ws/build/transformer_msp_bridge': CMAKE_PREFIX_PATH=${CMAKE_PREFIX_PATH}:/opt/ros/jazzy /usr/bin/cmake --build /home/atvpi/ros2_ws/build/transformer_msp_bridge -- -j4 -l4
[14.843s] [  1%] [34m[1mGenerating type hashes for ROS interfaces[0m
[14.851s] [  2%] [32mBuilding CXX object CMakeFiles/serial_port.dir/src/serial_port.cpp.o[0m
[14.918s] [  3%] [32mBuilding CXX object CMakeFiles/msp_protocol.dir/src/msp_parser.cpp.o[0m
[14.966s] [  3%] Built target ament_cmake_python_copy_transformer_msp_bridge
[15.216s] [  4%] [32mBuilding CXX object gtest/CMakeFiles/gtest_main.dir/src/gtest_main.cc.o[0m
[15.618s] [  5%] [32m[1mLinking CXX shared library libserial_port.so[0m
[16.444s] [  5%] Built target transformer_msp_bridge__rosidl_generator_type_description
[16.480s] [  5%] Built target serial_port
[16.637s] [  6%] [32mBuilding CXX object gtest/CMakeFiles/gtest.dir/src/gtest-all.cc.o[0m
[16.649s] [  7%] [34m[1mGenerating C++ code for ROS interfaces[0m
[18.359s] [  8%] [32mBuilding CXX object CMakeFiles/msp_protocol.dir/src/msp_builders.cpp.o[0m
[19.344s] [  8%] Built target transformer_msp_bridge__cpp
[19.524s] [  9%] [34m[1mGenerating C code for ROS interfaces[0m
[20.875s] [ 10%] [32mBuilding CXX object CMakeFiles/msp_protocol.dir/src/crc.cpp.o[0m
[21.039s] [ 11%] [32m[1mLinking CXX static library libgtest_main.a[0m
[21.174s] [ 11%] Built target gtest_main
[22.529s] [ 12%] [32mBuilding CXX object CMakeFiles/msp_protocol.dir/src/msp_utils.cpp.o[0m
[22.800s] [ 13%] [32mBuilding C object CMakeFiles/transformer_msp_bridge__rosidl_generator_c.dir/rosidl_generator_c/transformer_msp_bridge/msg/detail/msp_inav_status__description.c.o[0m
[23.275s] [ 14%] [32mBuilding C object CMakeFiles/transformer_msp_bridge__rosidl_generator_c.dir/rosidl_generator_c/transformer_msp_bridge/msg/detail/msp_inav_status__functions.c.o[0m
[23.494s] [ 15%] [32mBuilding C object CMakeFiles/transformer_msp_bridge__rosidl_generator_c.dir/rosidl_generator_c/transformer_msp_bridge/msg/detail/msp_inav_status__type_support.c.o[0m
[23.883s] [ 16%] [32m[1mLinking C shared library libtransformer_msp_bridge__rosidl_generator_c.so[0m
[24.128s] [ 16%] Built target transformer_msp_bridge__rosidl_generator_c
[24.550s] [ 17%] [32mBuilding CXX object CMakeFiles/msp_protocol.dir/src/registry_loader.cpp.o[0m
[31.463s] [ 18%] [32mBuilding CXX object CMakeFiles/msp_protocol.dir/src/msp_registry.cpp.o[0m
[33.155s] [ 19%] [32m[1mLinking CXX shared library libmsp_protocol.so[0m
[33.634s] [ 19%] Built target msp_protocol
[35.583s] [ 20%] [32m[1mLinking CXX static library libgtest.a[0m
[35.927s] [ 20%] Built target gtest
[35.954s] [ 21%] [34m[1mGenerating C type support for eProsima Fast-RTPS[0m
[36.663s] [ 22%] [32mBuilding CXX object CMakeFiles/transformer_msp_bridge__rosidl_typesupport_fastrtps_c.dir/rosidl_typesupport_fastrtps_c/transformer_msp_bridge/msg/detail/msp_inav_status__type_support_c.cpp.o[0m
[38.196s] [ 23%] [32m[1mLinking CXX shared library libtransformer_msp_bridge__rosidl_typesupport_fastrtps_c.so[0m
[38.329s] [ 23%] Built target transformer_msp_bridge__rosidl_typesupport_fastrtps_c
[38.353s] [ 24%] [34m[1mGenerating C++ type support for eProsima Fast-RTPS[0m
[39.244s] [ 25%] [32mBuilding CXX object CMakeFiles/transformer_msp_bridge__rosidl_typesupport_fastrtps_cpp.dir/rosidl_typesupport_fastrtps_cpp/transformer_msp_bridge/msg/detail/dds_fastrtps/msp_inav_status__type_support.cpp.o[0m
[40.729s] [ 26%] [32m[1mLinking CXX shared library libtransformer_msp_bridge__rosidl_typesupport_fastrtps_cpp.so[0m
[41.004s] [ 26%] Built target transformer_msp_bridge__rosidl_typesupport_fastrtps_cpp
[41.028s] [ 27%] [34m[1mGenerating C introspection for ROS interfaces[0m
[41.734s] [ 28%] [32mBuilding C object CMakeFiles/transformer_msp_bridge__rosidl_typesupport_introspection_c.dir/rosidl_typesupport_introspection_c/transformer_msp_bridge/msg/detail/msp_inav_status__type_support.c.o[0m
[41.860s] [ 29%] [32m[1mLinking C shared library libtransformer_msp_bridge__rosidl_typesupport_introspection_c.so[0m
[41.959s] [ 29%] Built target transformer_msp_bridge__rosidl_typesupport_introspection_c
[41.994s] [ 30%] [34m[1mGenerating C type support dispatch for ROS interfaces[0m
[42.679s] [ 31%] [32mBuilding CXX object CMakeFiles/transformer_msp_bridge__rosidl_typesupport_c.dir/rosidl_typesupport_c/transformer_msp_bridge/msg/msp_inav_status__type_support.cpp.o[0m
[42.768s] [ 32%] [32m[1mLinking CXX shared library libtransformer_msp_bridge__rosidl_typesupport_c.so[0m
[42.858s] [ 32%] Built target transformer_msp_bridge__rosidl_typesupport_c
[42.882s] [ 33%] [34m[1mGenerating C++ introspection for ROS interfaces[0m
[43.485s] [ 34%] [32mBuilding CXX object CMakeFiles/transformer_msp_bridge__rosidl_typesupport_introspection_cpp.dir/rosidl_typesupport_introspection_cpp/transformer_msp_bridge/msg/detail/msp_inav_status__type_support.cpp.o[0m
[44.373s] [ 35%] [32m[1mLinking CXX shared library libtransformer_msp_bridge__rosidl_typesupport_introspection_cpp.so[0m
[44.553s] [ 35%] Built target transformer_msp_bridge__rosidl_typesupport_introspection_cpp
[44.593s] [ 36%] [32mBuilding CXX object CMakeFiles/msp_probe.dir/src/msp_probe.cpp.o[0m
[45.978s] [ 37%] [32m[1mLinking CXX executable msp_probe[0m
[46.205s] [ 37%] Built target msp_probe
[46.243s] [ 38%] [32mBuilding CXX object CMakeFiles/test_msp_parser.dir/test/test_msp_parser.cpp.o[0m
[49.345s] [ 39%] [32m[1mLinking CXX executable test_msp_parser[0m
[49.800s] [ 39%] Built target test_msp_parser
[49.842s] [ 40%] [32mBuilding CXX object CMakeFiles/test_msp_parser_fuzz.dir/test/test_msp_parser_fuzz.cpp.o[0m
[52.816s] [ 41%] [32m[1mLinking CXX executable test_msp_parser_fuzz[0m
[53.405s] [ 41%] Built target test_msp_parser_fuzz
[53.449s] [ 42%] [32mBuilding CXX object CMakeFiles/test_msp_parser_hardening.dir/test/test_msp_parser_hardening.cpp.o[0m
[56.088s] [ 43%] [32m[1mLinking CXX executable test_msp_parser_hardening[0m
[56.515s] [ 43%] Built target test_msp_parser_hardening
[56.556s] [ 44%] [32mBuilding CXX object CMakeFiles/test_crc.dir/test/test_crc.cpp.o[0m
[58.795s] [ 45%] [32m[1mLinking CXX executable test_crc[0m
[59.198s] [ 45%] Built target test_crc
[59.257s] [ 46%] [32mBuilding CXX object CMakeFiles/test_msp_registry.dir/test/test_msp_registry.cpp.o[0m
[61.656s] [ 47%] [32m[1mLinking CXX executable test_msp_registry[0m
[62.031s] [ 47%] Built target test_msp_registry
[62.073s] [ 48%] [32mBuilding CXX object CMakeFiles/test_decoder_coverage.dir/test/test_decoder_coverage.cpp.o[0m
[64.718s] [ 49%] [32m[1mLinking CXX executable test_decoder_coverage[0m
[64.987s] [ 49%] Built target test_decoder_coverage
[65.024s] [ 50%] [32mBuilding CXX object CMakeFiles/test_msp_probe.dir/test/test_msp_probe.cpp.o[0m
[67.019s] [ 51%] [32m[1mLinking CXX executable test_msp_probe[0m
[67.370s] [ 51%] Built target test_msp_probe
[67.391s] [ 52%] [34m[1mGenerating C++ type support dispatch for ROS interfaces[0m
[67.834s] [ 53%] [32mBuilding CXX object CMakeFiles/transformer_msp_bridge__rosidl_typesupport_cpp.dir/rosidl_typesupport_cpp/transformer_msp_bridge/msg/msp_inav_status__type_support.cpp.o[0m
[68.339s] [ 54%] [32m[1mLinking CXX shared library libtransformer_msp_bridge__rosidl_typesupport_cpp.so[0m
[68.418s] [ 54%] Built target transformer_msp_bridge__rosidl_typesupport_cpp
[68.733s] running egg_info
[68.734s] creating transformer_msp_bridge.egg-info
[68.778s] writing transformer_msp_bridge.egg-info/PKG-INFO
[68.779s] writing dependency_links to transformer_msp_bridge.egg-info/dependency_links.txt
[68.779s] writing top-level names to transformer_msp_bridge.egg-info/top_level.txt
[68.780s] writing manifest file 'transformer_msp_bridge.egg-info/SOURCES.txt'
[68.849s] reading manifest file 'transformer_msp_bridge.egg-info/SOURCES.txt'
[68.850s] writing manifest file 'transformer_msp_bridge.egg-info/SOURCES.txt'
[68.933s] [ 54%] Built target ament_cmake_python_build_transformer_msp_bridge_egg
[68.973s] [ 55%] [32mBuilding CXX object CMakeFiles/transformer_msp_bridge_decoders.dir/src/decoders/battery_decoder.cpp.o[0m
[74.917s] [ 56%] [32mBuilding CXX object CMakeFiles/transformer_msp_bridge_decoders.dir/src/decoders/attitude_decoder.cpp.o[0m
[81.638s] [ 57%] [32mBuilding CXX object CMakeFiles/transformer_msp_bridge_decoders.dir/src/decoders/imu_decoder.cpp.o[0m
[91.041s] [ 58%] [32mBuilding CXX object CMakeFiles/transformer_msp_bridge_decoders.dir/src/decoders/gps_decoder.cpp.o[0m
[96.064s] [ 59%] [32mBuilding CXX object CMakeFiles/transformer_msp_bridge_decoders.dir/src/decoders/rc_decoder.cpp.o[0m
[97.084s] [ 60%] [32mBuilding CXX object CMakeFiles/transformer_msp_bridge_decoders.dir/src/decoders/system_decoder.cpp.o[0m
[101.716s] [ 61%] [32mBuilding CXX object CMakeFiles/transformer_msp_bridge_decoders.dir/src/decoders/altitude_decoder.cpp.o[0m
[104.373s] [ 62%] [32mBuilding CXX object CMakeFiles/transformer_msp_bridge_decoders.dir/src/decoders/inav_status_decoder.cpp.o[0m
[105.307s] [ 63%] [32mBuilding CXX object CMakeFiles/transformer_msp_bridge_decoders.dir/src/decoders/sensor_decoder.cpp.o[0m
[112.459s] [ 64%] [32mBuilding CXX object CMakeFiles/transformer_msp_bridge_decoders.dir/src/decoders/inav_generic_decoder.cpp.o[0m
[113.187s] [ 65%] [32mBuilding CXX object CMakeFiles/transformer_msp_bridge_decoders.dir/src/decoders/servo_motor_decoder.cpp.o[0m
[121.207s] [ 66%] [32m[1mLinking CXX shared library libtransformer_msp_bridge_decoders.so[0m
[122.617s] [ 66%] Built target transformer_msp_bridge_decoders
[122.660s] [ 68%] [32mBuilding CXX object CMakeFiles/transformer_msp_bridge_node.dir/src/transformer_msp_bridge_node.cpp.o[0m
[122.662s] [ 68%] [32mBuilding CXX object CMakeFiles/test_battery_decoder.dir/test/test_battery_decoder.cpp.o[0m
[122.662s] [ 68%] Built target transformer_msp_bridge
[122.703s] [ 69%] [32mBuilding CXX object CMakeFiles/test_system_decoder.dir/test/test_system_decoder.cpp.o[0m
[123.737s] [ 70%] [32mBuilding CXX object CMakeFiles/test_attitude_decoder.dir/test/test_attitude_decoder.cpp.o[0m
[142.505s] [ 71%] [32m[1mLinking CXX executable test_attitude_decoder[0m
[142.543s] [ 72%] [32m[1mLinking CXX executable test_battery_decoder[0m
[143.707s] [ 73%] [32m[1mLinking CXX executable test_system_decoder[0m
[147.213s] [ 73%] Built target test_attitude_decoder
[147.269s] [ 74%] [32mBuilding CXX object CMakeFiles/test_imu_decoder.dir/test/test_imu_decoder.cpp.o[0m
[147.519s] [ 74%] Built target test_battery_decoder
[147.567s] [ 75%] [32mBuilding CXX object CMakeFiles/test_gps_decoder.dir/test/test_gps_decoder.cpp.o[0m
[147.763s] [ 75%] Built target test_system_decoder
[147.810s] [ 76%] [32mBuilding CXX object CMakeFiles/test_rc_decoder.dir/test/test_rc_decoder.cpp.o[0m
[155.498s] [ 77%] [32m[1mLinking CXX executable transformer_msp_bridge_node[0m
[158.486s] [ 77%] Built target transformer_msp_bridge_node
[167.054s] [ 78%] [32m[1mLinking CXX executable test_rc_decoder[0m
[169.618s] [ 78%] Built target test_rc_decoder
[173.197s] [ 79%] [32m[1mLinking CXX executable test_imu_decoder[0m
[175.514s] [ 79%] Built target test_imu_decoder
[182.784s] [ 80%] [32m[1mLinking CXX executable test_gps_decoder[0m
[185.318s] [ 80%] Built target test_gps_decoder
[185.358s] [ 81%] [32mBuilding CXX object CMakeFiles/test_sensor_decoder.dir/test/test_sensor_decoder.cpp.o[0m
[202.780s] [ 82%] [32m[1mLinking CXX executable test_sensor_decoder[0m
[204.716s] [ 82%] Built target test_sensor_decoder
[204.753s] [ 83%] [32mBuilding CXX object CMakeFiles/test_servo_motor_decoder.dir/test/test_servo_motor_decoder.cpp.o[0m
[216.736s] [ 84%] [32m[1mLinking CXX executable test_servo_motor_decoder[0m
[218.415s] [ 84%] Built target test_servo_motor_decoder
[218.454s] [ 86%] [32mBuilding CXX object CMakeFiles/test_system_decoder_extended.dir/test/test_system_decoder_extended.cpp.o[0m
[218.455s] [ 86%] [32mBuilding CXX object CMakeFiles/test_altitude_decoder.dir/test/test_altitude_decoder.cpp.o[0m
[218.462s] [ 87%] [32mBuilding CXX object CMakeFiles/test_inav_status_decoder.dir/test/test_inav_status_decoder.cpp.o[0m
[232.836s] [ 88%] [32m[1mLinking CXX executable test_inav_status_decoder[0m
[234.856s] [ 88%] Built target test_inav_status_decoder
[234.896s] [ 89%] [34m[1mGenerating Python code for ROS interfaces[0m
[235.724s] [ 89%] Built target transformer_msp_bridge__py
[235.765s] [ 90%] [32mBuilding C object CMakeFiles/transformer_msp_bridge__rosidl_generator_py.dir/rosidl_generator_py/transformer_msp_bridge/msg/_msp_inav_status_s.c.o[0m
[236.042s] [ 91%] [32m[1mLinking C shared library libtransformer_msp_bridge__rosidl_generator_py.so[0m
[236.163s] [ 91%] Built target transformer_msp_bridge__rosidl_generator_py
[236.219s] [ 93%] [32mBuilding C object CMakeFiles/transformer_msp_bridge_s__rosidl_typesupport_introspection_c.dir/rosidl_generator_py/transformer_msp_bridge/_transformer_msp_bridge_s.ep.rosidl_typesupport_introspection_c.c.o[0m
[236.219s] [ 93%] [32mBuilding C object CMakeFiles/transformer_msp_bridge_s__rosidl_typesupport_fastrtps_c.dir/rosidl_generator_py/transformer_msp_bridge/_transformer_msp_bridge_s.ep.rosidl_typesupport_fastrtps_c.c.o[0m
[236.416s] [ 94%] [32m[1mLinking C shared module rosidl_generator_py/transformer_msp_bridge/transformer_msp_bridge_s__rosidl_typesupport_introspection_c.so[0m
[236.424s] [ 95%] [32m[1mLinking C shared module rosidl_generator_py/transformer_msp_bridge/transformer_msp_bridge_s__rosidl_typesupport_fastrtps_c.so[0m
[236.490s] [ 95%] Built target transformer_msp_bridge_s__rosidl_typesupport_fastrtps_c
[236.508s] [ 95%] Built target transformer_msp_bridge_s__rosidl_typesupport_introspection_c
[236.531s] [ 96%] [32mBuilding C object CMakeFiles/transformer_msp_bridge_s__rosidl_typesupport_c.dir/rosidl_generator_py/transformer_msp_bridge/_transformer_msp_bridge_s.ep.rosidl_typesupport_c.c.o[0m
[236.727s] [ 97%] [32m[1mLinking C shared module rosidl_generator_py/transformer_msp_bridge/transformer_msp_bridge_s__rosidl_typesupport_c.so[0m
[236.792s] [ 97%] Built target transformer_msp_bridge_s__rosidl_typesupport_c
[238.069s] [ 98%] [32m[1mLinking CXX executable test_altitude_decoder[0m
[239.490s] [100%] [32m[1mLinking CXX executable test_system_decoder_extended[0m
[240.622s] [100%] Built target test_altitude_decoder
[241.686s] [100%] Built target test_system_decoder_extended
[241.711s] Invoked command in '/home/atvpi/ros2_ws/build/transformer_msp_bridge' returned '0': CMAKE_PREFIX_PATH=${CMAKE_PREFIX_PATH}:/opt/ros/jazzy /usr/bin/cmake --build /home/atvpi/ros2_ws/build/transformer_msp_bridge -- -j4 -l4
[241.712s] Invoking command in '/home/atvpi/ros2_ws/build/transformer_msp_bridge': CMAKE_PREFIX_PATH=${CMAKE_PREFIX_PATH}:/opt/ros/jazzy /usr/bin/cmake --install /home/atvpi/ros2_ws/build/transformer_msp_bridge
[241.726s] -- Install configuration: ""
[241.726s] -- Installing: /home/atvpi/ros2_ws/install/transformer_msp_bridge/share/ament_index/resource_index/rosidl_interfaces/transformer_msp_bridge
[241.727s] -- Installing: /home/atvpi/ros2_ws/install/transformer_msp_bridge/share/transformer_msp_bridge/msg/MspInavStatus.json
[241.727s] -- Installing: /home/atvpi/ros2_ws/install/transformer_msp_bridge/include/transformer_msp_bridge/transformer_msp_bridge
[241.727s] -- Installing: /home/atvpi/ros2_ws/install/transformer_msp_bridge/include/transformer_msp_bridge/transformer_msp_bridge/msg
[241.727s] -- Installing: /home/atvpi/ros2_ws/install/transformer_msp_bridge/include/transformer_msp_bridge/transformer_msp_bridge/msg/rosidl_generator_c__visibility_control.h
[241.727s] -- Installing: /home/atvpi/ros2_ws/install/transformer_msp_bridge/include/transformer_msp_bridge/transformer_msp_bridge/msg/msp_inav_status.h
[241.728s] -- Installing: /home/atvpi/ros2_ws/install/transformer_msp_bridge/include/transformer_msp_bridge/transformer_msp_bridge/msg/detail
[241.728s] -- Installing: /home/atvpi/ros2_ws/install/transformer_msp_bridge/include/transformer_msp_bridge/transformer_msp_bridge/msg/detail/msp_inav_status__functions.c
[241.728s] -- Installing: /home/atvpi/ros2_ws/install/transformer_msp_bridge/include/transformer_msp_bridge/transformer_msp_bridge/msg/detail/msp_inav_status__description.c
[241.728s] -- Installing: /home/atvpi/ros2_ws/install/transformer_msp_bridge/include/transformer_msp_bridge/transformer_msp_bridge/msg/detail/msp_inav_status__type_support.h
[241.728s] -- Installing: /home/atvpi/ros2_ws/install/transformer_msp_bridge/include/transformer_msp_bridge/transformer_msp_bridge/msg/detail/msp_inav_status__type_support.c
[241.728s] -- Installing: /home/atvpi/ros2_ws/install/transformer_msp_bridge/include/transformer_msp_bridge/transformer_msp_bridge/msg/detail/msp_inav_status__functions.h
[241.728s] -- Installing: /home/atvpi/ros2_ws/install/transformer_msp_bridge/include/transformer_msp_bridge/transformer_msp_bridge/msg/detail/msp_inav_status__struct.h
[241.729s] -- Installing: /home/atvpi/ros2_ws/install/transformer_msp_bridge/share/transformer_msp_bridge/environment/library_path.sh
[241.729s] -- Installing: /home/atvpi/ros2_ws/install/transformer_msp_bridge/share/transformer_msp_bridge/environment/library_path.dsv
[241.730s] -- Installing: /home/atvpi/ros2_ws/install/transformer_msp_bridge/lib/libtransformer_msp_bridge__rosidl_generator_c.so
[241.730s] -- Set non-toolchain portion of runtime path of "/home/atvpi/ros2_ws/install/transformer_msp_bridge/lib/libtransformer_msp_bridge__rosidl_generator_c.so" to ""
[241.731s] -- Up-to-date: /home/atvpi/ros2_ws/install/transformer_msp_bridge/include/transformer_msp_bridge/transformer_msp_bridge
[241.731s] -- Up-to-date: /home/atvpi/ros2_ws/install/transformer_msp_bridge/include/transformer_msp_bridge/transformer_msp_bridge/msg
[241.731s] -- Installing: /home/atvpi/ros2_ws/install/transformer_msp_bridge/include/transformer_msp_bridge/transformer_msp_bridge/msg/rosidl_typesupport_fastrtps_c__visibility_control.h
[241.731s] -- Up-to-date: /home/atvpi/ros2_ws/install/transformer_msp_bridge/include/transformer_msp_bridge/transformer_msp_bridge/msg/detail
[241.732s] -- Installing: /home/atvpi/ros2_ws/install/transformer_msp_bridge/include/transformer_msp_bridge/transformer_msp_bridge/msg/detail/msp_inav_status__rosidl_typesupport_fastrtps_c.h
[241.732s] -- Installing: /home/atvpi/ros2_ws/install/transformer_msp_bridge/lib/libtransformer_msp_bridge__rosidl_typesupport_fastrtps_c.so
[241.733s] -- Set non-toolchain portion of runtime path of "/home/atvpi/ros2_ws/install/transformer_msp_bridge/lib/libtransformer_msp_bridge__rosidl_typesupport_fastrtps_c.so" to ""
[241.733s] -- Up-to-date: /home/atvpi/ros2_ws/install/transformer_msp_bridge/include/transformer_msp_bridge/transformer_msp_bridge
[241.733s] -- Up-to-date: /home/atvpi/ros2_ws/install/transformer_msp_bridge/include/transformer_msp_bridge/transformer_msp_bridge/msg
[241.733s] -- Installing: /home/atvpi/ros2_ws/install/transformer_msp_bridge/include/transformer_msp_bridge/transformer_msp_bridge/msg/rosidl_generator_cpp__visibility_control.hpp
[241.733s] -- Up-to-date: /home/atvpi/ros2_ws/install/transformer_msp_bridge/include/transformer_msp_bridge/transformer_msp_bridge/msg/detail
[241.733s] -- Installing: /home/atvpi/ros2_ws/install/transformer_msp_bridge/include/transformer_msp_bridge/transformer_msp_bridge/msg/detail/msp_inav_status__builder.hpp
[241.733s] -- Installing: /home/atvpi/ros2_ws/install/transformer_msp_bridge/include/transformer_msp_bridge/transformer_msp_bridge/msg/detail/msp_inav_status__type_support.hpp
[241.733s] -- Installing: /home/atvpi/ros2_ws/install/transformer_msp_bridge/include/transformer_msp_bridge/transformer_msp_bridge/msg/detail/msp_inav_status__traits.hpp
[241.734s] -- Installing: /home/atvpi/ros2_ws/install/transformer_msp_bridge/include/transformer_msp_bridge/transformer_msp_bridge/msg/detail/msp_inav_status__struct.hpp
[241.734s] -- Installing: /home/atvpi/ros2_ws/install/transformer_msp_bridge/include/transformer_msp_bridge/transformer_msp_bridge/msg/msp_inav_status.hpp
[241.734s] -- Up-to-date: /home/atvpi/ros2_ws/install/transformer_msp_bridge/include/transformer_msp_bridge/transformer_msp_bridge
[241.734s] -- Up-to-date: /home/atvpi/ros2_ws/install/transformer_msp_bridge/include/transformer_msp_bridge/transformer_msp_bridge/msg
[241.734s] -- Installing: /home/atvpi/ros2_ws/install/transformer_msp_bridge/include/transformer_msp_bridge/transformer_msp_bridge/msg/rosidl_typesupport_fastrtps_cpp__visibility_control.h
[241.747s] -- Up-to-date: /home/atvpi/ros2_ws/install/transformer_msp_bridge/include/transformer_msp_bridge/transformer_msp_bridge/msg/detail
[241.747s] -- Installing: /home/atvpi/ros2_ws/install/transformer_msp_bridge/include/transformer_msp_bridge/transformer_msp_bridge/msg/detail/msp_inav_status__rosidl_typesupport_fastrtps_cpp.hpp
[241.747s] -- Installing: /home/atvpi/ros2_ws/install/transformer_msp_bridge/include/transformer_msp_bridge/transformer_msp_bridge/msg/detail/dds_fastrtps
[241.748s] -- Installing: /home/atvpi/ros2_ws/install/transformer_msp_bridge/lib/libtransformer_msp_bridge__rosidl_typesupport_fastrtps_cpp.so
[241.769s] -- Set non-toolchain portion of runtime path of "/home/atvpi/ros2_ws/install/transformer_msp_bridge/lib/libtransformer_msp_bridge__rosidl_typesupport_fastrtps_cpp.so" to ""
[241.769s] -- Up-to-date: /home/atvpi/ros2_ws/install/transformer_msp_bridge/include/transformer_msp_bridge/transformer_msp_bridge
[241.769s] -- Up-to-date: /home/atvpi/ros2_ws/install/transformer_msp_bridge/include/transformer_msp_bridge/transformer_msp_bridge/msg
[241.769s] -- Up-to-date: /home/atvpi/ros2_ws/install/transformer_msp_bridge/include/transformer_msp_bridge/transformer_msp_bridge/msg/detail
[241.770s] -- Installing: /home/atvpi/ros2_ws/install/transformer_msp_bridge/include/transformer_msp_bridge/transformer_msp_bridge/msg/detail/msp_inav_status__type_support.c
[241.786s] -- Installing: /home/atvpi/ros2_ws/install/transformer_msp_bridge/include/transformer_msp_bridge/transformer_msp_bridge/msg/detail/msp_inav_status__rosidl_typesupport_introspection_c.h
[241.800s] -- Installing: /home/atvpi/ros2_ws/install/transformer_msp_bridge/include/transformer_msp_bridge/transformer_msp_bridge/msg/rosidl_typesupport_introspection_c__visibility_control.h
[241.804s] -- Installing: /home/atvpi/ros2_ws/install/transformer_msp_bridge/lib/libtransformer_msp_bridge__rosidl_typesupport_introspection_c.so
[241.805s] -- Set non-toolchain portion of runtime path of "/home/atvpi/ros2_ws/install/transformer_msp_bridge/lib/libtransformer_msp_bridge__rosidl_typesupport_introspection_c.so" to ""
[241.805s] -- Installing: /home/atvpi/ros2_ws/install/transformer_msp_bridge/lib/libtransformer_msp_bridge__rosidl_typesupport_c.so
[241.806s] -- Set non-toolchain portion of runtime path of "/home/atvpi/ros2_ws/install/transformer_msp_bridge/lib/libtransformer_msp_bridge__rosidl_typesupport_c.so" to ""
[241.806s] -- Up-to-date: /home/atvpi/ros2_ws/install/transformer_msp_bridge/include/transformer_msp_bridge/transformer_msp_bridge
[241.806s] -- Up-to-date: /home/atvpi/ros2_ws/install/transformer_msp_bridge/include/transformer_msp_bridge/transformer_msp_bridge/msg
[241.807s] -- Up-to-date: /home/atvpi/ros2_ws/install/transformer_msp_bridge/include/transformer_msp_bridge/transformer_msp_bridge/msg/detail
[241.807s] -- Installing: /home/atvpi/ros2_ws/install/transformer_msp_bridge/include/transformer_msp_bridge/transformer_msp_bridge/msg/detail/msp_inav_status__rosidl_typesupport_introspection_cpp.hpp
[241.807s] -- Installing: /home/atvpi/ros2_ws/install/transformer_msp_bridge/include/transformer_msp_bridge/transformer_msp_bridge/msg/detail/msp_inav_status__type_support.cpp
[241.807s] -- Installing: /home/atvpi/ros2_ws/install/transformer_msp_bridge/lib/libtransformer_msp_bridge__rosidl_typesupport_introspection_cpp.so
[241.821s] -- Set non-toolchain portion of runtime path of "/home/atvpi/ros2_ws/install/transformer_msp_bridge/lib/libtransformer_msp_bridge__rosidl_typesupport_introspection_cpp.so" to ""
[241.821s] -- Installing: /home/atvpi/ros2_ws/install/transformer_msp_bridge/lib/libtransformer_msp_bridge__rosidl_typesupport_cpp.so
[241.822s] -- Set non-toolchain portion of runtime path of "/home/atvpi/ros2_ws/install/transformer_msp_bridge/lib/libtransformer_msp_bridge__rosidl_typesupport_cpp.so" to ""
[241.822s] -- Installing: /home/atvpi/ros2_ws/install/transformer_msp_bridge/share/transformer_msp_bridge/environment/pythonpath.sh
[241.823s] -- Installing: /home/atvpi/ros2_ws/install/transformer_msp_bridge/share/transformer_msp_bridge/environment/pythonpath.dsv
[241.823s] -- Installing: /home/atvpi/ros2_ws/install/transformer_msp_bridge/lib/python3.12/site-packages/transformer_msp_bridge-0.0.1-py3.12.egg-info
[241.823s] -- Installing: /home/atvpi/ros2_ws/install/transformer_msp_bridge/lib/python3.12/site-packages/transformer_msp_bridge-0.0.1-py3.12.egg-info/SOURCES.txt
[241.824s] -- Installing: /home/atvpi/ros2_ws/install/transformer_msp_bridge/lib/python3.12/site-packages/transformer_msp_bridge-0.0.1-py3.12.egg-info/top_level.txt
[241.824s] -- Installing: /home/atvpi/ros2_ws/install/transformer_msp_bridge/lib/python3.12/site-packages/transformer_msp_bridge-0.0.1-py3.12.egg-info/PKG-INFO
[241.825s] -- Installing: /home/atvpi/ros2_ws/install/transformer_msp_bridge/lib/python3.12/site-packages/transformer_msp_bridge-0.0.1-py3.12.egg-info/dependency_links.txt
[241.825s] -- Installing: /home/atvpi/ros2_ws/install/transformer_msp_bridge/lib/python3.12/site-packages/transformer_msp_bridge
[241.825s] -- Installing: /home/atvpi/ros2_ws/install/transformer_msp_bridge/lib/python3.12/site-packages/transformer_msp_bridge/transformer_msp_bridge_s__rosidl_typesupport_c.so
[241.826s] -- Installing: /home/atvpi/ros2_ws/install/transformer_msp_bridge/lib/python3.12/site-packages/transformer_msp_bridge/transformer_msp_bridge_s__rosidl_typesupport_fastrtps_c.so
[241.826s] -- Installing: /home/atvpi/ros2_ws/install/transformer_msp_bridge/lib/python3.12/site-packages/transformer_msp_bridge/msg
[241.826s] -- Installing: /home/atvpi/ros2_ws/install/transformer_msp_bridge/lib/python3.12/site-packages/transformer_msp_bridge/msg/__init__.py
[241.827s] -- Installing: /home/atvpi/ros2_ws/install/transformer_msp_bridge/lib/python3.12/site-packages/transformer_msp_bridge/msg/_msp_inav_status_s.c
[241.827s] -- Installing: /home/atvpi/ros2_ws/install/transformer_msp_bridge/lib/python3.12/site-packages/transformer_msp_bridge/msg/_msp_inav_status.py
[241.827s] -- Installing: /home/atvpi/ros2_ws/install/transformer_msp_bridge/lib/python3.12/site-packages/transformer_msp_bridge/transformer_msp_bridge_s__rosidl_typesupport_introspection_c.so
[241.827s] -- Installing: /home/atvpi/ros2_ws/install/transformer_msp_bridge/lib/python3.12/site-packages/transformer_msp_bridge/_transformer_msp_bridge_s.ep.rosidl_typesupport_fastrtps_c.c
[241.828s] -- Installing: /home/atvpi/ros2_ws/install/transformer_msp_bridge/lib/python3.12/site-packages/transformer_msp_bridge/_transformer_msp_bridge_s.ep.rosidl_typesupport_c.c
[241.828s] -- Installing: /home/atvpi/ros2_ws/install/transformer_msp_bridge/lib/python3.12/site-packages/transformer_msp_bridge/_transformer_msp_bridge_s.ep.rosidl_typesupport_introspection_c.c
[241.828s] -- Installing: /home/atvpi/ros2_ws/install/transformer_msp_bridge/lib/python3.12/site-packages/transformer_msp_bridge/__init__.py
[241.889s] Listing '/home/atvpi/ros2_ws/install/transformer_msp_bridge/lib/python3.12/site-packages/transformer_msp_bridge'...
[241.889s] Compiling '/home/atvpi/ros2_ws/install/transformer_msp_bridge/lib/python3.12/site-packages/transformer_msp_bridge/__init__.py'...
[241.889s] Listing '/home/atvpi/ros2_ws/install/transformer_msp_bridge/lib/python3.12/site-packages/transformer_msp_bridge/msg'...
[241.889s] Compiling '/home/atvpi/ros2_ws/install/transformer_msp_bridge/lib/python3.12/site-packages/transformer_msp_bridge/msg/__init__.py'...
[241.889s] Compiling '/home/atvpi/ros2_ws/install/transformer_msp_bridge/lib/python3.12/site-packages/transformer_msp_bridge/msg/_msp_inav_status.py'...
[241.902s] -- Installing: /home/atvpi/ros2_ws/install/transformer_msp_bridge/lib/python3.12/site-packages/transformer_msp_bridge/transformer_msp_bridge_s__rosidl_typesupport_fastrtps_c.so
[241.902s] -- Set non-toolchain portion of runtime path of "/home/atvpi/ros2_ws/install/transformer_msp_bridge/lib/python3.12/site-packages/transformer_msp_bridge/transformer_msp_bridge_s__rosidl_typesupport_fastrtps_c.so" to ""
[241.903s] -- Installing: /home/atvpi/ros2_ws/install/transformer_msp_bridge/lib/python3.12/site-packages/transformer_msp_bridge/transformer_msp_bridge_s__rosidl_typesupport_introspection_c.so
[241.903s] -- Set non-toolchain portion of runtime path of "/home/atvpi/ros2_ws/install/transformer_msp_bridge/lib/python3.12/site-packages/transformer_msp_bridge/transformer_msp_bridge_s__rosidl_typesupport_introspection_c.so" to ""
[241.904s] -- Installing: /home/atvpi/ros2_ws/install/transformer_msp_bridge/lib/python3.12/site-packages/transformer_msp_bridge/transformer_msp_bridge_s__rosidl_typesupport_c.so
[241.904s] -- Set non-toolchain portion of runtime path of "/home/atvpi/ros2_ws/install/transformer_msp_bridge/lib/python3.12/site-packages/transformer_msp_bridge/transformer_msp_bridge_s__rosidl_typesupport_c.so" to ""
[241.904s] -- Installing: /home/atvpi/ros2_ws/install/transformer_msp_bridge/lib/libtransformer_msp_bridge__rosidl_generator_py.so
[241.905s] -- Set non-toolchain portion of runtime path of "/home/atvpi/ros2_ws/install/transformer_msp_bridge/lib/libtransformer_msp_bridge__rosidl_generator_py.so" to ""
[241.905s] -- Installing: /home/atvpi/ros2_ws/install/transformer_msp_bridge/share/transformer_msp_bridge/msg/MspInavStatus.idl
[241.905s] -- Installing: /home/atvpi/ros2_ws/install/transformer_msp_bridge/share/transformer_msp_bridge/msg/MspInavStatus.msg
[241.906s] -- Installing: /home/atvpi/ros2_ws/install/transformer_msp_bridge/lib/libmsp_protocol.so
[241.908s] -- Set non-toolchain portion of runtime path of "/home/atvpi/ros2_ws/install/transformer_msp_bridge/lib/libmsp_protocol.so" to ""
[241.908s] -- Installing: /home/atvpi/ros2_ws/install/transformer_msp_bridge/lib/libserial_port.so
[241.908s] -- Installing: /home/atvpi/ros2_ws/install/transformer_msp_bridge/lib/libtransformer_msp_bridge_decoders.so
[241.925s] -- Set non-toolchain portion of runtime path of "/home/atvpi/ros2_ws/install/transformer_msp_bridge/lib/libtransformer_msp_bridge_decoders.so" to ""
[241.925s] -- Installing: /home/atvpi/ros2_ws/install/transformer_msp_bridge/lib/transformer_msp_bridge/transformer_msp_bridge_node
[241.942s] -- Set non-toolchain portion of runtime path of "/home/atvpi/ros2_ws/install/transformer_msp_bridge/lib/transformer_msp_bridge/transformer_msp_bridge_node" to ""
[241.943s] -- Installing: /home/atvpi/ros2_ws/install/transformer_msp_bridge/lib/transformer_msp_bridge/msp_probe
[241.946s] -- Set non-toolchain portion of runtime path of "/home/atvpi/ros2_ws/install/transformer_msp_bridge/lib/transformer_msp_bridge/msp_probe" to ""
[241.946s] -- Up-to-date: /home/atvpi/ros2_ws/install/transformer_msp_bridge/include/transformer_msp_bridge
[241.946s] -- Installing: /home/atvpi/ros2_ws/install/transformer_msp_bridge/include/transformer_msp_bridge/msp_parser.hpp
[241.946s] -- Installing: /home/atvpi/ros2_ws/install/transformer_msp_bridge/include/transformer_msp_bridge/crc.hpp
[241.947s] -- Installing: /home/atvpi/ros2_ws/install/transformer_msp_bridge/include/transformer_msp_bridge/msp_utils.hpp
[241.947s] -- Installing: /home/atvpi/ros2_ws/install/transformer_msp_bridge/include/transformer_msp_bridge/registry_loader.hpp
[241.947s] -- Installing: /home/atvpi/ros2_ws/install/transformer_msp_bridge/include/transformer_msp_bridge/msp_registry.hpp
[241.947s] -- Installing: /home/atvpi/ros2_ws/install/transformer_msp_bridge/include/transformer_msp_bridge/decoders
[241.947s] -- Installing: /home/atvpi/ros2_ws/install/transformer_msp_bridge/include/transformer_msp_bridge/decoders/system_decoder.hpp
[241.947s] -- Installing: /home/atvpi/ros2_ws/install/transformer_msp_bridge/include/transformer_msp_bridge/decoders/altitude_decoder.hpp
[241.947s] -- Installing: /home/atvpi/ros2_ws/install/transformer_msp_bridge/include/transformer_msp_bridge/decoders/sensor_decoder.hpp
[241.947s] -- Installing: /home/atvpi/ros2_ws/install/transformer_msp_bridge/include/transformer_msp_bridge/decoders/battery_decoder.hpp
[241.948s] -- Installing: /home/atvpi/ros2_ws/install/transformer_msp_bridge/include/transformer_msp_bridge/decoders/imu_decoder.hpp
[241.948s] -- Installing: /home/atvpi/ros2_ws/install/transformer_msp_bridge/include/transformer_msp_bridge/decoders/rc_decoder.hpp
[241.948s] -- Installing: /home/atvpi/ros2_ws/install/transformer_msp_bridge/include/transformer_msp_bridge/decoders/gps_decoder.hpp
[241.948s] -- Installing: /home/atvpi/ros2_ws/install/transformer_msp_bridge/include/transformer_msp_bridge/decoders/inav_generic_decoder.hpp
[241.948s] -- Installing: /home/atvpi/ros2_ws/install/transformer_msp_bridge/include/transformer_msp_bridge/decoders/inav_status_decoder.hpp
[241.948s] -- Installing: /home/atvpi/ros2_ws/install/transformer_msp_bridge/include/transformer_msp_bridge/decoders/attitude_decoder.hpp
[241.948s] -- Installing: /home/atvpi/ros2_ws/install/transformer_msp_bridge/include/transformer_msp_bridge/decoders/servo_motor_decoder.hpp
[241.948s] -- Installing: /home/atvpi/ros2_ws/install/transformer_msp_bridge/include/transformer_msp_bridge/serial_port.hpp
[241.949s] -- Installing: /home/atvpi/ros2_ws/install/transformer_msp_bridge/include/transformer_msp_bridge/decoder_base.hpp
[241.949s] -- Installing: /home/atvpi/ros2_ws/install/transformer_msp_bridge/include/transformer_msp_bridge/decoder_registry.hpp
[241.949s] -- Installing: /home/atvpi/ros2_ws/install/transformer_msp_bridge/include/transformer_msp_bridge/msp_builders.hpp
[241.949s] -- Up-to-date: /home/atvpi/ros2_ws/install/transformer_msp_bridge/share/transformer_msp_bridge/msg
[241.949s] -- Up-to-date: /home/atvpi/ros2_ws/install/transformer_msp_bridge/share/transformer_msp_bridge/msg/MspInavStatus.msg
[241.949s] -- Installing: /home/atvpi/ros2_ws/install/transformer_msp_bridge/share/transformer_msp_bridge/config
[241.949s] -- Installing: /home/atvpi/ros2_ws/install/transformer_msp_bridge/share/transformer_msp_bridge/config/registry.yaml
[241.950s] -- Installing: /home/atvpi/ros2_ws/install/transformer_msp_bridge/share/transformer_msp_bridge/config/msp_bridge.yaml
[241.950s] -- Installing: /home/atvpi/ros2_ws/install/transformer_msp_bridge/share/ament_index/resource_index/package_run_dependencies/transformer_msp_bridge
[241.950s] -- Installing: /home/atvpi/ros2_ws/install/transformer_msp_bridge/share/ament_index/resource_index/parent_prefix_path/transformer_msp_bridge
[241.950s] -- Installing: /home/atvpi/ros2_ws/install/transformer_msp_bridge/share/transformer_msp_bridge/environment/ament_prefix_path.sh
[241.951s] -- Installing: /home/atvpi/ros2_ws/install/transformer_msp_bridge/share/transformer_msp_bridge/environment/ament_prefix_path.dsv
[241.951s] -- Installing: /home/atvpi/ros2_ws/install/transformer_msp_bridge/share/transformer_msp_bridge/environment/path.sh
[241.952s] -- Installing: /home/atvpi/ros2_ws/install/transformer_msp_bridge/share/transformer_msp_bridge/environment/path.dsv
[241.952s] -- Installing: /home/atvpi/ros2_ws/install/transformer_msp_bridge/share/transformer_msp_bridge/local_setup.bash
[241.952s] -- Installing: /home/atvpi/ros2_ws/install/transformer_msp_bridge/share/transformer_msp_bridge/local_setup.sh
[241.952s] -- Installing: /home/atvpi/ros2_ws/install/transformer_msp_bridge/share/transformer_msp_bridge/local_setup.zsh
[241.952s] -- Installing: /home/atvpi/ros2_ws/install/transformer_msp_bridge/share/transformer_msp_bridge/local_setup.dsv
[241.953s] -- Installing: /home/atvpi/ros2_ws/install/transformer_msp_bridge/share/transformer_msp_bridge/package.dsv
[241.953s] -- Installing: /home/atvpi/ros2_ws/install/transformer_msp_bridge/share/ament_index/resource_index/packages/transformer_msp_bridge
[241.953s] -- Installing: /home/atvpi/ros2_ws/install/transformer_msp_bridge/share/transformer_msp_bridge/cmake/export_transformer_msp_bridge__rosidl_generator_cExport.cmake
[241.953s] -- Installing: /home/atvpi/ros2_ws/install/transformer_msp_bridge/share/transformer_msp_bridge/cmake/export_transformer_msp_bridge__rosidl_generator_cExport-noconfig.cmake
[241.954s] -- Installing: /home/atvpi/ros2_ws/install/transformer_msp_bridge/share/transformer_msp_bridge/cmake/export_transformer_msp_bridge__rosidl_typesupport_fastrtps_cExport.cmake
[241.954s] -- Installing: /home/atvpi/ros2_ws/install/transformer_msp_bridge/share/transformer_msp_bridge/cmake/export_transformer_msp_bridge__rosidl_typesupport_fastrtps_cExport-noconfig.cmake
[241.954s] -- Installing: /home/atvpi/ros2_ws/install/transformer_msp_bridge/share/transformer_msp_bridge/cmake/export_transformer_msp_bridge__rosidl_generator_cppExport.cmake
[241.954s] -- Installing: /home/atvpi/ros2_ws/install/transformer_msp_bridge/share/transformer_msp_bridge/cmake/export_transformer_msp_bridge__rosidl_typesupport_fastrtps_cppExport.cmake
[241.954s] -- Installing: /home/atvpi/ros2_ws/install/transformer_msp_bridge/share/transformer_msp_bridge/cmake/export_transformer_msp_bridge__rosidl_typesupport_fastrtps_cppExport-noconfig.cmake
[241.955s] -- Installing: /home/atvpi/ros2_ws/install/transformer_msp_bridge/share/transformer_msp_bridge/cmake/transformer_msp_bridge__rosidl_typesupport_introspection_cExport.cmake
[241.955s] -- Installing: /home/atvpi/ros2_ws/install/transformer_msp_bridge/share/transformer_msp_bridge/cmake/transformer_msp_bridge__rosidl_typesupport_introspection_cExport-noconfig.cmake
[241.955s] -- Installing: /home/atvpi/ros2_ws/install/transformer_msp_bridge/share/transformer_msp_bridge/cmake/transformer_msp_bridge__rosidl_typesupport_cExport.cmake
[241.955s] -- Installing: /home/atvpi/ros2_ws/install/transformer_msp_bridge/share/transformer_msp_bridge/cmake/transformer_msp_bridge__rosidl_typesupport_cExport-noconfig.cmake
[241.955s] -- Installing: /home/atvpi/ros2_ws/install/transformer_msp_bridge/share/transformer_msp_bridge/cmake/transformer_msp_bridge__rosidl_typesupport_introspection_cppExport.cmake
[241.956s] -- Installing: /home/atvpi/ros2_ws/install/transformer_msp_bridge/share/transformer_msp_bridge/cmake/transformer_msp_bridge__rosidl_typesupport_introspection_cppExport-noconfig.cmake
[241.956s] -- Installing: /home/atvpi/ros2_ws/install/transformer_msp_bridge/share/transformer_msp_bridge/cmake/transformer_msp_bridge__rosidl_typesupport_cppExport.cmake
[241.956s] -- Installing: /home/atvpi/ros2_ws/install/transformer_msp_bridge/share/transformer_msp_bridge/cmake/transformer_msp_bridge__rosidl_typesupport_cppExport-noconfig.cmake
[241.956s] -- Installing: /home/atvpi/ros2_ws/install/transformer_msp_bridge/share/transformer_msp_bridge/cmake/export_transformer_msp_bridge__rosidl_generator_pyExport.cmake
[241.957s] -- Installing: /home/atvpi/ros2_ws/install/transformer_msp_bridge/share/transformer_msp_bridge/cmake/export_transformer_msp_bridge__rosidl_generator_pyExport-noconfig.cmake
[241.957s] -- Installing: /home/atvpi/ros2_ws/install/transformer_msp_bridge/share/transformer_msp_bridge/cmake/rosidl_cmake-extras.cmake
[241.957s] -- Installing: /home/atvpi/ros2_ws/install/transformer_msp_bridge/share/transformer_msp_bridge/cmake/ament_cmake_export_dependencies-extras.cmake
[241.957s] -- Installing: /home/atvpi/ros2_ws/install/transformer_msp_bridge/share/transformer_msp_bridge/cmake/ament_cmake_export_include_directories-extras.cmake
[241.957s] -- Installing: /home/atvpi/ros2_ws/install/transformer_msp_bridge/share/transformer_msp_bridge/cmake/ament_cmake_export_libraries-extras.cmake
[241.958s] -- Installing: /home/atvpi/ros2_ws/install/transformer_msp_bridge/share/transformer_msp_bridge/cmake/ament_cmake_export_targets-extras.cmake
[241.958s] -- Installing: /home/atvpi/ros2_ws/install/transformer_msp_bridge/share/transformer_msp_bridge/cmake/rosidl_cmake_export_typesupport_targets-extras.cmake
[241.958s] -- Installing: /home/atvpi/ros2_ws/install/transformer_msp_bridge/share/transformer_msp_bridge/cmake/rosidl_cmake_export_typesupport_libraries-extras.cmake
[241.958s] -- Installing: /home/atvpi/ros2_ws/install/transformer_msp_bridge/share/transformer_msp_bridge/cmake/transformer_msp_bridgeConfig.cmake
[241.958s] -- Installing: /home/atvpi/ros2_ws/install/transformer_msp_bridge/share/transformer_msp_bridge/cmake/transformer_msp_bridgeConfig-version.cmake
[241.958s] -- Installing: /home/atvpi/ros2_ws/install/transformer_msp_bridge/share/transformer_msp_bridge/package.xml
[241.964s] Invoked command in '/home/atvpi/ros2_ws/build/transformer_msp_bridge' returned '0': CMAKE_PREFIX_PATH=${CMAKE_PREFIX_PATH}:/opt/ros/jazzy /usr/bin/cmake --install /home/atvpi/ros2_ws/build/transformer_msp_bridge
