-- The C compiler identification is GNU 13.3.0
-- The CXX compiler identification is GNU 13.3.0
-- Detecting C compiler ABI info
-- Detecting C compiler ABI info - done
-- Check for working C compiler: /usr/bin/cc - skipped
-- Detecting C compile features
-- Detecting C compile features - done
-- Detecting CXX compiler ABI info
-- Detecting CXX compiler ABI info - done
-- Check for working CXX compiler: /usr/bin/c++ - skipped
-- Detecting CXX compile features
-- Detecting CXX compile features - done
-- Found ament_cmake: 2.5.4 (/opt/ros/jazzy/share/ament_cmake/cmake)
-- Found Python3: /usr/bin/python3 (found version "3.12.3") found components: Interpreter 
-- Found rclcpp: 28.1.12 (/opt/ros/jazzy/share/rclcpp/cmake)
-- Found rosidl_generator_c: 4.6.6 (/opt/ros/jazzy/share/rosidl_generator_c/cmake)
-- Found rosidl_generator_cpp: 4.6.6 (/opt/ros/jazzy/share/rosidl_generator_cpp/cmake)
-- Using all available rosidl_typesupport_c: rosidl_typesupport_fastrtps_c;rosidl_typesupport_introspection_c
-- Using all available rosidl_typesupport_cpp: rosidl_typesupport_fastrtps_cpp;rosidl_typesupport_introspection_cpp
-- Found rmw_implementation_cmake: 7.3.2 (/opt/ros/jazzy/share/rmw_implementation_cmake/cmake)
-- Found rmw_fastrtps_cpp: 8.4.3 (/opt/ros/jazzy/share/rmw_fastrtps_cpp/cmake)
-- Found OpenSSL: /usr/lib/aarch64-linux-gnu/libcrypto.so (found version "3.0.13")  
-- Found FastRTPS: /opt/ros/jazzy/include (Required is at least version "2.13") 
-- Using RMW implementation 'rmw_fastrtps_cpp' as default
-- Found sensor_msgs: 5.3.6 (/opt/ros/jazzy/share/sensor_msgs/cmake)
-- Found serial: 1.2.1 (/home/atvpi/ros2_ws/install/serial/share/serial/cmake)
-- Found tf2: 0.36.14 (/opt/ros/jazzy/share/tf2/cmake)
-- Found ament_lint_auto: 0.17.3 (/opt/ros/jazzy/share/ament_lint_auto/cmake)
-- Added test 'copyright' to check source files copyright and LICENSE
-- Added test 'cppcheck' to perform static code analysis on C / C++ code
-- Configured cppcheck include dirs: $<BUILD_INTERFACE:/home/atvpi/ros2_ws/src/ros2_wheeltec_n100_imu/include>
-- Configured cppcheck exclude dirs and/or files: 
-- Added test 'cpplint' to check C / C++ code against the Google style
-- Configured cpplint exclude dirs and/or files: 
-- Added test 'lint_cmake' to check CMake code style
-- Added test 'uncrustify' to check C / C++ code style
-- Configured uncrustify additional arguments: 
-- Added test 'xmllint' to check XML markup files
-- Configuring done (3.5s)
-- Generating done (0.0s)
-- Build files have been written to: /home/atvpi/ros2_ws/build/wheeltec_n100_imu
[ 50%] [32mBuilding CXX object CMakeFiles/imu_node.dir/src/imu_node.cpp.o[0m
[100%] [32m[1mLinking CXX executable imu_node[0m
[100%] Built target imu_node
-- Install configuration: ""
-- Installing: /home/atvpi/ros2_ws/install/wheeltec_n100_imu/lib/wheeltec_n100_imu/imu_node
-- Set non-toolchain portion of runtime path of "/home/atvpi/ros2_ws/install/wheeltec_n100_imu/lib/wheeltec_n100_imu/imu_node" to ""
-- Installing: /home/atvpi/ros2_ws/install/wheeltec_n100_imu/share/ament_index/resource_index/package_run_dependencies/wheeltec_n100_imu
-- Installing: /home/atvpi/ros2_ws/install/wheeltec_n100_imu/share/ament_index/resource_index/parent_prefix_path/wheeltec_n100_imu
-- Installing: /home/atvpi/ros2_ws/install/wheeltec_n100_imu/share/wheeltec_n100_imu/environment/ament_prefix_path.sh
-- Installing: /home/atvpi/ros2_ws/install/wheeltec_n100_imu/share/wheeltec_n100_imu/environment/ament_prefix_path.dsv
-- Installing: /home/atvpi/ros2_ws/install/wheeltec_n100_imu/share/wheeltec_n100_imu/environment/path.sh
-- Installing: /home/atvpi/ros2_ws/install/wheeltec_n100_imu/share/wheeltec_n100_imu/environment/path.dsv
-- Installing: /home/atvpi/ros2_ws/install/wheeltec_n100_imu/share/wheeltec_n100_imu/local_setup.bash
-- Installing: /home/atvpi/ros2_ws/install/wheeltec_n100_imu/share/wheeltec_n100_imu/local_setup.sh
-- Installing: /home/atvpi/ros2_ws/install/wheeltec_n100_imu/share/wheeltec_n100_imu/local_setup.zsh
-- Installing: /home/atvpi/ros2_ws/install/wheeltec_n100_imu/share/wheeltec_n100_imu/local_setup.dsv
-- Installing: /home/atvpi/ros2_ws/install/wheeltec_n100_imu/share/wheeltec_n100_imu/package.dsv
-- Installing: /home/atvpi/ros2_ws/install/wheeltec_n100_imu/share/ament_index/resource_index/packages/wheeltec_n100_imu
-- Installing: /home/atvpi/ros2_ws/install/wheeltec_n100_imu/share/wheeltec_n100_imu/cmake/wheeltec_n100_imuConfig.cmake
-- Installing: /home/atvpi/ros2_ws/install/wheeltec_n100_imu/share/wheeltec_n100_imu/cmake/wheeltec_n100_imuConfig-version.cmake
-- Installing: /home/atvpi/ros2_ws/install/wheeltec_n100_imu/share/wheeltec_n100_imu/package.xml
