-- Found ament_cmake: 2.5.4 (/opt/ros/jazzy/share/ament_cmake/cmake)
-- Found Python3: /usr/bin/python3 (found version "3.12.3") found components: Interpreter 
-- Found rclcpp: 28.1.12 (/opt/ros/jazzy/share/rclcpp/cmake)
-- Found rosidl_generator_c: 4.6.6 (/opt/ros/jazzy/share/rosidl_generator_c/cmake)
-- Found rosidl_generator_cpp: 4.6.6 (/opt/ros/jazzy/share/rosidl_generator_cpp/cmake)
-- Using all available rosidl_typesupport_c: rosidl_typesupport_fastrtps_c;rosidl_typesupport_introspection_c
-- Using all available rosidl_typesupport_cpp: rosidl_typesupport_fastrtps_cpp;rosidl_typesupport_introspection_cpp
-- Found rmw_implementation_cmake: 7.3.2 (/opt/ros/jazzy/share/rmw_implementation_cmake/cmake)
-- Found rmw_fastrtps_cpp: 8.4.3 (/opt/ros/jazzy/share/rmw_fastrtps_cpp/cmake)
-- Using RMW implementation 'rmw_fastrtps_cpp' as default
-- Found rclcpp_action: 28.1.12 (/opt/ros/jazzy/share/rclcpp_action/cmake)
-- Found rosidl_default_generators: 1.6.0 (/opt/ros/jazzy/share/rosidl_default_generators/cmake)
-- Found rosidl_adapter: 4.6.6 (/opt/ros/jazzy/share/rosidl_adapter/cmake)
-- Found ament_cmake_ros: 0.12.0 (/opt/ros/jazzy/share/ament_cmake_ros/cmake)
-- Using all available rosidl_typesupport_c: rosidl_typesupport_fastrtps_c;rosidl_typesupport_introspection_c
-- Using all available rosidl_typesupport_cpp: rosidl_typesupport_fastrtps_cpp;rosidl_typesupport_introspection_cpp
-- Found python_cmake_module: 0.11.1 (/opt/ros/jazzy/share/python_cmake_module/cmake)
-- Found Python3: /usr/bin/python3 (found version "3.12.3") found components: Interpreter Development NumPy Development.Module Development.Embed 
-- Configuring done (2.1s)
-- Generating done (0.1s)
-- Build files have been written to: /home/atvpi/ros2_ws/build/transformer_hw_actuators
[  2%] Built target transformer_hw_actuators__rosidl_generator_type_description
[  2%] Built target ament_cmake_python_copy_transformer_hw_actuators
[  5%] Built target transformer_hw_actuators__cpp
[ 19%] Built target transformer_hw_actuators__rosidl_generator_c
[ 27%] Built target transformer_hw_actuators__rosidl_typesupport_fastrtps_cpp
[ 36%] Built target transformer_hw_actuators__rosidl_typesupport_fastrtps_c
[ 44%] Built target transformer_hw_actuators__rosidl_typesupport_cpp
[ 52%] Built target transformer_hw_actuators__rosidl_typesupport_introspection_c
[ 61%] Built target transformer_hw_actuators__rosidl_typesupport_c
[ 69%] Built target transformer_hw_actuators__rosidl_typesupport_introspection_cpp
[ 69%] Built target transformer_hw_actuators
[ 72%] [32mBuilding CXX object CMakeFiles/actuator_node.dir/src/actuator_node.cpp.o[0m
[ 75%] Built target transformer_hw_actuators__py
[ 80%] Built target transformer_hw_actuators__rosidl_generator_py
[ 86%] Built target transformer_hw_actuators_s__rosidl_typesupport_fastrtps_c
[ 91%] Built target transformer_hw_actuators_s__rosidl_typesupport_introspection_c
[ 97%] Built target transformer_hw_actuators_s__rosidl_typesupport_c
running egg_info
writing transformer_hw_actuators.egg-info/PKG-INFO
writing dependency_links to transformer_hw_actuators.egg-info/dependency_links.txt
writing top-level names to transformer_hw_actuators.egg-info/top_level.txt
reading manifest file 'transformer_hw_actuators.egg-info/SOURCES.txt'
writing manifest file 'transformer_hw_actuators.egg-info/SOURCES.txt'
[ 97%] Built target ament_cmake_python_build_transformer_hw_actuators_egg
[100%] [32m[1mLinking CXX executable actuator_node[0m
[100%] Built target actuator_node
-- Install configuration: ""
-- Up-to-date: /home/atvpi/ros2_ws/install/transformer_hw_actuators/share/ament_index/resource_index/rosidl_interfaces/transformer_hw_actuators
-- Up-to-date: /home/atvpi/ros2_ws/install/transformer_hw_actuators/share/transformer_hw_actuators/action/MoveActuator.json
-- Up-to-date: /home/atvpi/ros2_ws/install/transformer_hw_actuators/include/transformer_hw_actuators/transformer_hw_actuators
-- Up-to-date: /home/atvpi/ros2_ws/install/transformer_hw_actuators/include/transformer_hw_actuators/transformer_hw_actuators/msg
-- Up-to-date: /home/atvpi/ros2_ws/install/transformer_hw_actuators/include/transformer_hw_actuators/transformer_hw_actuators/msg/rosidl_generator_c__visibility_control.h
-- Up-to-date: /home/atvpi/ros2_ws/install/transformer_hw_actuators/include/transformer_hw_actuators/transformer_hw_actuators/action
-- Up-to-date: /home/atvpi/ros2_ws/install/transformer_hw_actuators/include/transformer_hw_actuators/transformer_hw_actuators/action/move_actuator.h
-- Up-to-date: /home/atvpi/ros2_ws/install/transformer_hw_actuators/include/transformer_hw_actuators/transformer_hw_actuators/action/detail
-- Installing: /home/atvpi/ros2_ws/install/transformer_hw_actuators/include/transformer_hw_actuators/transformer_hw_actuators/action/detail/move_actuator__type_support.c
-- Up-to-date: /home/atvpi/ros2_ws/install/transformer_hw_actuators/include/transformer_hw_actuators/transformer_hw_actuators/action/detail/move_actuator__struct.h
-- Up-to-date: /home/atvpi/ros2_ws/install/transformer_hw_actuators/include/transformer_hw_actuators/transformer_hw_actuators/action/detail/move_actuator__functions.h
-- Up-to-date: /home/atvpi/ros2_ws/install/transformer_hw_actuators/include/transformer_hw_actuators/transformer_hw_actuators/action/detail/move_actuator__type_support.h
-- Up-to-date: /home/atvpi/ros2_ws/install/transformer_hw_actuators/include/transformer_hw_actuators/transformer_hw_actuators/action/detail/move_actuator__functions.c
-- Up-to-date: /home/atvpi/ros2_ws/install/transformer_hw_actuators/include/transformer_hw_actuators/transformer_hw_actuators/action/detail/move_actuator__description.c
-- Up-to-date: /home/atvpi/ros2_ws/install/transformer_hw_actuators/share/transformer_hw_actuators/environment/library_path.sh
-- Up-to-date: /home/atvpi/ros2_ws/install/transformer_hw_actuators/share/transformer_hw_actuators/environment/library_path.dsv
-- Up-to-date: /home/atvpi/ros2_ws/install/transformer_hw_actuators/lib/libtransformer_hw_actuators__rosidl_generator_c.so
-- Up-to-date: /home/atvpi/ros2_ws/install/transformer_hw_actuators/include/transformer_hw_actuators/transformer_hw_actuators
-- Up-to-date: /home/atvpi/ros2_ws/install/transformer_hw_actuators/include/transformer_hw_actuators/transformer_hw_actuators/msg
-- Up-to-date: /home/atvpi/ros2_ws/install/transformer_hw_actuators/include/transformer_hw_actuators/transformer_hw_actuators/msg/rosidl_typesupport_fastrtps_c__visibility_control.h
-- Up-to-date: /home/atvpi/ros2_ws/install/transformer_hw_actuators/include/transformer_hw_actuators/transformer_hw_actuators/action
-- Up-to-date: /home/atvpi/ros2_ws/install/transformer_hw_actuators/include/transformer_hw_actuators/transformer_hw_actuators/action/detail
-- Up-to-date: /home/atvpi/ros2_ws/install/transformer_hw_actuators/include/transformer_hw_actuators/transformer_hw_actuators/action/detail/move_actuator__rosidl_typesupport_fastrtps_c.h
-- Up-to-date: /home/atvpi/ros2_ws/install/transformer_hw_actuators/lib/libtransformer_hw_actuators__rosidl_typesupport_fastrtps_c.so
-- Up-to-date: /home/atvpi/ros2_ws/install/transformer_hw_actuators/include/transformer_hw_actuators/transformer_hw_actuators
-- Up-to-date: /home/atvpi/ros2_ws/install/transformer_hw_actuators/include/transformer_hw_actuators/transformer_hw_actuators/msg
-- Up-to-date: /home/atvpi/ros2_ws/install/transformer_hw_actuators/include/transformer_hw_actuators/transformer_hw_actuators/msg/rosidl_generator_cpp__visibility_control.hpp
-- Up-to-date: /home/atvpi/ros2_ws/install/transformer_hw_actuators/include/transformer_hw_actuators/transformer_hw_actuators/action
-- Up-to-date: /home/atvpi/ros2_ws/install/transformer_hw_actuators/include/transformer_hw_actuators/transformer_hw_actuators/action/move_actuator.hpp
-- Up-to-date: /home/atvpi/ros2_ws/install/transformer_hw_actuators/include/transformer_hw_actuators/transformer_hw_actuators/action/detail
-- Up-to-date: /home/atvpi/ros2_ws/install/transformer_hw_actuators/include/transformer_hw_actuators/transformer_hw_actuators/action/detail/move_actuator__type_support.hpp
-- Up-to-date: /home/atvpi/ros2_ws/install/transformer_hw_actuators/include/transformer_hw_actuators/transformer_hw_actuators/action/detail/move_actuator__traits.hpp
-- Up-to-date: /home/atvpi/ros2_ws/install/transformer_hw_actuators/include/transformer_hw_actuators/transformer_hw_actuators/action/detail/move_actuator__builder.hpp
-- Up-to-date: /home/atvpi/ros2_ws/install/transformer_hw_actuators/include/transformer_hw_actuators/transformer_hw_actuators/action/detail/move_actuator__struct.hpp
-- Up-to-date: /home/atvpi/ros2_ws/install/transformer_hw_actuators/include/transformer_hw_actuators/transformer_hw_actuators
-- Up-to-date: /home/atvpi/ros2_ws/install/transformer_hw_actuators/include/transformer_hw_actuators/transformer_hw_actuators/msg
-- Up-to-date: /home/atvpi/ros2_ws/install/transformer_hw_actuators/include/transformer_hw_actuators/transformer_hw_actuators/msg/rosidl_typesupport_fastrtps_cpp__visibility_control.h
-- Up-to-date: /home/atvpi/ros2_ws/install/transformer_hw_actuators/include/transformer_hw_actuators/transformer_hw_actuators/action
-- Up-to-date: /home/atvpi/ros2_ws/install/transformer_hw_actuators/include/transformer_hw_actuators/transformer_hw_actuators/action/detail
-- Up-to-date: /home/atvpi/ros2_ws/install/transformer_hw_actuators/include/transformer_hw_actuators/transformer_hw_actuators/action/detail/dds_fastrtps
-- Up-to-date: /home/atvpi/ros2_ws/install/transformer_hw_actuators/include/transformer_hw_actuators/transformer_hw_actuators/action/detail/move_actuator__rosidl_typesupport_fastrtps_cpp.hpp
-- Up-to-date: /home/atvpi/ros2_ws/install/transformer_hw_actuators/lib/libtransformer_hw_actuators__rosidl_typesupport_fastrtps_cpp.so
-- Up-to-date: /home/atvpi/ros2_ws/install/transformer_hw_actuators/include/transformer_hw_actuators/transformer_hw_actuators
-- Up-to-date: /home/atvpi/ros2_ws/install/transformer_hw_actuators/include/transformer_hw_actuators/transformer_hw_actuators/msg
-- Up-to-date: /home/atvpi/ros2_ws/install/transformer_hw_actuators/include/transformer_hw_actuators/transformer_hw_actuators/msg/rosidl_typesupport_introspection_c__visibility_control.h
-- Up-to-date: /home/atvpi/ros2_ws/install/transformer_hw_actuators/include/transformer_hw_actuators/transformer_hw_actuators/action
-- Up-to-date: /home/atvpi/ros2_ws/install/transformer_hw_actuators/include/transformer_hw_actuators/transformer_hw_actuators/action/detail
-- Installing: /home/atvpi/ros2_ws/install/transformer_hw_actuators/include/transformer_hw_actuators/transformer_hw_actuators/action/detail/move_actuator__type_support.c
-- Up-to-date: /home/atvpi/ros2_ws/install/transformer_hw_actuators/include/transformer_hw_actuators/transformer_hw_actuators/action/detail/move_actuator__rosidl_typesupport_introspection_c.h
-- Up-to-date: /home/atvpi/ros2_ws/install/transformer_hw_actuators/lib/libtransformer_hw_actuators__rosidl_typesupport_introspection_c.so
-- Up-to-date: /home/atvpi/ros2_ws/install/transformer_hw_actuators/lib/libtransformer_hw_actuators__rosidl_typesupport_c.so
-- Up-to-date: /home/atvpi/ros2_ws/install/transformer_hw_actuators/include/transformer_hw_actuators/transformer_hw_actuators
-- Up-to-date: /home/atvpi/ros2_ws/install/transformer_hw_actuators/include/transformer_hw_actuators/transformer_hw_actuators/action
-- Up-to-date: /home/atvpi/ros2_ws/install/transformer_hw_actuators/include/transformer_hw_actuators/transformer_hw_actuators/action/detail
-- Up-to-date: /home/atvpi/ros2_ws/install/transformer_hw_actuators/include/transformer_hw_actuators/transformer_hw_actuators/action/detail/move_actuator__rosidl_typesupport_introspection_cpp.hpp
-- Up-to-date: /home/atvpi/ros2_ws/install/transformer_hw_actuators/include/transformer_hw_actuators/transformer_hw_actuators/action/detail/move_actuator__type_support.cpp
-- Up-to-date: /home/atvpi/ros2_ws/install/transformer_hw_actuators/lib/libtransformer_hw_actuators__rosidl_typesupport_introspection_cpp.so
-- Up-to-date: /home/atvpi/ros2_ws/install/transformer_hw_actuators/lib/libtransformer_hw_actuators__rosidl_typesupport_cpp.so
-- Up-to-date: /home/atvpi/ros2_ws/install/transformer_hw_actuators/share/transformer_hw_actuators/environment/pythonpath.sh
-- Up-to-date: /home/atvpi/ros2_ws/install/transformer_hw_actuators/share/transformer_hw_actuators/environment/pythonpath.dsv
-- Up-to-date: /home/atvpi/ros2_ws/install/transformer_hw_actuators/lib/python3.12/site-packages/transformer_hw_actuators-0.1.0-py3.12.egg-info
-- Installing: /home/atvpi/ros2_ws/install/transformer_hw_actuators/lib/python3.12/site-packages/transformer_hw_actuators-0.1.0-py3.12.egg-info/SOURCES.txt
-- Installing: /home/atvpi/ros2_ws/install/transformer_hw_actuators/lib/python3.12/site-packages/transformer_hw_actuators-0.1.0-py3.12.egg-info/top_level.txt
-- Installing: /home/atvpi/ros2_ws/install/transformer_hw_actuators/lib/python3.12/site-packages/transformer_hw_actuators-0.1.0-py3.12.egg-info/PKG-INFO
-- Installing: /home/atvpi/ros2_ws/install/transformer_hw_actuators/lib/python3.12/site-packages/transformer_hw_actuators-0.1.0-py3.12.egg-info/dependency_links.txt
-- Up-to-date: /home/atvpi/ros2_ws/install/transformer_hw_actuators/lib/python3.12/site-packages/transformer_hw_actuators
-- Up-to-date: /home/atvpi/ros2_ws/install/transformer_hw_actuators/lib/python3.12/site-packages/transformer_hw_actuators/_transformer_hw_actuators_s.ep.rosidl_typesupport_introspection_c.c
-- Up-to-date: /home/atvpi/ros2_ws/install/transformer_hw_actuators/lib/python3.12/site-packages/transformer_hw_actuators/transformer_hw_actuators_s__rosidl_typesupport_fastrtps_c.so
-- Up-to-date: /home/atvpi/ros2_ws/install/transformer_hw_actuators/lib/python3.12/site-packages/transformer_hw_actuators/transformer_hw_actuators_s__rosidl_typesupport_c.so
-- Up-to-date: /home/atvpi/ros2_ws/install/transformer_hw_actuators/lib/python3.12/site-packages/transformer_hw_actuators/_transformer_hw_actuators_s.ep.rosidl_typesupport_c.c
-- Up-to-date: /home/atvpi/ros2_ws/install/transformer_hw_actuators/lib/python3.12/site-packages/transformer_hw_actuators/transformer_hw_actuators_s__rosidl_typesupport_introspection_c.so
-- Installing: /home/atvpi/ros2_ws/install/transformer_hw_actuators/lib/python3.12/site-packages/transformer_hw_actuators/__init__.py
-- Up-to-date: /home/atvpi/ros2_ws/install/transformer_hw_actuators/lib/python3.12/site-packages/transformer_hw_actuators/_transformer_hw_actuators_s.ep.rosidl_typesupport_fastrtps_c.c
-- Up-to-date: /home/atvpi/ros2_ws/install/transformer_hw_actuators/lib/python3.12/site-packages/transformer_hw_actuators/action
-- Up-to-date: /home/atvpi/ros2_ws/install/transformer_hw_actuators/lib/python3.12/site-packages/transformer_hw_actuators/action/_move_actuator.py
-- Up-to-date: /home/atvpi/ros2_ws/install/transformer_hw_actuators/lib/python3.12/site-packages/transformer_hw_actuators/action/_move_actuator_s.c
-- Up-to-date: /home/atvpi/ros2_ws/install/transformer_hw_actuators/lib/python3.12/site-packages/transformer_hw_actuators/action/__init__.py
Listing '/home/atvpi/ros2_ws/install/transformer_hw_actuators/lib/python3.12/site-packages/transformer_hw_actuators'...
Compiling '/home/atvpi/ros2_ws/install/transformer_hw_actuators/lib/python3.12/site-packages/transformer_hw_actuators/__init__.py'...
Listing '/home/atvpi/ros2_ws/install/transformer_hw_actuators/lib/python3.12/site-packages/transformer_hw_actuators/action'...
-- Up-to-date: /home/atvpi/ros2_ws/install/transformer_hw_actuators/lib/python3.12/site-packages/transformer_hw_actuators/transformer_hw_actuators_s__rosidl_typesupport_fastrtps_c.so
-- Up-to-date: /home/atvpi/ros2_ws/install/transformer_hw_actuators/lib/python3.12/site-packages/transformer_hw_actuators/transformer_hw_actuators_s__rosidl_typesupport_introspection_c.so
-- Up-to-date: /home/atvpi/ros2_ws/install/transformer_hw_actuators/lib/python3.12/site-packages/transformer_hw_actuators/transformer_hw_actuators_s__rosidl_typesupport_c.so
-- Up-to-date: /home/atvpi/ros2_ws/install/transformer_hw_actuators/lib/libtransformer_hw_actuators__rosidl_generator_py.so
-- Up-to-date: /home/atvpi/ros2_ws/install/transformer_hw_actuators/share/transformer_hw_actuators/action/MoveActuator.idl
-- Installing: /home/atvpi/ros2_ws/install/transformer_hw_actuators/share/transformer_hw_actuators/action/MoveActuator.action
-- Installing: /home/atvpi/ros2_ws/install/transformer_hw_actuators/lib/transformer_hw_actuators/actuator_node
-- Set non-toolchain portion of runtime path of "/home/atvpi/ros2_ws/install/transformer_hw_actuators/lib/transformer_hw_actuators/actuator_node" to ""
-- Up-to-date: /home/atvpi/ros2_ws/install/transformer_hw_actuators/include
-- Up-to-date: /home/atvpi/ros2_ws/install/transformer_hw_actuators/include/transformer_hw_actuators
-- Installing: /home/atvpi/ros2_ws/install/transformer_hw_actuators/include/transformer_hw_actuators/actuator_node.h
-- Up-to-date: /home/atvpi/ros2_ws/install/transformer_hw_actuators/share/transformer_hw_actuators//launch
-- Up-to-date: /home/atvpi/ros2_ws/install/transformer_hw_actuators/share/transformer_hw_actuators//launch/actuator.launch.py
-- Up-to-date: /home/atvpi/ros2_ws/install/transformer_hw_actuators/share/transformer_hw_actuators//config
-- Installing: /home/atvpi/ros2_ws/install/transformer_hw_actuators/share/transformer_hw_actuators//config/actuator.yaml
-- Up-to-date: /home/atvpi/ros2_ws/install/transformer_hw_actuators/share/ament_index/resource_index/package_run_dependencies/transformer_hw_actuators
-- Installing: /home/atvpi/ros2_ws/install/transformer_hw_actuators/share/ament_index/resource_index/parent_prefix_path/transformer_hw_actuators
-- Up-to-date: /home/atvpi/ros2_ws/install/transformer_hw_actuators/share/transformer_hw_actuators/environment/ament_prefix_path.sh
-- Up-to-date: /home/atvpi/ros2_ws/install/transformer_hw_actuators/share/transformer_hw_actuators/environment/ament_prefix_path.dsv
-- Up-to-date: /home/atvpi/ros2_ws/install/transformer_hw_actuators/share/transformer_hw_actuators/environment/path.sh
-- Up-to-date: /home/atvpi/ros2_ws/install/transformer_hw_actuators/share/transformer_hw_actuators/environment/path.dsv
-- Up-to-date: /home/atvpi/ros2_ws/install/transformer_hw_actuators/share/transformer_hw_actuators/local_setup.bash
-- Up-to-date: /home/atvpi/ros2_ws/install/transformer_hw_actuators/share/transformer_hw_actuators/local_setup.sh
-- Up-to-date: /home/atvpi/ros2_ws/install/transformer_hw_actuators/share/transformer_hw_actuators/local_setup.zsh
-- Up-to-date: /home/atvpi/ros2_ws/install/transformer_hw_actuators/share/transformer_hw_actuators/local_setup.dsv
-- Installing: /home/atvpi/ros2_ws/install/transformer_hw_actuators/share/transformer_hw_actuators/package.dsv
-- Up-to-date: /home/atvpi/ros2_ws/install/transformer_hw_actuators/share/ament_index/resource_index/packages/transformer_hw_actuators
-- Up-to-date: /home/atvpi/ros2_ws/install/transformer_hw_actuators/share/transformer_hw_actuators/cmake/export_transformer_hw_actuators__rosidl_generator_cExport.cmake
-- Up-to-date: /home/atvpi/ros2_ws/install/transformer_hw_actuators/share/transformer_hw_actuators/cmake/export_transformer_hw_actuators__rosidl_generator_cExport-noconfig.cmake
-- Up-to-date: /home/atvpi/ros2_ws/install/transformer_hw_actuators/share/transformer_hw_actuators/cmake/export_transformer_hw_actuators__rosidl_typesupport_fastrtps_cExport.cmake
-- Up-to-date: /home/atvpi/ros2_ws/install/transformer_hw_actuators/share/transformer_hw_actuators/cmake/export_transformer_hw_actuators__rosidl_typesupport_fastrtps_cExport-noconfig.cmake
-- Up-to-date: /home/atvpi/ros2_ws/install/transformer_hw_actuators/share/transformer_hw_actuators/cmake/export_transformer_hw_actuators__rosidl_generator_cppExport.cmake
-- Up-to-date: /home/atvpi/ros2_ws/install/transformer_hw_actuators/share/transformer_hw_actuators/cmake/export_transformer_hw_actuators__rosidl_typesupport_fastrtps_cppExport.cmake
-- Up-to-date: /home/atvpi/ros2_ws/install/transformer_hw_actuators/share/transformer_hw_actuators/cmake/export_transformer_hw_actuators__rosidl_typesupport_fastrtps_cppExport-noconfig.cmake
-- Up-to-date: /home/atvpi/ros2_ws/install/transformer_hw_actuators/share/transformer_hw_actuators/cmake/transformer_hw_actuators__rosidl_typesupport_introspection_cExport.cmake
-- Up-to-date: /home/atvpi/ros2_ws/install/transformer_hw_actuators/share/transformer_hw_actuators/cmake/transformer_hw_actuators__rosidl_typesupport_introspection_cExport-noconfig.cmake
-- Up-to-date: /home/atvpi/ros2_ws/install/transformer_hw_actuators/share/transformer_hw_actuators/cmake/transformer_hw_actuators__rosidl_typesupport_cExport.cmake
-- Up-to-date: /home/atvpi/ros2_ws/install/transformer_hw_actuators/share/transformer_hw_actuators/cmake/transformer_hw_actuators__rosidl_typesupport_cExport-noconfig.cmake
-- Up-to-date: /home/atvpi/ros2_ws/install/transformer_hw_actuators/share/transformer_hw_actuators/cmake/transformer_hw_actuators__rosidl_typesupport_introspection_cppExport.cmake
-- Up-to-date: /home/atvpi/ros2_ws/install/transformer_hw_actuators/share/transformer_hw_actuators/cmake/transformer_hw_actuators__rosidl_typesupport_introspection_cppExport-noconfig.cmake
-- Up-to-date: /home/atvpi/ros2_ws/install/transformer_hw_actuators/share/transformer_hw_actuators/cmake/transformer_hw_actuators__rosidl_typesupport_cppExport.cmake
-- Up-to-date: /home/atvpi/ros2_ws/install/transformer_hw_actuators/share/transformer_hw_actuators/cmake/transformer_hw_actuators__rosidl_typesupport_cppExport-noconfig.cmake
-- Up-to-date: /home/atvpi/ros2_ws/install/transformer_hw_actuators/share/transformer_hw_actuators/cmake/export_transformer_hw_actuators__rosidl_generator_pyExport.cmake
-- Up-to-date: /home/atvpi/ros2_ws/install/transformer_hw_actuators/share/transformer_hw_actuators/cmake/export_transformer_hw_actuators__rosidl_generator_pyExport-noconfig.cmake
-- Up-to-date: /home/atvpi/ros2_ws/install/transformer_hw_actuators/share/transformer_hw_actuators/cmake/rosidl_cmake-extras.cmake
-- Up-to-date: /home/atvpi/ros2_ws/install/transformer_hw_actuators/share/transformer_hw_actuators/cmake/ament_cmake_export_dependencies-extras.cmake
-- Up-to-date: /home/atvpi/ros2_ws/install/transformer_hw_actuators/share/transformer_hw_actuators/cmake/ament_cmake_export_include_directories-extras.cmake
-- Up-to-date: /home/atvpi/ros2_ws/install/transformer_hw_actuators/share/transformer_hw_actuators/cmake/ament_cmake_export_libraries-extras.cmake
-- Up-to-date: /home/atvpi/ros2_ws/install/transformer_hw_actuators/share/transformer_hw_actuators/cmake/ament_cmake_export_targets-extras.cmake
-- Up-to-date: /home/atvpi/ros2_ws/install/transformer_hw_actuators/share/transformer_hw_actuators/cmake/rosidl_cmake_export_typesupport_targets-extras.cmake
-- Up-to-date: /home/atvpi/ros2_ws/install/transformer_hw_actuators/share/transformer_hw_actuators/cmake/rosidl_cmake_export_typesupport_libraries-extras.cmake
-- Up-to-date: /home/atvpi/ros2_ws/install/transformer_hw_actuators/share/transformer_hw_actuators/cmake/transformer_hw_actuatorsConfig.cmake
-- Up-to-date: /home/atvpi/ros2_ws/install/transformer_hw_actuators/share/transformer_hw_actuators/cmake/transformer_hw_actuatorsConfig-version.cmake
-- Up-to-date: /home/atvpi/ros2_ws/install/transformer_hw_actuators/share/transformer_hw_actuators/package.xml
