[0.019s] Invoking command in '/home/atvpi/ros2_ws/build/transformer_hw_actuators': CMAKE_PREFIX_PATH=${CMAKE_PREFIX_PATH}:/opt/ros/jazzy /usr/bin/cmake --build /home/atvpi/ros2_ws/build/transformer_hw_actuators -- -j4 -l4
[0.066s] -- Found ament_cmake: 2.5.4 (/opt/ros/jazzy/share/ament_cmake/cmake)
[0.132s] -- Found Python3: /usr/bin/python3 (found version "3.12.3") found components: Interpreter 
[0.288s] -- Found rclcpp: 28.1.12 (/opt/ros/jazzy/share/rclcpp/cmake)
[0.322s] -- Found rosidl_generator_c: 4.6.6 (/opt/ros/jazzy/share/rosidl_generator_c/cmake)
[0.335s] -- Found rosidl_generator_cpp: 4.6.6 (/opt/ros/jazzy/share/rosidl_generator_cpp/cmake)
[0.353s] -- Using all available rosidl_typesupport_c: rosidl_typesupport_fastrtps_c;rosidl_typesupport_introspection_c
[0.374s] -- Using all available rosidl_typesupport_cpp: rosidl_typesupport_fastrtps_cpp;rosidl_typesupport_introspection_cpp
[0.459s] -- Found rmw_implementation_cmake: 7.3.2 (/opt/ros/jazzy/share/rmw_implementation_cmake/cmake)
[0.461s] -- Found rmw_fastrtps_cpp: 8.4.3 (/opt/ros/jazzy/share/rmw_fastrtps_cpp/cmake)
[0.554s] -- Using RMW implementation 'rmw_fastrtps_cpp' as default
[0.651s] -- Found rclcpp_action: 28.1.12 (/opt/ros/jazzy/share/rclcpp_action/cmake)
[0.705s] -- Found rosidl_default_generators: 1.6.0 (/opt/ros/jazzy/share/rosidl_default_generators/cmake)
[0.717s] -- Found rosidl_adapter: 4.6.6 (/opt/ros/jazzy/share/rosidl_adapter/cmake)
[1.218s] -- Found ament_cmake_ros: 0.12.0 (/opt/ros/jazzy/share/ament_cmake_ros/cmake)
[1.502s] -- Using all available rosidl_typesupport_c: rosidl_typesupport_fastrtps_c;rosidl_typesupport_introspection_c
[1.609s] -- Using all available rosidl_typesupport_cpp: rosidl_typesupport_fastrtps_cpp;rosidl_typesupport_introspection_cpp
[1.611s] -- Found python_cmake_module: 0.11.1 (/opt/ros/jazzy/share/python_cmake_module/cmake)
[2.155s] -- Found Python3: /usr/bin/python3 (found version "3.12.3") found components: Interpreter Development NumPy Development.Module Development.Embed 
[2.183s] -- Configuring done (2.1s)
[2.257s] -- Generating done (0.1s)
[2.300s] -- Build files have been written to: /home/atvpi/ros2_ws/build/transformer_hw_actuators
[2.380s] [  2%] Built target transformer_hw_actuators__rosidl_generator_type_description
[2.402s] [  2%] Built target ament_cmake_python_copy_transformer_hw_actuators
[2.445s] [  5%] Built target transformer_hw_actuators__cpp
[2.448s] [ 19%] Built target transformer_hw_actuators__rosidl_generator_c
[2.531s] [ 27%] Built target transformer_hw_actuators__rosidl_typesupport_fastrtps_cpp
[2.550s] [ 36%] Built target transformer_hw_actuators__rosidl_typesupport_fastrtps_c
[2.553s] [ 44%] Built target transformer_hw_actuators__rosidl_typesupport_cpp
[2.620s] [ 52%] Built target transformer_hw_actuators__rosidl_typesupport_introspection_c
[2.653s] [ 61%] Built target transformer_hw_actuators__rosidl_typesupport_c
[2.665s] [ 69%] Built target transformer_hw_actuators__rosidl_typesupport_introspection_cpp
[2.755s] [ 69%] Built target transformer_hw_actuators
[2.760s] [ 72%] [32mBuilding CXX object CMakeFiles/actuator_node.dir/src/actuator_node.cpp.o[0m
[2.855s] [ 75%] Built target transformer_hw_actuators__py
[2.977s] [ 80%] Built target transformer_hw_actuators__rosidl_generator_py
[3.150s] [ 86%] Built target transformer_hw_actuators_s__rosidl_typesupport_fastrtps_c
[3.264s] [ 91%] Built target transformer_hw_actuators_s__rosidl_typesupport_introspection_c
[3.264s] [ 97%] Built target transformer_hw_actuators_s__rosidl_typesupport_c
[3.348s] running egg_info
[3.537s] writing transformer_hw_actuators.egg-info/PKG-INFO
[3.538s] writing dependency_links to transformer_hw_actuators.egg-info/dependency_links.txt
[3.552s] writing top-level names to transformer_hw_actuators.egg-info/top_level.txt
[3.957s] reading manifest file 'transformer_hw_actuators.egg-info/SOURCES.txt'
[3.965s] writing manifest file 'transformer_hw_actuators.egg-info/SOURCES.txt'
[4.364s] [ 97%] Built target ament_cmake_python_build_transformer_hw_actuators_egg
[13.150s] [100%] [32m[1mLinking CXX executable actuator_node[0m
[13.616s] [100%] Built target actuator_node
[13.639s] Invoked command in '/home/atvpi/ros2_ws/build/transformer_hw_actuators' returned '0': CMAKE_PREFIX_PATH=${CMAKE_PREFIX_PATH}:/opt/ros/jazzy /usr/bin/cmake --build /home/atvpi/ros2_ws/build/transformer_hw_actuators -- -j4 -l4
[13.641s] Invoking command in '/home/atvpi/ros2_ws/build/transformer_hw_actuators': CMAKE_PREFIX_PATH=${CMAKE_PREFIX_PATH}:/opt/ros/jazzy /usr/bin/cmake --install /home/atvpi/ros2_ws/build/transformer_hw_actuators
[13.656s] -- Install configuration: ""
[13.656s] -- Up-to-date: /home/atvpi/ros2_ws/install/transformer_hw_actuators/share/ament_index/resource_index/rosidl_interfaces/transformer_hw_actuators
[13.656s] -- Up-to-date: /home/atvpi/ros2_ws/install/transformer_hw_actuators/share/transformer_hw_actuators/action/MoveActuator.json
[13.656s] -- Up-to-date: /home/atvpi/ros2_ws/install/transformer_hw_actuators/include/transformer_hw_actuators/transformer_hw_actuators
[13.657s] -- Up-to-date: /home/atvpi/ros2_ws/install/transformer_hw_actuators/include/transformer_hw_actuators/transformer_hw_actuators/msg
[13.657s] -- Up-to-date: /home/atvpi/ros2_ws/install/transformer_hw_actuators/include/transformer_hw_actuators/transformer_hw_actuators/msg/rosidl_generator_c__visibility_control.h
[13.657s] -- Up-to-date: /home/atvpi/ros2_ws/install/transformer_hw_actuators/include/transformer_hw_actuators/transformer_hw_actuators/action
[13.657s] -- Up-to-date: /home/atvpi/ros2_ws/install/transformer_hw_actuators/include/transformer_hw_actuators/transformer_hw_actuators/action/move_actuator.h
[13.657s] -- Up-to-date: /home/atvpi/ros2_ws/install/transformer_hw_actuators/include/transformer_hw_actuators/transformer_hw_actuators/action/detail
[13.657s] -- Installing: /home/atvpi/ros2_ws/install/transformer_hw_actuators/include/transformer_hw_actuators/transformer_hw_actuators/action/detail/move_actuator__type_support.c
[13.658s] -- Up-to-date: /home/atvpi/ros2_ws/install/transformer_hw_actuators/include/transformer_hw_actuators/transformer_hw_actuators/action/detail/move_actuator__struct.h
[13.658s] -- Up-to-date: /home/atvpi/ros2_ws/install/transformer_hw_actuators/include/transformer_hw_actuators/transformer_hw_actuators/action/detail/move_actuator__functions.h
[13.658s] -- Up-to-date: /home/atvpi/ros2_ws/install/transformer_hw_actuators/include/transformer_hw_actuators/transformer_hw_actuators/action/detail/move_actuator__type_support.h
[13.658s] -- Up-to-date: /home/atvpi/ros2_ws/install/transformer_hw_actuators/include/transformer_hw_actuators/transformer_hw_actuators/action/detail/move_actuator__functions.c
[13.658s] -- Up-to-date: /home/atvpi/ros2_ws/install/transformer_hw_actuators/include/transformer_hw_actuators/transformer_hw_actuators/action/detail/move_actuator__description.c
[13.658s] -- Up-to-date: /home/atvpi/ros2_ws/install/transformer_hw_actuators/share/transformer_hw_actuators/environment/library_path.sh
[13.658s] -- Up-to-date: /home/atvpi/ros2_ws/install/transformer_hw_actuators/share/transformer_hw_actuators/environment/library_path.dsv
[13.658s] -- Up-to-date: /home/atvpi/ros2_ws/install/transformer_hw_actuators/lib/libtransformer_hw_actuators__rosidl_generator_c.so
[13.659s] -- Up-to-date: /home/atvpi/ros2_ws/install/transformer_hw_actuators/include/transformer_hw_actuators/transformer_hw_actuators
[13.659s] -- Up-to-date: /home/atvpi/ros2_ws/install/transformer_hw_actuators/include/transformer_hw_actuators/transformer_hw_actuators/msg
[13.659s] -- Up-to-date: /home/atvpi/ros2_ws/install/transformer_hw_actuators/include/transformer_hw_actuators/transformer_hw_actuators/msg/rosidl_typesupport_fastrtps_c__visibility_control.h
[13.659s] -- Up-to-date: /home/atvpi/ros2_ws/install/transformer_hw_actuators/include/transformer_hw_actuators/transformer_hw_actuators/action
[13.659s] -- Up-to-date: /home/atvpi/ros2_ws/install/transformer_hw_actuators/include/transformer_hw_actuators/transformer_hw_actuators/action/detail
[13.659s] -- Up-to-date: /home/atvpi/ros2_ws/install/transformer_hw_actuators/include/transformer_hw_actuators/transformer_hw_actuators/action/detail/move_actuator__rosidl_typesupport_fastrtps_c.h
[13.659s] -- Up-to-date: /home/atvpi/ros2_ws/install/transformer_hw_actuators/lib/libtransformer_hw_actuators__rosidl_typesupport_fastrtps_c.so
[13.659s] -- Up-to-date: /home/atvpi/ros2_ws/install/transformer_hw_actuators/include/transformer_hw_actuators/transformer_hw_actuators
[13.659s] -- Up-to-date: /home/atvpi/ros2_ws/install/transformer_hw_actuators/include/transformer_hw_actuators/transformer_hw_actuators/msg
[13.659s] -- Up-to-date: /home/atvpi/ros2_ws/install/transformer_hw_actuators/include/transformer_hw_actuators/transformer_hw_actuators/msg/rosidl_generator_cpp__visibility_control.hpp
[13.660s] -- Up-to-date: /home/atvpi/ros2_ws/install/transformer_hw_actuators/include/transformer_hw_actuators/transformer_hw_actuators/action
[13.660s] -- Up-to-date: /home/atvpi/ros2_ws/install/transformer_hw_actuators/include/transformer_hw_actuators/transformer_hw_actuators/action/move_actuator.hpp
[13.660s] -- Up-to-date: /home/atvpi/ros2_ws/install/transformer_hw_actuators/include/transformer_hw_actuators/transformer_hw_actuators/action/detail
[13.660s] -- Up-to-date: /home/atvpi/ros2_ws/install/transformer_hw_actuators/include/transformer_hw_actuators/transformer_hw_actuators/action/detail/move_actuator__type_support.hpp
[13.660s] -- Up-to-date: /home/atvpi/ros2_ws/install/transformer_hw_actuators/include/transformer_hw_actuators/transformer_hw_actuators/action/detail/move_actuator__traits.hpp
[13.660s] -- Up-to-date: /home/atvpi/ros2_ws/install/transformer_hw_actuators/include/transformer_hw_actuators/transformer_hw_actuators/action/detail/move_actuator__builder.hpp
[13.660s] -- Up-to-date: /home/atvpi/ros2_ws/install/transformer_hw_actuators/include/transformer_hw_actuators/transformer_hw_actuators/action/detail/move_actuator__struct.hpp
[13.660s] -- Up-to-date: /home/atvpi/ros2_ws/install/transformer_hw_actuators/include/transformer_hw_actuators/transformer_hw_actuators
[13.660s] -- Up-to-date: /home/atvpi/ros2_ws/install/transformer_hw_actuators/include/transformer_hw_actuators/transformer_hw_actuators/msg
[13.660s] -- Up-to-date: /home/atvpi/ros2_ws/install/transformer_hw_actuators/include/transformer_hw_actuators/transformer_hw_actuators/msg/rosidl_typesupport_fastrtps_cpp__visibility_control.h
[13.661s] -- Up-to-date: /home/atvpi/ros2_ws/install/transformer_hw_actuators/include/transformer_hw_actuators/transformer_hw_actuators/action
[13.661s] -- Up-to-date: /home/atvpi/ros2_ws/install/transformer_hw_actuators/include/transformer_hw_actuators/transformer_hw_actuators/action/detail
[13.661s] -- Up-to-date: /home/atvpi/ros2_ws/install/transformer_hw_actuators/include/transformer_hw_actuators/transformer_hw_actuators/action/detail/dds_fastrtps
[13.661s] -- Up-to-date: /home/atvpi/ros2_ws/install/transformer_hw_actuators/include/transformer_hw_actuators/transformer_hw_actuators/action/detail/move_actuator__rosidl_typesupport_fastrtps_cpp.hpp
[13.661s] -- Up-to-date: /home/atvpi/ros2_ws/install/transformer_hw_actuators/lib/libtransformer_hw_actuators__rosidl_typesupport_fastrtps_cpp.so
[13.661s] -- Up-to-date: /home/atvpi/ros2_ws/install/transformer_hw_actuators/include/transformer_hw_actuators/transformer_hw_actuators
[13.661s] -- Up-to-date: /home/atvpi/ros2_ws/install/transformer_hw_actuators/include/transformer_hw_actuators/transformer_hw_actuators/msg
[13.661s] -- Up-to-date: /home/atvpi/ros2_ws/install/transformer_hw_actuators/include/transformer_hw_actuators/transformer_hw_actuators/msg/rosidl_typesupport_introspection_c__visibility_control.h
[13.662s] -- Up-to-date: /home/atvpi/ros2_ws/install/transformer_hw_actuators/include/transformer_hw_actuators/transformer_hw_actuators/action
[13.662s] -- Up-to-date: /home/atvpi/ros2_ws/install/transformer_hw_actuators/include/transformer_hw_actuators/transformer_hw_actuators/action/detail
[13.662s] -- Installing: /home/atvpi/ros2_ws/install/transformer_hw_actuators/include/transformer_hw_actuators/transformer_hw_actuators/action/detail/move_actuator__type_support.c
[13.662s] -- Up-to-date: /home/atvpi/ros2_ws/install/transformer_hw_actuators/include/transformer_hw_actuators/transformer_hw_actuators/action/detail/move_actuator__rosidl_typesupport_introspection_c.h
[13.662s] -- Up-to-date: /home/atvpi/ros2_ws/install/transformer_hw_actuators/lib/libtransformer_hw_actuators__rosidl_typesupport_introspection_c.so
[13.663s] -- Up-to-date: /home/atvpi/ros2_ws/install/transformer_hw_actuators/lib/libtransformer_hw_actuators__rosidl_typesupport_c.so
[13.663s] -- Up-to-date: /home/atvpi/ros2_ws/install/transformer_hw_actuators/include/transformer_hw_actuators/transformer_hw_actuators
[13.663s] -- Up-to-date: /home/atvpi/ros2_ws/install/transformer_hw_actuators/include/transformer_hw_actuators/transformer_hw_actuators/action
[13.663s] -- Up-to-date: /home/atvpi/ros2_ws/install/transformer_hw_actuators/include/transformer_hw_actuators/transformer_hw_actuators/action/detail
[13.663s] -- Up-to-date: /home/atvpi/ros2_ws/install/transformer_hw_actuators/include/transformer_hw_actuators/transformer_hw_actuators/action/detail/move_actuator__rosidl_typesupport_introspection_cpp.hpp
[13.663s] -- Up-to-date: /home/atvpi/ros2_ws/install/transformer_hw_actuators/include/transformer_hw_actuators/transformer_hw_actuators/action/detail/move_actuator__type_support.cpp
[13.663s] -- Up-to-date: /home/atvpi/ros2_ws/install/transformer_hw_actuators/lib/libtransformer_hw_actuators__rosidl_typesupport_introspection_cpp.so
[13.663s] -- Up-to-date: /home/atvpi/ros2_ws/install/transformer_hw_actuators/lib/libtransformer_hw_actuators__rosidl_typesupport_cpp.so
[13.663s] -- Up-to-date: /home/atvpi/ros2_ws/install/transformer_hw_actuators/share/transformer_hw_actuators/environment/pythonpath.sh
[13.664s] -- Up-to-date: /home/atvpi/ros2_ws/install/transformer_hw_actuators/share/transformer_hw_actuators/environment/pythonpath.dsv
[13.664s] -- Up-to-date: /home/atvpi/ros2_ws/install/transformer_hw_actuators/lib/python3.12/site-packages/transformer_hw_actuators-0.1.0-py3.12.egg-info
[13.664s] -- Installing: /home/atvpi/ros2_ws/install/transformer_hw_actuators/lib/python3.12/site-packages/transformer_hw_actuators-0.1.0-py3.12.egg-info/SOURCES.txt
[13.667s] -- Installing: /home/atvpi/ros2_ws/install/transformer_hw_actuators/lib/python3.12/site-packages/transformer_hw_actuators-0.1.0-py3.12.egg-info/top_level.txt
[13.667s] -- Installing: /home/atvpi/ros2_ws/install/transformer_hw_actuators/lib/python3.12/site-packages/transformer_hw_actuators-0.1.0-py3.12.egg-info/PKG-INFO
[13.667s] -- Installing: /home/atvpi/ros2_ws/install/transformer_hw_actuators/lib/python3.12/site-packages/transformer_hw_actuators-0.1.0-py3.12.egg-info/dependency_links.txt
[13.667s] -- Up-to-date: /home/atvpi/ros2_ws/install/transformer_hw_actuators/lib/python3.12/site-packages/transformer_hw_actuators
[13.668s] -- Up-to-date: /home/atvpi/ros2_ws/install/transformer_hw_actuators/lib/python3.12/site-packages/transformer_hw_actuators/_transformer_hw_actuators_s.ep.rosidl_typesupport_introspection_c.c
[13.668s] -- Up-to-date: /home/atvpi/ros2_ws/install/transformer_hw_actuators/lib/python3.12/site-packages/transformer_hw_actuators/transformer_hw_actuators_s__rosidl_typesupport_fastrtps_c.so
[13.668s] -- Up-to-date: /home/atvpi/ros2_ws/install/transformer_hw_actuators/lib/python3.12/site-packages/transformer_hw_actuators/transformer_hw_actuators_s__rosidl_typesupport_c.so
[13.668s] -- Up-to-date: /home/atvpi/ros2_ws/install/transformer_hw_actuators/lib/python3.12/site-packages/transformer_hw_actuators/_transformer_hw_actuators_s.ep.rosidl_typesupport_c.c
[13.668s] -- Up-to-date: /home/atvpi/ros2_ws/install/transformer_hw_actuators/lib/python3.12/site-packages/transformer_hw_actuators/transformer_hw_actuators_s__rosidl_typesupport_introspection_c.so
[13.668s] -- Installing: /home/atvpi/ros2_ws/install/transformer_hw_actuators/lib/python3.12/site-packages/transformer_hw_actuators/__init__.py
[13.668s] -- Up-to-date: /home/atvpi/ros2_ws/install/transformer_hw_actuators/lib/python3.12/site-packages/transformer_hw_actuators/_transformer_hw_actuators_s.ep.rosidl_typesupport_fastrtps_c.c
[13.668s] -- Up-to-date: /home/atvpi/ros2_ws/install/transformer_hw_actuators/lib/python3.12/site-packages/transformer_hw_actuators/action
[13.669s] -- Up-to-date: /home/atvpi/ros2_ws/install/transformer_hw_actuators/lib/python3.12/site-packages/transformer_hw_actuators/action/_move_actuator.py
[13.669s] -- Up-to-date: /home/atvpi/ros2_ws/install/transformer_hw_actuators/lib/python3.12/site-packages/transformer_hw_actuators/action/_move_actuator_s.c
[13.669s] -- Up-to-date: /home/atvpi/ros2_ws/install/transformer_hw_actuators/lib/python3.12/site-packages/transformer_hw_actuators/action/__init__.py
[13.734s] Listing '/home/atvpi/ros2_ws/install/transformer_hw_actuators/lib/python3.12/site-packages/transformer_hw_actuators'...
[13.734s] Compiling '/home/atvpi/ros2_ws/install/transformer_hw_actuators/lib/python3.12/site-packages/transformer_hw_actuators/__init__.py'...
[13.734s] Listing '/home/atvpi/ros2_ws/install/transformer_hw_actuators/lib/python3.12/site-packages/transformer_hw_actuators/action'...
[13.756s] -- Up-to-date: /home/atvpi/ros2_ws/install/transformer_hw_actuators/lib/python3.12/site-packages/transformer_hw_actuators/transformer_hw_actuators_s__rosidl_typesupport_fastrtps_c.so
[13.757s] -- Up-to-date: /home/atvpi/ros2_ws/install/transformer_hw_actuators/lib/python3.12/site-packages/transformer_hw_actuators/transformer_hw_actuators_s__rosidl_typesupport_introspection_c.so
[13.757s] -- Up-to-date: /home/atvpi/ros2_ws/install/transformer_hw_actuators/lib/python3.12/site-packages/transformer_hw_actuators/transformer_hw_actuators_s__rosidl_typesupport_c.so
[13.758s] -- Up-to-date: /home/atvpi/ros2_ws/install/transformer_hw_actuators/lib/libtransformer_hw_actuators__rosidl_generator_py.so
[13.758s] -- Up-to-date: /home/atvpi/ros2_ws/install/transformer_hw_actuators/share/transformer_hw_actuators/action/MoveActuator.idl
[13.759s] -- Installing: /home/atvpi/ros2_ws/install/transformer_hw_actuators/share/transformer_hw_actuators/action/MoveActuator.action
[13.760s] -- Installing: /home/atvpi/ros2_ws/install/transformer_hw_actuators/lib/transformer_hw_actuators/actuator_node
[13.761s] -- Set non-toolchain portion of runtime path of "/home/atvpi/ros2_ws/install/transformer_hw_actuators/lib/transformer_hw_actuators/actuator_node" to ""
[13.762s] -- Up-to-date: /home/atvpi/ros2_ws/install/transformer_hw_actuators/include
[13.762s] -- Up-to-date: /home/atvpi/ros2_ws/install/transformer_hw_actuators/include/transformer_hw_actuators
[13.762s] -- Installing: /home/atvpi/ros2_ws/install/transformer_hw_actuators/include/transformer_hw_actuators/actuator_node.h
[13.762s] -- Up-to-date: /home/atvpi/ros2_ws/install/transformer_hw_actuators/share/transformer_hw_actuators//launch
[13.762s] -- Up-to-date: /home/atvpi/ros2_ws/install/transformer_hw_actuators/share/transformer_hw_actuators//launch/actuator.launch.py
[13.763s] -- Up-to-date: /home/atvpi/ros2_ws/install/transformer_hw_actuators/share/transformer_hw_actuators//config
[13.763s] -- Installing: /home/atvpi/ros2_ws/install/transformer_hw_actuators/share/transformer_hw_actuators//config/actuator.yaml
[13.763s] -- Up-to-date: /home/atvpi/ros2_ws/install/transformer_hw_actuators/share/ament_index/resource_index/package_run_dependencies/transformer_hw_actuators
[13.763s] -- Installing: /home/atvpi/ros2_ws/install/transformer_hw_actuators/share/ament_index/resource_index/parent_prefix_path/transformer_hw_actuators
[13.763s] -- Up-to-date: /home/atvpi/ros2_ws/install/transformer_hw_actuators/share/transformer_hw_actuators/environment/ament_prefix_path.sh
[13.763s] -- Up-to-date: /home/atvpi/ros2_ws/install/transformer_hw_actuators/share/transformer_hw_actuators/environment/ament_prefix_path.dsv
[13.763s] -- Up-to-date: /home/atvpi/ros2_ws/install/transformer_hw_actuators/share/transformer_hw_actuators/environment/path.sh
[13.763s] -- Up-to-date: /home/atvpi/ros2_ws/install/transformer_hw_actuators/share/transformer_hw_actuators/environment/path.dsv
[13.763s] -- Up-to-date: /home/atvpi/ros2_ws/install/transformer_hw_actuators/share/transformer_hw_actuators/local_setup.bash
[13.763s] -- Up-to-date: /home/atvpi/ros2_ws/install/transformer_hw_actuators/share/transformer_hw_actuators/local_setup.sh
[13.763s] -- Up-to-date: /home/atvpi/ros2_ws/install/transformer_hw_actuators/share/transformer_hw_actuators/local_setup.zsh
[13.763s] -- Up-to-date: /home/atvpi/ros2_ws/install/transformer_hw_actuators/share/transformer_hw_actuators/local_setup.dsv
[13.764s] -- Installing: /home/atvpi/ros2_ws/install/transformer_hw_actuators/share/transformer_hw_actuators/package.dsv
[13.764s] -- Up-to-date: /home/atvpi/ros2_ws/install/transformer_hw_actuators/share/ament_index/resource_index/packages/transformer_hw_actuators
[13.764s] -- Up-to-date: /home/atvpi/ros2_ws/install/transformer_hw_actuators/share/transformer_hw_actuators/cmake/export_transformer_hw_actuators__rosidl_generator_cExport.cmake
[13.764s] -- Up-to-date: /home/atvpi/ros2_ws/install/transformer_hw_actuators/share/transformer_hw_actuators/cmake/export_transformer_hw_actuators__rosidl_generator_cExport-noconfig.cmake
[13.765s] -- Up-to-date: /home/atvpi/ros2_ws/install/transformer_hw_actuators/share/transformer_hw_actuators/cmake/export_transformer_hw_actuators__rosidl_typesupport_fastrtps_cExport.cmake
[13.765s] -- Up-to-date: /home/atvpi/ros2_ws/install/transformer_hw_actuators/share/transformer_hw_actuators/cmake/export_transformer_hw_actuators__rosidl_typesupport_fastrtps_cExport-noconfig.cmake
[13.765s] -- Up-to-date: /home/atvpi/ros2_ws/install/transformer_hw_actuators/share/transformer_hw_actuators/cmake/export_transformer_hw_actuators__rosidl_generator_cppExport.cmake
[13.765s] -- Up-to-date: /home/atvpi/ros2_ws/install/transformer_hw_actuators/share/transformer_hw_actuators/cmake/export_transformer_hw_actuators__rosidl_typesupport_fastrtps_cppExport.cmake
[13.765s] -- Up-to-date: /home/atvpi/ros2_ws/install/transformer_hw_actuators/share/transformer_hw_actuators/cmake/export_transformer_hw_actuators__rosidl_typesupport_fastrtps_cppExport-noconfig.cmake
[13.765s] -- Up-to-date: /home/atvpi/ros2_ws/install/transformer_hw_actuators/share/transformer_hw_actuators/cmake/transformer_hw_actuators__rosidl_typesupport_introspection_cExport.cmake
[13.766s] -- Up-to-date: /home/atvpi/ros2_ws/install/transformer_hw_actuators/share/transformer_hw_actuators/cmake/transformer_hw_actuators__rosidl_typesupport_introspection_cExport-noconfig.cmake
[13.766s] -- Up-to-date: /home/atvpi/ros2_ws/install/transformer_hw_actuators/share/transformer_hw_actuators/cmake/transformer_hw_actuators__rosidl_typesupport_cExport.cmake
[13.766s] -- Up-to-date: /home/atvpi/ros2_ws/install/transformer_hw_actuators/share/transformer_hw_actuators/cmake/transformer_hw_actuators__rosidl_typesupport_cExport-noconfig.cmake
[13.766s] -- Up-to-date: /home/atvpi/ros2_ws/install/transformer_hw_actuators/share/transformer_hw_actuators/cmake/transformer_hw_actuators__rosidl_typesupport_introspection_cppExport.cmake
[13.766s] -- Up-to-date: /home/atvpi/ros2_ws/install/transformer_hw_actuators/share/transformer_hw_actuators/cmake/transformer_hw_actuators__rosidl_typesupport_introspection_cppExport-noconfig.cmake
[13.766s] -- Up-to-date: /home/atvpi/ros2_ws/install/transformer_hw_actuators/share/transformer_hw_actuators/cmake/transformer_hw_actuators__rosidl_typesupport_cppExport.cmake
[13.767s] -- Up-to-date: /home/atvpi/ros2_ws/install/transformer_hw_actuators/share/transformer_hw_actuators/cmake/transformer_hw_actuators__rosidl_typesupport_cppExport-noconfig.cmake
[13.767s] -- Up-to-date: /home/atvpi/ros2_ws/install/transformer_hw_actuators/share/transformer_hw_actuators/cmake/export_transformer_hw_actuators__rosidl_generator_pyExport.cmake
[13.767s] -- Up-to-date: /home/atvpi/ros2_ws/install/transformer_hw_actuators/share/transformer_hw_actuators/cmake/export_transformer_hw_actuators__rosidl_generator_pyExport-noconfig.cmake
[13.767s] -- Up-to-date: /home/atvpi/ros2_ws/install/transformer_hw_actuators/share/transformer_hw_actuators/cmake/rosidl_cmake-extras.cmake
[13.767s] -- Up-to-date: /home/atvpi/ros2_ws/install/transformer_hw_actuators/share/transformer_hw_actuators/cmake/ament_cmake_export_dependencies-extras.cmake
[13.767s] -- Up-to-date: /home/atvpi/ros2_ws/install/transformer_hw_actuators/share/transformer_hw_actuators/cmake/ament_cmake_export_include_directories-extras.cmake
[13.768s] -- Up-to-date: /home/atvpi/ros2_ws/install/transformer_hw_actuators/share/transformer_hw_actuators/cmake/ament_cmake_export_libraries-extras.cmake
[13.768s] -- Up-to-date: /home/atvpi/ros2_ws/install/transformer_hw_actuators/share/transformer_hw_actuators/cmake/ament_cmake_export_targets-extras.cmake
[13.768s] -- Up-to-date: /home/atvpi/ros2_ws/install/transformer_hw_actuators/share/transformer_hw_actuators/cmake/rosidl_cmake_export_typesupport_targets-extras.cmake
[13.768s] -- Up-to-date: /home/atvpi/ros2_ws/install/transformer_hw_actuators/share/transformer_hw_actuators/cmake/rosidl_cmake_export_typesupport_libraries-extras.cmake
[13.768s] -- Up-to-date: /home/atvpi/ros2_ws/install/transformer_hw_actuators/share/transformer_hw_actuators/cmake/transformer_hw_actuatorsConfig.cmake
[13.768s] -- Up-to-date: /home/atvpi/ros2_ws/install/transformer_hw_actuators/share/transformer_hw_actuators/cmake/transformer_hw_actuatorsConfig-version.cmake
[13.768s] -- Up-to-date: /home/atvpi/ros2_ws/install/transformer_hw_actuators/share/transformer_hw_actuators/package.xml
[13.770s] Invoked command in '/home/atvpi/ros2_ws/build/transformer_hw_actuators' returned '0': CMAKE_PREFIX_PATH=${CMAKE_PREFIX_PATH}:/opt/ros/jazzy /usr/bin/cmake --install /home/atvpi/ros2_ws/build/transformer_hw_actuators
