[0.019s] Invoking command in '/home/atvpi/ros2_ws/build/transformer_hw_actuators': CMAKE_PREFIX_PATH=${CMAKE_PREFIX_PATH}:/opt/ros/jazzy /usr/bin/cmake --build /home/atvpi/ros2_ws/build/transformer_hw_actuators -- -j4 -l4
[0.118s] [  2%] Built target transformer_hw_actuators__rosidl_generator_type_description
[0.147s] [  2%] Built target ament_cmake_python_copy_transformer_hw_actuators
[0.199s] [ 16%] Built target transformer_hw_actuators__rosidl_generator_c
[0.209s] [ 19%] Built target transformer_hw_actuators__cpp
[0.293s] [ 27%] Built target transformer_hw_actuators__rosidl_typesupport_c
[0.321s] [ 36%] Built target transformer_hw_actuators__rosidl_typesupport_introspection_c
[0.324s] [ 44%] Built target transformer_hw_actuators__rosidl_typesupport_fastrtps_c
[0.394s] [ 52%] Built target transformer_hw_actuators__rosidl_typesupport_introspection_cpp
[0.475s] [ 61%] Built target transformer_hw_actuators__rosidl_typesupport_cpp
[0.489s] [ 69%] Built target transformer_hw_actuators__rosidl_typesupport_fastrtps_cpp
[0.583s] [ 75%] Built target actuator_node
[0.623s] [ 75%] Built target transformer_hw_actuators
[0.712s] [ 77%] Built target transformer_hw_actuators__py
[0.818s] [ 83%] Built target transformer_hw_actuators__rosidl_generator_py
[0.956s] running egg_info
[0.960s] [ 88%] Built target transformer_hw_actuators_s__rosidl_typesupport_introspection_c
[1.013s] writing transformer_hw_actuators.egg-info/PKG-INFO
[1.013s] writing dependency_links to transformer_hw_actuators.egg-info/dependency_links.txt
[1.013s] [ 94%] Built target transformer_hw_actuators_s__rosidl_typesupport_fastrtps_c
[1.017s] writing top-level names to transformer_hw_actuators.egg-info/top_level.txt
[1.019s] [100%] Built target transformer_hw_actuators_s__rosidl_typesupport_c
[1.089s] reading manifest file 'transformer_hw_actuators.egg-info/SOURCES.txt'
[1.089s] writing manifest file 'transformer_hw_actuators.egg-info/SOURCES.txt'
[1.168s] [100%] Built target ament_cmake_python_build_transformer_hw_actuators_egg
[1.214s] Invoked command in '/home/atvpi/ros2_ws/build/transformer_hw_actuators' returned '0': CMAKE_PREFIX_PATH=${CMAKE_PREFIX_PATH}:/opt/ros/jazzy /usr/bin/cmake --build /home/atvpi/ros2_ws/build/transformer_hw_actuators -- -j4 -l4
[1.252s] Invoking command in '/home/atvpi/ros2_ws/build/transformer_hw_actuators': CMAKE_PREFIX_PATH=${CMAKE_PREFIX_PATH}:/opt/ros/jazzy /usr/bin/cmake --install /home/atvpi/ros2_ws/build/transformer_hw_actuators
[1.277s] -- Install configuration: ""
[1.279s] -- Up-to-date: /home/atvpi/ros2_ws/install/transformer_hw_actuators/share/ament_index/resource_index/rosidl_interfaces/transformer_hw_actuators
[1.282s] -- Up-to-date: /home/atvpi/ros2_ws/install/transformer_hw_actuators/share/transformer_hw_actuators/action/MoveActuator.json
[1.282s] -- Up-to-date: /home/atvpi/ros2_ws/install/transformer_hw_actuators/include/transformer_hw_actuators/transformer_hw_actuators
[1.282s] -- Up-to-date: /home/atvpi/ros2_ws/install/transformer_hw_actuators/include/transformer_hw_actuators/transformer_hw_actuators/msg
[1.282s] -- Up-to-date: /home/atvpi/ros2_ws/install/transformer_hw_actuators/include/transformer_hw_actuators/transformer_hw_actuators/msg/rosidl_generator_c__visibility_control.h
[1.282s] -- Up-to-date: /home/atvpi/ros2_ws/install/transformer_hw_actuators/include/transformer_hw_actuators/transformer_hw_actuators/action
[1.282s] -- Up-to-date: /home/atvpi/ros2_ws/install/transformer_hw_actuators/include/transformer_hw_actuators/transformer_hw_actuators/action/move_actuator.h
[1.282s] -- Up-to-date: /home/atvpi/ros2_ws/install/transformer_hw_actuators/include/transformer_hw_actuators/transformer_hw_actuators/action/detail
[1.282s] -- Installing: /home/atvpi/ros2_ws/install/transformer_hw_actuators/include/transformer_hw_actuators/transformer_hw_actuators/action/detail/move_actuator__type_support.c
[1.286s] -- Up-to-date: /home/atvpi/ros2_ws/install/transformer_hw_actuators/include/transformer_hw_actuators/transformer_hw_actuators/action/detail/move_actuator__struct.h
[1.286s] -- Up-to-date: /home/atvpi/ros2_ws/install/transformer_hw_actuators/include/transformer_hw_actuators/transformer_hw_actuators/action/detail/move_actuator__functions.h
[1.286s] -- Up-to-date: /home/atvpi/ros2_ws/install/transformer_hw_actuators/include/transformer_hw_actuators/transformer_hw_actuators/action/detail/move_actuator__type_support.h
[1.286s] -- Up-to-date: /home/atvpi/ros2_ws/install/transformer_hw_actuators/include/transformer_hw_actuators/transformer_hw_actuators/action/detail/move_actuator__functions.c
[1.286s] -- Up-to-date: /home/atvpi/ros2_ws/install/transformer_hw_actuators/include/transformer_hw_actuators/transformer_hw_actuators/action/detail/move_actuator__description.c
[1.287s] -- Up-to-date: /home/atvpi/ros2_ws/install/transformer_hw_actuators/share/transformer_hw_actuators/environment/library_path.sh
[1.287s] -- Up-to-date: /home/atvpi/ros2_ws/install/transformer_hw_actuators/share/transformer_hw_actuators/environment/library_path.dsv
[1.288s] -- Up-to-date: /home/atvpi/ros2_ws/install/transformer_hw_actuators/lib/libtransformer_hw_actuators__rosidl_generator_c.so
[1.289s] -- Up-to-date: /home/atvpi/ros2_ws/install/transformer_hw_actuators/include/transformer_hw_actuators/transformer_hw_actuators
[1.290s] -- Up-to-date: /home/atvpi/ros2_ws/install/transformer_hw_actuators/include/transformer_hw_actuators/transformer_hw_actuators/msg
[1.293s] -- Up-to-date: /home/atvpi/ros2_ws/install/transformer_hw_actuators/include/transformer_hw_actuators/transformer_hw_actuators/msg/rosidl_typesupport_fastrtps_c__visibility_control.h
[1.293s] -- Up-to-date: /home/atvpi/ros2_ws/install/transformer_hw_actuators/include/transformer_hw_actuators/transformer_hw_actuators/action
[1.293s] -- Up-to-date: /home/atvpi/ros2_ws/install/transformer_hw_actuators/include/transformer_hw_actuators/transformer_hw_actuators/action/detail
[1.295s] -- Up-to-date: /home/atvpi/ros2_ws/install/transformer_hw_actuators/include/transformer_hw_actuators/transformer_hw_actuators/action/detail/move_actuator__rosidl_typesupport_fastrtps_c.h
[1.295s] -- Up-to-date: /home/atvpi/ros2_ws/install/transformer_hw_actuators/lib/libtransformer_hw_actuators__rosidl_typesupport_fastrtps_c.so
[1.295s] -- Up-to-date: /home/atvpi/ros2_ws/install/transformer_hw_actuators/include/transformer_hw_actuators/transformer_hw_actuators
[1.295s] -- Up-to-date: /home/atvpi/ros2_ws/install/transformer_hw_actuators/include/transformer_hw_actuators/transformer_hw_actuators/msg
[1.296s] -- Up-to-date: /home/atvpi/ros2_ws/install/transformer_hw_actuators/include/transformer_hw_actuators/transformer_hw_actuators/msg/rosidl_generator_cpp__visibility_control.hpp
[1.296s] -- Up-to-date: /home/atvpi/ros2_ws/install/transformer_hw_actuators/include/transformer_hw_actuators/transformer_hw_actuators/action
[1.296s] -- Up-to-date: /home/atvpi/ros2_ws/install/transformer_hw_actuators/include/transformer_hw_actuators/transformer_hw_actuators/action/move_actuator.hpp
[1.296s] -- Up-to-date: /home/atvpi/ros2_ws/install/transformer_hw_actuators/include/transformer_hw_actuators/transformer_hw_actuators/action/detail
[1.296s] -- Up-to-date: /home/atvpi/ros2_ws/install/transformer_hw_actuators/include/transformer_hw_actuators/transformer_hw_actuators/action/detail/move_actuator__type_support.hpp
[1.296s] -- Up-to-date: /home/atvpi/ros2_ws/install/transformer_hw_actuators/include/transformer_hw_actuators/transformer_hw_actuators/action/detail/move_actuator__traits.hpp
[1.296s] -- Up-to-date: /home/atvpi/ros2_ws/install/transformer_hw_actuators/include/transformer_hw_actuators/transformer_hw_actuators/action/detail/move_actuator__builder.hpp
[1.296s] -- Up-to-date: /home/atvpi/ros2_ws/install/transformer_hw_actuators/include/transformer_hw_actuators/transformer_hw_actuators/action/detail/move_actuator__struct.hpp
[1.302s] -- Up-to-date: /home/atvpi/ros2_ws/install/transformer_hw_actuators/include/transformer_hw_actuators/transformer_hw_actuators
[1.303s] -- Up-to-date: /home/atvpi/ros2_ws/install/transformer_hw_actuators/include/transformer_hw_actuators/transformer_hw_actuators/msg
[1.303s] -- Up-to-date: /home/atvpi/ros2_ws/install/transformer_hw_actuators/include/transformer_hw_actuators/transformer_hw_actuators/msg/rosidl_typesupport_fastrtps_cpp__visibility_control.h
[1.303s] -- Up-to-date: /home/atvpi/ros2_ws/install/transformer_hw_actuators/include/transformer_hw_actuators/transformer_hw_actuators/action
[1.303s] -- Up-to-date: /home/atvpi/ros2_ws/install/transformer_hw_actuators/include/transformer_hw_actuators/transformer_hw_actuators/action/detail
[1.303s] -- Up-to-date: /home/atvpi/ros2_ws/install/transformer_hw_actuators/include/transformer_hw_actuators/transformer_hw_actuators/action/detail/dds_fastrtps
[1.305s] -- Up-to-date: /home/atvpi/ros2_ws/install/transformer_hw_actuators/include/transformer_hw_actuators/transformer_hw_actuators/action/detail/move_actuator__rosidl_typesupport_fastrtps_cpp.hpp
[1.305s] -- Up-to-date: /home/atvpi/ros2_ws/install/transformer_hw_actuators/lib/libtransformer_hw_actuators__rosidl_typesupport_fastrtps_cpp.so
[1.305s] -- Up-to-date: /home/atvpi/ros2_ws/install/transformer_hw_actuators/include/transformer_hw_actuators/transformer_hw_actuators
[1.305s] -- Up-to-date: /home/atvpi/ros2_ws/install/transformer_hw_actuators/include/transformer_hw_actuators/transformer_hw_actuators/msg
[1.305s] -- Up-to-date: /home/atvpi/ros2_ws/install/transformer_hw_actuators/include/transformer_hw_actuators/transformer_hw_actuators/msg/rosidl_typesupport_introspection_c__visibility_control.h
[1.309s] -- Up-to-date: /home/atvpi/ros2_ws/install/transformer_hw_actuators/include/transformer_hw_actuators/transformer_hw_actuators/action
[1.309s] -- Up-to-date: /home/atvpi/ros2_ws/install/transformer_hw_actuators/include/transformer_hw_actuators/transformer_hw_actuators/action/detail
[1.309s] -- Installing: /home/atvpi/ros2_ws/install/transformer_hw_actuators/include/transformer_hw_actuators/transformer_hw_actuators/action/detail/move_actuator__type_support.c
[1.309s] -- Up-to-date: /home/atvpi/ros2_ws/install/transformer_hw_actuators/include/transformer_hw_actuators/transformer_hw_actuators/action/detail/move_actuator__rosidl_typesupport_introspection_c.h
[1.309s] -- Up-to-date: /home/atvpi/ros2_ws/install/transformer_hw_actuators/lib/libtransformer_hw_actuators__rosidl_typesupport_introspection_c.so
[1.309s] -- Up-to-date: /home/atvpi/ros2_ws/install/transformer_hw_actuators/lib/libtransformer_hw_actuators__rosidl_typesupport_c.so
[1.314s] -- Up-to-date: /home/atvpi/ros2_ws/install/transformer_hw_actuators/include/transformer_hw_actuators/transformer_hw_actuators
[1.314s] -- Up-to-date: /home/atvpi/ros2_ws/install/transformer_hw_actuators/include/transformer_hw_actuators/transformer_hw_actuators/action
[1.314s] -- Up-to-date: /home/atvpi/ros2_ws/install/transformer_hw_actuators/include/transformer_hw_actuators/transformer_hw_actuators/action/detail
[1.314s] -- Up-to-date: /home/atvpi/ros2_ws/install/transformer_hw_actuators/include/transformer_hw_actuators/transformer_hw_actuators/action/detail/move_actuator__rosidl_typesupport_introspection_cpp.hpp
[1.314s] -- Up-to-date: /home/atvpi/ros2_ws/install/transformer_hw_actuators/include/transformer_hw_actuators/transformer_hw_actuators/action/detail/move_actuator__type_support.cpp
[1.314s] -- Up-to-date: /home/atvpi/ros2_ws/install/transformer_hw_actuators/lib/libtransformer_hw_actuators__rosidl_typesupport_introspection_cpp.so
[1.314s] -- Up-to-date: /home/atvpi/ros2_ws/install/transformer_hw_actuators/lib/libtransformer_hw_actuators__rosidl_typesupport_cpp.so
[1.315s] -- Up-to-date: /home/atvpi/ros2_ws/install/transformer_hw_actuators/share/transformer_hw_actuators/environment/pythonpath.sh
[1.315s] -- Up-to-date: /home/atvpi/ros2_ws/install/transformer_hw_actuators/share/transformer_hw_actuators/environment/pythonpath.dsv
[1.315s] -- Up-to-date: /home/atvpi/ros2_ws/install/transformer_hw_actuators/lib/python3.12/site-packages/transformer_hw_actuators-0.1.0-py3.12.egg-info
[1.315s] -- Installing: /home/atvpi/ros2_ws/install/transformer_hw_actuators/lib/python3.12/site-packages/transformer_hw_actuators-0.1.0-py3.12.egg-info/SOURCES.txt
[1.315s] -- Installing: /home/atvpi/ros2_ws/install/transformer_hw_actuators/lib/python3.12/site-packages/transformer_hw_actuators-0.1.0-py3.12.egg-info/top_level.txt
[1.315s] -- Installing: /home/atvpi/ros2_ws/install/transformer_hw_actuators/lib/python3.12/site-packages/transformer_hw_actuators-0.1.0-py3.12.egg-info/PKG-INFO
[1.315s] -- Installing: /home/atvpi/ros2_ws/install/transformer_hw_actuators/lib/python3.12/site-packages/transformer_hw_actuators-0.1.0-py3.12.egg-info/dependency_links.txt
[1.315s] -- Up-to-date: /home/atvpi/ros2_ws/install/transformer_hw_actuators/lib/python3.12/site-packages/transformer_hw_actuators
[1.315s] -- Up-to-date: /home/atvpi/ros2_ws/install/transformer_hw_actuators/lib/python3.12/site-packages/transformer_hw_actuators/_transformer_hw_actuators_s.ep.rosidl_typesupport_introspection_c.c
[1.316s] -- Up-to-date: /home/atvpi/ros2_ws/install/transformer_hw_actuators/lib/python3.12/site-packages/transformer_hw_actuators/transformer_hw_actuators_s__rosidl_typesupport_fastrtps_c.so
[1.316s] -- Up-to-date: /home/atvpi/ros2_ws/install/transformer_hw_actuators/lib/python3.12/site-packages/transformer_hw_actuators/transformer_hw_actuators_s__rosidl_typesupport_c.so
[1.321s] -- Up-to-date: /home/atvpi/ros2_ws/install/transformer_hw_actuators/lib/python3.12/site-packages/transformer_hw_actuators/_transformer_hw_actuators_s.ep.rosidl_typesupport_c.c
[1.323s] -- Up-to-date: /home/atvpi/ros2_ws/install/transformer_hw_actuators/lib/python3.12/site-packages/transformer_hw_actuators/transformer_hw_actuators_s__rosidl_typesupport_introspection_c.so
[1.323s] -- Up-to-date: /home/atvpi/ros2_ws/install/transformer_hw_actuators/lib/python3.12/site-packages/transformer_hw_actuators/__init__.py
[1.323s] -- Up-to-date: /home/atvpi/ros2_ws/install/transformer_hw_actuators/lib/python3.12/site-packages/transformer_hw_actuators/_transformer_hw_actuators_s.ep.rosidl_typesupport_fastrtps_c.c
[1.323s] -- Up-to-date: /home/atvpi/ros2_ws/install/transformer_hw_actuators/lib/python3.12/site-packages/transformer_hw_actuators/action
[1.323s] -- Up-to-date: /home/atvpi/ros2_ws/install/transformer_hw_actuators/lib/python3.12/site-packages/transformer_hw_actuators/action/_move_actuator.py
[1.324s] -- Up-to-date: /home/atvpi/ros2_ws/install/transformer_hw_actuators/lib/python3.12/site-packages/transformer_hw_actuators/action/_move_actuator_s.c
[1.324s] -- Up-to-date: /home/atvpi/ros2_ws/install/transformer_hw_actuators/lib/python3.12/site-packages/transformer_hw_actuators/action/__init__.py
[1.423s] Listing '/home/atvpi/ros2_ws/install/transformer_hw_actuators/lib/python3.12/site-packages/transformer_hw_actuators'...
[1.423s] Listing '/home/atvpi/ros2_ws/install/transformer_hw_actuators/lib/python3.12/site-packages/transformer_hw_actuators/action'...
[1.445s] -- Up-to-date: /home/atvpi/ros2_ws/install/transformer_hw_actuators/lib/python3.12/site-packages/transformer_hw_actuators/transformer_hw_actuators_s__rosidl_typesupport_fastrtps_c.so
[1.446s] -- Up-to-date: /home/atvpi/ros2_ws/install/transformer_hw_actuators/lib/python3.12/site-packages/transformer_hw_actuators/transformer_hw_actuators_s__rosidl_typesupport_introspection_c.so
[1.447s] -- Up-to-date: /home/atvpi/ros2_ws/install/transformer_hw_actuators/lib/python3.12/site-packages/transformer_hw_actuators/transformer_hw_actuators_s__rosidl_typesupport_c.so
[1.447s] -- Up-to-date: /home/atvpi/ros2_ws/install/transformer_hw_actuators/lib/libtransformer_hw_actuators__rosidl_generator_py.so
[1.447s] -- Up-to-date: /home/atvpi/ros2_ws/install/transformer_hw_actuators/share/transformer_hw_actuators/action/MoveActuator.idl
[1.447s] -- Up-to-date: /home/atvpi/ros2_ws/install/transformer_hw_actuators/share/transformer_hw_actuators/action/MoveActuator.action
[1.449s] -- Up-to-date: /home/atvpi/ros2_ws/install/transformer_hw_actuators/lib/transformer_hw_actuators/actuator_node
[1.449s] -- Up-to-date: /home/atvpi/ros2_ws/install/transformer_hw_actuators/include
[1.449s] -- Up-to-date: /home/atvpi/ros2_ws/install/transformer_hw_actuators/include/transformer_hw_actuators
[1.451s] -- Up-to-date: /home/atvpi/ros2_ws/install/transformer_hw_actuators/include/transformer_hw_actuators/actuator_node.h
[1.453s] -- Up-to-date: /home/atvpi/ros2_ws/install/transformer_hw_actuators/share/transformer_hw_actuators//launch
[1.455s] -- Up-to-date: /home/atvpi/ros2_ws/install/transformer_hw_actuators/share/transformer_hw_actuators//launch/actuator.launch.py
[1.455s] -- Up-to-date: /home/atvpi/ros2_ws/install/transformer_hw_actuators/share/transformer_hw_actuators//config
[1.455s] -- Up-to-date: /home/atvpi/ros2_ws/install/transformer_hw_actuators/share/transformer_hw_actuators//config/actuator.yaml
[1.455s] -- Up-to-date: /home/atvpi/ros2_ws/install/transformer_hw_actuators/share/ament_index/resource_index/package_run_dependencies/transformer_hw_actuators
[1.455s] -- Up-to-date: /home/atvpi/ros2_ws/install/transformer_hw_actuators/share/ament_index/resource_index/parent_prefix_path/transformer_hw_actuators
[1.455s] -- Up-to-date: /home/atvpi/ros2_ws/install/transformer_hw_actuators/share/transformer_hw_actuators/environment/ament_prefix_path.sh
[1.455s] -- Up-to-date: /home/atvpi/ros2_ws/install/transformer_hw_actuators/share/transformer_hw_actuators/environment/ament_prefix_path.dsv
[1.456s] -- Up-to-date: /home/atvpi/ros2_ws/install/transformer_hw_actuators/share/transformer_hw_actuators/environment/path.sh
[1.456s] -- Up-to-date: /home/atvpi/ros2_ws/install/transformer_hw_actuators/share/transformer_hw_actuators/environment/path.dsv
[1.456s] -- Up-to-date: /home/atvpi/ros2_ws/install/transformer_hw_actuators/share/transformer_hw_actuators/local_setup.bash
[1.456s] -- Up-to-date: /home/atvpi/ros2_ws/install/transformer_hw_actuators/share/transformer_hw_actuators/local_setup.sh
[1.457s] -- Up-to-date: /home/atvpi/ros2_ws/install/transformer_hw_actuators/share/transformer_hw_actuators/local_setup.zsh
[1.457s] -- Up-to-date: /home/atvpi/ros2_ws/install/transformer_hw_actuators/share/transformer_hw_actuators/local_setup.dsv
[1.460s] -- Installing: /home/atvpi/ros2_ws/install/transformer_hw_actuators/share/transformer_hw_actuators/package.dsv
[1.460s] -- Up-to-date: /home/atvpi/ros2_ws/install/transformer_hw_actuators/share/ament_index/resource_index/packages/transformer_hw_actuators
[1.460s] -- Up-to-date: /home/atvpi/ros2_ws/install/transformer_hw_actuators/share/transformer_hw_actuators/cmake/export_transformer_hw_actuators__rosidl_generator_cExport.cmake
[1.460s] -- Up-to-date: /home/atvpi/ros2_ws/install/transformer_hw_actuators/share/transformer_hw_actuators/cmake/export_transformer_hw_actuators__rosidl_generator_cExport-noconfig.cmake
[1.460s] -- Up-to-date: /home/atvpi/ros2_ws/install/transformer_hw_actuators/share/transformer_hw_actuators/cmake/export_transformer_hw_actuators__rosidl_typesupport_fastrtps_cExport.cmake
[1.460s] -- Up-to-date: /home/atvpi/ros2_ws/install/transformer_hw_actuators/share/transformer_hw_actuators/cmake/export_transformer_hw_actuators__rosidl_typesupport_fastrtps_cExport-noconfig.cmake
[1.460s] -- Up-to-date: /home/atvpi/ros2_ws/install/transformer_hw_actuators/share/transformer_hw_actuators/cmake/export_transformer_hw_actuators__rosidl_generator_cppExport.cmake
[1.461s] -- Up-to-date: /home/atvpi/ros2_ws/install/transformer_hw_actuators/share/transformer_hw_actuators/cmake/export_transformer_hw_actuators__rosidl_typesupport_fastrtps_cppExport.cmake
[1.462s] -- Up-to-date: /home/atvpi/ros2_ws/install/transformer_hw_actuators/share/transformer_hw_actuators/cmake/export_transformer_hw_actuators__rosidl_typesupport_fastrtps_cppExport-noconfig.cmake
[1.462s] -- Up-to-date: /home/atvpi/ros2_ws/install/transformer_hw_actuators/share/transformer_hw_actuators/cmake/transformer_hw_actuators__rosidl_typesupport_introspection_cExport.cmake
[1.462s] -- Up-to-date: /home/atvpi/ros2_ws/install/transformer_hw_actuators/share/transformer_hw_actuators/cmake/transformer_hw_actuators__rosidl_typesupport_introspection_cExport-noconfig.cmake
[1.462s] -- Up-to-date: /home/atvpi/ros2_ws/install/transformer_hw_actuators/share/transformer_hw_actuators/cmake/transformer_hw_actuators__rosidl_typesupport_cExport.cmake
[1.463s] -- Up-to-date: /home/atvpi/ros2_ws/install/transformer_hw_actuators/share/transformer_hw_actuators/cmake/transformer_hw_actuators__rosidl_typesupport_cExport-noconfig.cmake
[1.463s] -- Up-to-date: /home/atvpi/ros2_ws/install/transformer_hw_actuators/share/transformer_hw_actuators/cmake/transformer_hw_actuators__rosidl_typesupport_introspection_cppExport.cmake
[1.463s] -- Up-to-date: /home/atvpi/ros2_ws/install/transformer_hw_actuators/share/transformer_hw_actuators/cmake/transformer_hw_actuators__rosidl_typesupport_introspection_cppExport-noconfig.cmake
[1.463s] -- Up-to-date: /home/atvpi/ros2_ws/install/transformer_hw_actuators/share/transformer_hw_actuators/cmake/transformer_hw_actuators__rosidl_typesupport_cppExport.cmake
[1.463s] -- Up-to-date: /home/atvpi/ros2_ws/install/transformer_hw_actuators/share/transformer_hw_actuators/cmake/transformer_hw_actuators__rosidl_typesupport_cppExport-noconfig.cmake
[1.463s] -- Up-to-date: /home/atvpi/ros2_ws/install/transformer_hw_actuators/share/transformer_hw_actuators/cmake/export_transformer_hw_actuators__rosidl_generator_pyExport.cmake
[1.464s] -- Up-to-date: /home/atvpi/ros2_ws/install/transformer_hw_actuators/share/transformer_hw_actuators/cmake/export_transformer_hw_actuators__rosidl_generator_pyExport-noconfig.cmake
[1.464s] -- Up-to-date: /home/atvpi/ros2_ws/install/transformer_hw_actuators/share/transformer_hw_actuators/cmake/rosidl_cmake-extras.cmake
[1.464s] -- Up-to-date: /home/atvpi/ros2_ws/install/transformer_hw_actuators/share/transformer_hw_actuators/cmake/ament_cmake_export_dependencies-extras.cmake
[1.464s] -- Up-to-date: /home/atvpi/ros2_ws/install/transformer_hw_actuators/share/transformer_hw_actuators/cmake/ament_cmake_export_include_directories-extras.cmake
[1.464s] -- Up-to-date: /home/atvpi/ros2_ws/install/transformer_hw_actuators/share/transformer_hw_actuators/cmake/ament_cmake_export_libraries-extras.cmake
[1.464s] -- Up-to-date: /home/atvpi/ros2_ws/install/transformer_hw_actuators/share/transformer_hw_actuators/cmake/ament_cmake_export_targets-extras.cmake
[1.465s] -- Up-to-date: /home/atvpi/ros2_ws/install/transformer_hw_actuators/share/transformer_hw_actuators/cmake/rosidl_cmake_export_typesupport_targets-extras.cmake
[1.465s] -- Up-to-date: /home/atvpi/ros2_ws/install/transformer_hw_actuators/share/transformer_hw_actuators/cmake/rosidl_cmake_export_typesupport_libraries-extras.cmake
[1.465s] -- Up-to-date: /home/atvpi/ros2_ws/install/transformer_hw_actuators/share/transformer_hw_actuators/cmake/transformer_hw_actuatorsConfig.cmake
[1.465s] -- Up-to-date: /home/atvpi/ros2_ws/install/transformer_hw_actuators/share/transformer_hw_actuators/cmake/transformer_hw_actuatorsConfig-version.cmake
[1.465s] -- Up-to-date: /home/atvpi/ros2_ws/install/transformer_hw_actuators/share/transformer_hw_actuators/package.xml
[1.476s] Invoked command in '/home/atvpi/ros2_ws/build/transformer_hw_actuators' returned '0': CMAKE_PREFIX_PATH=${CMAKE_PREFIX_PATH}:/opt/ros/jazzy /usr/bin/cmake --install /home/atvpi/ros2_ws/build/transformer_hw_actuators
