[0.025s] Invoking command in '/home/atvpi/ros2_ws/build/wheeltec_n100_imu': CMAKE_PREFIX_PATH=/home/atvpi/ros2_ws/install/serial:/home/atvpi/ros2_ws/install/wheeltec_n100_imu:/home/atvpi/ros2_ws/install/transformer_msp_bridge:/home/atvpi/ros2_ws/install/transformer_bringup:/home/atvpi/ros2_ws/install/transformer_controller:/home/atvpi/ros2_ws/install/transformer_hw_servos:/home/atvpi/ros2_ws/install/transformer_hw_actuators:/opt/ros/jazzy /usr/bin/cmake --build /home/atvpi/ros2_ws/build/wheeltec_n100_imu -- -j4 -l4
[0.324s] [100%] Built target imu_node
[0.351s] Invoked command in '/home/atvpi/ros2_ws/build/wheeltec_n100_imu' returned '0': CMAKE_PREFIX_PATH=/home/atvpi/ros2_ws/install/serial:/home/atvpi/ros2_ws/install/wheeltec_n100_imu:/home/atvpi/ros2_ws/install/transformer_msp_bridge:/home/atvpi/ros2_ws/install/transformer_bringup:/home/atvpi/ros2_ws/install/transformer_controller:/home/atvpi/ros2_ws/install/transformer_hw_servos:/home/atvpi/ros2_ws/install/transformer_hw_actuators:/opt/ros/jazzy /usr/bin/cmake --build /home/atvpi/ros2_ws/build/wheeltec_n100_imu -- -j4 -l4
[0.355s] Invoking command in '/home/atvpi/ros2_ws/build/wheeltec_n100_imu': CMAKE_PREFIX_PATH=/home/atvpi/ros2_ws/install/serial:/home/atvpi/ros2_ws/install/wheeltec_n100_imu:/home/atvpi/ros2_ws/install/transformer_msp_bridge:/home/atvpi/ros2_ws/install/transformer_bringup:/home/atvpi/ros2_ws/install/transformer_controller:/home/atvpi/ros2_ws/install/transformer_hw_servos:/home/atvpi/ros2_ws/install/transformer_hw_actuators:/opt/ros/jazzy /usr/bin/cmake --install /home/atvpi/ros2_ws/build/wheeltec_n100_imu
[0.371s] -- Install configuration: ""
[0.372s] -- Up-to-date: /home/atvpi/ros2_ws/install/wheeltec_n100_imu/lib/wheeltec_n100_imu/imu_node
[0.373s] -- Up-to-date: /home/atvpi/ros2_ws/install/wheeltec_n100_imu/share/ament_index/resource_index/package_run_dependencies/wheeltec_n100_imu
[0.374s] -- Up-to-date: /home/atvpi/ros2_ws/install/wheeltec_n100_imu/share/ament_index/resource_index/parent_prefix_path/wheeltec_n100_imu
[0.374s] -- Up-to-date: /home/atvpi/ros2_ws/install/wheeltec_n100_imu/share/wheeltec_n100_imu/environment/ament_prefix_path.sh
[0.375s] -- Up-to-date: /home/atvpi/ros2_ws/install/wheeltec_n100_imu/share/wheeltec_n100_imu/environment/ament_prefix_path.dsv
[0.375s] -- Up-to-date: /home/atvpi/ros2_ws/install/wheeltec_n100_imu/share/wheeltec_n100_imu/environment/path.sh
[0.375s] -- Up-to-date: /home/atvpi/ros2_ws/install/wheeltec_n100_imu/share/wheeltec_n100_imu/environment/path.dsv
[0.375s] -- Up-to-date: /home/atvpi/ros2_ws/install/wheeltec_n100_imu/share/wheeltec_n100_imu/local_setup.bash
[0.376s] -- Up-to-date: /home/atvpi/ros2_ws/install/wheeltec_n100_imu/share/wheeltec_n100_imu/local_setup.sh
[0.376s] -- Up-to-date: /home/atvpi/ros2_ws/install/wheeltec_n100_imu/share/wheeltec_n100_imu/local_setup.zsh
[0.376s] -- Up-to-date: /home/atvpi/ros2_ws/install/wheeltec_n100_imu/share/wheeltec_n100_imu/local_setup.dsv
[0.376s] -- Installing: /home/atvpi/ros2_ws/install/wheeltec_n100_imu/share/wheeltec_n100_imu/package.dsv
[0.384s] -- Up-to-date: /home/atvpi/ros2_ws/install/wheeltec_n100_imu/share/ament_index/resource_index/packages/wheeltec_n100_imu
[0.385s] -- Up-to-date: /home/atvpi/ros2_ws/install/wheeltec_n100_imu/share/wheeltec_n100_imu/cmake/wheeltec_n100_imuConfig.cmake
[0.385s] -- Up-to-date: /home/atvpi/ros2_ws/install/wheeltec_n100_imu/share/wheeltec_n100_imu/cmake/wheeltec_n100_imuConfig-version.cmake
[0.386s] -- Up-to-date: /home/atvpi/ros2_ws/install/wheeltec_n100_imu/share/wheeltec_n100_imu/package.xml
[0.393s] Invoked command in '/home/atvpi/ros2_ws/build/wheeltec_n100_imu' returned '0': CMAKE_PREFIX_PATH=/home/atvpi/ros2_ws/install/serial:/home/atvpi/ros2_ws/install/wheeltec_n100_imu:/home/atvpi/ros2_ws/install/transformer_msp_bridge:/home/atvpi/ros2_ws/install/transformer_bringup:/home/atvpi/ros2_ws/install/transformer_controller:/home/atvpi/ros2_ws/install/transformer_hw_servos:/home/atvpi/ros2_ws/install/transformer_hw_actuators:/opt/ros/jazzy /usr/bin/cmake --install /home/atvpi/ros2_ws/build/wheeltec_n100_imu
