[0.023s] Invoking command in '/home/atvpi/ros2_ws/build/transformer_msp_bridge': CMAKE_PREFIX_PATH=${CMAKE_PREFIX_PATH}:/opt/ros/jazzy /usr/bin/cmake /home/atvpi/ros2_ws/src/transformer_msp_bridge -DCMAKE_BUILD_TYPE=RelWithDebInfo -DCMAKE_INSTALL_PREFIX=/home/atvpi/ros2_ws/install/transformer_msp_bridge
[0.082s] -- Found ament_cmake: 2.5.4 (/opt/ros/jazzy/share/ament_cmake/cmake)
[0.142s] -- Found Python3: /usr/bin/python3 (found version "3.12.3") found components: Interpreter 
[0.324s] -- Found rclcpp: 28.1.12 (/opt/ros/jazzy/share/rclcpp/cmake)
[0.401s] -- Found rosidl_generator_c: 4.6.6 (/opt/ros/jazzy/share/rosidl_generator_c/cmake)
[0.425s] -- Found rosidl_generator_cpp: 4.6.6 (/opt/ros/jazzy/share/rosidl_generator_cpp/cmake)
[0.458s] -- Using all available rosidl_typesupport_c: rosidl_typesupport_fastrtps_c;rosidl_typesupport_introspection_c
[0.491s] -- Using all available rosidl_typesupport_cpp: rosidl_typesupport_fastrtps_cpp;rosidl_typesupport_introspection_cpp
[0.636s] -- Found rmw_implementation_cmake: 7.3.2 (/opt/ros/jazzy/share/rmw_implementation_cmake/cmake)
[0.644s] -- Found rmw_fastrtps_cpp: 8.4.3 (/opt/ros/jazzy/share/rmw_fastrtps_cpp/cmake)
[0.781s] -- Using RMW implementation 'rmw_fastrtps_cpp' as default
[0.923s] -- Found std_msgs: 5.3.6 (/opt/ros/jazzy/share/std_msgs/cmake)
[0.956s] -- Found geometry_msgs: 5.3.6 (/opt/ros/jazzy/share/geometry_msgs/cmake)
[0.989s] -- Found sensor_msgs: 5.3.6 (/opt/ros/jazzy/share/sensor_msgs/cmake)
[1.037s] -- Found diagnostic_msgs: 5.3.6 (/opt/ros/jazzy/share/diagnostic_msgs/cmake)
[1.073s] -- Found rosidl_default_generators: 1.6.0 (/opt/ros/jazzy/share/rosidl_default_generators/cmake)
[1.098s] -- Found rosidl_adapter: 4.6.6 (/opt/ros/jazzy/share/rosidl_adapter/cmake)
[1.591s] -- Found ament_cmake_ros: 0.12.0 (/opt/ros/jazzy/share/ament_cmake_ros/cmake)
[1.971s] -- Using all available rosidl_typesupport_c: rosidl_typesupport_fastrtps_c;rosidl_typesupport_introspection_c
[2.113s] -- Using all available rosidl_typesupport_cpp: rosidl_typesupport_fastrtps_cpp;rosidl_typesupport_introspection_cpp
[2.118s] -- Found python_cmake_module: 0.11.1 (/opt/ros/jazzy/share/python_cmake_module/cmake)
[2.787s] -- Found Python3: /usr/bin/python3 (found version "3.12.3") found components: Interpreter Development NumPy Development.Module Development.Embed 
[2.841s] -- Found gtest sources under '/opt/ros/jazzy/src/gtest_vendor': C++ tests using 'Google Test' will be built
[2.947s] -- Configuring done (2.9s)
[3.548s] -- Generating done (0.5s)
[3.723s] -- Build files have been written to: /home/atvpi/ros2_ws/build/transformer_msp_bridge
[3.756s] Invoked command in '/home/atvpi/ros2_ws/build/transformer_msp_bridge' returned '0': CMAKE_PREFIX_PATH=${CMAKE_PREFIX_PATH}:/opt/ros/jazzy /usr/bin/cmake /home/atvpi/ros2_ws/src/transformer_msp_bridge -DCMAKE_BUILD_TYPE=RelWithDebInfo -DCMAKE_INSTALL_PREFIX=/home/atvpi/ros2_ws/install/transformer_msp_bridge
[3.759s] Invoking command in '/home/atvpi/ros2_ws/build/transformer_msp_bridge': CMAKE_PREFIX_PATH=${CMAKE_PREFIX_PATH}:/opt/ros/jazzy /usr/bin/cmake --build /home/atvpi/ros2_ws/build/transformer_msp_bridge -- -j4 -l4
[3.933s] [  1%] Built target transformer_msp_bridge__rosidl_generator_type_description
[3.949s] [  2%] [32mBuilding CXX object CMakeFiles/serial_port.dir/src/serial_port.cpp.o[0m
[3.975s] [  3%] [32mBuilding CXX object CMakeFiles/msp_protocol.dir/src/msp_parser.cpp.o[0m
[3.983s] [  3%] Built target ament_cmake_python_copy_transformer_msp_bridge
[4.050s] [  4%] [32mBuilding CXX object gtest/CMakeFiles/gtest_main.dir/src/gtest_main.cc.o[0m
[4.068s] [  5%] [32mBuilding CXX object gtest/CMakeFiles/gtest.dir/src/gtest-all.cc.o[0m
[5.232s] [  6%] [32m[1mLinking CXX shared library libserial_port.so[0m
[5.664s] [  7%] [32mBuilding CXX object CMakeFiles/msp_protocol.dir/src/msp_builders.cpp.o[0m
[5.720s] [  7%] Built target serial_port
[5.761s] [  8%] [32mBuilding CXX object CMakeFiles/msp_protocol.dir/src/crc.cpp.o[0m
[6.386s] [  9%] [32mBuilding CXX object CMakeFiles/msp_protocol.dir/src/msp_utils.cpp.o[0m
[6.837s] [ 10%] [32mBuilding CXX object CMakeFiles/msp_protocol.dir/src/registry_loader.cpp.o[0m
[7.037s] [ 11%] Built target transformer_msp_bridge__cpp
[7.135s] [ 12%] [32mBuilding C object CMakeFiles/transformer_msp_bridge__rosidl_generator_c.dir/rosidl_generator_c/transformer_msp_bridge/msg/detail/msp_inav_status__description.c.o[0m
[7.145s] [ 13%] [32m[1mLinking CXX static library libgtest_main.a[0m
[7.256s] [ 13%] Built target gtest_main
[7.276s] [ 14%] [32mBuilding C object CMakeFiles/transformer_msp_bridge__rosidl_generator_c.dir/rosidl_generator_c/transformer_msp_bridge/msg/detail/msp_inav_status__functions.c.o[0m
[7.456s] [ 15%] [32mBuilding CXX object CMakeFiles/msp_protocol.dir/src/msp_registry.cpp.o[0m
[7.596s] [ 16%] [32mBuilding C object CMakeFiles/transformer_msp_bridge__rosidl_generator_c.dir/rosidl_generator_c/transformer_msp_bridge/msg/detail/msp_inav_status__type_support.c.o[0m
[7.677s] [ 17%] [32m[1mLinking C shared library libtransformer_msp_bridge__rosidl_generator_c.so[0m
[7.775s] [ 18%] Built target transformer_msp_bridge__rosidl_generator_c
[8.305s] running egg_info
[8.351s] writing transformer_msp_bridge.egg-info/PKG-INFO
[8.354s] writing dependency_links to transformer_msp_bridge.egg-info/dependency_links.txt
[8.356s] writing top-level names to transformer_msp_bridge.egg-info/top_level.txt
[8.786s] reading manifest file 'transformer_msp_bridge.egg-info/SOURCES.txt'
[8.796s] writing manifest file 'transformer_msp_bridge.egg-info/SOURCES.txt'
[8.911s] [ 18%] Built target ament_cmake_python_build_transformer_msp_bridge_egg
[8.972s] [ 19%] [32mBuilding CXX object CMakeFiles/transformer_msp_bridge__rosidl_typesupport_cpp.dir/rosidl_typesupport_cpp/transformer_msp_bridge/msg/msp_inav_status__type_support.cpp.o[0m
[9.402s] [ 20%] [32mBuilding CXX object CMakeFiles/transformer_msp_bridge__rosidl_typesupport_fastrtps_c.dir/rosidl_typesupport_fastrtps_c/transformer_msp_bridge/msg/detail/msp_inav_status__type_support_c.cpp.o[0m
[9.770s] [ 21%] [32m[1mLinking CXX shared library libtransformer_msp_bridge__rosidl_typesupport_cpp.so[0m
[9.929s] [ 22%] Built target transformer_msp_bridge__rosidl_typesupport_cpp
[10.004s] [ 23%] [32mBuilding CXX object CMakeFiles/transformer_msp_bridge__rosidl_typesupport_fastrtps_cpp.dir/rosidl_typesupport_fastrtps_cpp/transformer_msp_bridge/msg/detail/dds_fastrtps/msp_inav_status__type_support.cpp.o[0m
[10.970s] [ 24%] [32m[1mLinking CXX shared library libtransformer_msp_bridge__rosidl_typesupport_fastrtps_c.so[0m
[11.135s] [ 25%] Built target transformer_msp_bridge__rosidl_typesupport_fastrtps_c
[11.188s] [ 26%] [32mBuilding C object CMakeFiles/transformer_msp_bridge__rosidl_typesupport_introspection_c.dir/rosidl_typesupport_introspection_c/transformer_msp_bridge/msg/detail/msp_inav_status__type_support.c.o[0m
[11.317s] [ 27%] [32m[1mLinking C shared library libtransformer_msp_bridge__rosidl_typesupport_introspection_c.so[0m
[11.402s] [ 28%] Built target transformer_msp_bridge__rosidl_typesupport_introspection_c
[11.455s] [ 29%] [32mBuilding CXX object CMakeFiles/transformer_msp_bridge__rosidl_typesupport_c.dir/rosidl_typesupport_c/transformer_msp_bridge/msg/msp_inav_status__type_support.cpp.o[0m
[11.572s] [ 30%] [32m[1mLinking CXX shared library libtransformer_msp_bridge__rosidl_typesupport_c.so[0m
[11.693s] [ 31%] Built target transformer_msp_bridge__rosidl_typesupport_c
[11.768s] [ 32%] [32mBuilding CXX object CMakeFiles/transformer_msp_bridge__rosidl_typesupport_introspection_cpp.dir/rosidl_typesupport_introspection_cpp/transformer_msp_bridge/msg/detail/msp_inav_status__type_support.cpp.o[0m
[11.833s] [ 33%] [32m[1mLinking CXX shared library libtransformer_msp_bridge__rosidl_typesupport_fastrtps_cpp.so[0m
[12.048s] [ 34%] Built target transformer_msp_bridge__rosidl_typesupport_fastrtps_cpp
[12.672s] [ 35%] [32m[1mLinking CXX shared library libtransformer_msp_bridge__rosidl_typesupport_introspection_cpp.so[0m
[12.883s] [ 36%] Built target transformer_msp_bridge__rosidl_typesupport_introspection_cpp
[12.937s] [ 36%] Built target transformer_msp_bridge
[12.986s] [ 37%] Built target transformer_msp_bridge__py
[13.038s] [ 38%] [32mBuilding C object CMakeFiles/transformer_msp_bridge__rosidl_generator_py.dir/rosidl_generator_py/transformer_msp_bridge/msg/_msp_inav_status_s.c.o[0m
[13.577s] [ 39%] [32m[1mLinking C shared library libtransformer_msp_bridge__rosidl_generator_py.so[0m
[13.689s] [ 39%] Built target transformer_msp_bridge__rosidl_generator_py
[13.750s] [ 40%] [32mBuilding C object CMakeFiles/transformer_msp_bridge_s__rosidl_typesupport_fastrtps_c.dir/rosidl_generator_py/transformer_msp_bridge/_transformer_msp_bridge_s.ep.rosidl_typesupport_fastrtps_c.c.o[0m
[13.753s] [ 41%] [32mBuilding C object CMakeFiles/transformer_msp_bridge_s__rosidl_typesupport_introspection_c.dir/rosidl_generator_py/transformer_msp_bridge/_transformer_msp_bridge_s.ep.rosidl_typesupport_introspection_c.c.o[0m
[14.045s] [ 42%] [32m[1mLinking C shared module rosidl_generator_py/transformer_msp_bridge/transformer_msp_bridge_s__rosidl_typesupport_fastrtps_c.so[0m
[14.081s] [ 43%] [32m[1mLinking C shared module rosidl_generator_py/transformer_msp_bridge/transformer_msp_bridge_s__rosidl_typesupport_introspection_c.so[0m
[14.118s] [ 43%] Built target transformer_msp_bridge_s__rosidl_typesupport_fastrtps_c
[14.169s] [ 43%] Built target transformer_msp_bridge_s__rosidl_typesupport_introspection_c
[14.173s] [ 44%] [32mBuilding C object CMakeFiles/transformer_msp_bridge_s__rosidl_typesupport_c.dir/rosidl_generator_py/transformer_msp_bridge/_transformer_msp_bridge_s.ep.rosidl_typesupport_c.c.o[0m
[14.461s] [ 45%] [32m[1mLinking C shared module rosidl_generator_py/transformer_msp_bridge/transformer_msp_bridge_s__rosidl_typesupport_c.so[0m
[14.527s] [ 45%] Built target transformer_msp_bridge_s__rosidl_typesupport_c
[16.696s] [ 46%] [32m[1mLinking CXX shared library libmsp_protocol.so[0m
[16.954s] [ 46%] Built target msp_protocol
[16.999s] [ 47%] [32mBuilding CXX object CMakeFiles/msp_probe.dir/src/msp_probe.cpp.o[0m
[17.080s] [ 49%] [32mBuilding CXX object CMakeFiles/transformer_msp_bridge_decoders.dir/src/decoders/system_decoder.cpp.o[0m
[17.083s] [ 49%] [32mBuilding CXX object CMakeFiles/transformer_msp_bridge_decoders.dir/src/decoders/battery_decoder.cpp.o[0m
[18.903s] [ 50%] [32m[1mLinking CXX executable msp_probe[0m
[19.150s] [ 50%] Built target msp_probe
[19.172s] [ 51%] [32mBuilding CXX object CMakeFiles/transformer_msp_bridge_decoders.dir/src/decoders/attitude_decoder.cpp.o[0m
[31.647s] [ 52%] [32mBuilding CXX object CMakeFiles/transformer_msp_bridge_decoders.dir/src/decoders/imu_decoder.cpp.o[0m
[33.023s] [ 53%] [32m[1mLinking CXX static library libgtest.a[0m
[33.296s] [ 54%] [32mBuilding CXX object CMakeFiles/transformer_msp_bridge_decoders.dir/src/decoders/gps_decoder.cpp.o[0m
[33.478s] [ 54%] Built target gtest
[33.510s] [ 55%] [32mBuilding CXX object CMakeFiles/transformer_msp_bridge_decoders.dir/src/decoders/rc_decoder.cpp.o[0m
[37.567s] [ 56%] [32mBuilding CXX object CMakeFiles/test_msp_parser.dir/test/test_msp_parser.cpp.o[0m
[44.049s] [ 57%] [32m[1mLinking CXX executable test_msp_parser[0m
[44.450s] [ 57%] Built target test_msp_parser
[44.515s] [ 58%] [32mBuilding CXX object CMakeFiles/test_msp_parser_fuzz.dir/test/test_msp_parser_fuzz.cpp.o[0m
[49.584s] [ 59%] [32m[1mLinking CXX executable test_msp_parser_fuzz[0m
[50.011s] [ 59%] Built target test_msp_parser_fuzz
[50.034s] [ 60%] [32mBuilding CXX object CMakeFiles/transformer_msp_bridge_decoders.dir/src/decoders/altitude_decoder.cpp.o[0m
[51.875s] [ 61%] [32mBuilding CXX object CMakeFiles/test_msp_parser_hardening.dir/test/test_msp_parser_hardening.cpp.o[0m
[54.627s] [ 62%] [32mBuilding CXX object CMakeFiles/transformer_msp_bridge_decoders.dir/src/decoders/inav_status_decoder.cpp.o[0m
[57.849s] [ 63%] [32m[1mLinking CXX executable test_msp_parser_hardening[0m
[58.280s] [ 63%] Built target test_msp_parser_hardening
[58.338s] [ 64%] [32mBuilding CXX object CMakeFiles/test_crc.dir/test/test_crc.cpp.o[0m
[61.933s] [ 65%] [32m[1mLinking CXX executable test_crc[0m
[62.344s] [ 65%] Built target test_crc
[62.406s] [ 66%] [32mBuilding CXX object CMakeFiles/test_msp_registry.dir/test/test_msp_registry.cpp.o[0m
[65.472s] [ 67%] [32mBuilding CXX object CMakeFiles/transformer_msp_bridge_decoders.dir/src/decoders/sensor_decoder.cpp.o[0m
[69.616s] [ 68%] [32m[1mLinking CXX executable test_msp_registry[0m
[70.116s] [ 68%] Built target test_msp_registry
[70.141s] [ 69%] [32mBuilding CXX object CMakeFiles/transformer_msp_bridge_decoders.dir/src/decoders/inav_generic_decoder.cpp.o[0m
[72.713s] [ 70%] [32mBuilding CXX object CMakeFiles/test_decoder_coverage.dir/test/test_decoder_coverage.cpp.o[0m
[73.894s] [ 71%] [32mBuilding CXX object CMakeFiles/transformer_msp_bridge_decoders.dir/src/decoders/servo_motor_decoder.cpp.o[0m
[82.622s] [ 72%] [32m[1mLinking CXX executable test_decoder_coverage[0m
[83.060s] [ 72%] Built target test_decoder_coverage
[83.271s] [ 73%] [32mBuilding CXX object CMakeFiles/test_msp_probe.dir/test/test_msp_probe.cpp.o[0m
[86.623s] [ 74%] [32m[1mLinking CXX executable test_msp_probe[0m
[86.987s] [ 74%] Built target test_msp_probe
[91.071s] [ 75%] [32m[1mLinking CXX shared library libtransformer_msp_bridge_decoders.so[0m
[91.956s] [ 75%] Built target transformer_msp_bridge_decoders
[92.024s] [ 76%] [32mBuilding CXX object CMakeFiles/transformer_msp_bridge_node.dir/src/transformer_msp_bridge_node.cpp.o[0m
[92.029s] [ 78%] [32mBuilding CXX object CMakeFiles/test_system_decoder.dir/test/test_system_decoder.cpp.o[0m
[92.031s] [ 78%] [32mBuilding CXX object CMakeFiles/test_attitude_decoder.dir/test/test_attitude_decoder.cpp.o[0m
[92.055s] [ 79%] [32mBuilding CXX object CMakeFiles/test_battery_decoder.dir/test/test_battery_decoder.cpp.o[0m
[126.567s] [ 80%] [32m[1mLinking CXX executable test_attitude_decoder[0m
[127.927s] [ 80%] Built target test_attitude_decoder
[128.017s] [ 81%] [32mBuilding CXX object CMakeFiles/test_imu_decoder.dir/test/test_imu_decoder.cpp.o[0m
[131.102s] [ 82%] [32m[1mLinking CXX executable test_battery_decoder[0m
[132.169s] [ 82%] Built target test_battery_decoder
[132.248s] [ 83%] [32mBuilding CXX object CMakeFiles/test_gps_decoder.dir/test/test_gps_decoder.cpp.o[0m
[133.467s] [ 84%] [32m[1mLinking CXX executable test_system_decoder[0m
[134.815s] [ 84%] Built target test_system_decoder
[148.362s] [ 85%] [32m[1mLinking CXX executable transformer_msp_bridge_node[0m
[149.353s] [ 85%] Built target transformer_msp_bridge_node
[158.427s] [ 86%] [32mBuilding CXX object CMakeFiles/test_altitude_decoder.dir/test/test_altitude_decoder.cpp.o[0m
[159.516s] [ 87%] [32mBuilding CXX object CMakeFiles/test_rc_decoder.dir/test/test_rc_decoder.cpp.o[0m
[170.186s] [ 88%] [32m[1mLinking CXX executable test_imu_decoder[0m
[171.540s] [ 88%] Built target test_imu_decoder
[171.618s] [ 89%] [32mBuilding CXX object CMakeFiles/test_inav_status_decoder.dir/test/test_inav_status_decoder.cpp.o[0m
[198.572s] [ 90%] [32m[1mLinking CXX executable test_gps_decoder[0m
[199.311s] [ 91%] [32m[1mLinking CXX executable test_rc_decoder[0m
[200.907s] [ 91%] Built target test_rc_decoder
[201.168s] [ 91%] Built target test_gps_decoder
[207.178s] [ 92%] [32m[1mLinking CXX executable test_altitude_decoder[0m
[208.199s] [ 92%] Built target test_altitude_decoder
[208.237s] [ 93%] [32mBuilding CXX object CMakeFiles/test_servo_motor_decoder.dir/test/test_servo_motor_decoder.cpp.o[0m
[208.270s] [ 94%] [32mBuilding CXX object CMakeFiles/test_sensor_decoder.dir/test/test_sensor_decoder.cpp.o[0m
[211.198s] [ 95%] [32m[1mLinking CXX executable test_inav_status_decoder[0m
[212.132s] [ 95%] Built target test_inav_status_decoder
[212.202s] [ 96%] [32mBuilding CXX object CMakeFiles/test_system_decoder_extended.dir/test/test_system_decoder_extended.cpp.o[0m
[240.257s] [ 97%] [32m[1mLinking CXX executable test_servo_motor_decoder[0m
[241.235s] [ 97%] Built target test_servo_motor_decoder
[248.209s] [ 98%] [32m[1mLinking CXX executable test_sensor_decoder[0m
[249.388s] [ 98%] Built target test_sensor_decoder
[254.730s] [100%] [32m[1mLinking CXX executable test_system_decoder_extended[0m
[255.711s] [100%] Built target test_system_decoder_extended
[255.736s] Invoked command in '/home/atvpi/ros2_ws/build/transformer_msp_bridge' returned '0': CMAKE_PREFIX_PATH=${CMAKE_PREFIX_PATH}:/opt/ros/jazzy /usr/bin/cmake --build /home/atvpi/ros2_ws/build/transformer_msp_bridge -- -j4 -l4
[255.757s] Invoking command in '/home/atvpi/ros2_ws/build/transformer_msp_bridge': CMAKE_PREFIX_PATH=${CMAKE_PREFIX_PATH}:/opt/ros/jazzy /usr/bin/cmake --install /home/atvpi/ros2_ws/build/transformer_msp_bridge
[255.774s] -- Install configuration: "RelWithDebInfo"
[255.774s] -- Up-to-date: /home/atvpi/ros2_ws/install/transformer_msp_bridge/share/ament_index/resource_index/rosidl_interfaces/transformer_msp_bridge
[255.774s] -- Up-to-date: /home/atvpi/ros2_ws/install/transformer_msp_bridge/share/transformer_msp_bridge/msg/MspInavStatus.json
[255.774s] -- Up-to-date: /home/atvpi/ros2_ws/install/transformer_msp_bridge/include/transformer_msp_bridge/transformer_msp_bridge
[255.774s] -- Up-to-date: /home/atvpi/ros2_ws/install/transformer_msp_bridge/include/transformer_msp_bridge/transformer_msp_bridge/msg
[255.774s] -- Up-to-date: /home/atvpi/ros2_ws/install/transformer_msp_bridge/include/transformer_msp_bridge/transformer_msp_bridge/msg/rosidl_generator_c__visibility_control.h
[255.775s] -- Up-to-date: /home/atvpi/ros2_ws/install/transformer_msp_bridge/include/transformer_msp_bridge/transformer_msp_bridge/msg/msp_inav_status.h
[255.775s] -- Up-to-date: /home/atvpi/ros2_ws/install/transformer_msp_bridge/include/transformer_msp_bridge/transformer_msp_bridge/msg/detail
[255.775s] -- Up-to-date: /home/atvpi/ros2_ws/install/transformer_msp_bridge/include/transformer_msp_bridge/transformer_msp_bridge/msg/detail/msp_inav_status__functions.c
[255.775s] -- Up-to-date: /home/atvpi/ros2_ws/install/transformer_msp_bridge/include/transformer_msp_bridge/transformer_msp_bridge/msg/detail/msp_inav_status__description.c
[255.775s] -- Up-to-date: /home/atvpi/ros2_ws/install/transformer_msp_bridge/include/transformer_msp_bridge/transformer_msp_bridge/msg/detail/msp_inav_status__type_support.h
[255.775s] -- Installing: /home/atvpi/ros2_ws/install/transformer_msp_bridge/include/transformer_msp_bridge/transformer_msp_bridge/msg/detail/msp_inav_status__type_support.c
[255.775s] -- Up-to-date: /home/atvpi/ros2_ws/install/transformer_msp_bridge/include/transformer_msp_bridge/transformer_msp_bridge/msg/detail/msp_inav_status__functions.h
[255.775s] -- Up-to-date: /home/atvpi/ros2_ws/install/transformer_msp_bridge/include/transformer_msp_bridge/transformer_msp_bridge/msg/detail/msp_inav_status__struct.h
[255.776s] -- Up-to-date: /home/atvpi/ros2_ws/install/transformer_msp_bridge/share/transformer_msp_bridge/environment/library_path.sh
[255.776s] -- Up-to-date: /home/atvpi/ros2_ws/install/transformer_msp_bridge/share/transformer_msp_bridge/environment/library_path.dsv
[255.776s] -- Installing: /home/atvpi/ros2_ws/install/transformer_msp_bridge/lib/libtransformer_msp_bridge__rosidl_generator_c.so
[255.776s] -- Set non-toolchain portion of runtime path of "/home/atvpi/ros2_ws/install/transformer_msp_bridge/lib/libtransformer_msp_bridge__rosidl_generator_c.so" to ""
[255.776s] -- Up-to-date: /home/atvpi/ros2_ws/install/transformer_msp_bridge/include/transformer_msp_bridge/transformer_msp_bridge
[255.777s] -- Up-to-date: /home/atvpi/ros2_ws/install/transformer_msp_bridge/include/transformer_msp_bridge/transformer_msp_bridge/msg
[255.777s] -- Up-to-date: /home/atvpi/ros2_ws/install/transformer_msp_bridge/include/transformer_msp_bridge/transformer_msp_bridge/msg/rosidl_typesupport_fastrtps_c__visibility_control.h
[255.777s] -- Up-to-date: /home/atvpi/ros2_ws/install/transformer_msp_bridge/include/transformer_msp_bridge/transformer_msp_bridge/msg/detail
[255.777s] -- Up-to-date: /home/atvpi/ros2_ws/install/transformer_msp_bridge/include/transformer_msp_bridge/transformer_msp_bridge/msg/detail/msp_inav_status__rosidl_typesupport_fastrtps_c.h
[255.778s] -- Installing: /home/atvpi/ros2_ws/install/transformer_msp_bridge/lib/libtransformer_msp_bridge__rosidl_typesupport_fastrtps_c.so
[255.782s] -- Set non-toolchain portion of runtime path of "/home/atvpi/ros2_ws/install/transformer_msp_bridge/lib/libtransformer_msp_bridge__rosidl_typesupport_fastrtps_c.so" to ""
[255.783s] -- Up-to-date: /home/atvpi/ros2_ws/install/transformer_msp_bridge/include/transformer_msp_bridge/transformer_msp_bridge
[255.783s] -- Up-to-date: /home/atvpi/ros2_ws/install/transformer_msp_bridge/include/transformer_msp_bridge/transformer_msp_bridge/msg
[255.783s] -- Up-to-date: /home/atvpi/ros2_ws/install/transformer_msp_bridge/include/transformer_msp_bridge/transformer_msp_bridge/msg/rosidl_generator_cpp__visibility_control.hpp
[255.783s] -- Up-to-date: /home/atvpi/ros2_ws/install/transformer_msp_bridge/include/transformer_msp_bridge/transformer_msp_bridge/msg/detail
[255.783s] -- Up-to-date: /home/atvpi/ros2_ws/install/transformer_msp_bridge/include/transformer_msp_bridge/transformer_msp_bridge/msg/detail/msp_inav_status__builder.hpp
[255.783s] -- Up-to-date: /home/atvpi/ros2_ws/install/transformer_msp_bridge/include/transformer_msp_bridge/transformer_msp_bridge/msg/detail/msp_inav_status__type_support.hpp
[255.783s] -- Up-to-date: /home/atvpi/ros2_ws/install/transformer_msp_bridge/include/transformer_msp_bridge/transformer_msp_bridge/msg/detail/msp_inav_status__traits.hpp
[255.783s] -- Up-to-date: /home/atvpi/ros2_ws/install/transformer_msp_bridge/include/transformer_msp_bridge/transformer_msp_bridge/msg/detail/msp_inav_status__struct.hpp
[255.784s] -- Up-to-date: /home/atvpi/ros2_ws/install/transformer_msp_bridge/include/transformer_msp_bridge/transformer_msp_bridge/msg/msp_inav_status.hpp
[255.784s] -- Up-to-date: /home/atvpi/ros2_ws/install/transformer_msp_bridge/include/transformer_msp_bridge/transformer_msp_bridge
[255.784s] -- Up-to-date: /home/atvpi/ros2_ws/install/transformer_msp_bridge/include/transformer_msp_bridge/transformer_msp_bridge/msg
[255.784s] -- Up-to-date: /home/atvpi/ros2_ws/install/transformer_msp_bridge/include/transformer_msp_bridge/transformer_msp_bridge/msg/rosidl_typesupport_fastrtps_cpp__visibility_control.h
[255.784s] -- Up-to-date: /home/atvpi/ros2_ws/install/transformer_msp_bridge/include/transformer_msp_bridge/transformer_msp_bridge/msg/detail
[255.784s] -- Up-to-date: /home/atvpi/ros2_ws/install/transformer_msp_bridge/include/transformer_msp_bridge/transformer_msp_bridge/msg/detail/msp_inav_status__rosidl_typesupport_fastrtps_cpp.hpp
[255.784s] -- Up-to-date: /home/atvpi/ros2_ws/install/transformer_msp_bridge/include/transformer_msp_bridge/transformer_msp_bridge/msg/detail/dds_fastrtps
[255.784s] -- Installing: /home/atvpi/ros2_ws/install/transformer_msp_bridge/lib/libtransformer_msp_bridge__rosidl_typesupport_fastrtps_cpp.so
[255.787s] -- Set non-toolchain portion of runtime path of "/home/atvpi/ros2_ws/install/transformer_msp_bridge/lib/libtransformer_msp_bridge__rosidl_typesupport_fastrtps_cpp.so" to ""
[255.788s] -- Up-to-date: /home/atvpi/ros2_ws/install/transformer_msp_bridge/include/transformer_msp_bridge/transformer_msp_bridge
[255.788s] -- Up-to-date: /home/atvpi/ros2_ws/install/transformer_msp_bridge/include/transformer_msp_bridge/transformer_msp_bridge/msg
[255.788s] -- Up-to-date: /home/atvpi/ros2_ws/install/transformer_msp_bridge/include/transformer_msp_bridge/transformer_msp_bridge/msg/detail
[255.788s] -- Installing: /home/atvpi/ros2_ws/install/transformer_msp_bridge/include/transformer_msp_bridge/transformer_msp_bridge/msg/detail/msp_inav_status__type_support.c
[255.789s] -- Up-to-date: /home/atvpi/ros2_ws/install/transformer_msp_bridge/include/transformer_msp_bridge/transformer_msp_bridge/msg/detail/msp_inav_status__rosidl_typesupport_introspection_c.h
[255.789s] -- Up-to-date: /home/atvpi/ros2_ws/install/transformer_msp_bridge/include/transformer_msp_bridge/transformer_msp_bridge/msg/rosidl_typesupport_introspection_c__visibility_control.h
[255.790s] -- Installing: /home/atvpi/ros2_ws/install/transformer_msp_bridge/lib/libtransformer_msp_bridge__rosidl_typesupport_introspection_c.so
[255.792s] -- Set non-toolchain portion of runtime path of "/home/atvpi/ros2_ws/install/transformer_msp_bridge/lib/libtransformer_msp_bridge__rosidl_typesupport_introspection_c.so" to ""
[255.793s] -- Installing: /home/atvpi/ros2_ws/install/transformer_msp_bridge/lib/libtransformer_msp_bridge__rosidl_typesupport_c.so
[255.794s] -- Set non-toolchain portion of runtime path of "/home/atvpi/ros2_ws/install/transformer_msp_bridge/lib/libtransformer_msp_bridge__rosidl_typesupport_c.so" to ""
[255.794s] -- Up-to-date: /home/atvpi/ros2_ws/install/transformer_msp_bridge/include/transformer_msp_bridge/transformer_msp_bridge
[255.794s] -- Up-to-date: /home/atvpi/ros2_ws/install/transformer_msp_bridge/include/transformer_msp_bridge/transformer_msp_bridge/msg
[255.794s] -- Up-to-date: /home/atvpi/ros2_ws/install/transformer_msp_bridge/include/transformer_msp_bridge/transformer_msp_bridge/msg/detail
[255.794s] -- Up-to-date: /home/atvpi/ros2_ws/install/transformer_msp_bridge/include/transformer_msp_bridge/transformer_msp_bridge/msg/detail/msp_inav_status__rosidl_typesupport_introspection_cpp.hpp
[255.795s] -- Up-to-date: /home/atvpi/ros2_ws/install/transformer_msp_bridge/include/transformer_msp_bridge/transformer_msp_bridge/msg/detail/msp_inav_status__type_support.cpp
[255.795s] -- Installing: /home/atvpi/ros2_ws/install/transformer_msp_bridge/lib/libtransformer_msp_bridge__rosidl_typesupport_introspection_cpp.so
[255.796s] -- Set non-toolchain portion of runtime path of "/home/atvpi/ros2_ws/install/transformer_msp_bridge/lib/libtransformer_msp_bridge__rosidl_typesupport_introspection_cpp.so" to ""
[255.797s] -- Installing: /home/atvpi/ros2_ws/install/transformer_msp_bridge/lib/libtransformer_msp_bridge__rosidl_typesupport_cpp.so
[255.798s] -- Set non-toolchain portion of runtime path of "/home/atvpi/ros2_ws/install/transformer_msp_bridge/lib/libtransformer_msp_bridge__rosidl_typesupport_cpp.so" to ""
[255.798s] -- Up-to-date: /home/atvpi/ros2_ws/install/transformer_msp_bridge/share/transformer_msp_bridge/environment/pythonpath.sh
[255.799s] -- Up-to-date: /home/atvpi/ros2_ws/install/transformer_msp_bridge/share/transformer_msp_bridge/environment/pythonpath.dsv
[255.799s] -- Up-to-date: /home/atvpi/ros2_ws/install/transformer_msp_bridge/lib/python3.12/site-packages/transformer_msp_bridge-0.0.1-py3.12.egg-info
[255.799s] -- Installing: /home/atvpi/ros2_ws/install/transformer_msp_bridge/lib/python3.12/site-packages/transformer_msp_bridge-0.0.1-py3.12.egg-info/SOURCES.txt
[255.799s] -- Installing: /home/atvpi/ros2_ws/install/transformer_msp_bridge/lib/python3.12/site-packages/transformer_msp_bridge-0.0.1-py3.12.egg-info/top_level.txt
[255.800s] -- Installing: /home/atvpi/ros2_ws/install/transformer_msp_bridge/lib/python3.12/site-packages/transformer_msp_bridge-0.0.1-py3.12.egg-info/PKG-INFO
[255.800s] -- Installing: /home/atvpi/ros2_ws/install/transformer_msp_bridge/lib/python3.12/site-packages/transformer_msp_bridge-0.0.1-py3.12.egg-info/dependency_links.txt
[255.801s] -- Up-to-date: /home/atvpi/ros2_ws/install/transformer_msp_bridge/lib/python3.12/site-packages/transformer_msp_bridge
[255.801s] -- Installing: /home/atvpi/ros2_ws/install/transformer_msp_bridge/lib/python3.12/site-packages/transformer_msp_bridge/transformer_msp_bridge_s__rosidl_typesupport_c.so
[255.803s] -- Installing: /home/atvpi/ros2_ws/install/transformer_msp_bridge/lib/python3.12/site-packages/transformer_msp_bridge/transformer_msp_bridge_s__rosidl_typesupport_fastrtps_c.so
[255.804s] -- Up-to-date: /home/atvpi/ros2_ws/install/transformer_msp_bridge/lib/python3.12/site-packages/transformer_msp_bridge/msg
[255.805s] -- Up-to-date: /home/atvpi/ros2_ws/install/transformer_msp_bridge/lib/python3.12/site-packages/transformer_msp_bridge/msg/__init__.py
[255.805s] -- Up-to-date: /home/atvpi/ros2_ws/install/transformer_msp_bridge/lib/python3.12/site-packages/transformer_msp_bridge/msg/_msp_inav_status_s.c
[255.805s] -- Up-to-date: /home/atvpi/ros2_ws/install/transformer_msp_bridge/lib/python3.12/site-packages/transformer_msp_bridge/msg/_msp_inav_status.py
[255.805s] -- Installing: /home/atvpi/ros2_ws/install/transformer_msp_bridge/lib/python3.12/site-packages/transformer_msp_bridge/transformer_msp_bridge_s__rosidl_typesupport_introspection_c.so
[255.805s] -- Up-to-date: /home/atvpi/ros2_ws/install/transformer_msp_bridge/lib/python3.12/site-packages/transformer_msp_bridge/_transformer_msp_bridge_s.ep.rosidl_typesupport_fastrtps_c.c
[255.806s] -- Up-to-date: /home/atvpi/ros2_ws/install/transformer_msp_bridge/lib/python3.12/site-packages/transformer_msp_bridge/_transformer_msp_bridge_s.ep.rosidl_typesupport_c.c
[255.806s] -- Up-to-date: /home/atvpi/ros2_ws/install/transformer_msp_bridge/lib/python3.12/site-packages/transformer_msp_bridge/_transformer_msp_bridge_s.ep.rosidl_typesupport_introspection_c.c
[255.806s] -- Installing: /home/atvpi/ros2_ws/install/transformer_msp_bridge/lib/python3.12/site-packages/transformer_msp_bridge/__init__.py
[255.893s] Listing '/home/atvpi/ros2_ws/install/transformer_msp_bridge/lib/python3.12/site-packages/transformer_msp_bridge'...
[255.894s] Compiling '/home/atvpi/ros2_ws/install/transformer_msp_bridge/lib/python3.12/site-packages/transformer_msp_bridge/__init__.py'...
[255.894s] Listing '/home/atvpi/ros2_ws/install/transformer_msp_bridge/lib/python3.12/site-packages/transformer_msp_bridge/msg'...
[255.907s] -- Installing: /home/atvpi/ros2_ws/install/transformer_msp_bridge/lib/python3.12/site-packages/transformer_msp_bridge/transformer_msp_bridge_s__rosidl_typesupport_fastrtps_c.so
[255.908s] -- Set non-toolchain portion of runtime path of "/home/atvpi/ros2_ws/install/transformer_msp_bridge/lib/python3.12/site-packages/transformer_msp_bridge/transformer_msp_bridge_s__rosidl_typesupport_fastrtps_c.so" to ""
[255.908s] -- Installing: /home/atvpi/ros2_ws/install/transformer_msp_bridge/lib/python3.12/site-packages/transformer_msp_bridge/transformer_msp_bridge_s__rosidl_typesupport_introspection_c.so
[255.909s] -- Set non-toolchain portion of runtime path of "/home/atvpi/ros2_ws/install/transformer_msp_bridge/lib/python3.12/site-packages/transformer_msp_bridge/transformer_msp_bridge_s__rosidl_typesupport_introspection_c.so" to ""
[255.910s] -- Installing: /home/atvpi/ros2_ws/install/transformer_msp_bridge/lib/python3.12/site-packages/transformer_msp_bridge/transformer_msp_bridge_s__rosidl_typesupport_c.so
[255.910s] -- Set non-toolchain portion of runtime path of "/home/atvpi/ros2_ws/install/transformer_msp_bridge/lib/python3.12/site-packages/transformer_msp_bridge/transformer_msp_bridge_s__rosidl_typesupport_c.so" to ""
[255.912s] -- Installing: /home/atvpi/ros2_ws/install/transformer_msp_bridge/lib/libtransformer_msp_bridge__rosidl_generator_py.so
[255.914s] -- Set non-toolchain portion of runtime path of "/home/atvpi/ros2_ws/install/transformer_msp_bridge/lib/libtransformer_msp_bridge__rosidl_generator_py.so" to ""
[255.914s] -- Up-to-date: /home/atvpi/ros2_ws/install/transformer_msp_bridge/share/transformer_msp_bridge/msg/MspInavStatus.idl
[255.914s] -- Up-to-date: /home/atvpi/ros2_ws/install/transformer_msp_bridge/share/transformer_msp_bridge/msg/MspInavStatus.msg
[255.914s] -- Installing: /home/atvpi/ros2_ws/install/transformer_msp_bridge/lib/libmsp_protocol.so
[255.945s] -- Set non-toolchain portion of runtime path of "/home/atvpi/ros2_ws/install/transformer_msp_bridge/lib/libmsp_protocol.so" to ""
[255.945s] -- Installing: /home/atvpi/ros2_ws/install/transformer_msp_bridge/lib/libserial_port.so
[255.948s] -- Installing: /home/atvpi/ros2_ws/install/transformer_msp_bridge/lib/libtransformer_msp_bridge_decoders.so
[256.287s] -- Set non-toolchain portion of runtime path of "/home/atvpi/ros2_ws/install/transformer_msp_bridge/lib/libtransformer_msp_bridge_decoders.so" to ""
[256.290s] -- Installing: /home/atvpi/ros2_ws/install/transformer_msp_bridge/lib/transformer_msp_bridge/transformer_msp_bridge_node
[256.344s] -- Set non-toolchain portion of runtime path of "/home/atvpi/ros2_ws/install/transformer_msp_bridge/lib/transformer_msp_bridge/transformer_msp_bridge_node" to ""
[256.348s] -- Installing: /home/atvpi/ros2_ws/install/transformer_msp_bridge/lib/transformer_msp_bridge/msp_probe
[256.353s] -- Set non-toolchain portion of runtime path of "/home/atvpi/ros2_ws/install/transformer_msp_bridge/lib/transformer_msp_bridge/msp_probe" to ""
[256.354s] -- Up-to-date: /home/atvpi/ros2_ws/install/transformer_msp_bridge/include/transformer_msp_bridge
[256.354s] -- Installing: /home/atvpi/ros2_ws/install/transformer_msp_bridge/include/transformer_msp_bridge/msp_parser.hpp
[256.354s] -- Installing: /home/atvpi/ros2_ws/install/transformer_msp_bridge/include/transformer_msp_bridge/crc.hpp
[256.354s] -- Installing: /home/atvpi/ros2_ws/install/transformer_msp_bridge/include/transformer_msp_bridge/msp_utils.hpp
[256.354s] -- Installing: /home/atvpi/ros2_ws/install/transformer_msp_bridge/include/transformer_msp_bridge/registry_loader.hpp
[256.355s] -- Installing: /home/atvpi/ros2_ws/install/transformer_msp_bridge/include/transformer_msp_bridge/msp_registry.hpp
[256.355s] -- Up-to-date: /home/atvpi/ros2_ws/install/transformer_msp_bridge/include/transformer_msp_bridge/decoders
[256.356s] -- Installing: /home/atvpi/ros2_ws/install/transformer_msp_bridge/include/transformer_msp_bridge/decoders/system_decoder.hpp
[256.356s] -- Installing: /home/atvpi/ros2_ws/install/transformer_msp_bridge/include/transformer_msp_bridge/decoders/altitude_decoder.hpp
[256.356s] -- Installing: /home/atvpi/ros2_ws/install/transformer_msp_bridge/include/transformer_msp_bridge/decoders/sensor_decoder.hpp
[256.357s] -- Installing: /home/atvpi/ros2_ws/install/transformer_msp_bridge/include/transformer_msp_bridge/decoders/battery_decoder.hpp
[256.357s] -- Installing: /home/atvpi/ros2_ws/install/transformer_msp_bridge/include/transformer_msp_bridge/decoders/imu_decoder.hpp
[256.357s] -- Installing: /home/atvpi/ros2_ws/install/transformer_msp_bridge/include/transformer_msp_bridge/decoders/rc_decoder.hpp
[256.357s] -- Installing: /home/atvpi/ros2_ws/install/transformer_msp_bridge/include/transformer_msp_bridge/decoders/gps_decoder.hpp
[256.357s] -- Installing: /home/atvpi/ros2_ws/install/transformer_msp_bridge/include/transformer_msp_bridge/decoders/inav_generic_decoder.hpp
[256.358s] -- Installing: /home/atvpi/ros2_ws/install/transformer_msp_bridge/include/transformer_msp_bridge/decoders/inav_status_decoder.hpp
[256.358s] -- Installing: /home/atvpi/ros2_ws/install/transformer_msp_bridge/include/transformer_msp_bridge/decoders/attitude_decoder.hpp
[256.358s] -- Installing: /home/atvpi/ros2_ws/install/transformer_msp_bridge/include/transformer_msp_bridge/decoders/servo_motor_decoder.hpp
[256.358s] -- Installing: /home/atvpi/ros2_ws/install/transformer_msp_bridge/include/transformer_msp_bridge/serial_port.hpp
[256.358s] -- Installing: /home/atvpi/ros2_ws/install/transformer_msp_bridge/include/transformer_msp_bridge/decoder_base.hpp
[256.358s] -- Installing: /home/atvpi/ros2_ws/install/transformer_msp_bridge/include/transformer_msp_bridge/decoder_registry.hpp
[256.361s] -- Installing: /home/atvpi/ros2_ws/install/transformer_msp_bridge/include/transformer_msp_bridge/msp_builders.hpp
[256.363s] -- Up-to-date: /home/atvpi/ros2_ws/install/transformer_msp_bridge/share/transformer_msp_bridge/msg
[256.364s] -- Up-to-date: /home/atvpi/ros2_ws/install/transformer_msp_bridge/share/transformer_msp_bridge/msg/MspInavStatus.msg
[256.365s] -- Up-to-date: /home/atvpi/ros2_ws/install/transformer_msp_bridge/share/transformer_msp_bridge/config
[256.366s] -- Up-to-date: /home/atvpi/ros2_ws/install/transformer_msp_bridge/share/transformer_msp_bridge/config/registry.yaml
[256.368s] -- Up-to-date: /home/atvpi/ros2_ws/install/transformer_msp_bridge/share/transformer_msp_bridge/config/msp_bridge.yaml
[256.368s] -- Up-to-date: /home/atvpi/ros2_ws/install/transformer_msp_bridge/share/ament_index/resource_index/package_run_dependencies/transformer_msp_bridge
[256.370s] -- Installing: /home/atvpi/ros2_ws/install/transformer_msp_bridge/share/ament_index/resource_index/parent_prefix_path/transformer_msp_bridge
[256.374s] -- Up-to-date: /home/atvpi/ros2_ws/install/transformer_msp_bridge/share/transformer_msp_bridge/environment/ament_prefix_path.sh
[256.374s] -- Up-to-date: /home/atvpi/ros2_ws/install/transformer_msp_bridge/share/transformer_msp_bridge/environment/ament_prefix_path.dsv
[256.374s] -- Up-to-date: /home/atvpi/ros2_ws/install/transformer_msp_bridge/share/transformer_msp_bridge/environment/path.sh
[256.374s] -- Up-to-date: /home/atvpi/ros2_ws/install/transformer_msp_bridge/share/transformer_msp_bridge/environment/path.dsv
[256.374s] -- Up-to-date: /home/atvpi/ros2_ws/install/transformer_msp_bridge/share/transformer_msp_bridge/local_setup.bash
[256.375s] -- Up-to-date: /home/atvpi/ros2_ws/install/transformer_msp_bridge/share/transformer_msp_bridge/local_setup.sh
[256.375s] -- Up-to-date: /home/atvpi/ros2_ws/install/transformer_msp_bridge/share/transformer_msp_bridge/local_setup.zsh
[256.375s] -- Up-to-date: /home/atvpi/ros2_ws/install/transformer_msp_bridge/share/transformer_msp_bridge/local_setup.dsv
[256.375s] -- Installing: /home/atvpi/ros2_ws/install/transformer_msp_bridge/share/transformer_msp_bridge/package.dsv
[256.375s] -- Up-to-date: /home/atvpi/ros2_ws/install/transformer_msp_bridge/share/ament_index/resource_index/packages/transformer_msp_bridge
[256.375s] -- Up-to-date: /home/atvpi/ros2_ws/install/transformer_msp_bridge/share/transformer_msp_bridge/cmake/export_transformer_msp_bridge__rosidl_generator_cExport.cmake
[256.375s] -- Installing: /home/atvpi/ros2_ws/install/transformer_msp_bridge/share/transformer_msp_bridge/cmake/export_transformer_msp_bridge__rosidl_generator_cExport-relwithdebinfo.cmake
[256.378s] -- Up-to-date: /home/atvpi/ros2_ws/install/transformer_msp_bridge/share/transformer_msp_bridge/cmake/export_transformer_msp_bridge__rosidl_typesupport_fastrtps_cExport.cmake
[256.378s] -- Installing: /home/atvpi/ros2_ws/install/transformer_msp_bridge/share/transformer_msp_bridge/cmake/export_transformer_msp_bridge__rosidl_typesupport_fastrtps_cExport-relwithdebinfo.cmake
[256.382s] -- Up-to-date: /home/atvpi/ros2_ws/install/transformer_msp_bridge/share/transformer_msp_bridge/cmake/export_transformer_msp_bridge__rosidl_generator_cppExport.cmake
[256.384s] -- Up-to-date: /home/atvpi/ros2_ws/install/transformer_msp_bridge/share/transformer_msp_bridge/cmake/export_transformer_msp_bridge__rosidl_typesupport_fastrtps_cppExport.cmake
[256.384s] -- Installing: /home/atvpi/ros2_ws/install/transformer_msp_bridge/share/transformer_msp_bridge/cmake/export_transformer_msp_bridge__rosidl_typesupport_fastrtps_cppExport-relwithdebinfo.cmake
[256.389s] -- Up-to-date: /home/atvpi/ros2_ws/install/transformer_msp_bridge/share/transformer_msp_bridge/cmake/transformer_msp_bridge__rosidl_typesupport_introspection_cExport.cmake
[256.390s] -- Installing: /home/atvpi/ros2_ws/install/transformer_msp_bridge/share/transformer_msp_bridge/cmake/transformer_msp_bridge__rosidl_typesupport_introspection_cExport-relwithdebinfo.cmake
[256.395s] -- Up-to-date: /home/atvpi/ros2_ws/install/transformer_msp_bridge/share/transformer_msp_bridge/cmake/transformer_msp_bridge__rosidl_typesupport_cExport.cmake
[256.396s] -- Installing: /home/atvpi/ros2_ws/install/transformer_msp_bridge/share/transformer_msp_bridge/cmake/transformer_msp_bridge__rosidl_typesupport_cExport-relwithdebinfo.cmake
[256.404s] -- Up-to-date: /home/atvpi/ros2_ws/install/transformer_msp_bridge/share/transformer_msp_bridge/cmake/transformer_msp_bridge__rosidl_typesupport_introspection_cppExport.cmake
[256.404s] -- Installing: /home/atvpi/ros2_ws/install/transformer_msp_bridge/share/transformer_msp_bridge/cmake/transformer_msp_bridge__rosidl_typesupport_introspection_cppExport-relwithdebinfo.cmake
[256.408s] -- Up-to-date: /home/atvpi/ros2_ws/install/transformer_msp_bridge/share/transformer_msp_bridge/cmake/transformer_msp_bridge__rosidl_typesupport_cppExport.cmake
[256.408s] -- Installing: /home/atvpi/ros2_ws/install/transformer_msp_bridge/share/transformer_msp_bridge/cmake/transformer_msp_bridge__rosidl_typesupport_cppExport-relwithdebinfo.cmake
[256.412s] -- Up-to-date: /home/atvpi/ros2_ws/install/transformer_msp_bridge/share/transformer_msp_bridge/cmake/export_transformer_msp_bridge__rosidl_generator_pyExport.cmake
[256.412s] -- Installing: /home/atvpi/ros2_ws/install/transformer_msp_bridge/share/transformer_msp_bridge/cmake/export_transformer_msp_bridge__rosidl_generator_pyExport-relwithdebinfo.cmake
[256.414s] -- Up-to-date: /home/atvpi/ros2_ws/install/transformer_msp_bridge/share/transformer_msp_bridge/cmake/rosidl_cmake-extras.cmake
[256.415s] -- Up-to-date: /home/atvpi/ros2_ws/install/transformer_msp_bridge/share/transformer_msp_bridge/cmake/ament_cmake_export_dependencies-extras.cmake
[256.416s] -- Up-to-date: /home/atvpi/ros2_ws/install/transformer_msp_bridge/share/transformer_msp_bridge/cmake/ament_cmake_export_include_directories-extras.cmake
[256.416s] -- Up-to-date: /home/atvpi/ros2_ws/install/transformer_msp_bridge/share/transformer_msp_bridge/cmake/ament_cmake_export_libraries-extras.cmake
[256.417s] -- Up-to-date: /home/atvpi/ros2_ws/install/transformer_msp_bridge/share/transformer_msp_bridge/cmake/ament_cmake_export_targets-extras.cmake
[256.418s] -- Up-to-date: /home/atvpi/ros2_ws/install/transformer_msp_bridge/share/transformer_msp_bridge/cmake/rosidl_cmake_export_typesupport_targets-extras.cmake
[256.418s] -- Up-to-date: /home/atvpi/ros2_ws/install/transformer_msp_bridge/share/transformer_msp_bridge/cmake/rosidl_cmake_export_typesupport_libraries-extras.cmake
[256.418s] -- Up-to-date: /home/atvpi/ros2_ws/install/transformer_msp_bridge/share/transformer_msp_bridge/cmake/transformer_msp_bridgeConfig.cmake
[256.418s] -- Up-to-date: /home/atvpi/ros2_ws/install/transformer_msp_bridge/share/transformer_msp_bridge/cmake/transformer_msp_bridgeConfig-version.cmake
[256.419s] -- Up-to-date: /home/atvpi/ros2_ws/install/transformer_msp_bridge/share/transformer_msp_bridge/package.xml
[256.426s] Invoked command in '/home/atvpi/ros2_ws/build/transformer_msp_bridge' returned '0': CMAKE_PREFIX_PATH=${CMAKE_PREFIX_PATH}:/opt/ros/jazzy /usr/bin/cmake --install /home/atvpi/ros2_ws/build/transformer_msp_bridge
