[1.407s] Invoking command in '/home/atvpi/ros2_ws/src/keyboard_joy': PYTHONPATH=/home/atvpi/ros2_ws/build/keyboard_joy/prefix_override:/usr/lib/python3/dist-packages/colcon_core/task/python/colcon_distutils_commands:/home/atvpi/ros2_ws/install/keyboard_joy/lib/python3.12/site-packages:${PYTHONPATH} /usr/bin/python3 -W ignore:setup.py install is deprecated -W ignore:easy_install command is deprecated setup.py egg_info --egg-base ../../build/keyboard_joy build --build-base /home/atvpi/ros2_ws/build/keyboard_joy/build install --record /home/atvpi/ros2_ws/build/keyboard_joy/install.log --single-version-externally-managed install_data
[1.739s] running egg_info
[1.739s] creating ../../build/keyboard_joy/keyboard_joy.egg-info
[1.760s] writing ../../build/keyboard_joy/keyboard_joy.egg-info/PKG-INFO
[1.760s] writing dependency_links to ../../build/keyboard_joy/keyboard_joy.egg-info/dependency_links.txt
[1.761s] writing entry points to ../../build/keyboard_joy/keyboard_joy.egg-info/entry_points.txt
[1.761s] writing requirements to ../../build/keyboard_joy/keyboard_joy.egg-info/requires.txt
[1.761s] writing top-level names to ../../build/keyboard_joy/keyboard_joy.egg-info/top_level.txt
[1.761s] writing manifest file '../../build/keyboard_joy/keyboard_joy.egg-info/SOURCES.txt'
[1.804s] reading manifest file '../../build/keyboard_joy/keyboard_joy.egg-info/SOURCES.txt'
[1.805s] writing manifest file '../../build/keyboard_joy/keyboard_joy.egg-info/SOURCES.txt'
[1.805s] running build
[1.805s] running build_py
[1.805s] creating /home/atvpi/ros2_ws/build/keyboard_joy/build
[1.806s] creating /home/atvpi/ros2_ws/build/keyboard_joy/build/lib
[1.806s] creating /home/atvpi/ros2_ws/build/keyboard_joy/build/lib/keyboard_joy
[1.806s] copying keyboard_joy/joy_node.py -> /home/atvpi/ros2_ws/build/keyboard_joy/build/lib/keyboard_joy
[1.806s] copying keyboard_joy/__init__.py -> /home/atvpi/ros2_ws/build/keyboard_joy/build/lib/keyboard_joy
[1.806s] running install
[1.816s] running install_lib
[1.838s] creating /home/atvpi/ros2_ws/install/keyboard_joy/lib/python3.12/site-packages/keyboard_joy
[1.838s] copying /home/atvpi/ros2_ws/build/keyboard_joy/build/lib/keyboard_joy/joy_node.py -> /home/atvpi/ros2_ws/install/keyboard_joy/lib/python3.12/site-packages/keyboard_joy
[1.838s] copying /home/atvpi/ros2_ws/build/keyboard_joy/build/lib/keyboard_joy/__init__.py -> /home/atvpi/ros2_ws/install/keyboard_joy/lib/python3.12/site-packages/keyboard_joy
[1.839s] byte-compiling /home/atvpi/ros2_ws/install/keyboard_joy/lib/python3.12/site-packages/keyboard_joy/joy_node.py to joy_node.cpython-312.pyc
[1.841s] byte-compiling /home/atvpi/ros2_ws/install/keyboard_joy/lib/python3.12/site-packages/keyboard_joy/__init__.py to __init__.cpython-312.pyc
[1.841s] running install_data
[1.842s] creating /home/atvpi/ros2_ws/install/keyboard_joy/share/ament_index
[1.842s] creating /home/atvpi/ros2_ws/install/keyboard_joy/share/ament_index/resource_index
[1.842s] creating /home/atvpi/ros2_ws/install/keyboard_joy/share/ament_index/resource_index/packages
[1.842s] copying resource/keyboard_joy -> /home/atvpi/ros2_ws/install/keyboard_joy/share/ament_index/resource_index/packages
[1.842s] copying package.xml -> /home/atvpi/ros2_ws/install/keyboard_joy/share/keyboard_joy
[1.842s] creating /home/atvpi/ros2_ws/install/keyboard_joy/share/keyboard_joy/config
[1.843s] copying config/key_mappings.yaml -> /home/atvpi/ros2_ws/install/keyboard_joy/share/keyboard_joy/config
[1.843s] creating /home/atvpi/ros2_ws/install/keyboard_joy/share/keyboard_joy/launch
[1.843s] copying launch/keyboard_joy.launch.py -> /home/atvpi/ros2_ws/install/keyboard_joy/share/keyboard_joy/launch
[1.843s] running install_egg_info
[1.866s] Copying ../../build/keyboard_joy/keyboard_joy.egg-info to /home/atvpi/ros2_ws/install/keyboard_joy/lib/python3.12/site-packages/keyboard_joy-0.0.1-py3.12.egg-info
[1.867s] running install_scripts
[2.037s] Installing joy_node script to /home/atvpi/ros2_ws/install/keyboard_joy/lib/keyboard_joy
[2.037s] writing list of installed files to '/home/atvpi/ros2_ws/build/keyboard_joy/install.log'
[2.119s] Invoked command in '/home/atvpi/ros2_ws/src/keyboard_joy' returned '0': PYTHONPATH=/home/atvpi/ros2_ws/build/keyboard_joy/prefix_override:/usr/lib/python3/dist-packages/colcon_core/task/python/colcon_distutils_commands:/home/atvpi/ros2_ws/install/keyboard_joy/lib/python3.12/site-packages:${PYTHONPATH} /usr/bin/python3 -W ignore:setup.py install is deprecated -W ignore:easy_install command is deprecated setup.py egg_info --egg-base ../../build/keyboard_joy build --build-base /home/atvpi/ros2_ws/build/keyboard_joy/build install --record /home/atvpi/ros2_ws/build/keyboard_joy/install.log --single-version-externally-managed install_data
