[0.017s] Invoking command in '/home/atvpi/ros2_ws/build/transformer_msp_bridge': CMAKE_PREFIX_PATH=${CMAKE_PREFIX_PATH}:/opt/ros/jazzy /usr/bin/cmake --build /home/atvpi/ros2_ws/build/transformer_msp_bridge -- -j4 -l4
[0.101s] -- Found ament_cmake: 2.5.4 (/opt/ros/jazzy/share/ament_cmake/cmake)
[0.157s] -- Found Python3: /usr/bin/python3 (found version "3.12.3") found components: Interpreter 
[0.329s] -- Found rclcpp: 28.1.12 (/opt/ros/jazzy/share/rclcpp/cmake)
[0.399s] -- Found rosidl_generator_c: 4.6.6 (/opt/ros/jazzy/share/rosidl_generator_c/cmake)
[0.421s] -- Found rosidl_generator_cpp: 4.6.6 (/opt/ros/jazzy/share/rosidl_generator_cpp/cmake)
[0.451s] -- Using all available rosidl_typesupport_c: rosidl_typesupport_fastrtps_c;rosidl_typesupport_introspection_c
[0.483s] -- Using all available rosidl_typesupport_cpp: rosidl_typesupport_fastrtps_cpp;rosidl_typesupport_introspection_cpp
[0.616s] -- Found rmw_implementation_cmake: 7.3.2 (/opt/ros/jazzy/share/rmw_implementation_cmake/cmake)
[0.622s] -- Found rmw_fastrtps_cpp: 8.4.3 (/opt/ros/jazzy/share/rmw_fastrtps_cpp/cmake)
[0.752s] -- Using RMW implementation 'rmw_fastrtps_cpp' as default
[0.878s] -- Found std_msgs: 5.3.6 (/opt/ros/jazzy/share/std_msgs/cmake)
[0.908s] -- Found geometry_msgs: 5.3.6 (/opt/ros/jazzy/share/geometry_msgs/cmake)
[0.942s] -- Found sensor_msgs: 5.3.6 (/opt/ros/jazzy/share/sensor_msgs/cmake)
[0.986s] -- Found diagnostic_msgs: 5.3.6 (/opt/ros/jazzy/share/diagnostic_msgs/cmake)
[1.022s] -- Found rosidl_default_generators: 1.6.0 (/opt/ros/jazzy/share/rosidl_default_generators/cmake)
[1.043s] -- Found rosidl_adapter: 4.6.6 (/opt/ros/jazzy/share/rosidl_adapter/cmake)
[1.520s] -- Found ament_cmake_ros: 0.12.0 (/opt/ros/jazzy/share/ament_cmake_ros/cmake)
[1.882s] -- Using all available rosidl_typesupport_c: rosidl_typesupport_fastrtps_c;rosidl_typesupport_introspection_c
[2.018s] -- Using all available rosidl_typesupport_cpp: rosidl_typesupport_fastrtps_cpp;rosidl_typesupport_introspection_cpp
[2.021s] -- Found python_cmake_module: 0.11.1 (/opt/ros/jazzy/share/python_cmake_module/cmake)
[2.477s] -- Found Python3: /usr/bin/python3 (found version "3.12.3") found components: Interpreter Development NumPy Development.Module Development.Embed 
[2.528s] -- Found gtest sources under '/opt/ros/jazzy/src/gtest_vendor': C++ tests using 'Google Test' will be built
[2.625s] -- Configuring done (2.6s)
[3.110s] -- Generating done (0.4s)
[3.247s] -- Build files have been written to: /home/atvpi/ros2_ws/build/transformer_msp_bridge
[3.351s] [  2%] Built target transformer_msp_bridge__rosidl_generator_type_description
[3.352s] [  3%] Built target serial_port
[3.365s] [  4%] [32mBuilding CXX object CMakeFiles/msp_protocol.dir/src/msp_parser.cpp.o[0m
[3.369s] [  5%] [32mBuilding CXX object CMakeFiles/msp_protocol.dir/src/msp_builders.cpp.o[0m
[3.378s] [  5%] Built target ament_cmake_python_copy_transformer_msp_bridge
[3.411s] [  7%] Built target gtest_main
[3.458s] [  8%] [32mBuilding CXX object CMakeFiles/msp_protocol.dir/src/crc.cpp.o[0m
[3.469s] [ 10%] Built target gtest
[3.531s] [ 11%] Built target transformer_msp_bridge__cpp
[3.587s] [ 16%] Built target transformer_msp_bridge__rosidl_generator_c
[3.615s] [ 17%] [32mBuilding CXX object CMakeFiles/msp_protocol.dir/src/msp_utils.cpp.o[0m
[4.147s] [ 18%] [32mBuilding CXX object CMakeFiles/msp_protocol.dir/src/registry_loader.cpp.o[0m
[4.177s] [ 19%] [32mBuilding CXX object CMakeFiles/msp_protocol.dir/src/msp_registry.cpp.o[0m
[4.444s] [ 20%] [32mBuilding CXX object CMakeFiles/test_decoder_coverage.dir/test/test_decoder_coverage.cpp.o[0m
[4.914s] running egg_info
[4.961s] writing transformer_msp_bridge.egg-info/PKG-INFO
[4.962s] writing dependency_links to transformer_msp_bridge.egg-info/dependency_links.txt
[4.966s] writing top-level names to transformer_msp_bridge.egg-info/top_level.txt
[5.237s] reading manifest file 'transformer_msp_bridge.egg-info/SOURCES.txt'
[5.239s] writing manifest file 'transformer_msp_bridge.egg-info/SOURCES.txt'
[5.353s] [ 20%] Built target ament_cmake_python_build_transformer_msp_bridge_egg
[5.435s] [ 23%] Built target transformer_msp_bridge__rosidl_typesupport_cpp
[5.500s] [ 26%] Built target transformer_msp_bridge__rosidl_typesupport_fastrtps_c
[5.597s] [ 29%] Built target transformer_msp_bridge__rosidl_typesupport_fastrtps_cpp
[5.655s] [ 32%] Built target transformer_msp_bridge__rosidl_typesupport_c
[5.669s] [ 35%] Built target transformer_msp_bridge__rosidl_typesupport_introspection_c
[5.713s] [ 38%] Built target transformer_msp_bridge__rosidl_typesupport_introspection_cpp
[5.759s] [ 38%] Built target transformer_msp_bridge
[5.803s] [ 39%] Built target transformer_msp_bridge__py
[5.868s] [ 41%] Built target transformer_msp_bridge__rosidl_generator_py
[5.926s] [ 43%] Built target transformer_msp_bridge_s__rosidl_typesupport_fastrtps_c
[5.967s] [ 45%] Built target transformer_msp_bridge_s__rosidl_typesupport_introspection_c
[6.000s] [ 47%] Built target transformer_msp_bridge_s__rosidl_typesupport_c
[7.621s] [ 48%] [32m[1mLinking CXX shared library libmsp_protocol.so[0m
[7.929s] [ 49%] [32m[1mLinking CXX executable test_decoder_coverage[0m
[7.948s] [ 49%] Built target msp_protocol
[8.001s] [ 51%] [32mBuilding CXX object CMakeFiles/msp_probe.dir/src/msp_probe.cpp.o[0m
[8.001s] [ 51%] [32mBuilding CXX object CMakeFiles/test_msp_parser.dir/test/test_msp_parser.cpp.o[0m
[8.212s] [ 52%] [32mBuilding CXX object CMakeFiles/transformer_msp_bridge_decoders.dir/src/decoders/battery_decoder.cpp.o[0m
[8.428s] [ 52%] Built target test_decoder_coverage
[8.451s] [ 53%] [32mBuilding CXX object CMakeFiles/transformer_msp_bridge_decoders.dir/src/decoders/system_decoder.cpp.o[0m
[9.407s] [ 54%] [32m[1mLinking CXX executable msp_probe[0m
[9.668s] [ 54%] Built target msp_probe
[9.734s] [ 55%] [32mBuilding CXX object CMakeFiles/test_msp_parser_fuzz.dir/test/test_msp_parser_fuzz.cpp.o[0m
[10.841s] [ 56%] [32m[1mLinking CXX executable test_msp_parser[0m
[11.353s] [ 56%] Built target test_msp_parser
[11.408s] [ 57%] [32mBuilding CXX object CMakeFiles/test_msp_parser_hardening.dir/test/test_msp_parser_hardening.cpp.o[0m
[12.742s] [ 58%] [32m[1mLinking CXX executable test_msp_parser_fuzz[0m
[13.244s] [ 58%] Built target test_msp_parser_fuzz
[13.301s] [ 59%] [32mBuilding CXX object CMakeFiles/test_crc.dir/test/test_crc.cpp.o[0m
[14.226s] [ 60%] [32m[1mLinking CXX executable test_msp_parser_hardening[0m
[14.725s] [ 60%] Built target test_msp_parser_hardening
[14.780s] [ 61%] [32mBuilding CXX object CMakeFiles/test_msp_registry.dir/test/test_msp_registry.cpp.o[0m
[15.775s] [ 62%] [32m[1mLinking CXX executable test_crc[0m
[16.268s] [ 62%] Built target test_crc
[16.326s] [ 63%] [32mBuilding CXX object CMakeFiles/test_msp_probe.dir/test/test_msp_probe.cpp.o[0m
[16.769s] [ 64%] [32mBuilding CXX object CMakeFiles/transformer_msp_bridge_decoders.dir/src/decoders/attitude_decoder.cpp.o[0m
[17.984s] [ 65%] [32m[1mLinking CXX executable test_msp_registry[0m
[18.495s] [ 66%] [32mBuilding CXX object CMakeFiles/transformer_msp_bridge_decoders.dir/src/decoders/imu_decoder.cpp.o[0m
[18.562s] [ 66%] Built target test_msp_registry
[18.583s] [ 67%] [32mBuilding CXX object CMakeFiles/transformer_msp_bridge_decoders.dir/src/decoders/gps_decoder.cpp.o[0m
[19.092s] [ 68%] [32m[1mLinking CXX executable test_msp_probe[0m
[19.592s] [ 68%] Built target test_msp_probe
[19.609s] [ 69%] [32mBuilding CXX object CMakeFiles/transformer_msp_bridge_decoders.dir/src/decoders/rc_decoder.cpp.o[0m
[26.293s] [ 70%] [32mBuilding CXX object CMakeFiles/transformer_msp_bridge_decoders.dir/src/decoders/altitude_decoder.cpp.o[0m
[29.637s] [ 71%] [32mBuilding CXX object CMakeFiles/transformer_msp_bridge_decoders.dir/src/decoders/inav_status_decoder.cpp.o[0m
[29.911s] [ 72%] [32mBuilding CXX object CMakeFiles/transformer_msp_bridge_decoders.dir/src/decoders/sensor_decoder.cpp.o[0m
[33.347s] [ 73%] [32mBuilding CXX object CMakeFiles/transformer_msp_bridge_decoders.dir/src/decoders/inav_generic_decoder.cpp.o[0m
[38.660s] [ 74%] [32mBuilding CXX object CMakeFiles/transformer_msp_bridge_decoders.dir/src/decoders/servo_motor_decoder.cpp.o[0m
[46.090s] [ 75%] [32m[1mLinking CXX shared library libtransformer_msp_bridge_decoders.so[0m
[47.668s] [ 75%] Built target transformer_msp_bridge_decoders
[47.735s] [ 76%] [32mBuilding CXX object CMakeFiles/test_battery_decoder.dir/test/test_battery_decoder.cpp.o[0m
[47.740s] [ 77%] [32mBuilding CXX object CMakeFiles/transformer_msp_bridge_node.dir/src/transformer_msp_bridge_node.cpp.o[0m
[47.751s] [ 78%] [32mBuilding CXX object CMakeFiles/test_attitude_decoder.dir/test/test_attitude_decoder.cpp.o[0m
[47.768s] [ 79%] [32mBuilding CXX object CMakeFiles/test_system_decoder.dir/test/test_system_decoder.cpp.o[0m
[64.397s] [ 80%] [32m[1mLinking CXX executable test_attitude_decoder[0m
[65.523s] [ 81%] [32m[1mLinking CXX executable test_battery_decoder[0m
[67.552s] [ 81%] Built target test_attitude_decoder
[67.722s] [ 82%] [32mBuilding CXX object CMakeFiles/test_imu_decoder.dir/test/test_imu_decoder.cpp.o[0m
[68.264s] [ 82%] Built target test_battery_decoder
[68.269s] [ 83%] [32m[1mLinking CXX executable test_system_decoder[0m
[68.391s] [ 84%] [32mBuilding CXX object CMakeFiles/test_gps_decoder.dir/test/test_gps_decoder.cpp.o[0m
[70.555s] [ 84%] Built target test_system_decoder
[70.626s] [ 85%] [32mBuilding CXX object CMakeFiles/test_rc_decoder.dir/test/test_rc_decoder.cpp.o[0m
[77.012s] [ 86%] [32m[1mLinking CXX executable transformer_msp_bridge_node[0m
[79.311s] [ 86%] Built target transformer_msp_bridge_node
[79.415s] [ 87%] [32mBuilding CXX object CMakeFiles/test_altitude_decoder.dir/test/test_altitude_decoder.cpp.o[0m
[89.088s] [ 88%] [32m[1mLinking CXX executable test_rc_decoder[0m
[91.378s] [ 88%] Built target test_rc_decoder
[91.536s] [ 89%] [32mBuilding CXX object CMakeFiles/test_inav_status_decoder.dir/test/test_inav_status_decoder.cpp.o[0m
[93.382s] [ 90%] [32m[1mLinking CXX executable test_imu_decoder[0m
[95.770s] [ 90%] Built target test_imu_decoder
[95.840s] [ 91%] [32mBuilding CXX object CMakeFiles/test_sensor_decoder.dir/test/test_sensor_decoder.cpp.o[0m
[105.359s] [ 92%] [32m[1mLinking CXX executable test_gps_decoder[0m
[106.011s] [ 93%] [32m[1mLinking CXX executable test_altitude_decoder[0m
[109.106s] [ 93%] Built target test_altitude_decoder
[109.174s] [ 94%] [32mBuilding CXX object CMakeFiles/test_servo_motor_decoder.dir/test/test_servo_motor_decoder.cpp.o[0m
[109.332s] [ 94%] Built target test_gps_decoder
[109.415s] [ 95%] [32mBuilding CXX object CMakeFiles/test_system_decoder_extended.dir/test/test_system_decoder_extended.cpp.o[0m
[114.049s] [ 96%] [32m[1mLinking CXX executable test_inav_status_decoder[0m
[116.103s] [ 96%] Built target test_inav_status_decoder
[122.736s] [ 97%] [32m[1mLinking CXX executable test_sensor_decoder[0m
[124.901s] [ 97%] Built target test_sensor_decoder
[126.670s] [ 98%] [32m[1mLinking CXX executable test_servo_motor_decoder[0m
[128.428s] [ 98%] Built target test_servo_motor_decoder
[131.960s] [100%] [32m[1mLinking CXX executable test_system_decoder_extended[0m
[133.858s] [100%] Built target test_system_decoder_extended
[133.882s] Invoked command in '/home/atvpi/ros2_ws/build/transformer_msp_bridge' returned '0': CMAKE_PREFIX_PATH=${CMAKE_PREFIX_PATH}:/opt/ros/jazzy /usr/bin/cmake --build /home/atvpi/ros2_ws/build/transformer_msp_bridge -- -j4 -l4
[133.901s] Invoking command in '/home/atvpi/ros2_ws/build/transformer_msp_bridge': CMAKE_PREFIX_PATH=${CMAKE_PREFIX_PATH}:/opt/ros/jazzy /usr/bin/cmake --install /home/atvpi/ros2_ws/build/transformer_msp_bridge
[133.917s] -- Install configuration: ""
[133.917s] -- Up-to-date: /home/atvpi/ros2_ws/install/transformer_msp_bridge/share/ament_index/resource_index/rosidl_interfaces/transformer_msp_bridge
[133.917s] -- Up-to-date: /home/atvpi/ros2_ws/install/transformer_msp_bridge/share/transformer_msp_bridge/msg/MspInavStatus.json
[133.917s] -- Up-to-date: /home/atvpi/ros2_ws/install/transformer_msp_bridge/include/transformer_msp_bridge/transformer_msp_bridge
[133.917s] -- Up-to-date: /home/atvpi/ros2_ws/install/transformer_msp_bridge/include/transformer_msp_bridge/transformer_msp_bridge/msg
[133.917s] -- Up-to-date: /home/atvpi/ros2_ws/install/transformer_msp_bridge/include/transformer_msp_bridge/transformer_msp_bridge/msg/rosidl_generator_c__visibility_control.h
[133.918s] -- Up-to-date: /home/atvpi/ros2_ws/install/transformer_msp_bridge/include/transformer_msp_bridge/transformer_msp_bridge/msg/msp_inav_status.h
[133.918s] -- Up-to-date: /home/atvpi/ros2_ws/install/transformer_msp_bridge/include/transformer_msp_bridge/transformer_msp_bridge/msg/detail
[133.918s] -- Up-to-date: /home/atvpi/ros2_ws/install/transformer_msp_bridge/include/transformer_msp_bridge/transformer_msp_bridge/msg/detail/msp_inav_status__functions.c
[133.918s] -- Up-to-date: /home/atvpi/ros2_ws/install/transformer_msp_bridge/include/transformer_msp_bridge/transformer_msp_bridge/msg/detail/msp_inav_status__description.c
[133.918s] -- Up-to-date: /home/atvpi/ros2_ws/install/transformer_msp_bridge/include/transformer_msp_bridge/transformer_msp_bridge/msg/detail/msp_inav_status__type_support.h
[133.918s] -- Installing: /home/atvpi/ros2_ws/install/transformer_msp_bridge/include/transformer_msp_bridge/transformer_msp_bridge/msg/detail/msp_inav_status__type_support.c
[133.918s] -- Up-to-date: /home/atvpi/ros2_ws/install/transformer_msp_bridge/include/transformer_msp_bridge/transformer_msp_bridge/msg/detail/msp_inav_status__functions.h
[133.918s] -- Up-to-date: /home/atvpi/ros2_ws/install/transformer_msp_bridge/include/transformer_msp_bridge/transformer_msp_bridge/msg/detail/msp_inav_status__struct.h
[133.919s] -- Up-to-date: /home/atvpi/ros2_ws/install/transformer_msp_bridge/share/transformer_msp_bridge/environment/library_path.sh
[133.919s] -- Up-to-date: /home/atvpi/ros2_ws/install/transformer_msp_bridge/share/transformer_msp_bridge/environment/library_path.dsv
[133.920s] -- Up-to-date: /home/atvpi/ros2_ws/install/transformer_msp_bridge/lib/libtransformer_msp_bridge__rosidl_generator_c.so
[133.920s] -- Up-to-date: /home/atvpi/ros2_ws/install/transformer_msp_bridge/include/transformer_msp_bridge/transformer_msp_bridge
[133.921s] -- Up-to-date: /home/atvpi/ros2_ws/install/transformer_msp_bridge/include/transformer_msp_bridge/transformer_msp_bridge/msg
[133.921s] -- Up-to-date: /home/atvpi/ros2_ws/install/transformer_msp_bridge/include/transformer_msp_bridge/transformer_msp_bridge/msg/rosidl_typesupport_fastrtps_c__visibility_control.h
[133.921s] -- Up-to-date: /home/atvpi/ros2_ws/install/transformer_msp_bridge/include/transformer_msp_bridge/transformer_msp_bridge/msg/detail
[133.921s] -- Up-to-date: /home/atvpi/ros2_ws/install/transformer_msp_bridge/include/transformer_msp_bridge/transformer_msp_bridge/msg/detail/msp_inav_status__rosidl_typesupport_fastrtps_c.h
[133.922s] -- Up-to-date: /home/atvpi/ros2_ws/install/transformer_msp_bridge/lib/libtransformer_msp_bridge__rosidl_typesupport_fastrtps_c.so
[133.922s] -- Up-to-date: /home/atvpi/ros2_ws/install/transformer_msp_bridge/include/transformer_msp_bridge/transformer_msp_bridge
[133.923s] -- Up-to-date: /home/atvpi/ros2_ws/install/transformer_msp_bridge/include/transformer_msp_bridge/transformer_msp_bridge/msg
[133.923s] -- Up-to-date: /home/atvpi/ros2_ws/install/transformer_msp_bridge/include/transformer_msp_bridge/transformer_msp_bridge/msg/rosidl_generator_cpp__visibility_control.hpp
[133.923s] -- Up-to-date: /home/atvpi/ros2_ws/install/transformer_msp_bridge/include/transformer_msp_bridge/transformer_msp_bridge/msg/detail
[133.923s] -- Up-to-date: /home/atvpi/ros2_ws/install/transformer_msp_bridge/include/transformer_msp_bridge/transformer_msp_bridge/msg/detail/msp_inav_status__builder.hpp
[133.923s] -- Up-to-date: /home/atvpi/ros2_ws/install/transformer_msp_bridge/include/transformer_msp_bridge/transformer_msp_bridge/msg/detail/msp_inav_status__type_support.hpp
[133.923s] -- Up-to-date: /home/atvpi/ros2_ws/install/transformer_msp_bridge/include/transformer_msp_bridge/transformer_msp_bridge/msg/detail/msp_inav_status__traits.hpp
[133.923s] -- Up-to-date: /home/atvpi/ros2_ws/install/transformer_msp_bridge/include/transformer_msp_bridge/transformer_msp_bridge/msg/detail/msp_inav_status__struct.hpp
[133.923s] -- Up-to-date: /home/atvpi/ros2_ws/install/transformer_msp_bridge/include/transformer_msp_bridge/transformer_msp_bridge/msg/msp_inav_status.hpp
[133.923s] -- Up-to-date: /home/atvpi/ros2_ws/install/transformer_msp_bridge/include/transformer_msp_bridge/transformer_msp_bridge
[133.924s] -- Up-to-date: /home/atvpi/ros2_ws/install/transformer_msp_bridge/include/transformer_msp_bridge/transformer_msp_bridge/msg
[133.924s] -- Up-to-date: /home/atvpi/ros2_ws/install/transformer_msp_bridge/include/transformer_msp_bridge/transformer_msp_bridge/msg/rosidl_typesupport_fastrtps_cpp__visibility_control.h
[133.924s] -- Up-to-date: /home/atvpi/ros2_ws/install/transformer_msp_bridge/include/transformer_msp_bridge/transformer_msp_bridge/msg/detail
[133.924s] -- Up-to-date: /home/atvpi/ros2_ws/install/transformer_msp_bridge/include/transformer_msp_bridge/transformer_msp_bridge/msg/detail/msp_inav_status__rosidl_typesupport_fastrtps_cpp.hpp
[133.924s] -- Up-to-date: /home/atvpi/ros2_ws/install/transformer_msp_bridge/include/transformer_msp_bridge/transformer_msp_bridge/msg/detail/dds_fastrtps
[133.924s] -- Up-to-date: /home/atvpi/ros2_ws/install/transformer_msp_bridge/lib/libtransformer_msp_bridge__rosidl_typesupport_fastrtps_cpp.so
[133.925s] -- Up-to-date: /home/atvpi/ros2_ws/install/transformer_msp_bridge/include/transformer_msp_bridge/transformer_msp_bridge
[133.925s] -- Up-to-date: /home/atvpi/ros2_ws/install/transformer_msp_bridge/include/transformer_msp_bridge/transformer_msp_bridge/msg
[133.925s] -- Up-to-date: /home/atvpi/ros2_ws/install/transformer_msp_bridge/include/transformer_msp_bridge/transformer_msp_bridge/msg/detail
[133.925s] -- Installing: /home/atvpi/ros2_ws/install/transformer_msp_bridge/include/transformer_msp_bridge/transformer_msp_bridge/msg/detail/msp_inav_status__type_support.c
[133.926s] -- Up-to-date: /home/atvpi/ros2_ws/install/transformer_msp_bridge/include/transformer_msp_bridge/transformer_msp_bridge/msg/detail/msp_inav_status__rosidl_typesupport_introspection_c.h
[133.926s] -- Up-to-date: /home/atvpi/ros2_ws/install/transformer_msp_bridge/include/transformer_msp_bridge/transformer_msp_bridge/msg/rosidl_typesupport_introspection_c__visibility_control.h
[133.927s] -- Up-to-date: /home/atvpi/ros2_ws/install/transformer_msp_bridge/lib/libtransformer_msp_bridge__rosidl_typesupport_introspection_c.so
[133.929s] -- Up-to-date: /home/atvpi/ros2_ws/install/transformer_msp_bridge/lib/libtransformer_msp_bridge__rosidl_typesupport_c.so
[133.929s] -- Up-to-date: /home/atvpi/ros2_ws/install/transformer_msp_bridge/include/transformer_msp_bridge/transformer_msp_bridge
[133.929s] -- Up-to-date: /home/atvpi/ros2_ws/install/transformer_msp_bridge/include/transformer_msp_bridge/transformer_msp_bridge/msg
[133.929s] -- Up-to-date: /home/atvpi/ros2_ws/install/transformer_msp_bridge/include/transformer_msp_bridge/transformer_msp_bridge/msg/detail
[133.929s] -- Up-to-date: /home/atvpi/ros2_ws/install/transformer_msp_bridge/include/transformer_msp_bridge/transformer_msp_bridge/msg/detail/msp_inav_status__rosidl_typesupport_introspection_cpp.hpp
[133.929s] -- Up-to-date: /home/atvpi/ros2_ws/install/transformer_msp_bridge/include/transformer_msp_bridge/transformer_msp_bridge/msg/detail/msp_inav_status__type_support.cpp
[133.931s] -- Up-to-date: /home/atvpi/ros2_ws/install/transformer_msp_bridge/lib/libtransformer_msp_bridge__rosidl_typesupport_introspection_cpp.so
[133.932s] -- Up-to-date: /home/atvpi/ros2_ws/install/transformer_msp_bridge/lib/libtransformer_msp_bridge__rosidl_typesupport_cpp.so
[133.932s] -- Up-to-date: /home/atvpi/ros2_ws/install/transformer_msp_bridge/share/transformer_msp_bridge/environment/pythonpath.sh
[133.933s] -- Up-to-date: /home/atvpi/ros2_ws/install/transformer_msp_bridge/share/transformer_msp_bridge/environment/pythonpath.dsv
[133.933s] -- Up-to-date: /home/atvpi/ros2_ws/install/transformer_msp_bridge/lib/python3.12/site-packages/transformer_msp_bridge-0.0.1-py3.12.egg-info
[133.933s] -- Installing: /home/atvpi/ros2_ws/install/transformer_msp_bridge/lib/python3.12/site-packages/transformer_msp_bridge-0.0.1-py3.12.egg-info/SOURCES.txt
[133.933s] -- Installing: /home/atvpi/ros2_ws/install/transformer_msp_bridge/lib/python3.12/site-packages/transformer_msp_bridge-0.0.1-py3.12.egg-info/top_level.txt
[133.933s] -- Installing: /home/atvpi/ros2_ws/install/transformer_msp_bridge/lib/python3.12/site-packages/transformer_msp_bridge-0.0.1-py3.12.egg-info/PKG-INFO
[133.933s] -- Installing: /home/atvpi/ros2_ws/install/transformer_msp_bridge/lib/python3.12/site-packages/transformer_msp_bridge-0.0.1-py3.12.egg-info/dependency_links.txt
[133.934s] -- Up-to-date: /home/atvpi/ros2_ws/install/transformer_msp_bridge/lib/python3.12/site-packages/transformer_msp_bridge
[133.934s] -- Up-to-date: /home/atvpi/ros2_ws/install/transformer_msp_bridge/lib/python3.12/site-packages/transformer_msp_bridge/transformer_msp_bridge_s__rosidl_typesupport_c.so
[133.934s] -- Up-to-date: /home/atvpi/ros2_ws/install/transformer_msp_bridge/lib/python3.12/site-packages/transformer_msp_bridge/transformer_msp_bridge_s__rosidl_typesupport_fastrtps_c.so
[133.934s] -- Up-to-date: /home/atvpi/ros2_ws/install/transformer_msp_bridge/lib/python3.12/site-packages/transformer_msp_bridge/msg
[133.934s] -- Up-to-date: /home/atvpi/ros2_ws/install/transformer_msp_bridge/lib/python3.12/site-packages/transformer_msp_bridge/msg/__init__.py
[133.934s] -- Up-to-date: /home/atvpi/ros2_ws/install/transformer_msp_bridge/lib/python3.12/site-packages/transformer_msp_bridge/msg/_msp_inav_status_s.c
[133.934s] -- Up-to-date: /home/atvpi/ros2_ws/install/transformer_msp_bridge/lib/python3.12/site-packages/transformer_msp_bridge/msg/_msp_inav_status.py
[133.934s] -- Up-to-date: /home/atvpi/ros2_ws/install/transformer_msp_bridge/lib/python3.12/site-packages/transformer_msp_bridge/transformer_msp_bridge_s__rosidl_typesupport_introspection_c.so
[133.935s] -- Up-to-date: /home/atvpi/ros2_ws/install/transformer_msp_bridge/lib/python3.12/site-packages/transformer_msp_bridge/_transformer_msp_bridge_s.ep.rosidl_typesupport_fastrtps_c.c
[133.935s] -- Up-to-date: /home/atvpi/ros2_ws/install/transformer_msp_bridge/lib/python3.12/site-packages/transformer_msp_bridge/_transformer_msp_bridge_s.ep.rosidl_typesupport_c.c
[133.935s] -- Up-to-date: /home/atvpi/ros2_ws/install/transformer_msp_bridge/lib/python3.12/site-packages/transformer_msp_bridge/_transformer_msp_bridge_s.ep.rosidl_typesupport_introspection_c.c
[133.935s] -- Installing: /home/atvpi/ros2_ws/install/transformer_msp_bridge/lib/python3.12/site-packages/transformer_msp_bridge/__init__.py
[134.014s] Listing '/home/atvpi/ros2_ws/install/transformer_msp_bridge/lib/python3.12/site-packages/transformer_msp_bridge'...
[134.014s] Compiling '/home/atvpi/ros2_ws/install/transformer_msp_bridge/lib/python3.12/site-packages/transformer_msp_bridge/__init__.py'...
[134.014s] Listing '/home/atvpi/ros2_ws/install/transformer_msp_bridge/lib/python3.12/site-packages/transformer_msp_bridge/msg'...
[134.028s] -- Up-to-date: /home/atvpi/ros2_ws/install/transformer_msp_bridge/lib/python3.12/site-packages/transformer_msp_bridge/transformer_msp_bridge_s__rosidl_typesupport_fastrtps_c.so
[134.030s] -- Up-to-date: /home/atvpi/ros2_ws/install/transformer_msp_bridge/lib/python3.12/site-packages/transformer_msp_bridge/transformer_msp_bridge_s__rosidl_typesupport_introspection_c.so
[134.031s] -- Up-to-date: /home/atvpi/ros2_ws/install/transformer_msp_bridge/lib/python3.12/site-packages/transformer_msp_bridge/transformer_msp_bridge_s__rosidl_typesupport_c.so
[134.033s] -- Up-to-date: /home/atvpi/ros2_ws/install/transformer_msp_bridge/lib/libtransformer_msp_bridge__rosidl_generator_py.so
[134.033s] -- Up-to-date: /home/atvpi/ros2_ws/install/transformer_msp_bridge/share/transformer_msp_bridge/msg/MspInavStatus.idl
[134.033s] -- Up-to-date: /home/atvpi/ros2_ws/install/transformer_msp_bridge/share/transformer_msp_bridge/msg/MspInavStatus.msg
[134.035s] -- Installing: /home/atvpi/ros2_ws/install/transformer_msp_bridge/lib/libmsp_protocol.so
[134.037s] -- Set non-toolchain portion of runtime path of "/home/atvpi/ros2_ws/install/transformer_msp_bridge/lib/libmsp_protocol.so" to ""
[134.040s] -- Up-to-date: /home/atvpi/ros2_ws/install/transformer_msp_bridge/lib/libserial_port.so
[134.042s] -- Installing: /home/atvpi/ros2_ws/install/transformer_msp_bridge/lib/libtransformer_msp_bridge_decoders.so
[134.061s] -- Set non-toolchain portion of runtime path of "/home/atvpi/ros2_ws/install/transformer_msp_bridge/lib/libtransformer_msp_bridge_decoders.so" to ""
[134.064s] -- Installing: /home/atvpi/ros2_ws/install/transformer_msp_bridge/lib/transformer_msp_bridge/transformer_msp_bridge_node
[134.082s] -- Set non-toolchain portion of runtime path of "/home/atvpi/ros2_ws/install/transformer_msp_bridge/lib/transformer_msp_bridge/transformer_msp_bridge_node" to ""
[134.084s] -- Installing: /home/atvpi/ros2_ws/install/transformer_msp_bridge/lib/transformer_msp_bridge/msp_probe
[134.085s] -- Set non-toolchain portion of runtime path of "/home/atvpi/ros2_ws/install/transformer_msp_bridge/lib/transformer_msp_bridge/msp_probe" to ""
[134.085s] -- Up-to-date: /home/atvpi/ros2_ws/install/transformer_msp_bridge/include/transformer_msp_bridge
[134.085s] -- Installing: /home/atvpi/ros2_ws/install/transformer_msp_bridge/include/transformer_msp_bridge/msp_parser.hpp
[134.085s] -- Installing: /home/atvpi/ros2_ws/install/transformer_msp_bridge/include/transformer_msp_bridge/crc.hpp
[134.085s] -- Installing: /home/atvpi/ros2_ws/install/transformer_msp_bridge/include/transformer_msp_bridge/msp_utils.hpp
[134.085s] -- Installing: /home/atvpi/ros2_ws/install/transformer_msp_bridge/include/transformer_msp_bridge/registry_loader.hpp
[134.085s] -- Installing: /home/atvpi/ros2_ws/install/transformer_msp_bridge/include/transformer_msp_bridge/msp_registry.hpp
[134.086s] -- Up-to-date: /home/atvpi/ros2_ws/install/transformer_msp_bridge/include/transformer_msp_bridge/decoders
[134.086s] -- Installing: /home/atvpi/ros2_ws/install/transformer_msp_bridge/include/transformer_msp_bridge/decoders/system_decoder.hpp
[134.086s] -- Installing: /home/atvpi/ros2_ws/install/transformer_msp_bridge/include/transformer_msp_bridge/decoders/altitude_decoder.hpp
[134.086s] -- Installing: /home/atvpi/ros2_ws/install/transformer_msp_bridge/include/transformer_msp_bridge/decoders/sensor_decoder.hpp
[134.086s] -- Installing: /home/atvpi/ros2_ws/install/transformer_msp_bridge/include/transformer_msp_bridge/decoders/battery_decoder.hpp
[134.086s] -- Installing: /home/atvpi/ros2_ws/install/transformer_msp_bridge/include/transformer_msp_bridge/decoders/imu_decoder.hpp
[134.087s] -- Installing: /home/atvpi/ros2_ws/install/transformer_msp_bridge/include/transformer_msp_bridge/decoders/rc_decoder.hpp
[134.087s] -- Installing: /home/atvpi/ros2_ws/install/transformer_msp_bridge/include/transformer_msp_bridge/decoders/gps_decoder.hpp
[134.087s] -- Installing: /home/atvpi/ros2_ws/install/transformer_msp_bridge/include/transformer_msp_bridge/decoders/inav_generic_decoder.hpp
[134.087s] -- Installing: /home/atvpi/ros2_ws/install/transformer_msp_bridge/include/transformer_msp_bridge/decoders/inav_status_decoder.hpp
[134.087s] -- Installing: /home/atvpi/ros2_ws/install/transformer_msp_bridge/include/transformer_msp_bridge/decoders/attitude_decoder.hpp
[134.087s] -- Installing: /home/atvpi/ros2_ws/install/transformer_msp_bridge/include/transformer_msp_bridge/decoders/servo_motor_decoder.hpp
[134.088s] -- Up-to-date: /home/atvpi/ros2_ws/install/transformer_msp_bridge/include/transformer_msp_bridge/serial_port.hpp
[134.088s] -- Installing: /home/atvpi/ros2_ws/install/transformer_msp_bridge/include/transformer_msp_bridge/decoder_base.hpp
[134.088s] -- Installing: /home/atvpi/ros2_ws/install/transformer_msp_bridge/include/transformer_msp_bridge/decoder_registry.hpp
[134.088s] -- Installing: /home/atvpi/ros2_ws/install/transformer_msp_bridge/include/transformer_msp_bridge/msp_builders.hpp
[134.088s] -- Up-to-date: /home/atvpi/ros2_ws/install/transformer_msp_bridge/share/transformer_msp_bridge/msg
[134.088s] -- Up-to-date: /home/atvpi/ros2_ws/install/transformer_msp_bridge/share/transformer_msp_bridge/msg/MspInavStatus.msg
[134.088s] -- Up-to-date: /home/atvpi/ros2_ws/install/transformer_msp_bridge/share/transformer_msp_bridge/config
[134.088s] -- Installing: /home/atvpi/ros2_ws/install/transformer_msp_bridge/share/transformer_msp_bridge/config/registry.yaml
[134.089s] -- Installing: /home/atvpi/ros2_ws/install/transformer_msp_bridge/share/transformer_msp_bridge/config/msp_bridge.yaml
[134.089s] -- Up-to-date: /home/atvpi/ros2_ws/install/transformer_msp_bridge/share/ament_index/resource_index/package_run_dependencies/transformer_msp_bridge
[134.089s] -- Up-to-date: /home/atvpi/ros2_ws/install/transformer_msp_bridge/share/ament_index/resource_index/parent_prefix_path/transformer_msp_bridge
[134.089s] -- Up-to-date: /home/atvpi/ros2_ws/install/transformer_msp_bridge/share/transformer_msp_bridge/environment/ament_prefix_path.sh
[134.089s] -- Up-to-date: /home/atvpi/ros2_ws/install/transformer_msp_bridge/share/transformer_msp_bridge/environment/ament_prefix_path.dsv
[134.089s] -- Up-to-date: /home/atvpi/ros2_ws/install/transformer_msp_bridge/share/transformer_msp_bridge/environment/path.sh
[134.089s] -- Up-to-date: /home/atvpi/ros2_ws/install/transformer_msp_bridge/share/transformer_msp_bridge/environment/path.dsv
[134.089s] -- Up-to-date: /home/atvpi/ros2_ws/install/transformer_msp_bridge/share/transformer_msp_bridge/local_setup.bash
[134.090s] -- Up-to-date: /home/atvpi/ros2_ws/install/transformer_msp_bridge/share/transformer_msp_bridge/local_setup.sh
[134.090s] -- Up-to-date: /home/atvpi/ros2_ws/install/transformer_msp_bridge/share/transformer_msp_bridge/local_setup.zsh
[134.090s] -- Up-to-date: /home/atvpi/ros2_ws/install/transformer_msp_bridge/share/transformer_msp_bridge/local_setup.dsv
[134.090s] -- Installing: /home/atvpi/ros2_ws/install/transformer_msp_bridge/share/transformer_msp_bridge/package.dsv
[134.090s] -- Up-to-date: /home/atvpi/ros2_ws/install/transformer_msp_bridge/share/ament_index/resource_index/packages/transformer_msp_bridge
[134.090s] -- Up-to-date: /home/atvpi/ros2_ws/install/transformer_msp_bridge/share/transformer_msp_bridge/cmake/export_transformer_msp_bridge__rosidl_generator_cExport.cmake
[134.091s] -- Up-to-date: /home/atvpi/ros2_ws/install/transformer_msp_bridge/share/transformer_msp_bridge/cmake/export_transformer_msp_bridge__rosidl_generator_cExport-noconfig.cmake
[134.091s] -- Up-to-date: /home/atvpi/ros2_ws/install/transformer_msp_bridge/share/transformer_msp_bridge/cmake/export_transformer_msp_bridge__rosidl_typesupport_fastrtps_cExport.cmake
[134.091s] -- Up-to-date: /home/atvpi/ros2_ws/install/transformer_msp_bridge/share/transformer_msp_bridge/cmake/export_transformer_msp_bridge__rosidl_typesupport_fastrtps_cExport-noconfig.cmake
[134.092s] -- Up-to-date: /home/atvpi/ros2_ws/install/transformer_msp_bridge/share/transformer_msp_bridge/cmake/export_transformer_msp_bridge__rosidl_generator_cppExport.cmake
[134.092s] -- Up-to-date: /home/atvpi/ros2_ws/install/transformer_msp_bridge/share/transformer_msp_bridge/cmake/export_transformer_msp_bridge__rosidl_typesupport_fastrtps_cppExport.cmake
[134.092s] -- Up-to-date: /home/atvpi/ros2_ws/install/transformer_msp_bridge/share/transformer_msp_bridge/cmake/export_transformer_msp_bridge__rosidl_typesupport_fastrtps_cppExport-noconfig.cmake
[134.093s] -- Up-to-date: /home/atvpi/ros2_ws/install/transformer_msp_bridge/share/transformer_msp_bridge/cmake/transformer_msp_bridge__rosidl_typesupport_introspection_cExport.cmake
[134.093s] -- Up-to-date: /home/atvpi/ros2_ws/install/transformer_msp_bridge/share/transformer_msp_bridge/cmake/transformer_msp_bridge__rosidl_typesupport_introspection_cExport-noconfig.cmake
[134.093s] -- Up-to-date: /home/atvpi/ros2_ws/install/transformer_msp_bridge/share/transformer_msp_bridge/cmake/transformer_msp_bridge__rosidl_typesupport_cExport.cmake
[134.093s] -- Up-to-date: /home/atvpi/ros2_ws/install/transformer_msp_bridge/share/transformer_msp_bridge/cmake/transformer_msp_bridge__rosidl_typesupport_cExport-noconfig.cmake
[134.094s] -- Up-to-date: /home/atvpi/ros2_ws/install/transformer_msp_bridge/share/transformer_msp_bridge/cmake/transformer_msp_bridge__rosidl_typesupport_introspection_cppExport.cmake
[134.094s] -- Up-to-date: /home/atvpi/ros2_ws/install/transformer_msp_bridge/share/transformer_msp_bridge/cmake/transformer_msp_bridge__rosidl_typesupport_introspection_cppExport-noconfig.cmake
[134.094s] -- Up-to-date: /home/atvpi/ros2_ws/install/transformer_msp_bridge/share/transformer_msp_bridge/cmake/transformer_msp_bridge__rosidl_typesupport_cppExport.cmake
[134.095s] -- Up-to-date: /home/atvpi/ros2_ws/install/transformer_msp_bridge/share/transformer_msp_bridge/cmake/transformer_msp_bridge__rosidl_typesupport_cppExport-noconfig.cmake
[134.095s] -- Up-to-date: /home/atvpi/ros2_ws/install/transformer_msp_bridge/share/transformer_msp_bridge/cmake/export_transformer_msp_bridge__rosidl_generator_pyExport.cmake
[134.095s] -- Up-to-date: /home/atvpi/ros2_ws/install/transformer_msp_bridge/share/transformer_msp_bridge/cmake/export_transformer_msp_bridge__rosidl_generator_pyExport-noconfig.cmake
[134.095s] -- Up-to-date: /home/atvpi/ros2_ws/install/transformer_msp_bridge/share/transformer_msp_bridge/cmake/rosidl_cmake-extras.cmake
[134.095s] -- Up-to-date: /home/atvpi/ros2_ws/install/transformer_msp_bridge/share/transformer_msp_bridge/cmake/ament_cmake_export_dependencies-extras.cmake
[134.095s] -- Up-to-date: /home/atvpi/ros2_ws/install/transformer_msp_bridge/share/transformer_msp_bridge/cmake/ament_cmake_export_include_directories-extras.cmake
[134.095s] -- Up-to-date: /home/atvpi/ros2_ws/install/transformer_msp_bridge/share/transformer_msp_bridge/cmake/ament_cmake_export_libraries-extras.cmake
[134.096s] -- Up-to-date: /home/atvpi/ros2_ws/install/transformer_msp_bridge/share/transformer_msp_bridge/cmake/ament_cmake_export_targets-extras.cmake
[134.096s] -- Up-to-date: /home/atvpi/ros2_ws/install/transformer_msp_bridge/share/transformer_msp_bridge/cmake/rosidl_cmake_export_typesupport_targets-extras.cmake
[134.096s] -- Up-to-date: /home/atvpi/ros2_ws/install/transformer_msp_bridge/share/transformer_msp_bridge/cmake/rosidl_cmake_export_typesupport_libraries-extras.cmake
[134.096s] -- Up-to-date: /home/atvpi/ros2_ws/install/transformer_msp_bridge/share/transformer_msp_bridge/cmake/transformer_msp_bridgeConfig.cmake
[134.096s] -- Up-to-date: /home/atvpi/ros2_ws/install/transformer_msp_bridge/share/transformer_msp_bridge/cmake/transformer_msp_bridgeConfig-version.cmake
[134.096s] -- Installing: /home/atvpi/ros2_ws/install/transformer_msp_bridge/share/transformer_msp_bridge/package.xml
[134.100s] Invoked command in '/home/atvpi/ros2_ws/build/transformer_msp_bridge' returned '0': CMAKE_PREFIX_PATH=${CMAKE_PREFIX_PATH}:/opt/ros/jazzy /usr/bin/cmake --install /home/atvpi/ros2_ws/build/transformer_msp_bridge
