[0.016s] Invoking command in '/home/atvpi/ros2_ws/build/transformer_msp_bridge': CMAKE_PREFIX_PATH=${CMAKE_PREFIX_PATH}:/opt/ros/jazzy /usr/bin/cmake --build /home/atvpi/ros2_ws/build/transformer_msp_bridge -- -j4 -l4
[0.072s] -- Found ament_cmake: 2.5.4 (/opt/ros/jazzy/share/ament_cmake/cmake)
[0.117s] -- Found Python3: /usr/bin/python3 (found version "3.12.3") found components: Interpreter 
[0.254s] -- Found rclcpp: 28.1.12 (/opt/ros/jazzy/share/rclcpp/cmake)
[0.290s] -- Found rosidl_generator_c: 4.6.6 (/opt/ros/jazzy/share/rosidl_generator_c/cmake)
[0.305s] -- Found rosidl_generator_cpp: 4.6.6 (/opt/ros/jazzy/share/rosidl_generator_cpp/cmake)
[0.324s] -- Using all available rosidl_typesupport_c: rosidl_typesupport_fastrtps_c;rosidl_typesupport_introspection_c
[0.346s] -- Using all available rosidl_typesupport_cpp: rosidl_typesupport_fastrtps_cpp;rosidl_typesupport_introspection_cpp
[0.432s] -- Found rmw_implementation_cmake: 7.3.2 (/opt/ros/jazzy/share/rmw_implementation_cmake/cmake)
[0.434s] -- Found rmw_fastrtps_cpp: 8.4.3 (/opt/ros/jazzy/share/rmw_fastrtps_cpp/cmake)
[0.527s] -- Using RMW implementation 'rmw_fastrtps_cpp' as default
[0.614s] -- Found std_msgs: 5.3.6 (/opt/ros/jazzy/share/std_msgs/cmake)
[0.633s] -- Found geometry_msgs: 5.3.6 (/opt/ros/jazzy/share/geometry_msgs/cmake)
[0.652s] -- Found sensor_msgs: 5.3.6 (/opt/ros/jazzy/share/sensor_msgs/cmake)
[0.683s] -- Found diagnostic_msgs: 5.3.6 (/opt/ros/jazzy/share/diagnostic_msgs/cmake)
[0.706s] -- Found rosidl_default_generators: 1.6.0 (/opt/ros/jazzy/share/rosidl_default_generators/cmake)
[0.719s] -- Found rosidl_adapter: 4.6.6 (/opt/ros/jazzy/share/rosidl_adapter/cmake)
[1.167s] -- Found ament_cmake_ros: 0.12.0 (/opt/ros/jazzy/share/ament_cmake_ros/cmake)
[1.519s] -- Using all available rosidl_typesupport_c: rosidl_typesupport_fastrtps_c;rosidl_typesupport_introspection_c
[1.658s] -- Using all available rosidl_typesupport_cpp: rosidl_typesupport_fastrtps_cpp;rosidl_typesupport_introspection_cpp
[1.660s] -- Found python_cmake_module: 0.11.1 (/opt/ros/jazzy/share/python_cmake_module/cmake)
[2.118s] -- Found Python3: /usr/bin/python3 (found version "3.12.3") found components: Interpreter Development NumPy Development.Module Development.Embed 
[2.169s] -- Found gtest sources under '/opt/ros/jazzy/src/gtest_vendor': C++ tests using 'Google Test' will be built
[2.250s] -- Configuring done (2.2s)
[2.777s] -- Generating done (0.5s)
[2.933s] -- Build files have been written to: /home/atvpi/ros2_ws/build/transformer_msp_bridge
[3.029s] [  1%] Built target transformer_msp_bridge__rosidl_generator_type_description
[3.034s] [  3%] Built target serial_port
[3.053s] [  3%] Built target ament_cmake_python_copy_transformer_msp_bridge
[3.059s] [ 10%] Built target msp_protocol
[3.100s] [ 12%] Built target gtest_main
[3.125s] [ 14%] Built target transformer_msp_bridge__cpp
[3.126s] [ 15%] Built target gtest
[3.142s] [ 20%] Built target transformer_msp_bridge__rosidl_generator_c
[3.215s] [ 22%] Built target test_msp_parser_fuzz
[3.226s] [ 24%] Built target msp_probe
[3.253s] [ 26%] Built target test_msp_parser
[3.302s] [ 28%] Built target test_msp_parser_hardening
[3.364s] [ 30%] Built target test_crc
[3.383s] [ 32%] Built target test_msp_registry
[3.459s] [ 34%] Built target test_msp_probe
[3.476s] [ 36%] Built target test_decoder_coverage
[3.513s] [ 39%] Built target transformer_msp_bridge__rosidl_typesupport_cpp
[3.596s] [ 42%] Built target transformer_msp_bridge__rosidl_typesupport_fastrtps_cpp
[3.607s] [ 45%] Built target transformer_msp_bridge__rosidl_typesupport_fastrtps_c
[3.634s] [ 48%] Built target transformer_msp_bridge__rosidl_typesupport_introspection_c
[3.711s] [ 51%] Built target transformer_msp_bridge__rosidl_typesupport_introspection_cpp
[3.724s] [ 54%] Built target transformer_msp_bridge__rosidl_typesupport_c
[3.816s] [ 54%] Built target transformer_msp_bridge
[3.949s] [ 55%] Built target transformer_msp_bridge__py
[3.963s] running egg_info
[3.975s] [ 67%] Built target transformer_msp_bridge_decoders
[4.045s] [ 69%] Built target transformer_msp_bridge__rosidl_generator_py
[4.045s] writing transformer_msp_bridge.egg-info/PKG-INFO
[4.046s] writing dependency_links to transformer_msp_bridge.egg-info/dependency_links.txt
[4.046s] writing top-level names to transformer_msp_bridge.egg-info/top_level.txt
[4.100s] [ 71%] Built target transformer_msp_bridge_node
[4.183s] [ 73%] Built target test_battery_decoder
[4.186s] [ 75%] Built target test_system_decoder
[4.341s] [ 77%] Built target test_gps_decoder
[4.355s] [ 79%] Built target test_attitude_decoder
[4.364s] [ 81%] Built target test_imu_decoder
[4.426s] reading manifest file 'transformer_msp_bridge.egg-info/SOURCES.txt'
[4.426s] writing manifest file 'transformer_msp_bridge.egg-info/SOURCES.txt'
[4.512s] [ 83%] Built target test_rc_decoder
[4.541s] [ 85%] Built target test_altitude_decoder
[4.590s] [ 87%] Built target test_inav_status_decoder
[4.624s] [ 87%] Built target ament_cmake_python_build_transformer_msp_bridge_egg
[4.647s] [ 89%] Built target test_sensor_decoder
[4.732s] [ 91%] Built target test_system_decoder_extended
[4.743s] [ 93%] Built target test_servo_motor_decoder
[4.777s] [ 95%] Built target transformer_msp_bridge_s__rosidl_typesupport_introspection_c
[4.809s] [ 97%] Built target transformer_msp_bridge_s__rosidl_typesupport_fastrtps_c
[4.884s] [100%] Built target transformer_msp_bridge_s__rosidl_typesupport_c
[4.927s] Invoked command in '/home/atvpi/ros2_ws/build/transformer_msp_bridge' returned '0': CMAKE_PREFIX_PATH=${CMAKE_PREFIX_PATH}:/opt/ros/jazzy /usr/bin/cmake --build /home/atvpi/ros2_ws/build/transformer_msp_bridge -- -j4 -l4
[4.957s] Invoking command in '/home/atvpi/ros2_ws/build/transformer_msp_bridge': CMAKE_PREFIX_PATH=${CMAKE_PREFIX_PATH}:/opt/ros/jazzy /usr/bin/cmake --install /home/atvpi/ros2_ws/build/transformer_msp_bridge
[4.983s] -- Install configuration: "RelWithDebInfo"
[4.984s] -- Up-to-date: /home/atvpi/ros2_ws/install/transformer_msp_bridge/share/ament_index/resource_index/rosidl_interfaces/transformer_msp_bridge
[4.984s] -- Up-to-date: /home/atvpi/ros2_ws/install/transformer_msp_bridge/share/transformer_msp_bridge/msg/MspInavStatus.json
[4.986s] -- Up-to-date: /home/atvpi/ros2_ws/install/transformer_msp_bridge/include/transformer_msp_bridge/transformer_msp_bridge
[4.987s] -- Up-to-date: /home/atvpi/ros2_ws/install/transformer_msp_bridge/include/transformer_msp_bridge/transformer_msp_bridge/msg
[4.988s] -- Up-to-date: /home/atvpi/ros2_ws/install/transformer_msp_bridge/include/transformer_msp_bridge/transformer_msp_bridge/msg/rosidl_generator_c__visibility_control.h
[4.990s] -- Up-to-date: /home/atvpi/ros2_ws/install/transformer_msp_bridge/include/transformer_msp_bridge/transformer_msp_bridge/msg/msp_inav_status.h
[4.992s] -- Up-to-date: /home/atvpi/ros2_ws/install/transformer_msp_bridge/include/transformer_msp_bridge/transformer_msp_bridge/msg/detail
[4.992s] -- Up-to-date: /home/atvpi/ros2_ws/install/transformer_msp_bridge/include/transformer_msp_bridge/transformer_msp_bridge/msg/detail/msp_inav_status__functions.c
[4.994s] -- Up-to-date: /home/atvpi/ros2_ws/install/transformer_msp_bridge/include/transformer_msp_bridge/transformer_msp_bridge/msg/detail/msp_inav_status__description.c
[4.994s] -- Up-to-date: /home/atvpi/ros2_ws/install/transformer_msp_bridge/include/transformer_msp_bridge/transformer_msp_bridge/msg/detail/msp_inav_status__type_support.h
[4.996s] -- Installing: /home/atvpi/ros2_ws/install/transformer_msp_bridge/include/transformer_msp_bridge/transformer_msp_bridge/msg/detail/msp_inav_status__type_support.c
[4.997s] -- Up-to-date: /home/atvpi/ros2_ws/install/transformer_msp_bridge/include/transformer_msp_bridge/transformer_msp_bridge/msg/detail/msp_inav_status__functions.h
[4.997s] -- Up-to-date: /home/atvpi/ros2_ws/install/transformer_msp_bridge/include/transformer_msp_bridge/transformer_msp_bridge/msg/detail/msp_inav_status__struct.h
[4.998s] -- Up-to-date: /home/atvpi/ros2_ws/install/transformer_msp_bridge/share/transformer_msp_bridge/environment/library_path.sh
[4.999s] -- Up-to-date: /home/atvpi/ros2_ws/install/transformer_msp_bridge/share/transformer_msp_bridge/environment/library_path.dsv
[5.003s] -- Up-to-date: /home/atvpi/ros2_ws/install/transformer_msp_bridge/lib/libtransformer_msp_bridge__rosidl_generator_c.so
[5.003s] -- Up-to-date: /home/atvpi/ros2_ws/install/transformer_msp_bridge/include/transformer_msp_bridge/transformer_msp_bridge
[5.004s] -- Up-to-date: /home/atvpi/ros2_ws/install/transformer_msp_bridge/include/transformer_msp_bridge/transformer_msp_bridge/msg
[5.004s] -- Up-to-date: /home/atvpi/ros2_ws/install/transformer_msp_bridge/include/transformer_msp_bridge/transformer_msp_bridge/msg/rosidl_typesupport_fastrtps_c__visibility_control.h
[5.005s] -- Up-to-date: /home/atvpi/ros2_ws/install/transformer_msp_bridge/include/transformer_msp_bridge/transformer_msp_bridge/msg/detail
[5.005s] -- Up-to-date: /home/atvpi/ros2_ws/install/transformer_msp_bridge/include/transformer_msp_bridge/transformer_msp_bridge/msg/detail/msp_inav_status__rosidl_typesupport_fastrtps_c.h
[5.005s] -- Up-to-date: /home/atvpi/ros2_ws/install/transformer_msp_bridge/lib/libtransformer_msp_bridge__rosidl_typesupport_fastrtps_c.so
[5.006s] -- Up-to-date: /home/atvpi/ros2_ws/install/transformer_msp_bridge/include/transformer_msp_bridge/transformer_msp_bridge
[5.007s] -- Up-to-date: /home/atvpi/ros2_ws/install/transformer_msp_bridge/include/transformer_msp_bridge/transformer_msp_bridge/msg
[5.010s] -- Up-to-date: /home/atvpi/ros2_ws/install/transformer_msp_bridge/include/transformer_msp_bridge/transformer_msp_bridge/msg/rosidl_generator_cpp__visibility_control.hpp
[5.010s] -- Up-to-date: /home/atvpi/ros2_ws/install/transformer_msp_bridge/include/transformer_msp_bridge/transformer_msp_bridge/msg/detail
[5.011s] -- Up-to-date: /home/atvpi/ros2_ws/install/transformer_msp_bridge/include/transformer_msp_bridge/transformer_msp_bridge/msg/detail/msp_inav_status__builder.hpp
[5.012s] -- Up-to-date: /home/atvpi/ros2_ws/install/transformer_msp_bridge/include/transformer_msp_bridge/transformer_msp_bridge/msg/detail/msp_inav_status__type_support.hpp
[5.012s] -- Up-to-date: /home/atvpi/ros2_ws/install/transformer_msp_bridge/include/transformer_msp_bridge/transformer_msp_bridge/msg/detail/msp_inav_status__traits.hpp
[5.012s] -- Up-to-date: /home/atvpi/ros2_ws/install/transformer_msp_bridge/include/transformer_msp_bridge/transformer_msp_bridge/msg/detail/msp_inav_status__struct.hpp
[5.012s] -- Up-to-date: /home/atvpi/ros2_ws/install/transformer_msp_bridge/include/transformer_msp_bridge/transformer_msp_bridge/msg/msp_inav_status.hpp
[5.013s] -- Up-to-date: /home/atvpi/ros2_ws/install/transformer_msp_bridge/include/transformer_msp_bridge/transformer_msp_bridge
[5.014s] -- Up-to-date: /home/atvpi/ros2_ws/install/transformer_msp_bridge/include/transformer_msp_bridge/transformer_msp_bridge/msg
[5.016s] -- Up-to-date: /home/atvpi/ros2_ws/install/transformer_msp_bridge/include/transformer_msp_bridge/transformer_msp_bridge/msg/rosidl_typesupport_fastrtps_cpp__visibility_control.h
[5.016s] -- Up-to-date: /home/atvpi/ros2_ws/install/transformer_msp_bridge/include/transformer_msp_bridge/transformer_msp_bridge/msg/detail
[5.017s] -- Up-to-date: /home/atvpi/ros2_ws/install/transformer_msp_bridge/include/transformer_msp_bridge/transformer_msp_bridge/msg/detail/msp_inav_status__rosidl_typesupport_fastrtps_cpp.hpp
[5.018s] -- Up-to-date: /home/atvpi/ros2_ws/install/transformer_msp_bridge/include/transformer_msp_bridge/transformer_msp_bridge/msg/detail/dds_fastrtps
[5.018s] -- Up-to-date: /home/atvpi/ros2_ws/install/transformer_msp_bridge/lib/libtransformer_msp_bridge__rosidl_typesupport_fastrtps_cpp.so
[5.020s] -- Up-to-date: /home/atvpi/ros2_ws/install/transformer_msp_bridge/include/transformer_msp_bridge/transformer_msp_bridge
[5.022s] -- Up-to-date: /home/atvpi/ros2_ws/install/transformer_msp_bridge/include/transformer_msp_bridge/transformer_msp_bridge/msg
[5.022s] -- Up-to-date: /home/atvpi/ros2_ws/install/transformer_msp_bridge/include/transformer_msp_bridge/transformer_msp_bridge/msg/detail
[5.026s] -- Installing: /home/atvpi/ros2_ws/install/transformer_msp_bridge/include/transformer_msp_bridge/transformer_msp_bridge/msg/detail/msp_inav_status__type_support.c
[5.027s] -- Up-to-date: /home/atvpi/ros2_ws/install/transformer_msp_bridge/include/transformer_msp_bridge/transformer_msp_bridge/msg/detail/msp_inav_status__rosidl_typesupport_introspection_c.h
[5.027s] -- Up-to-date: /home/atvpi/ros2_ws/install/transformer_msp_bridge/include/transformer_msp_bridge/transformer_msp_bridge/msg/rosidl_typesupport_introspection_c__visibility_control.h
[5.027s] -- Up-to-date: /home/atvpi/ros2_ws/install/transformer_msp_bridge/lib/libtransformer_msp_bridge__rosidl_typesupport_introspection_c.so
[5.028s] -- Up-to-date: /home/atvpi/ros2_ws/install/transformer_msp_bridge/lib/libtransformer_msp_bridge__rosidl_typesupport_c.so
[5.029s] -- Up-to-date: /home/atvpi/ros2_ws/install/transformer_msp_bridge/include/transformer_msp_bridge/transformer_msp_bridge
[5.029s] -- Up-to-date: /home/atvpi/ros2_ws/install/transformer_msp_bridge/include/transformer_msp_bridge/transformer_msp_bridge/msg
[5.031s] -- Up-to-date: /home/atvpi/ros2_ws/install/transformer_msp_bridge/include/transformer_msp_bridge/transformer_msp_bridge/msg/detail
[5.031s] -- Up-to-date: /home/atvpi/ros2_ws/install/transformer_msp_bridge/include/transformer_msp_bridge/transformer_msp_bridge/msg/detail/msp_inav_status__rosidl_typesupport_introspection_cpp.hpp
[5.034s] -- Up-to-date: /home/atvpi/ros2_ws/install/transformer_msp_bridge/include/transformer_msp_bridge/transformer_msp_bridge/msg/detail/msp_inav_status__type_support.cpp
[5.034s] -- Up-to-date: /home/atvpi/ros2_ws/install/transformer_msp_bridge/lib/libtransformer_msp_bridge__rosidl_typesupport_introspection_cpp.so
[5.034s] -- Up-to-date: /home/atvpi/ros2_ws/install/transformer_msp_bridge/lib/libtransformer_msp_bridge__rosidl_typesupport_cpp.so
[5.034s] -- Up-to-date: /home/atvpi/ros2_ws/install/transformer_msp_bridge/share/transformer_msp_bridge/environment/pythonpath.sh
[5.036s] -- Up-to-date: /home/atvpi/ros2_ws/install/transformer_msp_bridge/share/transformer_msp_bridge/environment/pythonpath.dsv
[5.037s] -- Up-to-date: /home/atvpi/ros2_ws/install/transformer_msp_bridge/lib/python3.12/site-packages/transformer_msp_bridge-0.0.1-py3.12.egg-info
[5.041s] -- Installing: /home/atvpi/ros2_ws/install/transformer_msp_bridge/lib/python3.12/site-packages/transformer_msp_bridge-0.0.1-py3.12.egg-info/SOURCES.txt
[5.041s] -- Installing: /home/atvpi/ros2_ws/install/transformer_msp_bridge/lib/python3.12/site-packages/transformer_msp_bridge-0.0.1-py3.12.egg-info/top_level.txt
[5.041s] -- Installing: /home/atvpi/ros2_ws/install/transformer_msp_bridge/lib/python3.12/site-packages/transformer_msp_bridge-0.0.1-py3.12.egg-info/PKG-INFO
[5.042s] -- Installing: /home/atvpi/ros2_ws/install/transformer_msp_bridge/lib/python3.12/site-packages/transformer_msp_bridge-0.0.1-py3.12.egg-info/dependency_links.txt
[5.043s] -- Up-to-date: /home/atvpi/ros2_ws/install/transformer_msp_bridge/lib/python3.12/site-packages/transformer_msp_bridge
[5.046s] -- Up-to-date: /home/atvpi/ros2_ws/install/transformer_msp_bridge/lib/python3.12/site-packages/transformer_msp_bridge/transformer_msp_bridge_s__rosidl_typesupport_c.so
[5.046s] -- Up-to-date: /home/atvpi/ros2_ws/install/transformer_msp_bridge/lib/python3.12/site-packages/transformer_msp_bridge/transformer_msp_bridge_s__rosidl_typesupport_fastrtps_c.so
[5.047s] -- Up-to-date: /home/atvpi/ros2_ws/install/transformer_msp_bridge/lib/python3.12/site-packages/transformer_msp_bridge/msg
[5.049s] -- Up-to-date: /home/atvpi/ros2_ws/install/transformer_msp_bridge/lib/python3.12/site-packages/transformer_msp_bridge/msg/__init__.py
[5.050s] -- Up-to-date: /home/atvpi/ros2_ws/install/transformer_msp_bridge/lib/python3.12/site-packages/transformer_msp_bridge/msg/_msp_inav_status_s.c
[5.051s] -- Up-to-date: /home/atvpi/ros2_ws/install/transformer_msp_bridge/lib/python3.12/site-packages/transformer_msp_bridge/msg/_msp_inav_status.py
[5.052s] -- Up-to-date: /home/atvpi/ros2_ws/install/transformer_msp_bridge/lib/python3.12/site-packages/transformer_msp_bridge/transformer_msp_bridge_s__rosidl_typesupport_introspection_c.so
[5.053s] -- Up-to-date: /home/atvpi/ros2_ws/install/transformer_msp_bridge/lib/python3.12/site-packages/transformer_msp_bridge/_transformer_msp_bridge_s.ep.rosidl_typesupport_fastrtps_c.c
[5.056s] -- Up-to-date: /home/atvpi/ros2_ws/install/transformer_msp_bridge/lib/python3.12/site-packages/transformer_msp_bridge/_transformer_msp_bridge_s.ep.rosidl_typesupport_c.c
[5.056s] -- Up-to-date: /home/atvpi/ros2_ws/install/transformer_msp_bridge/lib/python3.12/site-packages/transformer_msp_bridge/_transformer_msp_bridge_s.ep.rosidl_typesupport_introspection_c.c
[5.056s] -- Installing: /home/atvpi/ros2_ws/install/transformer_msp_bridge/lib/python3.12/site-packages/transformer_msp_bridge/__init__.py
[5.121s] Listing '/home/atvpi/ros2_ws/install/transformer_msp_bridge/lib/python3.12/site-packages/transformer_msp_bridge'...
[5.121s] Compiling '/home/atvpi/ros2_ws/install/transformer_msp_bridge/lib/python3.12/site-packages/transformer_msp_bridge/__init__.py'...
[5.122s] Listing '/home/atvpi/ros2_ws/install/transformer_msp_bridge/lib/python3.12/site-packages/transformer_msp_bridge/msg'...
[5.139s] -- Up-to-date: /home/atvpi/ros2_ws/install/transformer_msp_bridge/lib/python3.12/site-packages/transformer_msp_bridge/transformer_msp_bridge_s__rosidl_typesupport_fastrtps_c.so
[5.141s] -- Up-to-date: /home/atvpi/ros2_ws/install/transformer_msp_bridge/lib/python3.12/site-packages/transformer_msp_bridge/transformer_msp_bridge_s__rosidl_typesupport_introspection_c.so
[5.142s] -- Up-to-date: /home/atvpi/ros2_ws/install/transformer_msp_bridge/lib/python3.12/site-packages/transformer_msp_bridge/transformer_msp_bridge_s__rosidl_typesupport_c.so
[5.142s] -- Up-to-date: /home/atvpi/ros2_ws/install/transformer_msp_bridge/lib/libtransformer_msp_bridge__rosidl_generator_py.so
[5.142s] -- Up-to-date: /home/atvpi/ros2_ws/install/transformer_msp_bridge/share/transformer_msp_bridge/msg/MspInavStatus.idl
[5.143s] -- Up-to-date: /home/atvpi/ros2_ws/install/transformer_msp_bridge/share/transformer_msp_bridge/msg/MspInavStatus.msg
[5.143s] -- Installing: /home/atvpi/ros2_ws/install/transformer_msp_bridge/lib/transformer_msp_bridge/joystick_tank_to_rc.py
[5.143s] -- Up-to-date: /home/atvpi/ros2_ws/install/transformer_msp_bridge/lib/libmsp_protocol.so
[5.144s] -- Up-to-date: /home/atvpi/ros2_ws/install/transformer_msp_bridge/lib/libserial_port.so
[5.146s] -- Up-to-date: /home/atvpi/ros2_ws/install/transformer_msp_bridge/lib/libtransformer_msp_bridge_decoders.so
[5.146s] -- Up-to-date: /home/atvpi/ros2_ws/install/transformer_msp_bridge/lib/transformer_msp_bridge/transformer_msp_bridge_node
[5.146s] -- Up-to-date: /home/atvpi/ros2_ws/install/transformer_msp_bridge/lib/transformer_msp_bridge/msp_probe
[5.148s] -- Up-to-date: /home/atvpi/ros2_ws/install/transformer_msp_bridge/include/transformer_msp_bridge
[5.148s] -- Up-to-date: /home/atvpi/ros2_ws/install/transformer_msp_bridge/include/transformer_msp_bridge/msp_parser.hpp
[5.148s] -- Up-to-date: /home/atvpi/ros2_ws/install/transformer_msp_bridge/include/transformer_msp_bridge/crc.hpp
[5.148s] -- Up-to-date: /home/atvpi/ros2_ws/install/transformer_msp_bridge/include/transformer_msp_bridge/msp_utils.hpp
[5.154s] -- Up-to-date: /home/atvpi/ros2_ws/install/transformer_msp_bridge/include/transformer_msp_bridge/registry_loader.hpp
[5.154s] -- Up-to-date: /home/atvpi/ros2_ws/install/transformer_msp_bridge/include/transformer_msp_bridge/msp_registry.hpp
[5.155s] -- Up-to-date: /home/atvpi/ros2_ws/install/transformer_msp_bridge/include/transformer_msp_bridge/decoders
[5.155s] -- Up-to-date: /home/atvpi/ros2_ws/install/transformer_msp_bridge/include/transformer_msp_bridge/decoders/system_decoder.hpp
[5.160s] -- Up-to-date: /home/atvpi/ros2_ws/install/transformer_msp_bridge/include/transformer_msp_bridge/decoders/altitude_decoder.hpp
[5.160s] -- Up-to-date: /home/atvpi/ros2_ws/install/transformer_msp_bridge/include/transformer_msp_bridge/decoders/sensor_decoder.hpp
[5.161s] -- Up-to-date: /home/atvpi/ros2_ws/install/transformer_msp_bridge/include/transformer_msp_bridge/decoders/battery_decoder.hpp
[5.161s] -- Up-to-date: /home/atvpi/ros2_ws/install/transformer_msp_bridge/include/transformer_msp_bridge/decoders/imu_decoder.hpp
[5.161s] -- Up-to-date: /home/atvpi/ros2_ws/install/transformer_msp_bridge/include/transformer_msp_bridge/decoders/rc_decoder.hpp
[5.162s] -- Up-to-date: /home/atvpi/ros2_ws/install/transformer_msp_bridge/include/transformer_msp_bridge/decoders/gps_decoder.hpp
[5.162s] -- Up-to-date: /home/atvpi/ros2_ws/install/transformer_msp_bridge/include/transformer_msp_bridge/decoders/inav_generic_decoder.hpp
[5.163s] -- Up-to-date: /home/atvpi/ros2_ws/install/transformer_msp_bridge/include/transformer_msp_bridge/decoders/inav_status_decoder.hpp
[5.163s] -- Up-to-date: /home/atvpi/ros2_ws/install/transformer_msp_bridge/include/transformer_msp_bridge/decoders/attitude_decoder.hpp
[5.166s] -- Up-to-date: /home/atvpi/ros2_ws/install/transformer_msp_bridge/include/transformer_msp_bridge/decoders/servo_motor_decoder.hpp
[5.167s] -- Up-to-date: /home/atvpi/ros2_ws/install/transformer_msp_bridge/include/transformer_msp_bridge/serial_port.hpp
[5.168s] -- Up-to-date: /home/atvpi/ros2_ws/install/transformer_msp_bridge/include/transformer_msp_bridge/decoder_base.hpp
[5.168s] -- Up-to-date: /home/atvpi/ros2_ws/install/transformer_msp_bridge/include/transformer_msp_bridge/decoder_registry.hpp
[5.169s] -- Up-to-date: /home/atvpi/ros2_ws/install/transformer_msp_bridge/include/transformer_msp_bridge/msp_builders.hpp
[5.171s] -- Up-to-date: /home/atvpi/ros2_ws/install/transformer_msp_bridge/share/transformer_msp_bridge/msg
[5.172s] -- Up-to-date: /home/atvpi/ros2_ws/install/transformer_msp_bridge/share/transformer_msp_bridge/msg/MspInavStatus.msg
[5.173s] -- Up-to-date: /home/atvpi/ros2_ws/install/transformer_msp_bridge/share/transformer_msp_bridge/config
[5.173s] -- Up-to-date: /home/atvpi/ros2_ws/install/transformer_msp_bridge/share/transformer_msp_bridge/config/registry.yaml
[5.174s] -- Up-to-date: /home/atvpi/ros2_ws/install/transformer_msp_bridge/share/transformer_msp_bridge/config/msp_bridge.yaml
[5.174s] -- Up-to-date: /home/atvpi/ros2_ws/install/transformer_msp_bridge/share/ament_index/resource_index/package_run_dependencies/transformer_msp_bridge
[5.174s] -- Up-to-date: /home/atvpi/ros2_ws/install/transformer_msp_bridge/share/ament_index/resource_index/parent_prefix_path/transformer_msp_bridge
[5.175s] -- Up-to-date: /home/atvpi/ros2_ws/install/transformer_msp_bridge/share/transformer_msp_bridge/environment/ament_prefix_path.sh
[5.175s] -- Up-to-date: /home/atvpi/ros2_ws/install/transformer_msp_bridge/share/transformer_msp_bridge/environment/ament_prefix_path.dsv
[5.175s] -- Up-to-date: /home/atvpi/ros2_ws/install/transformer_msp_bridge/share/transformer_msp_bridge/environment/path.sh
[5.176s] -- Up-to-date: /home/atvpi/ros2_ws/install/transformer_msp_bridge/share/transformer_msp_bridge/environment/path.dsv
[5.177s] -- Up-to-date: /home/atvpi/ros2_ws/install/transformer_msp_bridge/share/transformer_msp_bridge/local_setup.bash
[5.177s] -- Up-to-date: /home/atvpi/ros2_ws/install/transformer_msp_bridge/share/transformer_msp_bridge/local_setup.sh
[5.178s] -- Up-to-date: /home/atvpi/ros2_ws/install/transformer_msp_bridge/share/transformer_msp_bridge/local_setup.zsh
[5.178s] -- Up-to-date: /home/atvpi/ros2_ws/install/transformer_msp_bridge/share/transformer_msp_bridge/local_setup.dsv
[5.180s] -- Installing: /home/atvpi/ros2_ws/install/transformer_msp_bridge/share/transformer_msp_bridge/package.dsv
[5.182s] -- Up-to-date: /home/atvpi/ros2_ws/install/transformer_msp_bridge/share/ament_index/resource_index/packages/transformer_msp_bridge
[5.182s] -- Up-to-date: /home/atvpi/ros2_ws/install/transformer_msp_bridge/share/transformer_msp_bridge/cmake/export_transformer_msp_bridge__rosidl_generator_cExport.cmake
[5.182s] -- Up-to-date: /home/atvpi/ros2_ws/install/transformer_msp_bridge/share/transformer_msp_bridge/cmake/export_transformer_msp_bridge__rosidl_generator_cExport-relwithdebinfo.cmake
[5.183s] -- Up-to-date: /home/atvpi/ros2_ws/install/transformer_msp_bridge/share/transformer_msp_bridge/cmake/export_transformer_msp_bridge__rosidl_typesupport_fastrtps_cExport.cmake
[5.184s] -- Up-to-date: /home/atvpi/ros2_ws/install/transformer_msp_bridge/share/transformer_msp_bridge/cmake/export_transformer_msp_bridge__rosidl_typesupport_fastrtps_cExport-relwithdebinfo.cmake
[5.184s] -- Up-to-date: /home/atvpi/ros2_ws/install/transformer_msp_bridge/share/transformer_msp_bridge/cmake/export_transformer_msp_bridge__rosidl_generator_cppExport.cmake
[5.184s] -- Up-to-date: /home/atvpi/ros2_ws/install/transformer_msp_bridge/share/transformer_msp_bridge/cmake/export_transformer_msp_bridge__rosidl_typesupport_fastrtps_cppExport.cmake
[5.184s] -- Up-to-date: /home/atvpi/ros2_ws/install/transformer_msp_bridge/share/transformer_msp_bridge/cmake/export_transformer_msp_bridge__rosidl_typesupport_fastrtps_cppExport-relwithdebinfo.cmake
[5.187s] -- Up-to-date: /home/atvpi/ros2_ws/install/transformer_msp_bridge/share/transformer_msp_bridge/cmake/transformer_msp_bridge__rosidl_typesupport_introspection_cExport.cmake
[5.187s] -- Up-to-date: /home/atvpi/ros2_ws/install/transformer_msp_bridge/share/transformer_msp_bridge/cmake/transformer_msp_bridge__rosidl_typesupport_introspection_cExport-relwithdebinfo.cmake
[5.188s] -- Up-to-date: /home/atvpi/ros2_ws/install/transformer_msp_bridge/share/transformer_msp_bridge/cmake/transformer_msp_bridge__rosidl_typesupport_cExport.cmake
[5.188s] -- Up-to-date: /home/atvpi/ros2_ws/install/transformer_msp_bridge/share/transformer_msp_bridge/cmake/transformer_msp_bridge__rosidl_typesupport_cExport-relwithdebinfo.cmake
[5.190s] -- Up-to-date: /home/atvpi/ros2_ws/install/transformer_msp_bridge/share/transformer_msp_bridge/cmake/transformer_msp_bridge__rosidl_typesupport_introspection_cppExport.cmake
[5.193s] -- Up-to-date: /home/atvpi/ros2_ws/install/transformer_msp_bridge/share/transformer_msp_bridge/cmake/transformer_msp_bridge__rosidl_typesupport_introspection_cppExport-relwithdebinfo.cmake
[5.193s] -- Up-to-date: /home/atvpi/ros2_ws/install/transformer_msp_bridge/share/transformer_msp_bridge/cmake/transformer_msp_bridge__rosidl_typesupport_cppExport.cmake
[5.194s] -- Up-to-date: /home/atvpi/ros2_ws/install/transformer_msp_bridge/share/transformer_msp_bridge/cmake/transformer_msp_bridge__rosidl_typesupport_cppExport-relwithdebinfo.cmake
[5.194s] -- Up-to-date: /home/atvpi/ros2_ws/install/transformer_msp_bridge/share/transformer_msp_bridge/cmake/export_transformer_msp_bridge__rosidl_generator_pyExport.cmake
[5.194s] -- Up-to-date: /home/atvpi/ros2_ws/install/transformer_msp_bridge/share/transformer_msp_bridge/cmake/export_transformer_msp_bridge__rosidl_generator_pyExport-relwithdebinfo.cmake
[5.195s] -- Up-to-date: /home/atvpi/ros2_ws/install/transformer_msp_bridge/share/transformer_msp_bridge/cmake/rosidl_cmake-extras.cmake
[5.197s] -- Up-to-date: /home/atvpi/ros2_ws/install/transformer_msp_bridge/share/transformer_msp_bridge/cmake/ament_cmake_export_dependencies-extras.cmake
[5.197s] -- Up-to-date: /home/atvpi/ros2_ws/install/transformer_msp_bridge/share/transformer_msp_bridge/cmake/ament_cmake_export_include_directories-extras.cmake
[5.198s] -- Up-to-date: /home/atvpi/ros2_ws/install/transformer_msp_bridge/share/transformer_msp_bridge/cmake/ament_cmake_export_libraries-extras.cmake
[5.201s] -- Up-to-date: /home/atvpi/ros2_ws/install/transformer_msp_bridge/share/transformer_msp_bridge/cmake/ament_cmake_export_targets-extras.cmake
[5.201s] -- Up-to-date: /home/atvpi/ros2_ws/install/transformer_msp_bridge/share/transformer_msp_bridge/cmake/rosidl_cmake_export_typesupport_targets-extras.cmake
[5.201s] -- Up-to-date: /home/atvpi/ros2_ws/install/transformer_msp_bridge/share/transformer_msp_bridge/cmake/rosidl_cmake_export_typesupport_libraries-extras.cmake
[5.202s] -- Up-to-date: /home/atvpi/ros2_ws/install/transformer_msp_bridge/share/transformer_msp_bridge/cmake/transformer_msp_bridgeConfig.cmake
[5.202s] -- Up-to-date: /home/atvpi/ros2_ws/install/transformer_msp_bridge/share/transformer_msp_bridge/cmake/transformer_msp_bridgeConfig-version.cmake
[5.202s] -- Up-to-date: /home/atvpi/ros2_ws/install/transformer_msp_bridge/share/transformer_msp_bridge/package.xml
[5.202s] Invoked command in '/home/atvpi/ros2_ws/build/transformer_msp_bridge' returned '0': CMAKE_PREFIX_PATH=${CMAKE_PREFIX_PATH}:/opt/ros/jazzy /usr/bin/cmake --install /home/atvpi/ros2_ws/build/transformer_msp_bridge
