-- The C compiler identification is GNU 13.3.0
-- The CXX compiler identification is GNU 13.3.0
-- Detecting C compiler ABI info
-- Detecting C compiler ABI info - done
-- Check for working C compiler: /usr/bin/cc - skipped
-- Detecting C compile features
-- Detecting C compile features - done
-- Detecting CXX compiler ABI info
-- Detecting CXX compiler ABI info - done
-- Check for working CXX compiler: /usr/bin/c++ - skipped
-- Detecting CXX compile features
-- Detecting CXX compile features - done
-- Found ament_cmake: 2.5.4 (/opt/ros/jazzy/share/ament_cmake/cmake)
-- Found Python3: /usr/bin/python3 (found version "3.12.3") found components: Interpreter 
-- Found rclcpp: 28.1.12 (/opt/ros/jazzy/share/rclcpp/cmake)
-- Found rosidl_generator_c: 4.6.6 (/opt/ros/jazzy/share/rosidl_generator_c/cmake)
-- Found rosidl_generator_cpp: 4.6.6 (/opt/ros/jazzy/share/rosidl_generator_cpp/cmake)
-- Using all available rosidl_typesupport_c: rosidl_typesupport_fastrtps_c;rosidl_typesupport_introspection_c
-- Using all available rosidl_typesupport_cpp: rosidl_typesupport_fastrtps_cpp;rosidl_typesupport_introspection_cpp
-- Found rmw_implementation_cmake: 7.3.2 (/opt/ros/jazzy/share/rmw_implementation_cmake/cmake)
-- Found rmw_fastrtps_cpp: 8.4.3 (/opt/ros/jazzy/share/rmw_fastrtps_cpp/cmake)
-- Found OpenSSL: /usr/lib/aarch64-linux-gnu/libcrypto.so (found version "3.0.13")  
-- Found FastRTPS: /opt/ros/jazzy/include (Required is at least version "2.13") 
-- Using RMW implementation 'rmw_fastrtps_cpp' as default
-- Found rclcpp_action: 28.1.12 (/opt/ros/jazzy/share/rclcpp_action/cmake)
-- Found rosidl_default_generators: 1.6.0 (/opt/ros/jazzy/share/rosidl_default_generators/cmake)
-- Found rosidl_adapter: 4.6.6 (/opt/ros/jazzy/share/rosidl_adapter/cmake)
-- Found PkgConfig: /usr/bin/pkg-config (found version "1.8.1") 
-- Checking for module 'libgpiod'
--   Found libgpiod, version 1.6.3
-- Found ament_cmake_ros: 0.12.0 (/opt/ros/jazzy/share/ament_cmake_ros/cmake)
-- Using all available rosidl_typesupport_c: rosidl_typesupport_fastrtps_c;rosidl_typesupport_introspection_c
-- Using all available rosidl_typesupport_cpp: rosidl_typesupport_fastrtps_cpp;rosidl_typesupport_introspection_cpp
-- Found python_cmake_module: 0.11.1 (/opt/ros/jazzy/share/python_cmake_module/cmake)
-- Found PythonExtra: /usr/bin/python3  
-- Found Python3: /usr/bin/python3 (found version "3.12.3") found components: Interpreter Development NumPy Development.Module Development.Embed 
-- Configuring done (10.3s)
-- Generating done (0.2s)
-- Build files have been written to: /home/atvpi/ros2_ws/build/transformer_hw_actuators
[  2%] [34m[1mGenerating type hashes for ROS interfaces[0m
[  2%] Built target ament_cmake_python_copy_transformer_hw_actuators
running egg_info
creating transformer_hw_actuators.egg-info
writing transformer_hw_actuators.egg-info/PKG-INFO
writing dependency_links to transformer_hw_actuators.egg-info/dependency_links.txt
writing top-level names to transformer_hw_actuators.egg-info/top_level.txt
writing manifest file 'transformer_hw_actuators.egg-info/SOURCES.txt'
reading manifest file 'transformer_hw_actuators.egg-info/SOURCES.txt'
writing manifest file 'transformer_hw_actuators.egg-info/SOURCES.txt'
[  2%] Built target transformer_hw_actuators__rosidl_generator_type_description
[  5%] [34m[1mGenerating C code for ROS interfaces[0m
[  8%] [34m[1mGenerating C++ code for ROS interfaces[0m
[  8%] Built target ament_cmake_python_build_transformer_hw_actuators_egg
[ 11%] [32mBuilding C object CMakeFiles/transformer_hw_actuators__rosidl_generator_c.dir/rosidl_generator_c/transformer_hw_actuators/action/detail/move_actuator__type_support.c.o[0m
[ 13%] [32mBuilding C object CMakeFiles/transformer_hw_actuators__rosidl_generator_c.dir/rosidl_generator_c/transformer_hw_actuators/action/detail/move_actuator__description.c.o[0m
[ 16%] [32mBuilding C object CMakeFiles/transformer_hw_actuators__rosidl_generator_c.dir/rosidl_generator_c/transformer_hw_actuators/action/detail/move_actuator__functions.c.o[0m
[ 19%] [32m[1mLinking C shared library libtransformer_hw_actuators__rosidl_generator_c.so[0m
[ 19%] Built target transformer_hw_actuators__rosidl_generator_c
[ 22%] [34m[1mGenerating C type support for eProsima Fast-RTPS[0m
[ 25%] [34m[1mGenerating C introspection for ROS interfaces[0m
[ 25%] Built target transformer_hw_actuators__cpp
[ 27%] [34m[1mGenerating C type support dispatch for ROS interfaces[0m
[ 30%] [34m[1mGenerating C++ type support dispatch for ROS interfaces[0m
[ 33%] [32mBuilding CXX object CMakeFiles/transformer_hw_actuators__rosidl_typesupport_fastrtps_c.dir/rosidl_typesupport_fastrtps_c/transformer_hw_actuators/action/detail/move_actuator__type_support_c.cpp.o[0m
[ 36%] [32mBuilding C object CMakeFiles/transformer_hw_actuators__rosidl_typesupport_introspection_c.dir/rosidl_typesupport_introspection_c/transformer_hw_actuators/action/detail/move_actuator__type_support.c.o[0m
[ 38%] [32mBuilding CXX object CMakeFiles/transformer_hw_actuators__rosidl_typesupport_c.dir/rosidl_typesupport_c/transformer_hw_actuators/action/move_actuator__type_support.cpp.o[0m
[ 41%] [32m[1mLinking CXX shared library libtransformer_hw_actuators__rosidl_typesupport_c.so[0m
[ 41%] Built target transformer_hw_actuators__rosidl_typesupport_c
[ 44%] [32m[1mLinking C shared library libtransformer_hw_actuators__rosidl_typesupport_introspection_c.so[0m
[ 47%] [32mBuilding CXX object CMakeFiles/transformer_hw_actuators__rosidl_typesupport_cpp.dir/rosidl_typesupport_cpp/transformer_hw_actuators/action/move_actuator__type_support.cpp.o[0m
[ 50%] [34m[1mGenerating C++ type support for eProsima Fast-RTPS[0m
[ 50%] Built target transformer_hw_actuators__rosidl_typesupport_introspection_c
[ 52%] [34m[1mGenerating C++ introspection for ROS interfaces[0m
[ 55%] [32m[1mLinking CXX shared library libtransformer_hw_actuators__rosidl_typesupport_fastrtps_c.so[0m
[ 58%] [32mBuilding CXX object CMakeFiles/transformer_hw_actuators__rosidl_typesupport_introspection_cpp.dir/rosidl_typesupport_introspection_cpp/transformer_hw_actuators/action/detail/move_actuator__type_support.cpp.o[0m
[ 58%] Built target transformer_hw_actuators__rosidl_typesupport_fastrtps_c
[ 61%] [32mBuilding CXX object CMakeFiles/transformer_hw_actuators__rosidl_typesupport_fastrtps_cpp.dir/rosidl_typesupport_fastrtps_cpp/transformer_hw_actuators/action/detail/dds_fastrtps/move_actuator__type_support.cpp.o[0m
[ 63%] [32m[1mLinking CXX shared library libtransformer_hw_actuators__rosidl_typesupport_cpp.so[0m
[ 63%] Built target transformer_hw_actuators__rosidl_typesupport_cpp
[ 66%] [32m[1mLinking CXX shared library libtransformer_hw_actuators__rosidl_typesupport_introspection_cpp.so[0m
[ 66%] Built target transformer_hw_actuators__rosidl_typesupport_introspection_cpp
[ 69%] [32m[1mLinking CXX shared library libtransformer_hw_actuators__rosidl_typesupport_fastrtps_cpp.so[0m
[ 69%] Built target transformer_hw_actuators__rosidl_typesupport_fastrtps_cpp
[ 72%] [32mBuilding CXX object CMakeFiles/actuator_node.dir/src/actuator_node.cpp.o[0m
[ 75%] [32m[1mLinking CXX executable actuator_node[0m
[ 75%] Built target actuator_node
[ 75%] Built target transformer_hw_actuators
[ 77%] [34m[1mGenerating Python code for ROS interfaces[0m
[ 77%] Built target transformer_hw_actuators__py
[ 80%] [32mBuilding C object CMakeFiles/transformer_hw_actuators__rosidl_generator_py.dir/rosidl_generator_py/transformer_hw_actuators/action/_move_actuator_s.c.o[0m
[ 83%] [32m[1mLinking C shared library libtransformer_hw_actuators__rosidl_generator_py.so[0m
[ 83%] Built target transformer_hw_actuators__rosidl_generator_py
[ 86%] [32mBuilding C object CMakeFiles/transformer_hw_actuators_s__rosidl_typesupport_fastrtps_c.dir/rosidl_generator_py/transformer_hw_actuators/_transformer_hw_actuators_s.ep.rosidl_typesupport_fastrtps_c.c.o[0m
[ 88%] [32m[1mLinking C shared module rosidl_generator_py/transformer_hw_actuators/transformer_hw_actuators_s__rosidl_typesupport_fastrtps_c.so[0m
[ 88%] Built target transformer_hw_actuators_s__rosidl_typesupport_fastrtps_c
[ 91%] [32mBuilding C object CMakeFiles/transformer_hw_actuators_s__rosidl_typesupport_c.dir/rosidl_generator_py/transformer_hw_actuators/_transformer_hw_actuators_s.ep.rosidl_typesupport_c.c.o[0m
[ 94%] [32m[1mLinking C shared module rosidl_generator_py/transformer_hw_actuators/transformer_hw_actuators_s__rosidl_typesupport_c.so[0m
[ 94%] Built target transformer_hw_actuators_s__rosidl_typesupport_c
[ 97%] [32mBuilding C object CMakeFiles/transformer_hw_actuators_s__rosidl_typesupport_introspection_c.dir/rosidl_generator_py/transformer_hw_actuators/_transformer_hw_actuators_s.ep.rosidl_typesupport_introspection_c.c.o[0m
[100%] [32m[1mLinking C shared module rosidl_generator_py/transformer_hw_actuators/transformer_hw_actuators_s__rosidl_typesupport_introspection_c.so[0m
[100%] Built target transformer_hw_actuators_s__rosidl_typesupport_introspection_c
-- Install configuration: ""
-- Installing: /home/atvpi/ros2_ws/install/transformer_hw_actuators/share/ament_index/resource_index/rosidl_interfaces/transformer_hw_actuators
-- Installing: /home/atvpi/ros2_ws/install/transformer_hw_actuators/share/transformer_hw_actuators/action/MoveActuator.json
-- Installing: /home/atvpi/ros2_ws/install/transformer_hw_actuators/include/transformer_hw_actuators/transformer_hw_actuators
-- Installing: /home/atvpi/ros2_ws/install/transformer_hw_actuators/include/transformer_hw_actuators/transformer_hw_actuators/msg
-- Installing: /home/atvpi/ros2_ws/install/transformer_hw_actuators/include/transformer_hw_actuators/transformer_hw_actuators/msg/rosidl_generator_c__visibility_control.h
-- Installing: /home/atvpi/ros2_ws/install/transformer_hw_actuators/include/transformer_hw_actuators/transformer_hw_actuators/action
-- Installing: /home/atvpi/ros2_ws/install/transformer_hw_actuators/include/transformer_hw_actuators/transformer_hw_actuators/action/move_actuator.h
-- Installing: /home/atvpi/ros2_ws/install/transformer_hw_actuators/include/transformer_hw_actuators/transformer_hw_actuators/action/detail
-- Installing: /home/atvpi/ros2_ws/install/transformer_hw_actuators/include/transformer_hw_actuators/transformer_hw_actuators/action/detail/move_actuator__type_support.c
-- Installing: /home/atvpi/ros2_ws/install/transformer_hw_actuators/include/transformer_hw_actuators/transformer_hw_actuators/action/detail/move_actuator__struct.h
-- Installing: /home/atvpi/ros2_ws/install/transformer_hw_actuators/include/transformer_hw_actuators/transformer_hw_actuators/action/detail/move_actuator__functions.h
-- Installing: /home/atvpi/ros2_ws/install/transformer_hw_actuators/include/transformer_hw_actuators/transformer_hw_actuators/action/detail/move_actuator__type_support.h
-- Installing: /home/atvpi/ros2_ws/install/transformer_hw_actuators/include/transformer_hw_actuators/transformer_hw_actuators/action/detail/move_actuator__functions.c
-- Installing: /home/atvpi/ros2_ws/install/transformer_hw_actuators/include/transformer_hw_actuators/transformer_hw_actuators/action/detail/move_actuator__description.c
-- Installing: /home/atvpi/ros2_ws/install/transformer_hw_actuators/share/transformer_hw_actuators/environment/library_path.sh
-- Installing: /home/atvpi/ros2_ws/install/transformer_hw_actuators/share/transformer_hw_actuators/environment/library_path.dsv
-- Installing: /home/atvpi/ros2_ws/install/transformer_hw_actuators/lib/libtransformer_hw_actuators__rosidl_generator_c.so
-- Set non-toolchain portion of runtime path of "/home/atvpi/ros2_ws/install/transformer_hw_actuators/lib/libtransformer_hw_actuators__rosidl_generator_c.so" to ""
-- Up-to-date: /home/atvpi/ros2_ws/install/transformer_hw_actuators/include/transformer_hw_actuators/transformer_hw_actuators
-- Up-to-date: /home/atvpi/ros2_ws/install/transformer_hw_actuators/include/transformer_hw_actuators/transformer_hw_actuators/msg
-- Installing: /home/atvpi/ros2_ws/install/transformer_hw_actuators/include/transformer_hw_actuators/transformer_hw_actuators/msg/rosidl_typesupport_fastrtps_c__visibility_control.h
-- Up-to-date: /home/atvpi/ros2_ws/install/transformer_hw_actuators/include/transformer_hw_actuators/transformer_hw_actuators/action
-- Up-to-date: /home/atvpi/ros2_ws/install/transformer_hw_actuators/include/transformer_hw_actuators/transformer_hw_actuators/action/detail
-- Installing: /home/atvpi/ros2_ws/install/transformer_hw_actuators/include/transformer_hw_actuators/transformer_hw_actuators/action/detail/move_actuator__rosidl_typesupport_fastrtps_c.h
-- Installing: /home/atvpi/ros2_ws/install/transformer_hw_actuators/lib/libtransformer_hw_actuators__rosidl_typesupport_fastrtps_c.so
-- Set non-toolchain portion of runtime path of "/home/atvpi/ros2_ws/install/transformer_hw_actuators/lib/libtransformer_hw_actuators__rosidl_typesupport_fastrtps_c.so" to ""
-- Up-to-date: /home/atvpi/ros2_ws/install/transformer_hw_actuators/include/transformer_hw_actuators/transformer_hw_actuators
-- Up-to-date: /home/atvpi/ros2_ws/install/transformer_hw_actuators/include/transformer_hw_actuators/transformer_hw_actuators/msg
-- Installing: /home/atvpi/ros2_ws/install/transformer_hw_actuators/include/transformer_hw_actuators/transformer_hw_actuators/msg/rosidl_generator_cpp__visibility_control.hpp
-- Up-to-date: /home/atvpi/ros2_ws/install/transformer_hw_actuators/include/transformer_hw_actuators/transformer_hw_actuators/action
-- Installing: /home/atvpi/ros2_ws/install/transformer_hw_actuators/include/transformer_hw_actuators/transformer_hw_actuators/action/move_actuator.hpp
-- Up-to-date: /home/atvpi/ros2_ws/install/transformer_hw_actuators/include/transformer_hw_actuators/transformer_hw_actuators/action/detail
-- Installing: /home/atvpi/ros2_ws/install/transformer_hw_actuators/include/transformer_hw_actuators/transformer_hw_actuators/action/detail/move_actuator__type_support.hpp
-- Installing: /home/atvpi/ros2_ws/install/transformer_hw_actuators/include/transformer_hw_actuators/transformer_hw_actuators/action/detail/move_actuator__traits.hpp
-- Installing: /home/atvpi/ros2_ws/install/transformer_hw_actuators/include/transformer_hw_actuators/transformer_hw_actuators/action/detail/move_actuator__builder.hpp
-- Installing: /home/atvpi/ros2_ws/install/transformer_hw_actuators/include/transformer_hw_actuators/transformer_hw_actuators/action/detail/move_actuator__struct.hpp
-- Up-to-date: /home/atvpi/ros2_ws/install/transformer_hw_actuators/include/transformer_hw_actuators/transformer_hw_actuators
-- Up-to-date: /home/atvpi/ros2_ws/install/transformer_hw_actuators/include/transformer_hw_actuators/transformer_hw_actuators/msg
-- Installing: /home/atvpi/ros2_ws/install/transformer_hw_actuators/include/transformer_hw_actuators/transformer_hw_actuators/msg/rosidl_typesupport_fastrtps_cpp__visibility_control.h
-- Up-to-date: /home/atvpi/ros2_ws/install/transformer_hw_actuators/include/transformer_hw_actuators/transformer_hw_actuators/action
-- Up-to-date: /home/atvpi/ros2_ws/install/transformer_hw_actuators/include/transformer_hw_actuators/transformer_hw_actuators/action/detail
-- Installing: /home/atvpi/ros2_ws/install/transformer_hw_actuators/include/transformer_hw_actuators/transformer_hw_actuators/action/detail/dds_fastrtps
-- Installing: /home/atvpi/ros2_ws/install/transformer_hw_actuators/include/transformer_hw_actuators/transformer_hw_actuators/action/detail/move_actuator__rosidl_typesupport_fastrtps_cpp.hpp
-- Installing: /home/atvpi/ros2_ws/install/transformer_hw_actuators/lib/libtransformer_hw_actuators__rosidl_typesupport_fastrtps_cpp.so
-- Set non-toolchain portion of runtime path of "/home/atvpi/ros2_ws/install/transformer_hw_actuators/lib/libtransformer_hw_actuators__rosidl_typesupport_fastrtps_cpp.so" to ""
-- Up-to-date: /home/atvpi/ros2_ws/install/transformer_hw_actuators/include/transformer_hw_actuators/transformer_hw_actuators
-- Up-to-date: /home/atvpi/ros2_ws/install/transformer_hw_actuators/include/transformer_hw_actuators/transformer_hw_actuators/msg
-- Installing: /home/atvpi/ros2_ws/install/transformer_hw_actuators/include/transformer_hw_actuators/transformer_hw_actuators/msg/rosidl_typesupport_introspection_c__visibility_control.h
-- Up-to-date: /home/atvpi/ros2_ws/install/transformer_hw_actuators/include/transformer_hw_actuators/transformer_hw_actuators/action
-- Up-to-date: /home/atvpi/ros2_ws/install/transformer_hw_actuators/include/transformer_hw_actuators/transformer_hw_actuators/action/detail
-- Installing: /home/atvpi/ros2_ws/install/transformer_hw_actuators/include/transformer_hw_actuators/transformer_hw_actuators/action/detail/move_actuator__type_support.c
-- Installing: /home/atvpi/ros2_ws/install/transformer_hw_actuators/include/transformer_hw_actuators/transformer_hw_actuators/action/detail/move_actuator__rosidl_typesupport_introspection_c.h
-- Installing: /home/atvpi/ros2_ws/install/transformer_hw_actuators/lib/libtransformer_hw_actuators__rosidl_typesupport_introspection_c.so
-- Set non-toolchain portion of runtime path of "/home/atvpi/ros2_ws/install/transformer_hw_actuators/lib/libtransformer_hw_actuators__rosidl_typesupport_introspection_c.so" to ""
-- Installing: /home/atvpi/ros2_ws/install/transformer_hw_actuators/lib/libtransformer_hw_actuators__rosidl_typesupport_c.so
-- Set non-toolchain portion of runtime path of "/home/atvpi/ros2_ws/install/transformer_hw_actuators/lib/libtransformer_hw_actuators__rosidl_typesupport_c.so" to ""
-- Up-to-date: /home/atvpi/ros2_ws/install/transformer_hw_actuators/include/transformer_hw_actuators/transformer_hw_actuators
-- Up-to-date: /home/atvpi/ros2_ws/install/transformer_hw_actuators/include/transformer_hw_actuators/transformer_hw_actuators/action
-- Up-to-date: /home/atvpi/ros2_ws/install/transformer_hw_actuators/include/transformer_hw_actuators/transformer_hw_actuators/action/detail
-- Installing: /home/atvpi/ros2_ws/install/transformer_hw_actuators/include/transformer_hw_actuators/transformer_hw_actuators/action/detail/move_actuator__rosidl_typesupport_introspection_cpp.hpp
-- Installing: /home/atvpi/ros2_ws/install/transformer_hw_actuators/include/transformer_hw_actuators/transformer_hw_actuators/action/detail/move_actuator__type_support.cpp
-- Installing: /home/atvpi/ros2_ws/install/transformer_hw_actuators/lib/libtransformer_hw_actuators__rosidl_typesupport_introspection_cpp.so
-- Set non-toolchain portion of runtime path of "/home/atvpi/ros2_ws/install/transformer_hw_actuators/lib/libtransformer_hw_actuators__rosidl_typesupport_introspection_cpp.so" to ""
-- Installing: /home/atvpi/ros2_ws/install/transformer_hw_actuators/lib/libtransformer_hw_actuators__rosidl_typesupport_cpp.so
-- Set non-toolchain portion of runtime path of "/home/atvpi/ros2_ws/install/transformer_hw_actuators/lib/libtransformer_hw_actuators__rosidl_typesupport_cpp.so" to ""
-- Installing: /home/atvpi/ros2_ws/install/transformer_hw_actuators/share/transformer_hw_actuators/environment/pythonpath.sh
-- Installing: /home/atvpi/ros2_ws/install/transformer_hw_actuators/share/transformer_hw_actuators/environment/pythonpath.dsv
-- Installing: /home/atvpi/ros2_ws/install/transformer_hw_actuators/lib/python3.12/site-packages/transformer_hw_actuators-0.1.0-py3.12.egg-info
-- Installing: /home/atvpi/ros2_ws/install/transformer_hw_actuators/lib/python3.12/site-packages/transformer_hw_actuators-0.1.0-py3.12.egg-info/SOURCES.txt
-- Installing: /home/atvpi/ros2_ws/install/transformer_hw_actuators/lib/python3.12/site-packages/transformer_hw_actuators-0.1.0-py3.12.egg-info/top_level.txt
-- Installing: /home/atvpi/ros2_ws/install/transformer_hw_actuators/lib/python3.12/site-packages/transformer_hw_actuators-0.1.0-py3.12.egg-info/PKG-INFO
-- Installing: /home/atvpi/ros2_ws/install/transformer_hw_actuators/lib/python3.12/site-packages/transformer_hw_actuators-0.1.0-py3.12.egg-info/dependency_links.txt
-- Installing: /home/atvpi/ros2_ws/install/transformer_hw_actuators/lib/python3.12/site-packages/transformer_hw_actuators
-- Installing: /home/atvpi/ros2_ws/install/transformer_hw_actuators/lib/python3.12/site-packages/transformer_hw_actuators/_transformer_hw_actuators_s.ep.rosidl_typesupport_introspection_c.c
-- Installing: /home/atvpi/ros2_ws/install/transformer_hw_actuators/lib/python3.12/site-packages/transformer_hw_actuators/transformer_hw_actuators_s__rosidl_typesupport_fastrtps_c.so
-- Installing: /home/atvpi/ros2_ws/install/transformer_hw_actuators/lib/python3.12/site-packages/transformer_hw_actuators/transformer_hw_actuators_s__rosidl_typesupport_c.so
-- Installing: /home/atvpi/ros2_ws/install/transformer_hw_actuators/lib/python3.12/site-packages/transformer_hw_actuators/_transformer_hw_actuators_s.ep.rosidl_typesupport_c.c
-- Installing: /home/atvpi/ros2_ws/install/transformer_hw_actuators/lib/python3.12/site-packages/transformer_hw_actuators/transformer_hw_actuators_s__rosidl_typesupport_introspection_c.so
-- Installing: /home/atvpi/ros2_ws/install/transformer_hw_actuators/lib/python3.12/site-packages/transformer_hw_actuators/__init__.py
-- Installing: /home/atvpi/ros2_ws/install/transformer_hw_actuators/lib/python3.12/site-packages/transformer_hw_actuators/_transformer_hw_actuators_s.ep.rosidl_typesupport_fastrtps_c.c
-- Installing: /home/atvpi/ros2_ws/install/transformer_hw_actuators/lib/python3.12/site-packages/transformer_hw_actuators/action
-- Installing: /home/atvpi/ros2_ws/install/transformer_hw_actuators/lib/python3.12/site-packages/transformer_hw_actuators/action/_move_actuator.py
-- Installing: /home/atvpi/ros2_ws/install/transformer_hw_actuators/lib/python3.12/site-packages/transformer_hw_actuators/action/_move_actuator_s.c
-- Installing: /home/atvpi/ros2_ws/install/transformer_hw_actuators/lib/python3.12/site-packages/transformer_hw_actuators/action/__init__.py
Listing '/home/atvpi/ros2_ws/install/transformer_hw_actuators/lib/python3.12/site-packages/transformer_hw_actuators'...
Compiling '/home/atvpi/ros2_ws/install/transformer_hw_actuators/lib/python3.12/site-packages/transformer_hw_actuators/__init__.py'...
Listing '/home/atvpi/ros2_ws/install/transformer_hw_actuators/lib/python3.12/site-packages/transformer_hw_actuators/action'...
Compiling '/home/atvpi/ros2_ws/install/transformer_hw_actuators/lib/python3.12/site-packages/transformer_hw_actuators/action/__init__.py'...
Compiling '/home/atvpi/ros2_ws/install/transformer_hw_actuators/lib/python3.12/site-packages/transformer_hw_actuators/action/_move_actuator.py'...
-- Installing: /home/atvpi/ros2_ws/install/transformer_hw_actuators/lib/python3.12/site-packages/transformer_hw_actuators/transformer_hw_actuators_s__rosidl_typesupport_fastrtps_c.so
-- Set non-toolchain portion of runtime path of "/home/atvpi/ros2_ws/install/transformer_hw_actuators/lib/python3.12/site-packages/transformer_hw_actuators/transformer_hw_actuators_s__rosidl_typesupport_fastrtps_c.so" to ""
-- Installing: /home/atvpi/ros2_ws/install/transformer_hw_actuators/lib/python3.12/site-packages/transformer_hw_actuators/transformer_hw_actuators_s__rosidl_typesupport_introspection_c.so
-- Set non-toolchain portion of runtime path of "/home/atvpi/ros2_ws/install/transformer_hw_actuators/lib/python3.12/site-packages/transformer_hw_actuators/transformer_hw_actuators_s__rosidl_typesupport_introspection_c.so" to ""
-- Installing: /home/atvpi/ros2_ws/install/transformer_hw_actuators/lib/python3.12/site-packages/transformer_hw_actuators/transformer_hw_actuators_s__rosidl_typesupport_c.so
-- Set non-toolchain portion of runtime path of "/home/atvpi/ros2_ws/install/transformer_hw_actuators/lib/python3.12/site-packages/transformer_hw_actuators/transformer_hw_actuators_s__rosidl_typesupport_c.so" to ""
-- Installing: /home/atvpi/ros2_ws/install/transformer_hw_actuators/lib/libtransformer_hw_actuators__rosidl_generator_py.so
-- Set non-toolchain portion of runtime path of "/home/atvpi/ros2_ws/install/transformer_hw_actuators/lib/libtransformer_hw_actuators__rosidl_generator_py.so" to ""
-- Installing: /home/atvpi/ros2_ws/install/transformer_hw_actuators/share/transformer_hw_actuators/action/MoveActuator.idl
-- Installing: /home/atvpi/ros2_ws/install/transformer_hw_actuators/share/transformer_hw_actuators/action/MoveActuator.action
-- Installing: /home/atvpi/ros2_ws/install/transformer_hw_actuators/lib/transformer_hw_actuators/actuator_node
-- Set non-toolchain portion of runtime path of "/home/atvpi/ros2_ws/install/transformer_hw_actuators/lib/transformer_hw_actuators/actuator_node" to ""
-- Up-to-date: /home/atvpi/ros2_ws/install/transformer_hw_actuators/include
-- Up-to-date: /home/atvpi/ros2_ws/install/transformer_hw_actuators/include/transformer_hw_actuators
-- Installing: /home/atvpi/ros2_ws/install/transformer_hw_actuators/include/transformer_hw_actuators/actuator_node.h
-- Installing: /home/atvpi/ros2_ws/install/transformer_hw_actuators/share/transformer_hw_actuators//launch
-- Installing: /home/atvpi/ros2_ws/install/transformer_hw_actuators/share/transformer_hw_actuators//launch/actuator.launch.py
-- Installing: /home/atvpi/ros2_ws/install/transformer_hw_actuators/share/transformer_hw_actuators//config
-- Installing: /home/atvpi/ros2_ws/install/transformer_hw_actuators/share/transformer_hw_actuators//config/actuator.yaml
-- Installing: /home/atvpi/ros2_ws/install/transformer_hw_actuators/share/ament_index/resource_index/package_run_dependencies/transformer_hw_actuators
-- Installing: /home/atvpi/ros2_ws/install/transformer_hw_actuators/share/ament_index/resource_index/parent_prefix_path/transformer_hw_actuators
-- Installing: /home/atvpi/ros2_ws/install/transformer_hw_actuators/share/transformer_hw_actuators/environment/ament_prefix_path.sh
-- Installing: /home/atvpi/ros2_ws/install/transformer_hw_actuators/share/transformer_hw_actuators/environment/ament_prefix_path.dsv
-- Installing: /home/atvpi/ros2_ws/install/transformer_hw_actuators/share/transformer_hw_actuators/environment/path.sh
-- Installing: /home/atvpi/ros2_ws/install/transformer_hw_actuators/share/transformer_hw_actuators/environment/path.dsv
-- Installing: /home/atvpi/ros2_ws/install/transformer_hw_actuators/share/transformer_hw_actuators/local_setup.bash
-- Installing: /home/atvpi/ros2_ws/install/transformer_hw_actuators/share/transformer_hw_actuators/local_setup.sh
-- Installing: /home/atvpi/ros2_ws/install/transformer_hw_actuators/share/transformer_hw_actuators/local_setup.zsh
-- Installing: /home/atvpi/ros2_ws/install/transformer_hw_actuators/share/transformer_hw_actuators/local_setup.dsv
-- Installing: /home/atvpi/ros2_ws/install/transformer_hw_actuators/share/transformer_hw_actuators/package.dsv
-- Installing: /home/atvpi/ros2_ws/install/transformer_hw_actuators/share/ament_index/resource_index/packages/transformer_hw_actuators
-- Installing: /home/atvpi/ros2_ws/install/transformer_hw_actuators/share/transformer_hw_actuators/cmake/export_transformer_hw_actuators__rosidl_generator_cExport.cmake
-- Installing: /home/atvpi/ros2_ws/install/transformer_hw_actuators/share/transformer_hw_actuators/cmake/export_transformer_hw_actuators__rosidl_generator_cExport-noconfig.cmake
-- Installing: /home/atvpi/ros2_ws/install/transformer_hw_actuators/share/transformer_hw_actuators/cmake/export_transformer_hw_actuators__rosidl_typesupport_fastrtps_cExport.cmake
-- Installing: /home/atvpi/ros2_ws/install/transformer_hw_actuators/share/transformer_hw_actuators/cmake/export_transformer_hw_actuators__rosidl_typesupport_fastrtps_cExport-noconfig.cmake
-- Installing: /home/atvpi/ros2_ws/install/transformer_hw_actuators/share/transformer_hw_actuators/cmake/export_transformer_hw_actuators__rosidl_generator_cppExport.cmake
-- Installing: /home/atvpi/ros2_ws/install/transformer_hw_actuators/share/transformer_hw_actuators/cmake/export_transformer_hw_actuators__rosidl_typesupport_fastrtps_cppExport.cmake
-- Installing: /home/atvpi/ros2_ws/install/transformer_hw_actuators/share/transformer_hw_actuators/cmake/export_transformer_hw_actuators__rosidl_typesupport_fastrtps_cppExport-noconfig.cmake
-- Installing: /home/atvpi/ros2_ws/install/transformer_hw_actuators/share/transformer_hw_actuators/cmake/transformer_hw_actuators__rosidl_typesupport_introspection_cExport.cmake
-- Installing: /home/atvpi/ros2_ws/install/transformer_hw_actuators/share/transformer_hw_actuators/cmake/transformer_hw_actuators__rosidl_typesupport_introspection_cExport-noconfig.cmake
-- Installing: /home/atvpi/ros2_ws/install/transformer_hw_actuators/share/transformer_hw_actuators/cmake/transformer_hw_actuators__rosidl_typesupport_cExport.cmake
-- Installing: /home/atvpi/ros2_ws/install/transformer_hw_actuators/share/transformer_hw_actuators/cmake/transformer_hw_actuators__rosidl_typesupport_cExport-noconfig.cmake
-- Installing: /home/atvpi/ros2_ws/install/transformer_hw_actuators/share/transformer_hw_actuators/cmake/transformer_hw_actuators__rosidl_typesupport_introspection_cppExport.cmake
-- Installing: /home/atvpi/ros2_ws/install/transformer_hw_actuators/share/transformer_hw_actuators/cmake/transformer_hw_actuators__rosidl_typesupport_introspection_cppExport-noconfig.cmake
-- Installing: /home/atvpi/ros2_ws/install/transformer_hw_actuators/share/transformer_hw_actuators/cmake/transformer_hw_actuators__rosidl_typesupport_cppExport.cmake
-- Installing: /home/atvpi/ros2_ws/install/transformer_hw_actuators/share/transformer_hw_actuators/cmake/transformer_hw_actuators__rosidl_typesupport_cppExport-noconfig.cmake
-- Installing: /home/atvpi/ros2_ws/install/transformer_hw_actuators/share/transformer_hw_actuators/cmake/export_transformer_hw_actuators__rosidl_generator_pyExport.cmake
-- Installing: /home/atvpi/ros2_ws/install/transformer_hw_actuators/share/transformer_hw_actuators/cmake/export_transformer_hw_actuators__rosidl_generator_pyExport-noconfig.cmake
-- Installing: /home/atvpi/ros2_ws/install/transformer_hw_actuators/share/transformer_hw_actuators/cmake/rosidl_cmake-extras.cmake
-- Installing: /home/atvpi/ros2_ws/install/transformer_hw_actuators/share/transformer_hw_actuators/cmake/ament_cmake_export_dependencies-extras.cmake
-- Installing: /home/atvpi/ros2_ws/install/transformer_hw_actuators/share/transformer_hw_actuators/cmake/ament_cmake_export_include_directories-extras.cmake
-- Installing: /home/atvpi/ros2_ws/install/transformer_hw_actuators/share/transformer_hw_actuators/cmake/ament_cmake_export_libraries-extras.cmake
-- Installing: /home/atvpi/ros2_ws/install/transformer_hw_actuators/share/transformer_hw_actuators/cmake/ament_cmake_export_targets-extras.cmake
-- Installing: /home/atvpi/ros2_ws/install/transformer_hw_actuators/share/transformer_hw_actuators/cmake/rosidl_cmake_export_typesupport_targets-extras.cmake
-- Installing: /home/atvpi/ros2_ws/install/transformer_hw_actuators/share/transformer_hw_actuators/cmake/rosidl_cmake_export_typesupport_libraries-extras.cmake
-- Installing: /home/atvpi/ros2_ws/install/transformer_hw_actuators/share/transformer_hw_actuators/cmake/transformer_hw_actuatorsConfig.cmake
-- Installing: /home/atvpi/ros2_ws/install/transformer_hw_actuators/share/transformer_hw_actuators/cmake/transformer_hw_actuatorsConfig-version.cmake
-- Installing: /home/atvpi/ros2_ws/install/transformer_hw_actuators/share/transformer_hw_actuators/package.xml
